2025-07-14 23:31:10 | μ§€ν•μ² , λ²„μ¤ μ •λ¥μ¥ λ°μ΄ν„°λ¥Ό λ΅λ“ν•κ³  BallTreeλ¥Ό μƒμ„±ν•©λ‹λ‹¤...
2025-07-14 23:31:10 | λ°μ΄ν„°λ¥Ό λ΅λ“ν•©λ‹λ‹¤...
2025-07-14 23:31:10 | λ²„μ¤, μ§€ν•μ²  λ°μ΄ν„° λ΅λ“ μ™„λ£.
2025-07-14 23:31:10 | μ»¬λΌ μμ„λ¥Ό μ •μν•©λ‹λ‹¤...
2025-07-14 23:31:10 | μ»¬λΌ μμ„: ['μ§€ν•μ² μµλ‹¨κ±°λ¦¬', 'λ°κ²½_1km_μ§€ν•μ² μ—­_μ', 'λ°κ²½_500m_μ§€ν•μ² μ—­_μ', 'λ°κ²½_300m_μ§€ν•μ² μ—­_μ', 'λ²„μ¤μµλ‹¨κ±°λ¦¬', 'λ°κ²½_1km_λ²„μ¤μ •λ¥μ¥_μ', 'λ°κ²½_500m_λ²„μ¤μ •λ¥μ¥_μ', 'λ°κ²½_300m_λ²„μ¤μ •λ¥μ¥_μ']
2025-07-14 23:31:10 | νμƒ ν”Όμ² κ³„μ‚° ν•¨μλ¥Ό μ •μν•©λ‹λ‹¤...
2025-07-14 23:31:10 | Train λ°μ΄ν„° νμƒ ν”Όμ²λ¥Ό κ³„μ‚°ν•μ—¬ μ›λ³Έ λ°μ΄ν„°μ— μ¶”κ°€ν•©λ‹λ‹¤...
2025-07-14 23:32:01 | π‰ Train λ°μ΄ν„°μ— νμƒ ν”Όμ² μ¶”κ°€ μ™„λ£.
2025-07-14 23:32:01 | Train λ°μ΄ν„° μƒμ„ 10κ° ν–‰:
             μ‹κµ°κµ¬     λ²μ§€     λ³Έλ²   λ¶€λ²    μ•„ννΈλ…  μ „μ©λ©΄μ (γ΅)    κ³„μ•½λ…„μ›”  κ³„μ•½μΌ  μΈµ  κ±΄μ¶•λ…„λ„  \
0  μ„μΈνΉλ³„μ‹ κ°•λ‚¨κµ¬ κ°ν¬λ™  658-1  658.0  1.0  κ°ν¬6μ°¨μ°μ„±    79.97  201712    8  3  1987   
1  μ„μΈνΉλ³„μ‹ κ°•λ‚¨κµ¬ κ°ν¬λ™  658-1  658.0  1.0  κ°ν¬6μ°¨μ°μ„±    79.97  201712   22  4  1987   
2  μ„μΈνΉλ³„μ‹ κ°•λ‚¨κµ¬ κ°ν¬λ™  658-1  658.0  1.0  κ°ν¬6μ°¨μ°μ„±    54.98  201712   28  5  1987   
3  μ„μΈνΉλ³„μ‹ κ°•λ‚¨κµ¬ κ°ν¬λ™  658-1  658.0  1.0  κ°ν¬6μ°¨μ°μ„±    79.97  201801    3  4  1987   
4  μ„μΈνΉλ³„μ‹ κ°•λ‚¨κµ¬ κ°ν¬λ™  658-1  658.0  1.0  κ°ν¬6μ°¨μ°μ„±    79.97  201801    8  2  1987   
5  μ„μΈνΉλ³„μ‹ κ°•λ‚¨κµ¬ κ°ν¬λ™  658-1  658.0  1.0  κ°ν¬6μ°¨μ°μ„±    79.97  201801   11  1  1987   
6  μ„μΈνΉλ³„μ‹ κ°•λ‚¨κµ¬ κ°ν¬λ™  658-1  658.0  1.0  κ°ν¬6μ°¨μ°μ„±    79.97  201803   19  2  1987   
7  μ„μΈνΉλ³„μ‹ κ°•λ‚¨κµ¬ κ°ν¬λ™  658-1  658.0  1.0  κ°ν¬6μ°¨μ°μ„±    54.98  201804    5  5  1987   
8  μ„μΈνΉλ³„μ‹ κ°•λ‚¨κµ¬ κ°ν¬λ™  658-1  658.0  1.0  κ°ν¬6μ°¨μ°μ„±    79.97  201806   28  3  1987   
9  μ„μΈνΉλ³„μ‹ κ°•λ‚¨κµ¬ κ°ν¬λ™  658-1  658.0  1.0  κ°ν¬6μ°¨μ°μ„±    54.98  201807    9  3  1987   

     λ„λ΅λ…  ν•΄μ μ‚¬μ λ°μƒμΌ λ“±κΈ°μ‹ μ²­μΌμ κ±°λμ ν• μ¤‘κ°μ‚¬μ†μ¬μ§€ k-λ‹¨μ§€λ¶„λ¥(μ•„ννΈ,μ£Όμƒλ³µν•©λ“±λ“±)     k-μ „ν™”λ²νΈ     k-ν©μ¤λ²νΈ  \
0  μ–Έμ£Όλ΅ 3      NaN           -      -                μ•„ννΈ  025776611  025776673   
1  μ–Έμ£Όλ΅ 3      NaN           -      -                μ•„ννΈ  025776611  025776673   
2  μ–Έμ£Όλ΅ 3      NaN           -      -                μ•„ννΈ  025776611  025776673   
3  μ–Έμ£Όλ΅ 3      NaN           -      -                μ•„ννΈ  025776611  025776673   
4  μ–Έμ£Όλ΅ 3      NaN           -      -                μ•„ννΈ  025776611  025776673   
5  μ–Έμ£Όλ΅ 3      NaN           -      -                μ•„ννΈ  025776611  025776673   
6  μ–Έμ£Όλ΅ 3      NaN           -      -                μ•„ννΈ  025776611  025776673   
7  μ–Έμ£Όλ΅ 3      NaN           -      -                μ•„ννΈ  025776611  025776673   
8  μ–Έμ£Όλ΅ 3      NaN           -      -                μ•„ννΈ  025776611  025776673   
9  μ–Έμ£Όλ΅ 3      NaN           -      -                μ•„ννΈ  025776611  025776673   

   λ‹¨μ§€μ†κ°κΈ°μ΅΄clob k-μ„Έλ€νƒ€μ…(λ¶„μ–‘ν•νƒ) k-κ΄€λ¦¬λ°©μ‹ k-λ³µλ„μ ν• k-λ‚λ°©λ°©μ‹  k-μ „μ²΄λ™μ  k-μ „μ²΄μ„Έλ€μ k-κ±΄μ„¤μ‚¬(μ‹κ³µμ‚¬)  \
0         NaN           λ¶„μ–‘   μμΉκ΄€λ¦¬    κ³„λ‹¨μ‹   κ°λ³„λ‚λ°©     8.0    270.0       μ°μ„±κ±΄μ„¤   
1         NaN           λ¶„μ–‘   μμΉκ΄€λ¦¬    κ³„λ‹¨μ‹   κ°λ³„λ‚λ°©     8.0    270.0       μ°μ„±κ±΄μ„¤   
2         NaN           λ¶„μ–‘   μμΉκ΄€λ¦¬    κ³„λ‹¨μ‹   κ°λ³„λ‚λ°©     8.0    270.0       μ°μ„±κ±΄μ„¤   
3         NaN           λ¶„μ–‘   μμΉκ΄€λ¦¬    κ³„λ‹¨μ‹   κ°λ³„λ‚λ°©     8.0    270.0       μ°μ„±κ±΄μ„¤   
4         NaN           λ¶„μ–‘   μμΉκ΄€λ¦¬    κ³„λ‹¨μ‹   κ°λ³„λ‚λ°©     8.0    270.0       μ°μ„±κ±΄μ„¤   
5         NaN           λ¶„μ–‘   μμΉκ΄€λ¦¬    κ³„λ‹¨μ‹   κ°λ³„λ‚λ°©     8.0    270.0       μ°μ„±κ±΄μ„¤   
6         NaN           λ¶„μ–‘   μμΉκ΄€λ¦¬    κ³„λ‹¨μ‹   κ°λ³„λ‚λ°©     8.0    270.0       μ°μ„±κ±΄μ„¤   
7         NaN           λ¶„μ–‘   μμΉκ΄€λ¦¬    κ³„λ‹¨μ‹   κ°λ³„λ‚λ°©     8.0    270.0       μ°μ„±κ±΄μ„¤   
8         NaN           λ¶„μ–‘   μμΉκ΄€λ¦¬    κ³„λ‹¨μ‹   κ°λ³„λ‚λ°©     8.0    270.0       μ°μ„±κ±΄μ„¤   
9         NaN           λ¶„μ–‘   μμΉκ΄€λ¦¬    κ³„λ‹¨μ‹   κ°λ³„λ‚λ°©     8.0    270.0       μ°μ„±κ±΄μ„¤   

  k-μ‹ν–‰μ‚¬          k-μ‚¬μ©κ²€μ‚¬μΌ-μ‚¬μ©μΉμΈμΌ    k-μ—°λ©΄μ   k-μ£Όκ±°μ „μ©λ©΄μ   k-κ΄€λ¦¬λΉ„λ¶€κ³Όλ©΄μ   \
0    λ¨λ¦„  1987-11-21 00:00:00.0  22637.0   20204.0    22637.0   
1    λ¨λ¦„  1987-11-21 00:00:00.0  22637.0   20204.0    22637.0   
2    λ¨λ¦„  1987-11-21 00:00:00.0  22637.0   20204.0    22637.0   
3    λ¨λ¦„  1987-11-21 00:00:00.0  22637.0   20204.0    22637.0   
4    λ¨λ¦„  1987-11-21 00:00:00.0  22637.0   20204.0    22637.0   
5    λ¨λ¦„  1987-11-21 00:00:00.0  22637.0   20204.0    22637.0   
6    λ¨λ¦„  1987-11-21 00:00:00.0  22637.0   20204.0    22637.0   
7    λ¨λ¦„  1987-11-21 00:00:00.0  22637.0   20204.0    22637.0   
8    λ¨λ¦„  1987-11-21 00:00:00.0  22637.0   20204.0    22637.0   
9    λ¨λ¦„  1987-11-21 00:00:00.0  22637.0   20204.0    22637.0   

   k-μ „μ©λ©΄μ λ³„μ„Έλ€ν„ν™©(60γ΅μ΄ν•)  k-μ „μ©λ©΄μ λ³„μ„Έλ€ν„ν™©(60γ΅~85γ΅μ΄ν•)  k-85γ΅~135γ΅μ΄ν•  k-135γ΅μ΄κ³Ό k-ν™νμ΄μ§€  \
0                20.0                   250.0           0.0       NaN    NaN   
1                20.0                   250.0           0.0       NaN    NaN   
2                20.0                   250.0           0.0       NaN    NaN   
3                20.0                   250.0           0.0       NaN    NaN   
4                20.0                   250.0           0.0       NaN    NaN   
5                20.0                   250.0           0.0       NaN    NaN   
6                20.0                   250.0           0.0       NaN    NaN   
7                20.0                   250.0           0.0       NaN    NaN   
8                20.0                   250.0           0.0       NaN    NaN   
9                20.0                   250.0           0.0       NaN    NaN   

                  k-λ“±λ΅μΌμ                 k-μμ •μΌμ κ³ μ©λ³΄ν—κ΄€λ¦¬λ²νΈ κ²½λΉ„λΉ„κ΄€λ¦¬ν•νƒ μ„Έλ€μ „κΈ°κ³„μ•½λ°©λ²•  \
0  2022-11-09 20:10:43.0  2023-09-23 17:21:41.0      NaN      μ§μ     λ‹¨μΌκ³„μ•½   
1  2022-11-09 20:10:43.0  2023-09-23 17:21:41.0      NaN      μ§μ     λ‹¨μΌκ³„μ•½   
2  2022-11-09 20:10:43.0  2023-09-23 17:21:41.0      NaN      μ§μ     λ‹¨μΌκ³„μ•½   
3  2022-11-09 20:10:43.0  2023-09-23 17:21:41.0      NaN      μ§μ     λ‹¨μΌκ³„μ•½   
4  2022-11-09 20:10:43.0  2023-09-23 17:21:41.0      NaN      μ§μ     λ‹¨μΌκ³„μ•½   
5  2022-11-09 20:10:43.0  2023-09-23 17:21:41.0      NaN      μ§μ     λ‹¨μΌκ³„μ•½   
6  2022-11-09 20:10:43.0  2023-09-23 17:21:41.0      NaN      μ§μ     λ‹¨μΌκ³„μ•½   
7  2022-11-09 20:10:43.0  2023-09-23 17:21:41.0      NaN      μ§μ     λ‹¨μΌκ³„μ•½   
8  2022-11-09 20:10:43.0  2023-09-23 17:21:41.0      NaN      μ§μ     λ‹¨μΌκ³„μ•½   
9  2022-11-09 20:10:43.0  2023-09-23 17:21:41.0      NaN      μ§μ     λ‹¨μΌκ³„μ•½   

  μ²­μ†λΉ„κ΄€λ¦¬ν•νƒ    κ±΄μ¶•λ©΄μ    μ£Όμ°¨λ€μ κΈ°νƒ€/μλ¬΄/μ„λ€/μ„μ=1/2/3/4                  λ‹¨μ§€μΉμΈμΌ μ‚¬μ©ν—κ°€μ—¬λ¶€  \
0      μ§μ  4858.0  262.0                  μ„μ  2022-11-17 13:00:29.0      Y   
1      μ§μ  4858.0  262.0                  μ„μ  2022-11-17 13:00:29.0      Y   
2      μ§μ  4858.0  262.0                  μ„μ  2022-11-17 13:00:29.0      Y   
3      μ§μ  4858.0  262.0                  μ„μ  2022-11-17 13:00:29.0      Y   
4      μ§μ  4858.0  262.0                  μ„μ  2022-11-17 13:00:29.0      Y   
5      μ§μ  4858.0  262.0                  μ„μ  2022-11-17 13:00:29.0      Y   
6      μ§μ  4858.0  262.0                  μ„μ  2022-11-17 13:00:29.0      Y   
7      μ§μ  4858.0  262.0                  μ„μ  2022-11-17 13:00:29.0      Y   
8      μ§μ  4858.0  262.0                  μ„μ  2022-11-17 13:00:29.0      Y   
9      μ§μ  4858.0  262.0                  μ„μ  2022-11-17 13:00:29.0      Y   

  κ΄€λ¦¬λΉ„ μ—…λ΅λ“         μΆν‘X        μΆν‘Y                  λ‹¨μ§€μ‹ μ²­μΌ  target   μ§€ν•μ² μµλ‹¨κ±°λ¦¬  \
0       N  127.057213  37.476765  2022-11-17 10:19:06.0  124000  1.129536   
1       N  127.057213  37.476765  2022-11-17 10:19:06.0  123500  1.129536   
2       N  127.057213  37.476765  2022-11-17 10:19:06.0   91500  1.129536   
3       N  127.057213  37.476765  2022-11-17 10:19:06.0  130000  1.129536   
4       N  127.057213  37.476765  2022-11-17 10:19:06.0  117000  1.129536   
5       N  127.057213  37.476765  2022-11-17 10:19:06.0  130000  1.129536   
6       N  127.057213  37.476765  2022-11-17 10:19:06.0  139500  1.129536   
7       N  127.057213  37.476765  2022-11-17 10:19:06.0  107500  1.129536   
8       N  127.057213  37.476765  2022-11-17 10:19:06.0  145000  1.129536   
9       N  127.057213  37.476765  2022-11-17 10:19:06.0  112000  1.129536   

   λ°κ²½_1km_μ§€ν•μ² μ—­_μ  λ°κ²½_500m_μ§€ν•μ² μ—­_μ  λ°κ²½_300m_μ§€ν•μ² μ—­_μ    λ²„μ¤μµλ‹¨κ±°λ¦¬  λ°κ²½_1km_λ²„μ¤μ •λ¥μ¥_μ  \
0              0               0               0  0.060787              58   
1              0               0               0  0.060787              58   
2              0               0               0  0.060787              58   
3              0               0               0  0.060787              58   
4              0               0               0  0.060787              58   
5              0               0               0  0.060787              58   
6              0               0               0  0.060787              58   
7              0               0               0  0.060787              58   
8              0               0               0  0.060787              58   
9              0               0               0  0.060787              58   

   λ°κ²½_500m_λ²„μ¤μ •λ¥μ¥_μ  λ°κ²½_300m_λ²„μ¤μ •λ¥μ¥_μ  
0               13                7  
1               13                7  
2               13                7  
3               13                7  
4               13                7  
5               13                7  
6               13                7  
7               13                7  
8               13                7  
9               13                7  
2025-07-14 23:32:01 | Test λ°μ΄ν„° νμƒ ν”Όμ²λ¥Ό κ³„μ‚°ν•μ—¬ μ›λ³Έ λ°μ΄ν„°μ— μ¶”κ°€ν•©λ‹λ‹¤...
2025-07-14 23:32:02 | π‰ Test λ°μ΄ν„°μ— νμƒ ν”Όμ² μ¶”κ°€ μ™„λ£.
2025-07-14 23:32:02 | Test λ°μ΄ν„° μƒμ„ 10κ° ν–‰:
             μ‹κµ°κµ¬     λ²μ§€      λ³Έλ²   λ¶€λ²      μ•„ννΈλ…   μ „μ©λ©΄μ (γ΅)    κ³„μ•½λ…„μ›”  κ³„μ•½μΌ   μΈµ  \
0  μ„μΈνΉλ³„μ‹ κ°•λ‚¨κµ¬ κ°ν¬λ™  658-1   658.0  1.0    κ°ν¬6μ°¨μ°μ„±   79.9700  202307   26   5   
1  μ„μΈνΉλ³„μ‹ κ°•λ‚¨κµ¬ κ°ν¬λ™  651-1   651.0  1.0   κ°ν¬λ”μƒµνΈλ¦¬μ—  108.2017  202308   15  10   
2  μ„μΈνΉλ³„μ‹ κ°•λ‚¨κµ¬ κ°ν¬λ™    652   652.0  0.0    κ°ν¬μ°μ„±3μ°¨  161.0000  202307   28  15   
3  μ„μΈνΉλ³„μ‹ κ°•λ‚¨κµ¬ κ°ν¬λ™    652   652.0  0.0    κ°ν¬μ°μ„±3μ°¨  133.4600  202308   10  14   
4  μ„μΈνΉλ³„μ‹ κ°•λ‚¨κµ¬ κ°ν¬λ™    652   652.0  0.0    κ°ν¬μ°μ„±3μ°¨  104.4300  202308   18   6   
5  μ„μΈνΉλ³„μ‹ κ°•λ‚¨κµ¬ κ°ν¬λ™    187   187.0  0.0   κ°ν¬μ£Όκ³µ5λ‹¨μ§€   74.2500  202307   28   8   
6  μ„μΈνΉλ³„μ‹ κ°•λ‚¨κµ¬ κ°ν¬λ™    185   185.0  0.0   κ°ν¬μ£Όκ³µ6λ‹¨μ§€   83.2100  202307    2  11   
7  μ„μΈνΉλ³„μ‹ κ°•λ‚¨κµ¬ κ°ν¬λ™    185   185.0  0.0   κ°ν¬μ£Όκ³µ6λ‹¨μ§€   73.0200  202308   14  12   
8  μ„μΈνΉλ³„μ‹ κ°•λ‚¨κµ¬ κ°ν¬λ™    185   185.0  0.0   κ°ν¬μ£Όκ³µ6λ‹¨μ§€   53.0600  202308   24   9   
9  μ„μΈνΉλ³„μ‹ κ°•λ‚¨κµ¬ κ°ν¬λ™   1280  1280.0  0.0  λλ―Έμ•λΈ”λ μ¤ν‹°μ§€  126.9280  202307    3  26   

   κ±΄μ¶•λ…„λ„       λ„λ΅λ…  ν•΄μ μ‚¬μ λ°μƒμΌ    λ“±κΈ°μ‹ μ²­μΌμ  κ±°λμ ν•            μ¤‘κ°μ‚¬μ†μ¬μ§€  \
0  1987     μ–Έμ£Όλ΅ 3      NaN             μ§κ±°λ                 -   
1  2021   κ°ν¬λ΅ 311      NaN            μ¤‘κ°κ±°λ            μ„μΈ κ°•λ‚¨κµ¬   
2  1984   κ°ν¬λ΅ 307      NaN            μ¤‘κ°κ±°λ            μ„μΈ κ°•λ‚¨κµ¬   
3  1984   κ°ν¬λ΅ 307      NaN            μ¤‘κ°κ±°λ            μ„μΈ κ°•λ‚¨κµ¬   
4  1984   κ°ν¬λ΅ 307      NaN            μ¤‘κ°κ±°λ            μ„μΈ κ°•λ‚¨κµ¬   
5  1983  μ‚Όμ„±λ΅4κΈΈ 17      NaN             μ§κ±°λ                 -   
6  1983   κ°ν¬λ΅ 516      NaN            μ¤‘κ°κ±°λ  κ²½κΈ° μ„±λ‚¨μμ •κµ¬, μ„μΈ κ°•λ‚¨κµ¬   
7  1983   κ°ν¬λ΅ 516      NaN  20230911  μ¤‘κ°κ±°λ            μ„μΈ κ°•λ‚¨κµ¬   
8  1983   κ°ν¬λ΅ 516      NaN            μ¤‘κ°κ±°λ            μ„μΈ κ°•λ‚¨κµ¬   
9  2019     μ„ λ¦‰λ΅ 8      NaN            μ¤‘κ°κ±°λ    μ„μΈ κ°•λ‚¨κµ¬, μ„μΈ μ„±λ™κµ¬   

  k-λ‹¨μ§€λ¶„λ¥(μ•„ννΈ,μ£Όμƒλ³µν•©λ“±λ“±)      k-μ „ν™”λ²νΈ      k-ν©μ¤λ²νΈ  λ‹¨μ§€μ†κ°κΈ°μ΅΄clob k-μ„Έλ€νƒ€μ…(λ¶„μ–‘ν•νƒ) k-κ΄€λ¦¬λ°©μ‹  \
0                μ•„ννΈ   025776611   025776673         NaN           λ¶„μ–‘   μμΉκ΄€λ¦¬   
1                μ•„ννΈ   025763999   025763998         NaN           λ¶„μ–‘   μ„νƒκ΄€λ¦¬   
2                μ•„ννΈ   025749116   025749094      2888.0           λ¶„μ–‘   μμΉκ΄€λ¦¬   
3                μ•„ννΈ   025749116   025749094      2888.0           λ¶„μ–‘   μμΉκ΄€λ¦¬   
4                μ•„ννΈ   025749116   025749094      2888.0           λ¶„μ–‘   μμΉκ΄€λ¦¬   
5                μ•„ννΈ   024458879   024456219       317.0           λ¶„μ–‘   μ„νƒκ΄€λ¦¬   
6                μ•„ννΈ   024458907   024458906       787.0           λ¶„μ–‘   μ„νƒκ΄€λ¦¬   
7                μ•„ννΈ   024458907   024458906       787.0           λ¶„μ–‘   μ„νƒκ΄€λ¦¬   
8                μ•„ννΈ   024458907   024458906       787.0           λ¶„μ–‘   μ„νƒκ΄€λ¦¬   
9                μ•„ννΈ  0220581970  0220581972         NaN           κΈ°νƒ€   μ„νƒκ΄€λ¦¬   

  k-λ³µλ„μ ν• k-λ‚λ°©λ°©μ‹  k-μ „μ²΄λ™μ  k-μ „μ²΄μ„Έλ€μ k-κ±΄μ„¤μ‚¬(μ‹κ³µμ‚¬)               k-μ‹ν–‰μ‚¬  \
0    κ³„λ‹¨μ‹   κ°λ³„λ‚λ°©     8.0    270.0       μ°μ„±κ±΄μ„¤                  λ¨λ¦„   
1    κ³„λ‹¨μ‹   μ§€μ—­λ‚λ°©     2.0    232.0        ν¬μ¤μ½”         κ°ν¬μ°μ„±9μ°¨λ¨λΈλ§μ΅°ν•©   
2    νΌν•©μ‹   μ§€μ—­λ‚λ°©     5.0    405.0       μ°μ„±κ±΄μ„¤                μ°μ„±κ±΄μ„¤   
3    νΌν•©μ‹   μ§€μ—­λ‚λ°©     5.0    405.0       μ°μ„±κ±΄μ„¤                μ°μ„±κ±΄μ„¤   
4    νΌν•©μ‹   μ§€μ—­λ‚λ°©     5.0    405.0       μ°μ„±κ±΄μ„¤                μ°μ„±κ±΄μ„¤   
5    λ³µλ„μ‹   μ§€μ—­λ‚λ°©     6.0    940.0     λ€ν•μ£Όνƒκ³µμ‚¬                λ€μ°κ±΄μ„¤   
6    νΌν•©μ‹   μ§€μ—­λ‚λ°©     9.0   1060.0    ν„λ€κ±΄μ„¤(μ£Ό)              λ€ν•μ£Όνƒκ³µμ‚¬   
7    νΌν•©μ‹   μ§€μ—­λ‚λ°©     9.0   1060.0    ν„λ€κ±΄μ„¤(μ£Ό)              λ€ν•μ£Όνƒκ³µμ‚¬   
8    νΌν•©μ‹   μ§€μ—­λ‚λ°©     9.0   1060.0    ν„λ€κ±΄μ„¤(μ£Ό)              λ€ν•μ£Όνƒκ³µμ‚¬   
9    κ³„λ‹¨μ‹   μ§€μ—­λ‚λ°©    23.0   1957.0       μ‚Όμ„±λ¬Όμ‚°  κ°ν¬μ£Όκ³µ2λ‹¨μ§€μ£Όνƒμ¬κ±΄μ¶•μ •λΉ„μ‚¬μ—…μ΅°ν•©   

           k-μ‚¬μ©κ²€μ‚¬μΌ-μ‚¬μ©μΉμΈμΌ     k-μ—°λ©΄μ   k-μ£Όκ±°μ „μ©λ©΄μ   k-κ΄€λ¦¬λΉ„λ¶€κ³Όλ©΄μ   k-μ „μ©λ©΄μ λ³„μ„Έλ€ν„ν™©(60γ΅μ΄ν•)  \
0  1987-11-21 00:00:00.0   22637.0   20204.0    22637.0                20.0   
1  2021-12-01 00:00:00.0   44951.0   24878.0    31174.0                 0.0   
2  1984-12-31 00:00:00.0   63304.0   53437.0    61064.0                 0.0   
3  1984-12-31 00:00:00.0   63304.0   53437.0    61064.0                 0.0   
4  1984-12-31 00:00:00.0   63304.0   53437.0    61064.0                 0.0   
5  1983-10-26 00:00:00.0   93810.0   65960.0    65960.0               190.0   
6  1983-10-26 00:00:00.0   94817.0   73333.0    94578.0               220.0   
7  1983-10-26 00:00:00.0   94817.0   73333.0    94578.0               220.0   
8  1983-10-26 00:00:00.0   94817.0   73333.0    94578.0               220.0   
9  2019-02-26 00:00:00.0  362895.0  160922.0   215907.0               661.0   

   k-μ „μ©λ©΄μ λ³„μ„Έλ€ν„ν™©(60γ΅~85γ΅μ΄ν•)  k-85γ΅~135γ΅μ΄ν•  k-135γ΅μ΄κ³Ό  \
0                   250.0           0.0       NaN   
1                     0.0         232.0       NaN   
2                     0.0         285.0       NaN   
3                     0.0         285.0       NaN   
4                     0.0         285.0       NaN   
5                   750.0           0.0       NaN   
6                   840.0           0.0       NaN   
7                   840.0           0.0       NaN   
8                   840.0           0.0       NaN   
9                   780.0         511.0       NaN   

                                              k-ν™νμ΄μ§€                 k-λ“±λ΅μΌμ  \
0                                                NaN  2022-11-09 20:10:43.0   
1  thesharp-trieh.hthomeservice.com/#/feeManage?_...  2022-01-05 18:02:23.0   
2                                                NaN                    NaN   
3                                                NaN                    NaN   
4                                                NaN                    NaN   
5                                                NaN                    NaN   
6                                                NaN                    NaN   
7                                                NaN                    NaN   
8                                                NaN                    NaN   
9                                      rmabt1957.com  2019-03-09 05:56:52.0   

                  k-μμ •μΌμ              κ³ μ©λ³΄ν—κ΄€λ¦¬λ²νΈ κ²½λΉ„λΉ„κ΄€λ¦¬ν•νƒ μ„Έλ€μ „κΈ°κ³„μ•½λ°©λ²• μ²­μ†λΉ„κ΄€λ¦¬ν•νƒ  \
0  2023-09-23 17:21:41.0                   NaN      μ§μ     λ‹¨μΌκ³„μ•½      μ§μ   
1  2023-09-23 17:23:08.0                   NaN      μ„νƒ     μΆ…ν•©κ³„μ•½      μ„νƒ   
2  2023-09-23 17:15:43.0           21380015910      μ§μ     λ‹¨μΌκ³„μ•½      μ„νƒ   
3  2023-09-23 17:15:43.0           21380015910      μ§μ     λ‹¨μΌκ³„μ•½      μ„νƒ   
4  2023-09-23 17:15:43.0           21380015910      μ§μ     λ‹¨μΌκ³„μ•½      μ„νƒ   
5  2023-09-23 17:16:06.0  95-040034-8-680-1200      μ„νƒ     λ‹¨μΌκ³„μ•½      μ„νƒ   
6  2023-09-23 17:13:46.0                   NaN      μ„νƒ     λ‹¨μΌκ³„μ•½      μ„νƒ   
7  2023-09-23 17:13:46.0                   NaN      μ„νƒ     λ‹¨μΌκ³„μ•½      μ„νƒ   
8  2023-09-23 17:13:46.0                   NaN      μ„νƒ     λ‹¨μΌκ³„μ•½      μ„νƒ   
9  2023-09-23 17:20:52.0                   NaN      μ„νƒ     μΆ…ν•©κ³„μ•½      μ„νƒ   

       κ±΄μ¶•λ©΄μ     μ£Όμ°¨λ€μ κΈ°νƒ€/μλ¬΄/μ„λ€/μ„μ=1/2/3/4                  λ‹¨μ§€μΉμΈμΌ μ‚¬μ©ν—κ°€μ—¬λ¶€ κ΄€λ¦¬λΉ„ μ—…λ΅λ“  \
0   4858.00   262.0                  μ„μ  2022-11-17 13:00:29.0      Y       N   
1   2724.46   305.0                  μλ¬΄  2022-02-23 13:01:10.0      Y       N   
2  61064.24   419.0                  μλ¬΄  1984-12-22 00:00:00.0      Y       N   
3  61064.24   419.0                  μλ¬΄  1984-12-22 00:00:00.0      Y       N   
4  61064.24   419.0                  μλ¬΄  1984-12-22 00:00:00.0      Y       N   
5   6524.00   652.0                  μλ¬΄  2015-03-02 11:08:24.0      Y       N   
6      0.00  1100.0                  μλ¬΄  2018-03-19 10:55:24.0      Y       N   
7      0.00  1100.0                  μλ¬΄  2018-03-19 10:55:24.0      Y       N   
8      0.00  1100.0                  μλ¬΄  2018-03-19 10:55:24.0      Y       N   
9  16155.05  3153.0                  μλ¬΄  2019-03-14 11:33:30.0      Y       N   

          μΆν‘X        μΆν‘Y                  λ‹¨μ§€μ‹ μ²­μΌ   μ§€ν•μ² μµλ‹¨κ±°λ¦¬  λ°κ²½_1km_μ§€ν•μ² μ—­_μ  \
0  127.057213  37.476765  2022-11-17 10:19:06.0  1.129536              0   
1  127.056396  37.484894  2022-02-23 11:05:05.0  0.306197              5   
2  127.055992  37.483894  2013-03-07 09:46:28.0  0.413784              4   
3  127.055992  37.483894  2013-03-07 09:46:28.0  0.413784              4   
4  127.055992  37.483894  2013-03-07 09:46:28.0  0.413784              4   
5  127.068031  37.487801  2013-03-07 09:46:42.0  0.222354              4   
6  127.072685  37.489120  2013-03-07 09:46:38.0  0.250276              4   
7  127.072685  37.489120  2013-03-07 09:46:38.0  0.250276              4   
8  127.072685  37.489120  2013-03-07 09:46:38.0  0.250276              4   
9  127.064148  37.480049  2019-03-09 05:56:52.0  0.887415              1   

   λ°κ²½_500m_μ§€ν•μ² μ—­_μ  λ°κ²½_300m_μ§€ν•μ² μ—­_μ    λ²„μ¤μµλ‹¨κ±°λ¦¬  λ°κ²½_1km_λ²„μ¤μ •λ¥μ¥_μ  λ°κ²½_500m_λ²„μ¤μ •λ¥μ¥_μ  \
0               0               0  0.060787              58               13   
1               1               0  0.125649              72               15   
2               1               0  0.098428              77               19   
3               1               0  0.098428              77               19   
4               1               0  0.098428              77               19   
5               1               1  0.131533              59               22   
6               1               1  0.094651              62               20   
7               1               1  0.094651              62               20   
8               1               1  0.094651              62               20   
9               0               0  0.049742              49               12   

   λ°κ²½_300m_λ²„μ¤μ •λ¥μ¥_μ   μ§€ν•μ² μµλ‹¨κ±°λ¦¬  λ°κ²½_1km_μ§€ν•μ² μ—­_μ  λ°κ²½_500m_μ§€ν•μ² μ—­_μ  λ°κ²½_300m_μ§€ν•μ² μ—­_μ  \
0                7  1.129536              0               0               0   
1                8  0.306197              5               1               0   
2                9  0.413784              4               1               0   
3                9  0.413784              4               1               0   
4                9  0.413784              4               1               0   
5               11  0.222354              4               1               1   
6               11  0.250276              4               1               1   
7               11  0.250276              4               1               1   
8               11  0.250276              4               1               1   
9                6  0.887415              1               0               0   

     λ²„μ¤μµλ‹¨κ±°λ¦¬  λ°κ²½_1km_λ²„μ¤μ •λ¥μ¥_μ  λ°κ²½_500m_λ²„μ¤μ •λ¥μ¥_μ  λ°κ²½_300m_λ²„μ¤μ •λ¥μ¥_μ  
0  0.060787              58               13                7  
1  0.125649              72               15                8  
2  0.098428              77               19                9  
3  0.098428              77               19                9  
4  0.098428              77               19                9  
5  0.131533              59               22               11  
6  0.094651              62               20               11  
7  0.094651              62               20               11  
8  0.094651              62               20               11  
9  0.049742              49               12                6  
2025-07-14 23:32:02 | νμƒλ³€μ λ°μ΄ν„°λ¥Ό CSVλ΅ μ €μ¥ν•©λ‹λ‹¤...
2025-07-14 23:32:11 | π‰ train.csv νμƒλ³€μ λ°μ΄ν„° μ €μ¥μ΄ μ™„λ£λμ—μµλ‹λ‹¤. νμΌ κ²½λ΅: '../../data/processed/price-prediction/train_final.csv'
2025-07-14 23:32:11 | π‰ test.csv νμƒλ³€μ λ°μ΄ν„° μ €μ¥μ΄ μ™„λ£λμ—μµλ‹λ‹¤. νμΌ κ²½λ΅: '../../data/processed/price-prediction/test_final.csv'
