2025-07-11 16:17:26 | 지하철, 버스 정류장 데이터를 로드하고 BallTree를 생성합니다...
2025-07-11 16:17:26 | 데이터를 로드합니다...
2025-07-11 16:17:26 | 버스, 지하철 데이터 로드 완료.
2025-07-11 16:17:30 | 컬럼 순서를 정의합니다...
2025-07-11 16:17:30 | 컬럼 순서: ['지하철최단거리', '반경_1km_지하철역_수', '반경_500m_지하철역_수', '반경_300m_지하철역_수', '버스최단거리', '반경_1km_버스정류장_수', '반경_500m_버스정류장_수', '반경_300m_버스정류장_수']
2025-07-11 16:17:34 | 파생 피처 계산 함수를 정의합니다...
2025-07-11 16:17:38 | Train 데이터 파생 피처를 계산합니다...
2025-07-11 16:18:26 | Train 데이터 파생 피처 계산 완료.
2025-07-11 16:18:26 | Train 데이터 상위 10개 행:
     아파트명   지하철최단거리  반경_1km_지하철역_수  반경_500m_지하철역_수  반경_300m_지하철역_수    버스최단거리  \
0  개포6차우성  1.129536              0               0               0  0.060787   
1  개포6차우성  1.129536              0               0               0  0.060787   
2  개포6차우성  1.129536              0               0               0  0.060787   
3  개포6차우성  1.129536              0               0               0  0.060787   
4  개포6차우성  1.129536              0               0               0  0.060787   
5  개포6차우성  1.129536              0               0               0  0.060787   
6  개포6차우성  1.129536              0               0               0  0.060787   
7  개포6차우성  1.129536              0               0               0  0.060787   
8  개포6차우성  1.129536              0               0               0  0.060787   
9  개포6차우성  1.129536              0               0               0  0.060787   

   반경_1km_버스정류장_수  반경_500m_버스정류장_수  반경_300m_버스정류장_수  
0              58               13                7  
1              58               13                7  
2              58               13                7  
3              58               13                7  
4              58               13                7  
5              58               13                7  
6              58               13                7  
7              58               13                7  
8              58               13                7  
9              58               13                7  
2025-07-11 16:19:13 | Test 데이터 파생 피처를 계산합니다...
2025-07-11 16:19:13 | Test 데이터 파생 피처 계산 완료.
2025-07-11 16:19:13 | Test 데이터 상위 10개 행:
       아파트명   지하철최단거리  반경_1km_지하철역_수  반경_500m_지하철역_수  반경_300m_지하철역_수  \
0    개포6차우성  1.129536              0               0               0   
1   개포더샵트리에  0.306197              5               1               0   
2    개포우성3차  0.413784              4               1               0   
3    개포우성3차  0.413784              4               1               0   
4    개포우성3차  0.413784              4               1               0   
5   개포주공5단지  0.222354              4               1               1   
6   개포주공6단지  0.250276              4               1               1   
7   개포주공6단지  0.250276              4               1               1   
8   개포주공6단지  0.250276              4               1               1   
9  래미안블레스티지  0.887415              1               0               0   

     버스최단거리  반경_1km_버스정류장_수  반경_500m_버스정류장_수  반경_300m_버스정류장_수  
0  0.060787              58               13                7  
1  0.125649              72               15                8  
2  0.098428              77               19                9  
3  0.098428              77               19                9  
4  0.098428              77               19                9  
5  0.131533              59               22               11  
6  0.094651              62               20               11  
7  0.094651              62               20               11  
8  0.094651              62               20               11  
9  0.049742              49               12                6  
2025-07-11 16:21:06 | 파생변수 데이터를 CSV로 저장합니다...
2025-07-11 16:21:08 | 🎉 train.csv 파생변수 데이터 저장이 완료되었습니다. 파일 경로: '../../data/processed/transportation-features/train_transportation_features.csv'
2025-07-11 16:21:08 | 🎉 test.csv 파생변수 데이터 저장이 완료되었습니다. 파일 경로: '../../data/processed/transportation-features/test_transportation_features.csv'
