2025-07-17 15:48:40 | >> 표준 출력 및 오류를 로그 파일로 리디렉션 시작
2025-07-17 15:48:40 | ============================================================
2025-07-17 15:48:40 | >> [price_prediction8] 아파트 가격 예측 모델링 시작
2025-07-17 15:48:40 | ============================================================
2025-07-17 16:05:00 | >> [1단계 완료] 라이브러리, 경로, 로거 초기화 및 시드 고정 성공!
2025-07-17 16:05:07 | >> [2단계 시작] 데이터 로드를 시작합니다.
2025-07-17 16:05:08 | >> 원본 데이터 Shape - Train: (1110101, 32), Test: (9272, 32)
2025-07-17 16:05:08 | >> [2단계 완료] 데이터 로드 성공.
2025-07-17 16:06:30 | >> [3단계 시작] 피처 엔지니어링을 시작합니다.
2025-07-17 16:06:30 | >> Train/Test 병합 후 Shape: (1119373, 32)
2025-07-17 16:06:30 | >> 4.1. 날짜/기본/주기성 피처 생성 완료.
2025-07-17 16:06:30 | >> 4.2. 교통 가중합 피처 생성 완료.
2025-07-17 16:06:37 | >> 4.3. K-Means 군집화 피처 생성 완료.
2025-07-17 16:06:38 | >> 4.4. 법정동/자치구/아파트군집 기반 통계 피처 생성 완료.
2025-07-17 16:06:38 | >> 4.5. 상호작용 피처 생성 완료.
2025-07-17 16:06:38 | >> 인코딩 대상 범주형 피처: ['계약일자', '자치구', '법정동', '브랜드등급']
2025-07-17 16:06:39 | >> datetime 타입 컬럼('계약년월') 제거 완료.
2025-07-17 16:06:39 | >> 결측치 처리 전, NA 개수: 9273
2025-07-17 16:06:39 | >> 결측치 처리 후, NA 개수: 0
2025-07-17 16:06:39 | >> 최종 피처 수: 46
2025-07-17 16:06:39 | >> 4.6. 최종 데이터 분리 및 전처리 완료.
2025-07-17 16:06:39 | >> [3단계 완료] 피처 엔지니어링 성공.
2025-07-17 16:06:43 | >> [4단계 시작] 상위 25개 피처를 선택합니다.
2025-07-17 16:06:46 | >> 피처 중요도 :
2025-07-17 16:06:46 | feature  importance
4               법정동        1239
0              계약일자         304
31             건물나이         228
6              전용면적         186
43          면적_x_나이         160
19           버스최단거리          83
12          아파트이름길이          75
15          지하철최단거리          68
13              좌표X          65
14              좌표Y          62
44           면적_x_층          56
3               자치구          43
28     loanrate_12m          39
21  반경_500m_버스정류장_수          39
10               연식          36
24          성비(남/여)          34
11            브랜드등급          31
20   반경_1km_버스정류장_수          29
35             가중버스          27
34            가중지하철          26
22  반경_300m_버스정류장_수          23
36            아파트군집          23
45          강남_x_면적          19
9            사용허가여부          13
26      loanrate_3m          13
27      loanrate_6m          11
42    군집별_std_면적당가격          10
40     구별_std_면적당가격          10
16    반경_1km_지하철역_수          10
37      동별_평균_면적당가격          10
25      loanrate_1m           6
7                 층           5
17   반경_500m_지하철역_수           5
1              계약년도           4
32          계약월_sin           2
23             총인구수           2
18   반경_300m_지하철역_수           1
8            홈페이지유무           1
30              계약년           1
41     군집별_평균_면적당가격           1
33          계약월_cos           0
38     동별_std_면적당가격           0
39      구별_평균_면적당가격           0
29           isTest           0
5            강남3구여부           0
2               계약월           0
2025-07-17 16:06:46 | >> 선택된 상위 피쳐 수: 25
2025-07-17 16:06:46 | >> 선택된 상위 피쳐: ['법정동', '계약일자', '건물나이', '전용면적', '면적_x_나이', '버스최단거리', '아파트이름길이', '지하철최단거리', '좌표X', '좌표Y', '면적_x_층', '자치구', 'loanrate_12m', '반경_500m_버스정류장_수', '연식', '성비(남/여)', '브랜드등급', '반경_1km_버스정류장_수', '가중버스', '가중지하철', '반경_300m_버스정류장_수', '아파트군집', '강남_x_면적', '사용허가여부', 'loanrate_3m']
2025-07-17 16:06:46 | >> 사용하지 않는 피처 수: 21
2025-07-17 16:06:46 | >> 사용하지 않는 피처: ['계약년도', '계약월', '강남3구여부', '층', '홈페이지유무', '반경_1km_지하철역_수', '반경_500m_지하철역_수', '반경_300m_지하철역_수', '총인구수', 'loanrate_1m', 'loanrate_6m', 'isTest', '계약년', '계약월_sin', '계약월_cos', '동별_평균_면적당가격', '동별_std_면적당가격', '구별_평균_면적당가격', '구별_std_면적당가격', '군집별_평균_면적당가격', '군집별_std_면적당가격']
2025-07-17 16:06:46 | >> 최종 피쳐 개수: 총 46개 중 25개 선택, 21개 제외.
2025-07-17 16:06:46 | >> [4단계 완료] 피처 선택 성공.
2025-07-17 16:07:10 | >> [5단계 시작] LightGBM 모델 학습을 시작합니다. (CV 폴드 수: 20)
2025-07-17 16:07:10 | >> 사용자가 정의한 최적 파라미터를 사용합니다: {'learning_rate': 0.04, 'feature_fraction': 0.9, 'bagging_fraction': 0.85, 'bagging_freq': 3, 'num_leaves': 100, 'max_depth': 20, 'min_child_samples': 35}
2025-07-17 16:07:10 | >> 최종 LGBM 학습 파라미터: {'learning_rate': 0.032, 'feature_fraction': 0.9, 'bagging_fraction': 0.85, 'bagging_freq': 3, 'num_leaves': 100, 'max_depth': 20, 'min_child_samples': 35, 'n_estimators': 3000, 'device': 'cuda', 'objective': 'regression_l1', 'metric': 'rmse', 'verbose': -1, 'n_jobs': -1, 'seed': 42}
2025-07-17 16:07:10 | >> LightGBM 학습을 위해 범주형 피처 타입을 'category'로 변환합니다.
2025-07-17 16:07:10 | >> 대상 컬럼: ['자치구', '법정동', '브랜드등급', '아파트군집']
2025-07-17 16:07:10 | >> 'category' 타입 변환 완료.
2025-07-17 16:07:10 | --- LightGBM Fold 1/20 학습 시작 ---
2025-07-17 16:07:10 | - Train Index: 0 ~ 52880 (size: 52881)
2025-07-17 16:07:10 | - Validation Index: 52881 ~ 105741 (size: 52861)
2025-07-17 16:07:31 | - Fold 1 RMSE: 0.40135
2025-07-17 16:07:31 | - Best Iteration: 240
2025-07-17 16:07:31 | --- LightGBM Fold 2/20 학습 시작 ---
2025-07-17 16:07:31 | - Train Index: 0 ~ 105741 (size: 105742)
2025-07-17 16:07:31 | - Validation Index: 105742 ~ 158602 (size: 52861)
2025-07-17 16:10:38 | - Fold 2 RMSE: 0.16335
2025-07-17 16:10:38 | - Best Iteration: 2997
2025-07-17 16:10:38 | --- LightGBM Fold 3/20 학습 시작 ---
2025-07-17 16:10:38 | - Train Index: 0 ~ 158602 (size: 158603)
2025-07-17 16:10:38 | - Validation Index: 158603 ~ 211463 (size: 52861)
2025-07-17 16:13:41 | - Fold 3 RMSE: 0.25383
2025-07-17 16:13:41 | - Best Iteration: 2999
2025-07-17 16:13:41 | --- LightGBM Fold 4/20 학습 시작 ---
2025-07-17 16:13:41 | - Train Index: 0 ~ 211463 (size: 211464)
2025-07-17 16:13:41 | - Validation Index: 211464 ~ 264324 (size: 52861)
2025-07-17 16:16:53 | - Fold 4 RMSE: 0.33030
2025-07-17 16:16:53 | - Best Iteration: 2960
2025-07-17 16:16:53 | --- LightGBM Fold 5/20 학습 시작 ---
2025-07-17 16:16:53 | - Train Index: 0 ~ 264324 (size: 264325)
2025-07-17 16:16:53 | - Validation Index: 264325 ~ 317185 (size: 52861)
2025-07-17 16:18:49 | - Fold 5 RMSE: 0.14409
2025-07-17 16:18:49 | - Best Iteration: 1768
2025-07-17 16:18:49 | --- LightGBM Fold 6/20 학습 시작 ---
2025-07-17 16:18:49 | - Train Index: 0 ~ 317185 (size: 317186)
2025-07-17 16:18:49 | - Validation Index: 317186 ~ 370046 (size: 52861)
2025-07-17 16:22:07 | - Fold 6 RMSE: 0.10828
2025-07-17 16:22:07 | - Best Iteration: 3000
2025-07-17 16:22:07 | --- LightGBM Fold 7/20 학습 시작 ---
2025-07-17 16:22:07 | - Train Index: 0 ~ 370046 (size: 370047)
2025-07-17 16:22:07 | - Validation Index: 370047 ~ 422907 (size: 52861)
2025-07-17 16:25:33 | - Fold 7 RMSE: 0.10774
2025-07-17 16:25:33 | - Best Iteration: 3000
2025-07-17 16:25:33 | --- LightGBM Fold 8/20 학습 시작 ---
2025-07-17 16:25:33 | - Train Index: 0 ~ 422907 (size: 422908)
2025-07-17 16:25:33 | - Validation Index: 422908 ~ 475768 (size: 52861)
2025-07-17 16:29:09 | - Fold 8 RMSE: 0.10288
2025-07-17 16:29:09 | - Best Iteration: 2996
2025-07-17 16:29:09 | --- LightGBM Fold 9/20 학습 시작 ---
2025-07-17 16:29:09 | - Train Index: 0 ~ 475768 (size: 475769)
2025-07-17 16:29:09 | - Validation Index: 475769 ~ 528629 (size: 52861)
2025-07-17 16:32:53 | - Fold 9 RMSE: 0.07737
2025-07-17 16:32:53 | - Best Iteration: 3000
2025-07-17 16:32:53 | --- LightGBM Fold 10/20 학습 시작 ---
2025-07-17 16:32:53 | - Train Index: 0 ~ 528629 (size: 528630)
2025-07-17 16:32:53 | - Validation Index: 528630 ~ 581490 (size: 52861)
2025-07-17 16:36:48 | - Fold 10 RMSE: 0.09379
2025-07-17 16:36:48 | - Best Iteration: 2999
2025-07-17 16:36:48 | --- LightGBM Fold 11/20 학습 시작 ---
2025-07-17 16:36:48 | - Train Index: 0 ~ 581490 (size: 581491)
2025-07-17 16:36:48 | - Validation Index: 581491 ~ 634351 (size: 52861)
2025-07-17 16:40:49 | - Fold 11 RMSE: 0.07548
2025-07-17 16:40:49 | - Best Iteration: 3000
2025-07-17 16:40:49 | --- LightGBM Fold 12/20 학습 시작 ---
2025-07-17 16:40:49 | - Train Index: 0 ~ 634351 (size: 634352)
2025-07-17 16:40:49 | - Validation Index: 634352 ~ 687212 (size: 52861)
2025-07-17 16:45:04 | - Fold 12 RMSE: 0.09582
2025-07-17 16:45:04 | - Best Iteration: 2908
2025-07-17 16:45:04 | --- LightGBM Fold 13/20 학습 시작 ---
2025-07-17 16:45:04 | - Train Index: 0 ~ 687212 (size: 687213)
2025-07-17 16:45:04 | - Validation Index: 687213 ~ 740073 (size: 52861)
2025-07-17 16:49:31 | - Fold 13 RMSE: 0.07184
2025-07-17 16:49:31 | - Best Iteration: 3000
2025-07-17 16:49:31 | --- LightGBM Fold 14/20 학습 시작 ---
2025-07-17 16:49:31 | - Train Index: 0 ~ 740073 (size: 740074)
2025-07-17 16:49:31 | - Validation Index: 740074 ~ 792934 (size: 52861)
2025-07-17 16:54:09 | - Fold 14 RMSE: 0.07807
2025-07-17 16:54:09 | - Best Iteration: 3000
2025-07-17 16:54:09 | --- LightGBM Fold 15/20 학습 시작 ---
2025-07-17 16:54:09 | - Train Index: 0 ~ 792934 (size: 792935)
2025-07-17 16:54:09 | - Validation Index: 792935 ~ 845795 (size: 52861)
2025-07-17 16:59:05 | - Fold 15 RMSE: 0.07535
2025-07-17 16:59:05 | - Best Iteration: 3000
2025-07-17 16:59:05 | --- LightGBM Fold 16/20 학습 시작 ---
2025-07-17 16:59:05 | - Train Index: 0 ~ 845795 (size: 845796)
2025-07-17 16:59:05 | - Validation Index: 845796 ~ 898656 (size: 52861)
2025-07-17 17:04:09 | - Fold 16 RMSE: 0.07436
2025-07-17 17:04:09 | - Best Iteration: 3000
2025-07-17 17:04:09 | --- LightGBM Fold 17/20 학습 시작 ---
2025-07-17 17:04:10 | - Train Index: 0 ~ 898656 (size: 898657)
2025-07-17 17:04:10 | - Validation Index: 898657 ~ 951517 (size: 52861)
2025-07-17 17:09:30 | - Fold 17 RMSE: 0.10582
2025-07-17 17:09:30 | - Best Iteration: 2999
2025-07-17 17:09:30 | --- LightGBM Fold 18/20 학습 시작 ---
2025-07-17 17:09:30 | - Train Index: 0 ~ 951517 (size: 951518)
2025-07-17 17:09:30 | - Validation Index: 951518 ~ 1004378 (size: 52861)
2025-07-17 17:14:58 | - Fold 18 RMSE: 0.11696
2025-07-17 17:14:58 | - Best Iteration: 3000
2025-07-17 17:14:58 | --- LightGBM Fold 19/20 학습 시작 ---
2025-07-17 17:14:58 | - Train Index: 0 ~ 1004378 (size: 1004379)
2025-07-17 17:14:58 | - Validation Index: 1004379 ~ 1057239 (size: 52861)
2025-07-17 17:20:41 | - Fold 19 RMSE: 0.15604
2025-07-17 17:20:41 | - Best Iteration: 3000
2025-07-17 17:20:41 | --- LightGBM Fold 20/20 학습 시작 ---
2025-07-17 17:20:41 | - Train Index: 0 ~ 1057239 (size: 1057240)
2025-07-17 17:20:41 | - Validation Index: 1057240 ~ 1110100 (size: 52861)
2025-07-17 17:26:34 | - Fold 20 RMSE: 0.16536
2025-07-17 17:26:34 | - Best Iteration: 3000
2025-07-17 17:26:34 | >> LightGBM CV 학습 결과 요약:
2025-07-17 17:26:34 | - 각 Fold별 RMSE: [0.40135, 0.16335, 0.25383, 0.3303, 0.14409, 0.10828, 0.10774, 0.10288, 0.07737, 0.09379, 0.07548, 0.09582, 0.07184, 0.07807, 0.07535, 0.07436, 0.10582, 0.11696, 0.15604, 0.16536]
2025-07-17 17:26:34 | - 평균 Fold RMSE: 0.13991 (±0.08752)
2025-07-17 17:26:34 | - 전체 OOF RMSE: 2.37225
2025-07-17 17:26:34 | >> [5단계 완료] LightGBM 모델 학습 성공.
2025-07-17 17:26:44 | \n>> [5.1단계 시작] 피처 선택 완료 후 데이터 시각화를 시작합니다.
2025-07-17 17:26:44 | >> [오류] 5.1단계(FS 시각화) 중 문제 발생: name 'IMAGE_DIR_FS' is not defined
2025-07-17 17:27:42 | \n>> [5.1단계 시작] 피처 선택 완료 후 데이터 시각화를 시작합니다.
2025-07-17 17:27:42 | >> 시각화 결과 저장 경로: ../../images/price_prediction_9/1/2_After_Feature_Selection
2025-07-17 17:27:42 | >> 1. 선택된 상위 10개 피처 분포 시각화 중...
2025-07-17 17:28:00 | >> 2. 선택된 상위 피처 Pair Plot 생성 중...
2025-07-17 17:29:49 | >> [5.1단계 완료] 피처 선택 후 시각화 성공.
2025-07-17 17:31:33 | >> [5단계 시작] LightGBM 모델 학습을 시작합니다. (CV 폴드 수: 20)
2025-07-17 17:31:33 | >> 사용자가 정의한 최적 파라미터를 사용합니다: {'learning_rate': 0.04, 'feature_fraction': 0.9, 'bagging_fraction': 0.85, 'bagging_freq': 3, 'num_leaves': 100, 'max_depth': 20, 'min_child_samples': 35}
2025-07-17 17:31:33 | >> 최종 LGBM 학습 파라미터: {'learning_rate': 0.032, 'feature_fraction': 0.9, 'bagging_fraction': 0.85, 'bagging_freq': 3, 'num_leaves': 100, 'max_depth': 20, 'min_child_samples': 35, 'n_estimators': 3000, 'device': 'cuda', 'objective': 'regression_l1', 'metric': 'rmse', 'verbose': -1, 'n_jobs': -1, 'seed': 42}
2025-07-17 17:31:33 | >> LightGBM 학습을 위해 범주형 피처 타입을 'category'로 변환합니다.
2025-07-17 17:31:33 | >> 대상 컬럼: ['자치구', '법정동', '브랜드등급', '아파트군집']
2025-07-17 17:31:33 | >> 'category' 타입 변환 완료.
2025-07-17 17:31:33 | --- LightGBM Fold 1/20 학습 시작 ---
2025-07-17 17:31:33 | - Train Index: 0 ~ 52880 (size: 52881)
2025-07-17 17:31:33 | - Validation Index: 52881 ~ 105741 (size: 52861)
2025-07-17 17:32:03 | - Fold 1 RMSE: 0.40073
2025-07-17 17:32:03 | - Best Iteration: 348
2025-07-17 17:32:03 | --- LightGBM Fold 2/20 학습 시작 ---
2025-07-17 17:32:03 | - Train Index: 0 ~ 105741 (size: 105742)
2025-07-17 17:32:03 | - Validation Index: 105742 ~ 158602 (size: 52861)
2025-07-17 17:35:16 | - Fold 2 RMSE: 0.16230
2025-07-17 17:35:16 | - Best Iteration: 3000
2025-07-17 17:35:16 | --- LightGBM Fold 3/20 학습 시작 ---
2025-07-17 17:35:16 | - Train Index: 0 ~ 158602 (size: 158603)
2025-07-17 17:35:16 | - Validation Index: 158603 ~ 211463 (size: 52861)
2025-07-17 17:38:18 | - Fold 3 RMSE: 0.25450
2025-07-17 17:38:18 | - Best Iteration: 2988
2025-07-17 17:38:18 | --- LightGBM Fold 4/20 학습 시작 ---
2025-07-17 17:38:18 | - Train Index: 0 ~ 211463 (size: 211464)
2025-07-17 17:38:18 | - Validation Index: 211464 ~ 264324 (size: 52861)
2025-07-17 17:41:25 | - Fold 4 RMSE: 0.32982
2025-07-17 17:41:25 | - Best Iteration: 3000
2025-07-17 17:41:25 | --- LightGBM Fold 5/20 학습 시작 ---
2025-07-17 17:41:25 | - Train Index: 0 ~ 264324 (size: 264325)
2025-07-17 17:41:25 | - Validation Index: 264325 ~ 317185 (size: 52861)
2025-07-17 17:43:40 | - Fold 5 RMSE: 0.14297
2025-07-17 17:43:40 | - Best Iteration: 2109
2025-07-17 17:43:40 | --- LightGBM Fold 6/20 학습 시작 ---
2025-07-17 17:43:40 | - Train Index: 0 ~ 317185 (size: 317186)
2025-07-17 17:43:40 | - Validation Index: 317186 ~ 370046 (size: 52861)
2025-07-17 17:46:54 | - Fold 6 RMSE: 0.10901
2025-07-17 17:46:54 | - Best Iteration: 3000
2025-07-17 17:46:54 | --- LightGBM Fold 7/20 학습 시작 ---
2025-07-17 17:46:54 | - Train Index: 0 ~ 370046 (size: 370047)
2025-07-17 17:46:54 | - Validation Index: 370047 ~ 422907 (size: 52861)
2025-07-17 17:50:18 | - Fold 7 RMSE: 0.10817
2025-07-17 17:50:18 | - Best Iteration: 3000
2025-07-17 17:50:18 | --- LightGBM Fold 8/20 학습 시작 ---
2025-07-17 17:50:18 | - Train Index: 0 ~ 422907 (size: 422908)
2025-07-17 17:50:18 | - Validation Index: 422908 ~ 475768 (size: 52861)
2025-07-17 17:53:52 | - Fold 8 RMSE: 0.10239
2025-07-17 17:53:52 | - Best Iteration: 2999
2025-07-17 17:53:52 | --- LightGBM Fold 9/20 학습 시작 ---
2025-07-17 17:53:52 | - Train Index: 0 ~ 475768 (size: 475769)
2025-07-17 17:53:52 | - Validation Index: 475769 ~ 528629 (size: 52861)
2025-07-17 17:57:35 | - Fold 9 RMSE: 0.07720
2025-07-17 17:57:35 | - Best Iteration: 2996
2025-07-17 17:57:35 | --- LightGBM Fold 10/20 학습 시작 ---
2025-07-17 17:57:35 | - Train Index: 0 ~ 528629 (size: 528630)
2025-07-17 17:57:35 | - Validation Index: 528630 ~ 581490 (size: 52861)
2025-07-17 18:01:26 | - Fold 10 RMSE: 0.09209
2025-07-17 18:01:26 | - Best Iteration: 2999
2025-07-17 18:01:26 | --- LightGBM Fold 11/20 학습 시작 ---
2025-07-17 18:01:26 | - Train Index: 0 ~ 581490 (size: 581491)
2025-07-17 18:01:26 | - Validation Index: 581491 ~ 634351 (size: 52861)
2025-07-17 18:05:36 | - Fold 11 RMSE: 0.07526
2025-07-17 18:05:36 | - Best Iteration: 3000
2025-07-17 18:05:36 | --- LightGBM Fold 12/20 학습 시작 ---
2025-07-17 18:05:36 | - Train Index: 0 ~ 634351 (size: 634352)
2025-07-17 18:05:36 | - Validation Index: 634352 ~ 687212 (size: 52861)
2025-07-17 18:09:57 | - Fold 12 RMSE: 0.09543
2025-07-17 18:09:57 | - Best Iteration: 2936
2025-07-17 18:09:57 | --- LightGBM Fold 13/20 학습 시작 ---
2025-07-17 18:09:57 | - Train Index: 0 ~ 687212 (size: 687213)
2025-07-17 18:09:57 | - Validation Index: 687213 ~ 740073 (size: 52861)
2025-07-17 18:14:24 | - Fold 13 RMSE: 0.07246
2025-07-17 18:14:24 | - Best Iteration: 3000
2025-07-17 18:14:24 | --- LightGBM Fold 14/20 학습 시작 ---
2025-07-17 18:14:24 | - Train Index: 0 ~ 740073 (size: 740074)
2025-07-17 18:14:24 | - Validation Index: 740074 ~ 792934 (size: 52861)
2025-07-17 18:19:09 | - Fold 14 RMSE: 0.07813
2025-07-17 18:19:09 | - Best Iteration: 3000
2025-07-17 18:19:09 | --- LightGBM Fold 15/20 학습 시작 ---
2025-07-17 18:19:09 | - Train Index: 0 ~ 792934 (size: 792935)
2025-07-17 18:19:09 | - Validation Index: 792935 ~ 845795 (size: 52861)
2025-07-17 18:24:13 | - Fold 15 RMSE: 0.07538
2025-07-17 18:24:13 | - Best Iteration: 3000
2025-07-17 18:24:13 | --- LightGBM Fold 16/20 학습 시작 ---
2025-07-17 18:24:13 | - Train Index: 0 ~ 845795 (size: 845796)
2025-07-17 18:24:13 | - Validation Index: 845796 ~ 898656 (size: 52861)
2025-07-17 18:29:21 | - Fold 16 RMSE: 0.07416
2025-07-17 18:29:21 | - Best Iteration: 3000
2025-07-17 18:29:21 | --- LightGBM Fold 17/20 학습 시작 ---
2025-07-17 18:29:21 | - Train Index: 0 ~ 898656 (size: 898657)
2025-07-17 18:29:21 | - Validation Index: 898657 ~ 951517 (size: 52861)
2025-07-17 18:34:41 | - Fold 17 RMSE: 0.10523
2025-07-17 18:34:41 | - Best Iteration: 3000
2025-07-17 18:34:41 | --- LightGBM Fold 18/20 학습 시작 ---
2025-07-17 18:34:42 | - Train Index: 0 ~ 951517 (size: 951518)
2025-07-17 18:34:42 | - Validation Index: 951518 ~ 1004378 (size: 52861)
2025-07-17 18:40:24 | - Fold 18 RMSE: 0.11617
2025-07-17 18:40:24 | - Best Iteration: 3000
2025-07-17 18:40:24 | --- LightGBM Fold 19/20 학습 시작 ---
2025-07-17 18:40:24 | - Train Index: 0 ~ 1004378 (size: 1004379)
2025-07-17 18:40:24 | - Validation Index: 1004379 ~ 1057239 (size: 52861)
2025-07-17 18:46:10 | - Fold 19 RMSE: 0.15602
2025-07-17 18:46:10 | - Best Iteration: 3000
2025-07-17 18:46:10 | --- LightGBM Fold 20/20 학습 시작 ---
2025-07-17 18:46:10 | - Train Index: 0 ~ 1057239 (size: 1057240)
2025-07-17 18:46:10 | - Validation Index: 1057240 ~ 1110100 (size: 52861)
2025-07-17 18:52:05 | - Fold 20 RMSE: 0.16475
2025-07-17 18:52:05 | - Best Iteration: 2999
2025-07-17 18:52:05 | >> LightGBM CV 학습 결과 요약:
2025-07-17 18:52:05 | - 각 Fold별 RMSE: [0.40073, 0.1623, 0.2545, 0.32982, 0.14297, 0.10901, 0.10817, 0.10239, 0.0772, 0.09209, 0.07526, 0.09543, 0.07246, 0.07813, 0.07538, 0.07416, 0.10523, 0.11617, 0.15602, 0.16475]
2025-07-17 18:52:05 | - 평균 Fold RMSE: 0.13961 (±0.08746)
2025-07-17 18:52:05 | - 전체 OOF RMSE: 2.37223
2025-07-17 18:52:05 | >> [5단계 완료] LightGBM 모델 학습 성공.
2025-07-17 18:53:32 | >> [6단계 시작] CatBoost 모델 학습을 시작합니다. (CV 폴드 수: 20)
2025-07-17 18:53:32 | >> CatBoost 범주형 피처: ['자치구', '법정동', '브랜드등급', '아파트군집']
2025-07-17 18:53:32 | >> CatBoost 학습 파라미터: {'iterations': 3000, 'learning_rate': 0.05, 'depth': 8, 'l2_leaf_reg': 3, 'loss_function': 'RMSE', 'eval_metric': 'RMSE', 'random_seed': 42, 'verbose': 0, 'task_type': 'GPU'}
2025-07-17 18:53:32 | --- CatBoost Fold 1/20 학습 시작 ---
2025-07-17 18:53:32 | - Train Index: 0 ~ 52880 (size: 52881)
2025-07-17 18:53:32 | - Validation Index: 52881 ~ 105741 (size: 52861)
2025-07-17 18:53:40 | - Fold 1 RMSE: 0.43703
2025-07-17 18:53:40 | - Best Iteration: 85
2025-07-17 18:53:40 | --- CatBoost Fold 2/20 학습 시작 ---
2025-07-17 18:53:40 | - Train Index: 0 ~ 105741 (size: 105742)
2025-07-17 18:53:40 | - Validation Index: 105742 ~ 158602 (size: 52861)
2025-07-17 18:54:43 | - Fold 2 RMSE: 0.14763
2025-07-17 18:54:43 | - Best Iteration: 2935
2025-07-17 18:54:43 | --- CatBoost Fold 3/20 학습 시작 ---
2025-07-17 18:54:43 | - Train Index: 0 ~ 158602 (size: 158603)
2025-07-17 18:54:43 | - Validation Index: 158603 ~ 211463 (size: 52861)
2025-07-17 18:55:47 | - Fold 3 RMSE: 0.22306
2025-07-17 18:55:47 | - Best Iteration: 2927
2025-07-17 18:55:47 | --- CatBoost Fold 4/20 학습 시작 ---
2025-07-17 18:55:47 | - Train Index: 0 ~ 211463 (size: 211464)
2025-07-17 18:55:47 | - Validation Index: 211464 ~ 264324 (size: 52861)
2025-07-17 18:56:52 | - Fold 4 RMSE: 0.33104
2025-07-17 18:56:52 | - Best Iteration: 2997
2025-07-17 18:56:52 | --- CatBoost Fold 5/20 학습 시작 ---
2025-07-17 18:56:52 | - Train Index: 0 ~ 264324 (size: 264325)
2025-07-17 18:56:52 | - Validation Index: 264325 ~ 317185 (size: 52861)
2025-07-17 18:58:00 | - Fold 5 RMSE: 0.12784
2025-07-17 18:58:00 | - Best Iteration: 2999
2025-07-17 18:58:00 | --- CatBoost Fold 6/20 학습 시작 ---
2025-07-17 18:58:00 | - Train Index: 0 ~ 317185 (size: 317186)
2025-07-17 18:58:00 | - Validation Index: 317186 ~ 370046 (size: 52861)
2025-07-17 18:59:08 | - Fold 6 RMSE: 0.10098
2025-07-17 18:59:08 | - Best Iteration: 2998
2025-07-17 18:59:08 | --- CatBoost Fold 7/20 학습 시작 ---
2025-07-17 18:59:08 | - Train Index: 0 ~ 370046 (size: 370047)
2025-07-17 18:59:08 | - Validation Index: 370047 ~ 422907 (size: 52861)
2025-07-17 19:00:17 | - Fold 7 RMSE: 0.09869
2025-07-17 19:00:17 | - Best Iteration: 2999
2025-07-17 19:00:17 | --- CatBoost Fold 8/20 학습 시작 ---
2025-07-17 19:00:17 | - Train Index: 0 ~ 422907 (size: 422908)
2025-07-17 19:00:17 | - Validation Index: 422908 ~ 475768 (size: 52861)
2025-07-17 19:01:26 | - Fold 8 RMSE: 0.10135
2025-07-17 19:01:26 | - Best Iteration: 2961
2025-07-17 19:01:26 | --- CatBoost Fold 9/20 학습 시작 ---
2025-07-17 19:01:26 | - Train Index: 0 ~ 475768 (size: 475769)
2025-07-17 19:01:26 | - Validation Index: 475769 ~ 528629 (size: 52861)
2025-07-17 19:02:35 | - Fold 9 RMSE: 0.07552
2025-07-17 19:02:35 | - Best Iteration: 2999
2025-07-17 19:02:35 | --- CatBoost Fold 10/20 학습 시작 ---
2025-07-17 19:02:35 | - Train Index: 0 ~ 528629 (size: 528630)
2025-07-17 19:02:35 | - Validation Index: 528630 ~ 581490 (size: 52861)
2025-07-17 19:03:47 | - Fold 10 RMSE: 0.09528
2025-07-17 19:03:47 | - Best Iteration: 2997
2025-07-17 19:03:47 | --- CatBoost Fold 11/20 학습 시작 ---
2025-07-17 19:03:47 | - Train Index: 0 ~ 581490 (size: 581491)
2025-07-17 19:03:47 | - Validation Index: 581491 ~ 634351 (size: 52861)
2025-07-17 19:04:59 | - Fold 11 RMSE: 0.07704
2025-07-17 19:04:59 | - Best Iteration: 2998
2025-07-17 19:04:59 | --- CatBoost Fold 12/20 학습 시작 ---
2025-07-17 19:04:59 | - Train Index: 0 ~ 634351 (size: 634352)
2025-07-17 19:04:59 | - Validation Index: 634352 ~ 687212 (size: 52861)
2025-07-17 19:06:11 | - Fold 12 RMSE: 0.09979
2025-07-17 19:06:11 | - Best Iteration: 2998
2025-07-17 19:06:11 | --- CatBoost Fold 13/20 학습 시작 ---
2025-07-17 19:06:12 | - Train Index: 0 ~ 687212 (size: 687213)
2025-07-17 19:06:12 | - Validation Index: 687213 ~ 740073 (size: 52861)
2025-07-17 19:07:25 | - Fold 13 RMSE: 0.07384
2025-07-17 19:07:25 | - Best Iteration: 2999
2025-07-17 19:07:25 | --- CatBoost Fold 14/20 학습 시작 ---
2025-07-17 19:07:25 | - Train Index: 0 ~ 740073 (size: 740074)
2025-07-17 19:07:25 | - Validation Index: 740074 ~ 792934 (size: 52861)
2025-07-17 19:08:40 | - Fold 14 RMSE: 0.07940
2025-07-17 19:08:40 | - Best Iteration: 2999
2025-07-17 19:08:40 | --- CatBoost Fold 15/20 학습 시작 ---
2025-07-17 19:08:40 | - Train Index: 0 ~ 792934 (size: 792935)
2025-07-17 19:08:40 | - Validation Index: 792935 ~ 845795 (size: 52861)
2025-07-17 19:09:56 | - Fold 15 RMSE: 0.07994
2025-07-17 19:09:56 | - Best Iteration: 2999
2025-07-17 19:09:56 | --- CatBoost Fold 16/20 학습 시작 ---
2025-07-17 19:09:56 | - Train Index: 0 ~ 845795 (size: 845796)
2025-07-17 19:09:56 | - Validation Index: 845796 ~ 898656 (size: 52861)
2025-07-17 19:11:13 | - Fold 16 RMSE: 0.08022
2025-07-17 19:11:13 | - Best Iteration: 2999
2025-07-17 19:11:13 | --- CatBoost Fold 17/20 학습 시작 ---
2025-07-17 19:11:13 | - Train Index: 0 ~ 898656 (size: 898657)
2025-07-17 19:11:13 | - Validation Index: 898657 ~ 951517 (size: 52861)
2025-07-17 19:12:29 | - Fold 17 RMSE: 0.10987
2025-07-17 19:12:29 | - Best Iteration: 2999
2025-07-17 19:12:29 | --- CatBoost Fold 18/20 학습 시작 ---
2025-07-17 19:12:29 | - Train Index: 0 ~ 951517 (size: 951518)
2025-07-17 19:12:29 | - Validation Index: 951518 ~ 1004378 (size: 52861)
2025-07-17 19:13:48 | - Fold 18 RMSE: 0.11902
2025-07-17 19:13:48 | - Best Iteration: 2997
2025-07-17 19:13:48 | --- CatBoost Fold 19/20 학습 시작 ---
2025-07-17 19:13:48 | - Train Index: 0 ~ 1004378 (size: 1004379)
2025-07-17 19:13:48 | - Validation Index: 1004379 ~ 1057239 (size: 52861)
2025-07-17 19:15:18 | - Fold 19 RMSE: 0.15637
2025-07-17 19:15:18 | - Best Iteration: 2997
2025-07-17 19:15:18 | --- CatBoost Fold 20/20 학습 시작 ---
2025-07-17 19:15:18 | - Train Index: 0 ~ 1057239 (size: 1057240)
2025-07-17 19:15:18 | - Validation Index: 1057240 ~ 1110100 (size: 52861)
2025-07-17 19:16:51 | - Fold 20 RMSE: 0.16017
2025-07-17 19:16:51 | - Best Iteration: 2998
2025-07-17 19:16:51 | >> CatBoost CV 학습 결과 요약:
2025-07-17 19:16:51 | - 각 Fold별 RMSE: [0.43703, 0.14763, 0.22306, 0.33104, 0.12784, 0.10098, 0.09869, 0.10135, 0.07552, 0.09528, 0.07704, 0.09979, 0.07384, 0.0794, 0.07994, 0.08022, 0.10987, 0.11902, 0.15637, 0.16017]
2025-07-17 19:16:51 | - 평균 Fold RMSE: 0.13870 (±0.09097)
2025-07-17 19:16:51 | - 전체 OOF RMSE: 2.37231
2025-07-17 19:16:51 | >> [6단계 완료] CatBoost 모델 학습 성공.
2025-07-17 19:20:04 | >> [7단계 시작] 최종 예측 결합 및 제출을 시작합니다.
2025-07-17 19:20:04 | >> LightGBM OOF RMSE: 2.37223
2025-07-17 19:20:04 | >> CatBoost OOF RMSE: 2.37231
2025-07-17 19:20:04 | >> 적용된 앙상블 가중치 - LGBM: 0.6, CatBoost: 0.4
2025-07-17 19:20:04 | >> 앙상블 예측값(로그 스케일) 요약: Min(9.3523), Max(13.0938), Mean(11.4922)
2025-07-17 19:20:04 | >> 음수로 예측된 값의 수: 0개
2025-07-17 19:20:04 | >> 최종 예측값(원래 스케일) 요약: Min(11523.75), Max(485915.18), Mean(110756.14)
2025-07-17 19:20:04 | >> 제출 파일 '../../data/processed/submissions/price_prediction_9_submission_20250717_154840.csv' 생성이 완료되었습니다.
2025-07-17 19:20:04 | >> 최종 제출 파일 Shape: (9272, 1)
2025-07-17 19:20:08 | >> 모든 Fold 모델 저장이 완료되었습니다.
2025-07-17 19:20:08 | >> [7단계 완료] 제출 파일 및 모델 저장 성공.
2025-07-17 19:43:44 | >> [8단계 시작] 모델 결과 시각화 및 분석 파일 저장을 시작합니다...
2025-07-17 19:43:44 | >> 시각화 결과가 저장될 경로: ../../images/price_prediction_9/1/3_After_Modeling
2025-07-17 19:43:55 | >> 8.1. 실제 값 vs OOF 예측 값 비교 이미지 저장 중...
2025-07-17 19:43:57 | >> 8.1. 실제 값 vs OOF 예측 값 비교 이미지 저장 완료.
2025-07-17 19:43:57 | >> 8.2. 잔차 분포 확인 이미지 저장 중...
2025-07-17 19:43:59 | >> 8.2. 잔차 분포 확인 이미지 저장 완료.
2025-07-17 19:43:59 | >> 8.3. 잔차 vs 예측값 플롯 이미지 저장 중...
2025-07-17 19:44:01 | >> 8.3. 잔차 vs 예측값 플롯 이미지 저장 완료.
2025-07-17 19:44:01 | >> 8.4. OOF 예측과 테스트 예측의 분포 비교 이미지 저장 중...
2025-07-17 19:44:02 | >> 8.4. OOF 예측과 테스트 예측의 분포 비교 이미지 저장 완료.
2025-07-17 19:44:02 | >> 8.5. 피처 중요도 이미지 저장 중...
2025-07-17 19:44:02 | >> 8.5. 피처 중요도 이미지 저장 완료.
2025-07-17 19:44:02 | >> 8.6. SHAP 요약 플롯 분석 및 저장 중...
2025-07-17 19:44:03 | >> 8.6. SHAP 요약 플롯 이미지 저장 완료.
2025-07-17 19:44:03 | >> 8.7. SHAP 의존성 플롯 저장 중...
2025-07-17 19:44:03 | >> 8.7. SHAP 의존성 플롯 이미지 저장 완료.
2025-07-17 19:44:03 | >> 8.8. 학습 곡선 이미지 저장 중...
2025-07-17 19:45:59 | >> 8.8. 학습 곡선 이미지 저장 완료.
2025-07-17 19:45:59 | >> [8단계 완료] 모든 시각화 및 분석 파일 저장 완료.
2025-07-17 19:45:59 | ============================================================
2025-07-17 19:45:59 | 🎉 모든 프로세스가 성공적으로 종료되었습니다.
2025-07-17 19:45:59 | ============================================================
2025-07-17 19:46:28 | 2025-07-17 19:46:28 | >> 표준 출력 및 오류를 로그 파일로 리디렉션 시작
2025-07-17 19:46:28 | 2025-07-17 19:46:28 | ============================================================
2025-07-17 19:46:28 | 2025-07-17 19:46:28 | >> [price_prediction8] 아파트 가격 예측 모델링 시작
2025-07-17 19:46:28 | 2025-07-17 19:46:28 | ============================================================
2025-07-17 19:46:37 | 2025-07-17 19:46:37 | >> [1단계 완료] 라이브러리, 경로, 로거 초기화 및 시드 고정 성공!
2025-07-17 19:46:41 | 2025-07-17 19:46:41 | >> [2단계 시작] 데이터 로드를 시작합니다.
2025-07-17 19:46:43 | 2025-07-17 19:46:43 | >> 원본 데이터 Shape - Train: (1110101, 32), Test: (9272, 32)
2025-07-17 19:46:43 | 2025-07-17 19:46:43 | >> [2단계 완료] 데이터 로드 성공.
2025-07-17 19:46:47 | 2025-07-17 19:46:47 | >> [3단계 시작] 피처 엔지니어링을 시작합니다.
2025-07-17 19:46:47 | 2025-07-17 19:46:47 | >> Train/Test 병합 후 Shape: (1119373, 32)
2025-07-17 19:46:47 | 2025-07-17 19:46:47 | >> 4.1. 날짜/기본/주기성 피처 생성 완료.
2025-07-17 19:46:47 | 2025-07-17 19:46:47 | >> 4.2. 교통 가중합 피처 생성 완료.
2025-07-17 19:46:52 | 2025-07-17 19:46:52 | >> 4.3. K-Means 군집화 피처 생성 완료.
2025-07-17 19:46:52 | 2025-07-17 19:46:52 | >> 4.4. 법정동/자치구/아파트군집 기반 통계 피처 생성 완료.
2025-07-17 19:46:52 | 2025-07-17 19:46:52 | >> 4.5. 상호작용 피처 생성 완료.
2025-07-17 19:46:53 | 2025-07-17 19:46:53 | >> 인코딩 대상 범주형 피처: ['계약일자', '자치구', '법정동', '브랜드등급']
2025-07-17 19:46:53 | 2025-07-17 19:46:53 | >> datetime 타입 컬럼('계약년월') 제거 완료.
2025-07-17 19:46:54 | 2025-07-17 19:46:54 | >> 결측치 처리 전, NA 개수: 9273
2025-07-17 19:46:54 | 2025-07-17 19:46:54 | >> 결측치 처리 후, NA 개수: 0
2025-07-17 19:46:54 | 2025-07-17 19:46:54 | >> 최종 피처 수: 46
2025-07-17 19:46:54 | 2025-07-17 19:46:54 | >> 4.6. 최종 데이터 분리 및 전처리 완료.
2025-07-17 19:46:54 | 2025-07-17 19:46:54 | >> [3단계 완료] 피처 엔지니어링 성공.
2025-07-17 19:47:39 | 2025-07-17 19:47:39 | >> [3단계 시작] 피처 엔지니어링을 시작합니다.
2025-07-17 19:47:40 | 2025-07-17 19:47:40 | >> Train/Test 병합 후 Shape: (1119373, 32)
2025-07-17 19:47:40 | 2025-07-17 19:47:40 | >> 4.1. 날짜/기본/주기성 피처 생성 완료.
2025-07-17 19:47:40 | 2025-07-17 19:47:40 | >> 4.2. 교통 가중합 피처 생성 완료.
2025-07-17 19:47:44 | 2025-07-17 19:47:44 | >> 4.3. K-Means 군집화 피처 생성 완료.
2025-07-17 19:47:45 | 2025-07-17 19:47:45 | >> 4.4. 법정동/자치구/아파트군집 기반 통계 피처 생성 완료.
2025-07-17 19:47:45 | 2025-07-17 19:47:45 | >> 4.5. 상호작용 피처 생성 완료.
2025-07-17 19:47:45 | 2025-07-17 19:47:45 | >> 인코딩 대상 범주형 피처: ['계약일자', '자치구', '법정동', '브랜드등급']
2025-07-17 19:47:46 | 2025-07-17 19:47:46 | >> datetime 타입 컬럼('계약년월') 제거 완료.
2025-07-17 19:47:46 | 2025-07-17 19:47:46 | >> 결측치 처리 전, NA 개수: 9273
2025-07-17 19:47:46 | 2025-07-17 19:47:46 | >> 결측치 처리 후, NA 개수: 0
2025-07-17 19:47:46 | 2025-07-17 19:47:46 | >> 최종 피처 수: 46
2025-07-17 19:47:46 | 2025-07-17 19:47:46 | >> 4.6. 최종 데이터 분리 및 전처리 완료.
2025-07-17 19:47:46 | 2025-07-17 19:47:46 | >> [3단계 완료] 피처 엔지니어링 성공.
2025-07-17 19:47:51 | 2025-07-17 19:47:51 | \n>> [3.5단계 시작] 피처 엔지니어링 완료 후 데이터 시각화를 시작합니다.
2025-07-17 19:47:51 | 2025-07-17 19:47:51 | >> 시각화 결과 저장 경로: ../../images/price_prediction_9/1/1_After_Feature_Engineering
2025-07-17 19:47:51 | 2025-07-17 19:47:51 | >> 1. 주요 파생 변수와 타겟의 관계 시각화 중...
2025-07-17 19:47:57 | 2025-07-17 19:47:57 | >> 2. K-Means 군집별 가격 분포 시각화 중...
2025-07-17 19:47:57 | 2025-07-17 19:47:57 | >> 3. 주요 수치형 피처 상관관계 히트맵 생성 중...
2025-07-17 19:47:57 | 2025-07-17 19:47:57 | >> [3.5단계 완료] 피처 엔지니어링 후 시각화 성공.
