2025-07-17 13:23:38 | >> 표준 출력 및 오류를 로그 파일로 리디렉션 시작
2025-07-17 13:23:38 | ============================================================
2025-07-17 13:23:38 | >> [price_prediction8] 아파트 가격 예측 모델링 시작
2025-07-17 13:23:38 | ============================================================
2025-07-17 13:24:09 | >> [1단계 완료] 라이브러리, 경로, 로거 초기화 및 시드 고정 성공!
2025-07-17 13:24:10 | >> [2단계 시작] 데이터 로드를 시작합니다.
2025-07-17 13:24:12 | >> 원본 데이터 Shape - Train: (1110101, 32), Test: (9272, 32)
2025-07-17 13:24:12 | >> [2단계 완료] 데이터 로드 성공.
2025-07-17 13:24:23 | >> [3단계 시작] 피처 엔지니어링을 시작합니다.
2025-07-17 13:24:23 | >> Train/Test 병합 후 Shape: (1119373, 32)
2025-07-17 13:24:23 | >> 4.1. 날짜/기본/주기성 피처 생성 완료.
2025-07-17 13:24:23 | >> 4.2. 교통 가중합 피처 생성 완료.
2025-07-17 13:24:28 | >> 4.3. K-Means 군집화 피처 생성 완료.
2025-07-17 13:24:29 | >> 4.4. 법정동/자치구/아파트군집 기반 통계 피처 생성 완료.
2025-07-17 13:24:29 | >> 4.5. 상호작용 피처 생성 완료.
2025-07-17 13:24:30 | >> 결측치 처리 전, NA 개수: 9273
2025-07-17 13:24:31 | >> 결측치 처리 후, NA 개수: 0
2025-07-17 13:24:31 | >> 최종 피처 수: 45
2025-07-17 13:24:31 | >> 4.6. 최종 데이터 분리 및 전처리 완료.
2025-07-17 13:24:31 | >> [3단계 완료] 피처 엔지니어링 성공.
2025-07-17 13:24:40 | >> [4단계 시작] 상위 28개 피처를 선택합니다.
2025-07-17 13:24:40 | >> [오류] 4단계(피처 선택) 중 문제 발생: Length of labels differs from the length of #data
2025-07-17 13:32:52 | >> [4단계 시작] 상위 28개 피처를 선택합니다.
2025-07-17 13:32:52 | [LightGBM] [Warning] Using sparse features with CUDA is currently not supported.
2025-07-17 13:32:53 | >> [오류] 4단계(피처 선택) 중 문제 발생: Length of labels differs from the length of #data
2025-07-17 13:33:05 | >> [2단계 시작] 데이터 로드를 시작합니다.
2025-07-17 13:33:07 | >> 원본 데이터 Shape - Train: (1110101, 32), Test: (9272, 32)
2025-07-17 13:33:07 | >> [2단계 완료] 데이터 로드 성공.
2025-07-17 13:33:09 | >> [3단계 시작] 피처 엔지니어링을 시작합니다.
2025-07-17 13:33:09 | >> Train/Test 병합 후 Shape: (1119373, 32)
2025-07-17 13:33:09 | >> 4.1. 날짜/기본/주기성 피처 생성 완료.
2025-07-17 13:33:09 | >> 4.2. 교통 가중합 피처 생성 완료.
2025-07-17 13:33:14 | >> 4.3. K-Means 군집화 피처 생성 완료.
2025-07-17 13:33:15 | >> 4.4. 법정동/자치구/아파트군집 기반 통계 피처 생성 완료.
2025-07-17 13:33:15 | >> 4.5. 상호작용 피처 생성 완료.
2025-07-17 13:33:15 | >> 결측치 처리 전, NA 개수: 9273
2025-07-17 13:33:16 | >> 결측치 처리 후, NA 개수: 0
2025-07-17 13:33:16 | >> 최종 피처 수: 45
2025-07-17 13:33:16 | >> 4.6. 최종 데이터 분리 및 전처리 완료.
2025-07-17 13:33:16 | >> [3단계 완료] 피처 엔지니어링 성공.
2025-07-17 13:33:18 | >> [4단계 시작] 상위 28개 피처를 선택합니다.
2025-07-17 13:33:19 | [LightGBM] [Warning] Using sparse features with CUDA is currently not supported.
2025-07-17 13:33:19 | >> [오류] 4단계(피처 선택) 중 문제 발생: Length of labels differs from the length of #data
2025-07-17 13:41:04 | >> [2단계 시작] 데이터 로드를 시작합니다.
2025-07-17 13:41:05 | >> 원본 데이터 Shape - Train: (1110101, 32), Test: (9272, 32)
2025-07-17 13:41:05 | >> [2단계 완료] 데이터 로드 성공.
2025-07-17 13:41:09 | >> [3단계 시작] 피처 엔지니어링을 시작합니다.
2025-07-17 13:41:09 | >> Train/Test 병합 후 Shape: (1119373, 32)
2025-07-17 13:41:10 | >> 4.1. 날짜/기본/주기성 피처 생성 완료.
2025-07-17 13:41:10 | >> 4.2. 교통 가중합 피처 생성 완료.
2025-07-17 13:41:14 | >> 4.3. K-Means 군집화 피처 생성 완료.
2025-07-17 13:41:15 | >> 4.4. 법정동/자치구/아파트군집 기반 통계 피처 생성 완료.
2025-07-17 13:41:15 | >> 4.5. 상호작용 피처 생성 완료.
2025-07-17 13:41:16 | >> 결측치 처리 전, NA 개수: 9273
2025-07-17 13:41:16 | >> 결측치 처리 후, NA 개수: 0
2025-07-17 13:41:17 | >> 최종 피처 수: 45
2025-07-17 13:41:17 | >> 4.6. 최종 데이터 분리 및 전처리 완료.
2025-07-17 13:41:17 | >> [3단계 완료] 피처 엔지니어링 성공.
2025-07-17 13:41:19 | >> [3단계 시작] 피처 엔지니어링을 시작합니다.
2025-07-17 13:41:19 | >> Train/Test 병합 후 Shape: (1119373, 32)
2025-07-17 13:41:19 | >> 4.1. 날짜/기본/주기성 피처 생성 완료.
2025-07-17 13:41:19 | >> 4.2. 교통 가중합 피처 생성 완료.
2025-07-17 13:41:25 | >> 4.3. K-Means 군집화 피처 생성 완료.
2025-07-17 13:41:26 | >> 4.4. 법정동/자치구/아파트군집 기반 통계 피처 생성 완료.
2025-07-17 13:41:26 | >> 4.5. 상호작용 피처 생성 완료.
2025-07-17 13:41:27 | >> 결측치 처리 전, NA 개수: 9273
2025-07-17 13:41:27 | >> 결측치 처리 후, NA 개수: 0
2025-07-17 13:41:28 | >> 최종 피처 수: 45
2025-07-17 13:41:28 | >> 4.6. 최종 데이터 분리 및 전처리 완료.
2025-07-17 13:41:28 | >> [3단계 완료] 피처 엔지니어링 성공.
2025-07-17 13:41:33 | >> [4단계 시작] 상위 28개 피처를 선택합니다.
2025-07-17 13:41:33 | [LightGBM] [Warning] Using sparse features with CUDA is currently not supported.
2025-07-17 13:41:33 | [LightGBM] [Info] Total Bins 4813
2025-07-17 13:41:33 | [LightGBM] [Info] Number of data points in the train set: 1110101, number of used features: 44
2025-07-17 13:41:33 | [LightGBM] [Info] Start training from score 10.749784
2025-07-17 13:41:35 | >> 피처 중요도 :
2025-07-17 13:41:35 | feature  importance
3               법정동        1246
30             건물나이         233
42          면적_x_나이         181
5              전용면적         157
0              계약년도         145
29              계약년         136
18           버스최단거리          78
11          아파트이름길이          69
27     loanrate_12m          66
43           면적_x_층          60
14          지하철최단거리          59
12              좌표X          52
13              좌표Y          47
9                연식          42
23          성비(남/여)          42
2               자치구          40
26      loanrate_6m          31
34             가중버스          29
24      loanrate_1m          29
20  반경_500m_버스정류장_수          28
33            가중지하철          24
19   반경_1km_버스정류장_수          24
1               계약월          23
10            브랜드등급          21
25      loanrate_3m          19
41    군집별_std_면적당가격          17
44          강남_x_면적          15
8            사용허가여부          15
21  반경_300m_버스정류장_수          14
15    반경_1km_지하철역_수          11
31          계약월_sin          11
39     구별_std_면적당가격           7
16   반경_500m_지하철역_수           7
36      동별_평균_면적당가격           6
22             총인구수           4
35            아파트군집           3
37     동별_std_면적당가격           3
6                 층           3
32          계약월_cos           1
17   반경_300m_지하철역_수           1
7            홈페이지유무           1
28           isTest           0
38      구별_평균_면적당가격           0
40     군집별_평균_면적당가격           0
4            강남3구여부           0
2025-07-17 13:41:36 | >> 선택된 상위 피쳐 수: 28
2025-07-17 13:41:36 | >> 선택된 상위 피쳐: ['법정동', '건물나이', '면적_x_나이', '전용면적', '계약년도', '계약년', '버스최단거리', '아파트이름길이', 'loanrate_12m', '면적_x_층', '지하철최단거리', '좌표X', '좌표Y', '연식', '성비(남/여)', '자치구', 'loanrate_6m', '가중버스', 'loanrate_1m', '반경_500m_버스정류장_수', '가중지하철', '반경_1km_버스정류장_수', '계약월', '브랜드등급', 'loanrate_3m', '군집별_std_면적당가격', '강남_x_면적', '사용허가여부']
2025-07-17 13:41:36 | >> 사용하지 않는 피처 수: 17
2025-07-17 13:41:36 | >> 사용하지 않는 피처: ['강남3구여부', '층', '홈페이지유무', '반경_1km_지하철역_수', '반경_500m_지하철역_수', '반경_300m_지하철역_수', '반경_300m_버스정류장_수', '총인구수', 'isTest', '계약월_sin', '계약월_cos', '아파트군집', '동별_평균_면적당가격', '동별_std_면적당가격', '구별_평균_면적당가격', '구별_std_면적당가격', '군집별_평균_면적당가격']
2025-07-17 13:41:36 | >> 최종 피쳐 개수: 총 45개 중 28개 선택, 17개 제외.
2025-07-17 13:41:36 | >> [4단계 완료] 피처 선택 성공.
2025-07-17 13:42:34 | >> [2단계 시작] 데이터 로드를 시작합니다.
2025-07-17 13:42:35 | >> 원본 데이터 Shape - Train: (1110101, 32), Test: (9272, 32)
2025-07-17 13:42:35 | >> [2단계 완료] 데이터 로드 성공.
2025-07-17 13:42:39 | >> [3단계 시작] 피처 엔지니어링을 시작합니다.
2025-07-17 13:42:40 | >> Train/Test 병합 후 Shape: (1119373, 32)
2025-07-17 13:42:40 | >> 4.1. 날짜/기본/주기성 피처 생성 완료.
2025-07-17 13:42:40 | >> 4.2. 교통 가중합 피처 생성 완료.
2025-07-17 13:42:45 | >> 4.3. K-Means 군집화 피처 생성 완료.
2025-07-17 13:42:46 | >> 4.4. 법정동/자치구/아파트군집 기반 통계 피처 생성 완료.
2025-07-17 13:42:46 | >> 4.5. 상호작용 피처 생성 완료.
2025-07-17 13:42:46 | >> 결측치 처리 전, NA 개수: 9273
2025-07-17 13:42:47 | >> 결측치 처리 후, NA 개수: 0
2025-07-17 13:42:47 | >> 최종 피처 수: 45
2025-07-17 13:42:47 | >> 4.6. 최종 데이터 분리 및 전처리 완료.
2025-07-17 13:42:47 | >> [3단계 완료] 피처 엔지니어링 성공.
2025-07-17 13:42:49 | >> [4단계 시작] 상위 28개 피처를 선택합니다.
2025-07-17 13:42:49 | [LightGBM] [Warning] Using sparse features with CUDA is currently not supported.
2025-07-17 13:42:50 | [LightGBM] [Info] Total Bins 4813
2025-07-17 13:42:50 | [LightGBM] [Info] Number of data points in the train set: 1110101, number of used features: 44
2025-07-17 13:42:50 | [LightGBM] [Info] Start training from score 10.749784
2025-07-17 13:42:52 | >> 피처 중요도 :
2025-07-17 13:42:52 | feature  importance
3               법정동        1259
30             건물나이         218
5              전용면적         171
42          면적_x_나이         166
0              계약년도         137
29              계약년         132
18           버스최단거리          76
14          지하철최단거리          68
11          아파트이름길이          66
27     loanrate_12m          61
43           면적_x_층          58
13              좌표Y          50
9                연식          47
2               자치구          45
12              좌표X          43
23          성비(남/여)          37
26      loanrate_6m          37
19   반경_1km_버스정류장_수          32
20  반경_500m_버스정류장_수          30
34             가중버스          27
10            브랜드등급          24
1               계약월          24
24      loanrate_1m          24
33            가중지하철          21
41    군집별_std_면적당가격          19
21  반경_300m_버스정류장_수          19
25      loanrate_3m          19
44          강남_x_면적          17
8            사용허가여부          15
39     구별_std_면적당가격           9
31          계약월_sin           9
36      동별_평균_면적당가격           7
15    반경_1km_지하철역_수           7
22             총인구수           7
16   반경_500m_지하철역_수           5
6                 층           5
35            아파트군집           4
17   반경_300m_지하철역_수           1
37     동별_std_면적당가격           1
38      구별_평균_면적당가격           1
40     군집별_평균_면적당가격           1
7            홈페이지유무           1
32          계약월_cos           0
4            강남3구여부           0
28           isTest           0
2025-07-17 13:42:52 | >> 선택된 상위 피쳐 수: 28
2025-07-17 13:42:52 | >> 선택된 상위 피쳐: ['법정동', '건물나이', '전용면적', '면적_x_나이', '계약년도', '계약년', '버스최단거리', '지하철최단거리', '아파트이름길이', 'loanrate_12m', '면적_x_층', '좌표Y', '연식', '자치구', '좌표X', '성비(남/여)', 'loanrate_6m', '반경_1km_버스정류장_수', '반경_500m_버스정류장_수', '가중버스', '브랜드등급', '계약월', 'loanrate_1m', '가중지하철', '군집별_std_면적당가격', '반경_300m_버스정류장_수', 'loanrate_3m', '강남_x_면적']
2025-07-17 13:42:52 | >> 사용하지 않는 피처 수: 17
2025-07-17 13:42:52 | >> 사용하지 않는 피처: ['강남3구여부', '층', '홈페이지유무', '사용허가여부', '반경_1km_지하철역_수', '반경_500m_지하철역_수', '반경_300m_지하철역_수', '총인구수', 'isTest', '계약월_sin', '계약월_cos', '아파트군집', '동별_평균_면적당가격', '동별_std_면적당가격', '구별_평균_면적당가격', '구별_std_면적당가격', '군집별_평균_면적당가격']
2025-07-17 13:42:52 | >> 최종 피쳐 개수: 총 45개 중 28개 선택, 17개 제외.
2025-07-17 13:42:52 | >> [4단계 완료] 피처 선택 성공.
2025-07-17 13:46:18 | >> [5단계 시작] LightGBM 모델 학습을 시작합니다. (CV 폴드 수: 10)
2025-07-17 13:46:18 | >> 최종 LGBM 학습 파라미터: {'learning_rate': 0.032, 'feature_fraction': 0.9, 'bagging_fraction': 0.85, 'bagging_freq': 3, 'num_leaves': 100, 'max_depth': 20, 'min_child_samples': 35, 'n_estimators': 3000, 'device': 'cuda', 'objective': 'regression_l1', 'metric': 'rmse', 'verbose': -1, 'n_jobs': -1, 'seed': 42}
2025-07-17 13:46:18 | --- LightGBM Fold 1/10 학습 시작 ---
2025-07-17 13:49:04 | --- LightGBM Fold 2/10 학습 시작 ---
2025-07-17 13:51:53 | --- LightGBM Fold 3/10 학습 시작 ---
2025-07-17 13:54:58 | --- LightGBM Fold 4/10 학습 시작 ---
2025-07-17 13:58:19 | --- LightGBM Fold 5/10 학습 시작 ---
2025-07-17 14:01:56 | --- LightGBM Fold 6/10 학습 시작 ---
2025-07-17 14:05:54 | --- LightGBM Fold 7/10 학습 시작 ---
2025-07-17 14:10:14 | --- LightGBM Fold 8/10 학습 시작 ---
2025-07-17 14:14:58 | --- LightGBM Fold 9/10 학습 시작 ---
2025-07-17 14:20:02 | --- LightGBM Fold 10/10 학습 시작 ---
2025-07-17 14:25:30 | >> [5단계 완료] LightGBM 모델 학습 성공.
2025-07-17 14:26:06 | >> [6단계 시작] CatBoost 모델 학습을 시작합니다. (CV 폴드 수: 10)
2025-07-17 14:26:06 | >> CatBoost 범주형 피처: ['자치구', '법정동', '브랜드등급']
2025-07-17 14:26:06 | >> CatBoost 학습 파라미터: {'iterations': 3000, 'learning_rate': 0.05, 'depth': 8, 'l2_leaf_reg': 3, 'loss_function': 'RMSE', 'eval_metric': 'RMSE', 'random_seed': 42, 'verbose': 0, 'task_type': 'GPU'}
2025-07-17 14:26:06 | --- CatBoost Fold 1/10 학습 시작 ---
2025-07-17 14:26:06 | - Train Index: 0 ~ 100920 (size: 100921)
2025-07-17 14:26:06 | - Validation Index: 100921 ~ 201838 (size: 100918)
2025-07-17 14:27:01 | - Fold 1 RMSE: 0.21941
2025-07-17 14:27:01 | - Best Iteration: 2998
2025-07-17 14:27:01 | --- CatBoost Fold 2/10 학습 시작 ---
2025-07-17 14:27:01 | - Train Index: 0 ~ 201838 (size: 201839)
2025-07-17 14:27:01 | - Validation Index: 201839 ~ 302756 (size: 100918)
2025-07-17 14:27:23 | - Fold 2 RMSE: 0.35521
2025-07-17 14:27:23 | - Best Iteration: 1067
2025-07-17 14:27:23 | --- CatBoost Fold 3/10 학습 시작 ---
2025-07-17 14:27:23 | - Train Index: 0 ~ 302756 (size: 302757)
2025-07-17 14:27:23 | - Validation Index: 302757 ~ 403674 (size: 100918)
2025-07-17 14:28:23 | - Fold 3 RMSE: 0.12320
2025-07-17 14:28:23 | - Best Iteration: 2997
2025-07-17 14:28:23 | --- CatBoost Fold 4/10 학습 시작 ---
2025-07-17 14:28:23 | - Train Index: 0 ~ 403674 (size: 403675)
2025-07-17 14:28:23 | - Validation Index: 403675 ~ 504592 (size: 100918)
2025-07-17 14:29:25 | - Fold 4 RMSE: 0.09304
2025-07-17 14:29:25 | - Best Iteration: 2997
2025-07-17 14:29:25 | --- CatBoost Fold 5/10 학습 시작 ---
2025-07-17 14:29:25 | - Train Index: 0 ~ 504592 (size: 504593)
2025-07-17 14:29:25 | - Validation Index: 504593 ~ 605510 (size: 100918)
2025-07-17 14:30:27 | - Fold 5 RMSE: 0.08780
2025-07-17 14:30:27 | - Best Iteration: 2998
2025-07-17 14:30:27 | --- CatBoost Fold 6/10 학습 시작 ---
2025-07-17 14:30:27 | - Train Index: 0 ~ 605510 (size: 605511)
2025-07-17 14:30:27 | - Validation Index: 605511 ~ 706428 (size: 100918)
2025-07-17 14:31:32 | - Fold 6 RMSE: 0.09178
2025-07-17 14:31:32 | - Best Iteration: 2997
2025-07-17 14:31:32 | --- CatBoost Fold 7/10 학습 시작 ---
2025-07-17 14:31:32 | - Train Index: 0 ~ 706428 (size: 706429)
2025-07-17 14:31:32 | - Validation Index: 706429 ~ 807346 (size: 100918)
2025-07-17 14:32:36 | - Fold 7 RMSE: 0.08032
2025-07-17 14:32:36 | - Best Iteration: 2999
2025-07-17 14:32:36 | --- CatBoost Fold 8/10 학습 시작 ---
2025-07-17 14:32:36 | - Train Index: 0 ~ 807346 (size: 807347)
2025-07-17 14:32:36 | - Validation Index: 807347 ~ 908264 (size: 100918)
2025-07-17 14:33:42 | - Fold 8 RMSE: 0.09256
2025-07-17 14:33:42 | - Best Iteration: 2999
2025-07-17 14:33:42 | --- CatBoost Fold 9/10 학습 시작 ---
2025-07-17 14:33:42 | - Train Index: 0 ~ 908264 (size: 908265)
2025-07-17 14:33:42 | - Validation Index: 908265 ~ 1009182 (size: 100918)
2025-07-17 14:34:49 | - Fold 9 RMSE: 0.11413
2025-07-17 14:34:49 | - Best Iteration: 2999
2025-07-17 14:34:49 | --- CatBoost Fold 10/10 학습 시작 ---
2025-07-17 14:34:50 | - Train Index: 0 ~ 1009182 (size: 1009183)
2025-07-17 14:34:50 | - Validation Index: 1009183 ~ 1110100 (size: 100918)
2025-07-17 14:36:06 | - Fold 10 RMSE: 0.19292
2025-07-17 14:36:06 | - Best Iteration: 2989
2025-07-17 14:36:06 | >> CatBoost CV 학습 결과 요약:
2025-07-17 14:36:06 | - 각 Fold별 RMSE: [0.21941, 0.35521, 0.1232, 0.09304, 0.0878, 0.09178, 0.08032, 0.09256, 0.11413, 0.19292]
2025-07-17 14:36:06 | - 평균 Fold RMSE: 0.14504 (±0.08318)
2025-07-17 14:36:06 | - 전체 OOF RMSE: 3.30643
2025-07-17 14:36:06 | >> [6단계 완료] CatBoost 모델 학습 성공.
2025-07-17 14:47:04 | >> [7단계 시작] 최종 예측 결합 및 제출을 시작합니다.
2025-07-17 14:47:04 | >> LightGBM OOF RMSE: 3.30753
2025-07-17 14:47:04 | >> CatBoost OOF RMSE: 3.30643
2025-07-17 14:47:04 | >> 적용된 앙상블 가중치 - LGBM: 0.6, CatBoost: 0.4
2025-07-17 14:47:04 | >> 앙상블 예측값(로그 스케일) 요약: Min(9.2910), Max(13.1092), Mean(11.4945)
2025-07-17 14:47:04 | >> 음수로 예측된 값의 수: 0개
2025-07-17 14:47:04 | >> 최종 예측값(원래 스케일) 요약: Min(10838.66), Max(493470.83), Mean(110779.30)
2025-07-17 14:47:04 | >> 제출 파일 '../../data/processed/submissions/price_prediction_9_submission_20250717_132338.csv' 생성이 완료되었습니다.
2025-07-17 14:47:04 | >> 최종 제출 파일 Shape: (9272, 1)
2025-07-17 14:47:06 | >> 모든 Fold 모델 저장이 완료되었습니다.
2025-07-17 14:47:06 | >> [7단계 완료] 제출 파일 및 모델 저장 성공.
2025-07-17 14:55:56 | >> [8단계 시작] 모델 결과 시각화 및 분석 파일 저장을 시작합니다...
2025-07-17 14:55:56 | >> 시각화 결과가 저장될 경로: ../../images/price_prediction_9/1
2025-07-17 14:55:56 | >> 8.1. 피처 중요도 이미지 저장 중...
2025-07-17 14:55:56 | >> 피처 중요도 이미지 저장 완료.
2025-07-17 14:55:56 | >> 8.2. 실제 값 vs OOF 예측 값 비교 이미지 저장 중...
2025-07-17 14:55:58 | >> 실제 값 vs OOF 예측 값 비교 이미지 저장 완료.
2025-07-17 14:55:58 | >> 8.3. 잔차 분포 확인 이미지 저장 중...
2025-07-17 14:55:59 | >> 잔차 분포 확인 이미지 저장 완료.
2025-07-17 14:55:59 | >> 8.4. OOF 예측과 테스트 예측의 분포 비교 이미지 저장 중...
2025-07-17 14:56:01 | >> OOF 예측과 테스트 예측의 분포 비교 이미지 저장 완료.
2025-07-17 14:56:01 | >> 8.5. SHAP 요약 플롯 분석 및 저장 중...
2025-07-17 14:56:14 | >> SHAP 요약 플롯 저장 완료.
2025-07-17 14:56:14 | >> [8단계 완료] 모든 시각화 및 분석 파일 저장 완료.
2025-07-17 14:56:14 | ============================================================
2025-07-17 14:56:14 | 🎉 모든 프로세스가 성공적으로 종료되었습니다.
2025-07-17 14:56:14 | ============================================================
2025-07-17 15:05:08 | >> [8단계 시작] 모델 결과 시각화 및 분석 파일 저장을 시작합니다...
2025-07-17 15:05:08 | >> 시각화 결과가 저장될 경로: ../../images/price_prediction_9/1
2025-07-17 15:05:20 | >> 8.1. 실제 값 vs OOF 예측 값 비교 이미지 저장 중...
2025-07-17 15:05:22 | >> 8.2. 잔차 분포 확인 이미지 저장 중...
2025-07-17 15:05:23 | >> 8.3. 잔차 vs 예측값 플롯 이미지 저장 중...
2025-07-17 15:05:25 | >> 8.4. OOF 예측과 테스트 예측의 분포 비교 이미지 저장 중...
2025-07-17 15:05:27 | >> 8.5. 피처 중요도 이미지 저장 중...
2025-07-17 15:05:27 | >> 8.6. SHAP 요약 플롯 분석 및 저장 중...
2025-07-17 15:05:28 | >> 8.7. SHAP 의존성 플롯 저장 중...
2025-07-17 15:05:28 | >> [8단계 완료] 모든 시각화 및 분석 파일 저장 완료.
2025-07-17 15:05:28 | ============================================================
2025-07-17 15:05:28 | 🎉 모든 프로세스가 성공적으로 종료되었습니다.
2025-07-17 15:05:28 | ============================================================
2025-07-17 15:05:36 | >> [8단계 시작] 모델 결과 시각화 및 분석 파일 저장을 시작합니다...
2025-07-17 15:05:36 | >> 시각화 결과가 저장될 경로: ../../images/price_prediction_9/1
2025-07-17 15:05:47 | >> 8.1. 실제 값 vs OOF 예측 값 비교 이미지 저장 중...
2025-07-17 15:05:51 | >> 8.2. 잔차 분포 확인 이미지 저장 중...
2025-07-17 15:05:52 | >> 8.3. 잔차 vs 예측값 플롯 이미지 저장 중...
2025-07-17 15:05:54 | >> 8.4. OOF 예측과 테스트 예측의 분포 비교 이미지 저장 중...
2025-07-17 15:05:56 | >> 8.5. 피처 중요도 이미지 저장 중...
2025-07-17 15:05:56 | >> 8.6. SHAP 요약 플롯 분석 및 저장 중...
2025-07-17 15:05:57 | >> 8.7. SHAP 의존성 플롯 저장 중...
2025-07-17 15:05:57 | >> 8.9. 학습 곡선 이미지 저장 중...
2025-07-17 15:07:51 | >> 학습 곡선 이미지 저장 완료.
2025-07-17 15:07:51 | >> [8단계 완료] 모든 시각화 및 분석 파일 저장 완료.
2025-07-17 15:07:51 | ============================================================
2025-07-17 15:07:51 | 🎉 모든 프로세스가 성공적으로 종료되었습니다.
2025-07-17 15:07:51 | ============================================================
2025-07-17 15:10:56 | 폰트 설정 중 오류 발생: name 'fm' is not defined
2025-07-17 15:10:56 | >> [7단계 시작] 최종 예측 결합 및 제출을 시작합니다.
2025-07-17 15:10:56 | >> LightGBM OOF RMSE: 3.30753
2025-07-17 15:10:56 | >> CatBoost OOF RMSE: 3.30643
2025-07-17 15:10:56 | >> 적용된 앙상블 가중치 - LGBM: 0.6, CatBoost: 0.4
2025-07-17 15:10:56 | >> 앙상블 예측값(로그 스케일) 요약: Min(9.2910), Max(13.1092), Mean(11.4945)
2025-07-17 15:10:56 | >> 음수로 예측된 값의 수: 0개
2025-07-17 15:10:56 | >> 최종 예측값(원래 스케일) 요약: Min(10838.66), Max(493470.83), Mean(110779.30)
2025-07-17 15:10:56 | >> 제출 파일 '../../data/processed/submissions/price_prediction_9_submission_20250717_132338.csv' 생성이 완료되었습니다.
2025-07-17 15:10:56 | >> 최종 제출 파일 Shape: (9272, 1)
2025-07-17 15:10:58 | >> 모든 Fold 모델 저장이 완료되었습니다.
2025-07-17 15:10:58 | >> [7단계 완료] 제출 파일 및 모델 저장 성공.
2025-07-17 15:11:20 | 폰트 설정 중 오류 발생: name 'fm' is not defined
2025-07-17 15:11:20 | >> [8단계 시작] 모델 결과 시각화 및 분석 파일 저장을 시작합니다...
2025-07-17 15:11:20 | >> 시각화 결과가 저장될 경로: ../../images/price_prediction_9/1
2025-07-17 15:11:33 | >> 8.1. 실제 값 vs OOF 예측 값 비교 이미지 저장 중...
2025-07-17 15:11:35 | >> 8.1. 실제 값 vs OOF 예측 값 비교 이미지 저장 완료.
2025-07-17 15:11:35 | >> 8.2. 잔차 분포 확인 이미지 저장 중...
2025-07-17 15:11:36 | >> 8.2. 잔차 분포 확인 이미지 저장 완료.
2025-07-17 15:11:36 | >> 8.3. 잔차 vs 예측값 플롯 이미지 저장 중...
2025-07-17 15:11:38 | >> 8.3. 잔차 vs 예측값 플롯 이미지 저장 완료.
2025-07-17 15:11:38 | >> 8.4. OOF 예측과 테스트 예측의 분포 비교 이미지 저장 중...
2025-07-17 15:11:40 | >> 8.4. OOF 예측과 테스트 예측의 분포 비교 이미지 저장 완료.
2025-07-17 15:11:40 | >> 8.5. 피처 중요도 이미지 저장 중...
2025-07-17 15:11:40 | >> 8.5. 피처 중요도 이미지 저장 완료.
2025-07-17 15:11:40 | >> 8.6. SHAP 요약 플롯 분석 및 저장 중...
2025-07-17 15:11:40 | >> 8.6. SHAP 요약 플롯 이미지 저장 완료.
2025-07-17 15:11:40 | >> 8.7. SHAP 의존성 플롯 저장 중...
2025-07-17 15:11:41 | >> 8.7. SHAP 의존성 플롯 이미지 저장 완료.
2025-07-17 15:11:41 | >> 8.8. 학습 곡선 이미지 저장 중...
2025-07-17 15:13:34 | >> 8.8. 학습 곡선 이미지 저장 완료.
2025-07-17 15:13:34 | >> [8단계 완료] 모든 시각화 및 분석 파일 저장 완료.
2025-07-17 15:13:34 | ============================================================
2025-07-17 15:13:34 | 🎉 모든 프로세스가 성공적으로 종료되었습니다.
2025-07-17 15:13:34 | ============================================================
2025-07-17 15:14:08 | >> [8단계 시작] 모델 결과 시각화 및 분석 파일 저장을 시작합니다...
2025-07-17 15:14:08 | >> 시각화 결과가 저장될 경로: ../../images/price_prediction_9/1
2025-07-17 15:14:21 | >> 8.1. 실제 값 vs OOF 예측 값 비교 이미지 저장 중...
2025-07-17 15:14:23 | >> 8.1. 실제 값 vs OOF 예측 값 비교 이미지 저장 완료.
2025-07-17 15:14:23 | >> 8.2. 잔차 분포 확인 이미지 저장 중...
2025-07-17 15:14:25 | >> 8.2. 잔차 분포 확인 이미지 저장 완료.
2025-07-17 15:14:25 | >> 8.3. 잔차 vs 예측값 플롯 이미지 저장 중...
2025-07-17 15:14:27 | >> 8.3. 잔차 vs 예측값 플롯 이미지 저장 완료.
2025-07-17 15:14:27 | >> 8.4. OOF 예측과 테스트 예측의 분포 비교 이미지 저장 중...
2025-07-17 15:14:28 | >> 8.4. OOF 예측과 테스트 예측의 분포 비교 이미지 저장 완료.
2025-07-17 15:14:28 | >> 8.5. 피처 중요도 이미지 저장 중...
2025-07-17 15:14:29 | >> 8.5. 피처 중요도 이미지 저장 완료.
2025-07-17 15:14:29 | >> 8.6. SHAP 요약 플롯 분석 및 저장 중...
2025-07-17 15:14:29 | >> 8.6. SHAP 요약 플롯 이미지 저장 완료.
2025-07-17 15:14:29 | >> 8.7. SHAP 의존성 플롯 저장 중...
2025-07-17 15:14:30 | >> 8.7. SHAP 의존성 플롯 이미지 저장 완료.
2025-07-17 15:14:30 | >> 8.8. 학습 곡선 이미지 저장 중...
2025-07-17 15:16:23 | >> 8.8. 학습 곡선 이미지 저장 완료.
2025-07-17 15:16:23 | >> [8단계 완료] 모든 시각화 및 분석 파일 저장 완료.
2025-07-17 15:16:23 | ============================================================
2025-07-17 15:16:23 | 🎉 모든 프로세스가 성공적으로 종료되었습니다.
2025-07-17 15:16:23 | ============================================================
2025-07-17 15:21:30 | >> [8단계 시작] 모델 결과 시각화 및 분석 파일 저장을 시작합니다...
2025-07-17 15:21:30 | >> 시각화 결과가 저장될 경로: ../../images/price_prediction_9/1
2025-07-17 15:21:43 | >> 8.1. 실제 값 vs OOF 예측 값 비교 이미지 저장 중...
2025-07-17 15:21:44 | >> 8.1. 실제 값 vs OOF 예측 값 비교 이미지 저장 완료.
2025-07-17 15:21:44 | >> 8.2. 잔차 분포 확인 이미지 저장 중...
2025-07-17 15:21:46 | >> 8.2. 잔차 분포 확인 이미지 저장 완료.
2025-07-17 15:21:46 | >> 8.3. 잔차 vs 예측값 플롯 이미지 저장 중...
2025-07-17 15:21:48 | >> 8.3. 잔차 vs 예측값 플롯 이미지 저장 완료.
2025-07-17 15:21:48 | >> 8.4. OOF 예측과 테스트 예측의 분포 비교 이미지 저장 중...
2025-07-17 15:21:50 | >> 8.4. OOF 예측과 테스트 예측의 분포 비교 이미지 저장 완료.
2025-07-17 15:21:50 | >> 8.5. 피처 중요도 이미지 저장 중...
2025-07-17 15:21:50 | >> 8.5. 피처 중요도 이미지 저장 완료.
2025-07-17 15:21:50 | >> 8.6. SHAP 요약 플롯 분석 및 저장 중...
2025-07-17 15:21:50 | >> 8.6. SHAP 요약 플롯 이미지 저장 완료.
2025-07-17 15:21:50 | >> 8.7. SHAP 의존성 플롯 저장 중...
2025-07-17 15:21:51 | >> 8.7. SHAP 의존성 플롯 이미지 저장 완료.
2025-07-17 15:21:51 | >> 8.8. 학습 곡선 이미지 저장 중...
2025-07-17 15:23:44 | >> 8.8. 학습 곡선 이미지 저장 완료.
2025-07-17 15:23:44 | >> [8단계 완료] 모든 시각화 및 분석 파일 저장 완료.
2025-07-17 15:23:44 | ============================================================
2025-07-17 15:23:44 | 🎉 모든 프로세스가 성공적으로 종료되었습니다.
2025-07-17 15:23:44 | ============================================================
2025-07-17 15:24:19 | >> [8단계 시작] 모델 결과 시각화 및 분석 파일 저장을 시작합니다...
2025-07-17 15:24:19 | >> 시각화 결과가 저장될 경로: ../../images/price_prediction_9/1
2025-07-17 15:24:30 | >> 8.7. SHAP 의존성 플롯 저장 중...
2025-07-17 15:24:33 | >> 8.7. SHAP 의존성 플롯 이미지 저장 완료.
2025-07-17 15:24:33 | ============================================================
2025-07-17 15:24:33 | 🎉 모든 프로세스가 성공적으로 종료되었습니다.
2025-07-17 15:24:33 | ============================================================
2025-07-17 15:25:22 | >> [8단계 시작] 모델 결과 시각화 및 분석 파일 저장을 시작합니다...
2025-07-17 15:25:22 | >> 시각화 결과가 저장될 경로: ../../images/price_prediction_9/1
2025-07-17 15:25:33 | >> 8.7. SHAP 의존성 플롯 저장 중...
2025-07-17 15:25:34 | >> 8.7. SHAP 의존성 플롯 이미지 저장 완료.
2025-07-17 15:25:34 | ============================================================
2025-07-17 15:25:34 | 🎉 모든 프로세스가 성공적으로 종료되었습니다.
2025-07-17 15:25:34 | ============================================================
2025-07-17 15:25:50 | >> [8단계 시작] 모델 결과 시각화 및 분석 파일 저장을 시작합니다...
2025-07-17 15:25:50 | >> 시각화 결과가 저장될 경로: ../../images/price_prediction_9/1
2025-07-17 15:26:01 | >> 8.7. SHAP 의존성 플롯 저장 중...
2025-07-17 15:26:02 | >> 8.7. SHAP 의존성 플롯 이미지 저장 완료.
2025-07-17 15:26:02 | ============================================================
2025-07-17 15:26:02 | 🎉 모든 프로세스가 성공적으로 종료되었습니다.
2025-07-17 15:26:02 | ============================================================
2025-07-17 15:27:27 | >> [8단계 시작] 모델 결과 시각화 및 분석 파일 저장을 시작합니다...
2025-07-17 15:27:27 | >> 시각화 결과가 저장될 경로: ../../images/price_prediction_9/1
2025-07-17 15:27:38 | >> 8.7. SHAP 의존성 플롯 저장 중...
2025-07-17 15:27:38 | >> 8.7. SHAP 의존성 플롯 이미지 저장 완료.
2025-07-17 15:27:38 | ============================================================
2025-07-17 15:27:38 | 🎉 모든 프로세스가 성공적으로 종료되었습니다.
2025-07-17 15:27:38 | ============================================================
