2025-07-17 19:46:28 | >> 표준 출력 및 오류를 로그 파일로 리디렉션 시작
2025-07-17 19:46:28 | ============================================================
2025-07-17 19:46:28 | >> [price_prediction8] 아파트 가격 예측 모델링 시작
2025-07-17 19:46:28 | ============================================================
2025-07-17 19:46:37 | >> [1단계 완료] 라이브러리, 경로, 로거 초기화 및 시드 고정 성공!
2025-07-17 19:46:41 | >> [2단계 시작] 데이터 로드를 시작합니다.
2025-07-17 19:46:43 | >> 원본 데이터 Shape - Train: (1110101, 32), Test: (9272, 32)
2025-07-17 19:46:43 | >> [2단계 완료] 데이터 로드 성공.
2025-07-17 19:46:47 | >> [3단계 시작] 피처 엔지니어링을 시작합니다.
2025-07-17 19:46:47 | >> Train/Test 병합 후 Shape: (1119373, 32)
2025-07-17 19:46:47 | >> 4.1. 날짜/기본/주기성 피처 생성 완료.
2025-07-17 19:46:47 | >> 4.2. 교통 가중합 피처 생성 완료.
2025-07-17 19:46:52 | >> 4.3. K-Means 군집화 피처 생성 완료.
2025-07-17 19:46:52 | >> 4.4. 법정동/자치구/아파트군집 기반 통계 피처 생성 완료.
2025-07-17 19:46:52 | >> 4.5. 상호작용 피처 생성 완료.
2025-07-17 19:46:53 | >> 인코딩 대상 범주형 피처: ['계약일자', '자치구', '법정동', '브랜드등급']
2025-07-17 19:46:53 | >> datetime 타입 컬럼('계약년월') 제거 완료.
2025-07-17 19:46:54 | >> 결측치 처리 전, NA 개수: 9273
2025-07-17 19:46:54 | >> 결측치 처리 후, NA 개수: 0
2025-07-17 19:46:54 | >> 최종 피처 수: 46
2025-07-17 19:46:54 | >> 4.6. 최종 데이터 분리 및 전처리 완료.
2025-07-17 19:46:54 | >> [3단계 완료] 피처 엔지니어링 성공.
2025-07-17 19:47:39 | >> [3단계 시작] 피처 엔지니어링을 시작합니다.
2025-07-17 19:47:40 | >> Train/Test 병합 후 Shape: (1119373, 32)
2025-07-17 19:47:40 | >> 4.1. 날짜/기본/주기성 피처 생성 완료.
2025-07-17 19:47:40 | >> 4.2. 교통 가중합 피처 생성 완료.
2025-07-17 19:47:44 | >> 4.3. K-Means 군집화 피처 생성 완료.
2025-07-17 19:47:45 | >> 4.4. 법정동/자치구/아파트군집 기반 통계 피처 생성 완료.
2025-07-17 19:47:45 | >> 4.5. 상호작용 피처 생성 완료.
2025-07-17 19:47:45 | >> 인코딩 대상 범주형 피처: ['계약일자', '자치구', '법정동', '브랜드등급']
2025-07-17 19:47:46 | >> datetime 타입 컬럼('계약년월') 제거 완료.
2025-07-17 19:47:46 | >> 결측치 처리 전, NA 개수: 9273
2025-07-17 19:47:46 | >> 결측치 처리 후, NA 개수: 0
2025-07-17 19:47:46 | >> 최종 피처 수: 46
2025-07-17 19:47:46 | >> 4.6. 최종 데이터 분리 및 전처리 완료.
2025-07-17 19:47:46 | >> [3단계 완료] 피처 엔지니어링 성공.
2025-07-17 19:47:51 | \n>> [3.5단계 시작] 피처 엔지니어링 완료 후 데이터 시각화를 시작합니다.
2025-07-17 19:47:51 | >> 시각화 결과 저장 경로: ../../images/price_prediction_9/1/1_After_Feature_Engineering
2025-07-17 19:47:51 | >> 1. 주요 파생 변수와 타겟의 관계 시각화 중...
2025-07-17 19:47:57 | >> 2. K-Means 군집별 가격 분포 시각화 중...
2025-07-17 19:47:57 | >> 3. 주요 수치형 피처 상관관계 히트맵 생성 중...
2025-07-17 19:47:57 | >> [3.5단계 완료] 피처 엔지니어링 후 시각화 성공.
