2025-07-14 08:07:15 | ==================================================
2025-07-14 08:07:15 | >> 아파트 가격 예측 모델링 시작
2025-07-14 08:07:15 | >> 정제된 Train/Test 데이터를 로드합니다...
2025-07-14 08:07:16 | >> 데이터 로드 및 병합 완료.
2025-07-14 08:07:16 | >> 주요 변수 데이터 분포 시각화를 시작합니다...
2025-07-14 08:07:17 | >> 특성 공학을 통해 파생 변수를 생성합니다...
2025-07-14 08:07:18 | >> 파생 변수 생성 및 데이터 타입 변환 완료.
2025-07-14 08:07:19 | >> Train/Test 데이터 분리 완료.
2025-07-14 08:07:19 | >> 예측에 사용할 피처 개수: 29개
2025-07-14 08:07:19 | >> 범주형 피처: ['계약일자', '자치구', '법정동', '브랜드등급']
2025-07-14 08:07:19 | >> 범주형 피처 Label Encoding 완료.
2025-07-14 08:07:19 | >> LightGBM 모델 학습을 시작합니다...
2025-07-14 08:07:21 | >> 모델 학습 완료. Validation RMSE: 12586.1118
2025-07-14 08:07:21 | >> Permutation Importance를 계산합니다...
2025-07-14 08:07:30 | >> Permutation Importance 계산 완료.
2025-07-14 08:07:30 | >> 예측 오차 분석을 시작합니다...
2025-07-14 08:07:30 | 
>> 최종 모델 학습 및 제출 파일 생성을 시작합니다...
2025-07-14 08:07:31 | >> 제출 파일 '../../data/processed/submissions/price_prediction_submission.csv' 생성 완료.
2025-07-14 08:07:31 | >> 모델링 종료
2025-07-14 08:07:31 | ==================================================

