2025-07-15 23:06:22 | ==================================================
2025-07-15 23:06:22 | >> 아파트 가격 예측 모델링 시작
2025-07-15 23:06:22 | >> 정제된 Train/Test 데이터를 로드합니다...
2025-07-15 23:06:23 | >> Train/Test 데이터 로드 완료.
2025-07-15 23:06:23 | >> 데이터 로드 및 병합 완료.
2025-07-15 23:06:23 | >> [5단계 시작] 피처 엔지니어링 및 데이터 분리를 시작합니다...
2025-07-15 23:06:23 | >> 1. Train/Test 데이터 분리 중...
2025-07-15 23:06:24 | >> Train/Test 데이터 분리 완료.
2025-07-15 23:06:24 | >> 2. 훈련 데이터로 통계 피처 생성 중 (데이터 누수 방지)...
2025-07-15 23:06:24 | >> '자치구' 기반 통계 피처 생성 완료.
2025-07-15 23:06:24 | >> 통계 피처를 train/test 데이터에 병합 완료.
2025-07-15 23:06:24 | >> 3. 상호작용 특성(면적*연식, 면적*층) 생성 중...
2025-07-15 23:06:24 | >> 상호작용 특성 생성 완료.
2025-07-15 23:06:24 | >> 4. 테스트 데이터의 결측치(NA) 처리 중...
2025-07-15 23:06:24 | >> 테스트 데이터 결측치 처리 완료.
2025-07-15 23:06:24 | >> 5. 학습에 사용할 피처(X)와 타겟(y) 정의 중...
2025-07-15 23:06:24 | >> 피처/타겟 정의 완료.
2025-07-15 23:06:24 | >> 6. 범주형 피처 Label Encoding 처리 중...
2025-07-15 23:06:24 | >> 범주형 피처 확인: ['계약일자', '자치구', '법정동', '브랜드등급']
2025-07-15 23:06:25 | >> 범주형 Label Encoding 완료.
2025-07-15 23:06:25 | >> [6단계 완료] 모든 피처 엔지니어링 및 데이터 분리 성공.
2025-07-15 23:06:25 | >> 표준 출력 및 오류를 로그 파일로 리디렉션 시작
2025-07-15 23:06:25 | >> [6단계 시작] K-Fold 교차 검증 및 모델 학습을 시작합니다...
2025-07-15 23:06:25 | >> 고정 하이퍼파라미터 사용: {'objective': 'regression_l1', 'metric': 'rmse', 'n_estimators': 2000, 'learning_rate': 0.01, 'feature_fraction': 0.8, 'bagging_fraction': 0.8, 'bagging_freq': 1, 'lambda_l1': 0.1, 'lambda_l2': 0.1, 'num_leaves': 31, 'verbose': -1, 'n_jobs': -1, 'seed': 42, 'boosting_type': 'gbdt'}
2025-07-15 23:06:25 | >> K-Fold 설정 완료. 5-Fold 교차 검증을 시작합니다.
2025-07-15 23:06:25 | --- [Fold 1/5] 학습 시작 ---
2025-07-15 23:06:25 | >> Fold 1: 데이터 분할 중...
2025-07-15 23:06:25 | >> Fold 1: Train size=888080, Validation size=222021
2025-07-15 23:06:25 | >> Fold 1: 모델 생성 및 학습(fit) 시작...
2025-07-15 23:08:07 | >> Fold 1: 모델 학습 완료.
2025-07-15 23:08:07 | >> Fold 1: 검증 데이터 예측(predict) 및 성능 평가 시작...
2025-07-15 23:08:08 | ✅ Fold 1 RMSE: 14861.6058
2025-07-15 23:08:08 | >> Fold 1: 테스트 데이터 예측 누적 중...
2025-07-15 23:08:08 | --- [Fold 1/5] 처리 완료 ---
2025-07-15 23:08:08 | --- [Fold 2/5] 학습 시작 ---
2025-07-15 23:08:08 | >> Fold 2: 데이터 분할 중...
2025-07-15 23:08:08 | >> Fold 2: Train size=888081, Validation size=222020
2025-07-15 23:08:08 | >> Fold 2: 모델 생성 및 학습(fit) 시작...
2025-07-15 23:09:51 | >> Fold 2: 모델 학습 완료.
2025-07-15 23:09:51 | >> Fold 2: 검증 데이터 예측(predict) 및 성능 평가 시작...
2025-07-15 23:09:52 | ✅ Fold 2 RMSE: 14840.7822
2025-07-15 23:09:52 | >> Fold 2: 테스트 데이터 예측 누적 중...
2025-07-15 23:09:52 | --- [Fold 2/5] 처리 완료 ---
2025-07-15 23:09:52 | --- [Fold 3/5] 학습 시작 ---
2025-07-15 23:09:52 | >> Fold 3: 데이터 분할 중...
2025-07-15 23:09:53 | >> Fold 3: Train size=888081, Validation size=222020
2025-07-15 23:09:53 | >> Fold 3: 모델 생성 및 학습(fit) 시작...
2025-07-15 23:11:35 | >> Fold 3: 모델 학습 완료.
2025-07-15 23:11:35 | >> Fold 3: 검증 데이터 예측(predict) 및 성능 평가 시작...
2025-07-15 23:11:37 | ✅ Fold 3 RMSE: 14682.8611
2025-07-15 23:11:37 | >> Fold 3: 테스트 데이터 예측 누적 중...
2025-07-15 23:11:37 | --- [Fold 3/5] 처리 완료 ---
2025-07-15 23:11:37 | --- [Fold 4/5] 학습 시작 ---
2025-07-15 23:11:37 | >> Fold 4: 데이터 분할 중...
2025-07-15 23:11:37 | >> Fold 4: Train size=888081, Validation size=222020
2025-07-15 23:11:37 | >> Fold 4: 모델 생성 및 학습(fit) 시작...
2025-07-15 23:13:19 | >> Fold 4: 모델 학습 완료.
2025-07-15 23:13:19 | >> Fold 4: 검증 데이터 예측(predict) 및 성능 평가 시작...
2025-07-15 23:13:21 | ✅ Fold 4 RMSE: 15003.4910
2025-07-15 23:13:21 | >> Fold 4: 테스트 데이터 예측 누적 중...
2025-07-15 23:13:21 | --- [Fold 4/5] 처리 완료 ---
2025-07-15 23:13:21 | --- [Fold 5/5] 학습 시작 ---
2025-07-15 23:13:21 | >> Fold 5: 데이터 분할 중...
2025-07-15 23:13:21 | >> Fold 5: Train size=888081, Validation size=222020
2025-07-15 23:13:21 | >> Fold 5: 모델 생성 및 학습(fit) 시작...
2025-07-15 23:15:01 | >> Fold 5: 모델 학습 완료.
2025-07-15 23:15:01 | >> Fold 5: 검증 데이터 예측(predict) 및 성능 평가 시작...
2025-07-15 23:15:02 | ✅ Fold 5 RMSE: 14192.2765
2025-07-15 23:15:02 | >> Fold 5: 테스트 데이터 예측 누적 중...
2025-07-15 23:15:03 | --- [Fold 5/5] 처리 완료 ---
2025-07-15 23:15:03 | -------------------------------------------
2025-07-15 23:15:03 | ✅ 최종 CV 평균 RMSE: 14716.2033
2025-07-15 23:15:03 | -------------------------------------------
2025-07-15 23:15:03 | >> 전체 훈련 데이터로 최종 모델 학습 시작...
2025-07-15 23:17:05 | >> 최종 모델 학습 완료.
2025-07-15 23:17:05 | >> [6단계 완료] 모든 모델 학습 및 평가 성공.
2025-07-15 23:17:05 | >> 표준 출력 및 오류 리디렉션 중지
2025-07-15 23:17:05 | >> [7단계 시작] 모델 결과 시각화 및 분석을 시작합니다...
2025-07-15 23:17:12 | >> SHAP 분석 시작 (계산에 시간이 다소 소요될 수 있습니다)...
2025-07-15 23:17:13 | >> SHAP 요약 플롯 생성 중...
2025-07-15 23:17:14 | >> [7단계 완료] 시각화 및 분석 완료.
2025-07-15 23:17:14 | >> [8단계 시작] 최종 제출 파일 생성을 시작합니다...
2025-07-15 23:17:14 | >> 전체 훈련 데이터로 최종 모델 학습 시작...
2025-07-15 23:19:17 | >> 최종 모델 학습 완료.
2025-07-15 23:19:17 | >> 모델 저장 완료: ../../model/price_prediction_model_1.pkl
2025-07-15 23:19:17 | >> 'target' 컬럼만 포함된 제출 파일을 생성합니다.
2025-07-15 23:19:17 | >> 제출 파일 생성 완료: ../../data/processed/submissions/price_prediction_submission.csv
2025-07-15 23:19:17 | >> 모델링 종료
2025-07-15 23:19:17 | ==================================================
