2025-07-15 23:37:24 | ==================================================
2025-07-15 23:37:24 | >> 아파트 가격 예측 모델링 시작
2025-07-15 23:37:24 | >> 정제된 Train/Test 데이터를 로드합니다...
2025-07-15 23:37:26 | >> Train/Test 데이터 로드 완료.
2025-07-15 23:37:26 | >> 데이터 로드 및 병합 완료.
2025-07-15 23:37:26 | >> [5단계 시작] 고급 피처 엔지니어링 및 데이터 분리를 시작합니다...
2025-07-15 23:37:26 | >> 1. Train/Test 데이터 분리 완료.
2025-07-15 23:37:26 | >> 2. 시간의 주기성(Cyclical) 피처 생성 중...
2025-07-15 23:37:26 | >> '계약월_sin', '계약월_cos' 피처 생성 완료.
2025-07-15 23:37:26 | >> 3. 면적당 가격 관련 피처 생성 중 (데이터 누수 방지)...
2025-07-15 23:37:26 | >> '동별_평균면적당가격' 피처 생성 및 병합 완료.
2025-07-15 23:37:26 | >> 4. '자치구' 기반 통계 피처 생성 중...
2025-07-15 23:37:27 | >> '자치구' 기반 통계 피처 병합 완료.
2025-07-15 23:37:27 | >> 5. 상호작용 특성 생성 중...
2025-07-15 23:37:27 | >> 상호작용 특성 생성 완료.
2025-07-15 23:37:27 | >> 6. 테스트 데이터의 결측치(NA) 처리 중...
2025-07-15 23:37:27 | >> 테스트 데이터 결측치 처리 완료.
2025-07-15 23:37:27 | >> 7. 학습에 사용할 피처(X)와 타겟(y) 정의 중...
2025-07-15 23:37:27 | >> 피처/타겟 정의 완료.
2025-07-15 23:37:27 | >> 8. 범주형 피처 Label Encoding 처리 중...
2025-07-15 23:37:27 | >> [5단계 완료] 모든 피처 엔지니어링 및 데이터 분리 성공.
2025-07-15 23:37:27 | >> 표준 출력 및 오류를 로그 파일로 리디렉션 시작
2025-07-15 23:37:27 | >> [9단계 시작] K-Fold 교차 검증 및 모델 학습을 시작합니다...
2025-07-15 23:37:27 | >> 고정 하이퍼파라미터 사용: {'objective': 'regression_l1', 'metric': 'rmse', 'n_estimators': 2000, 'learning_rate': 0.01, 'feature_fraction': 0.8, 'bagging_fraction': 0.8, 'bagging_freq': 1, 'lambda_l1': 0.1, 'lambda_l2': 0.1, 'num_leaves': 31, 'verbose': -1, 'n_jobs': -1, 'seed': 42, 'boosting_type': 'gbdt'}
2025-07-15 23:37:27 | >> K-Fold 설정 완료. 5-Fold 교차 검증을 시작합니다.
2025-07-15 23:37:27 | --- [Fold 1/5] 학습 시작 ---
2025-07-15 23:37:27 | >> Fold 1: 데이터 분할 중...
2025-07-15 23:37:27 | >> Fold 1: Train size=888080, Validation size=222021
2025-07-15 23:37:27 | >> Fold 1: 모델 생성 및 학습(fit) 시작...
2025-07-15 23:39:07 | >> Fold 1: 모델 학습 완료.
2025-07-15 23:39:07 | >> Fold 1: 검증 데이터 예측(predict) 및 성능 평가 시작...
2025-07-15 23:39:08 | ✅ Fold 1 RMSE: 14041.6938
2025-07-15 23:39:08 | >> Fold 1: 테스트 데이터 예측 누적 중...
2025-07-15 23:39:08 | --- [Fold 1/5] 처리 완료 ---
2025-07-15 23:39:08 | --- [Fold 2/5] 학습 시작 ---
2025-07-15 23:39:08 | >> Fold 2: 데이터 분할 중...
2025-07-15 23:39:09 | >> Fold 2: Train size=888081, Validation size=222020
2025-07-15 23:39:09 | >> Fold 2: 모델 생성 및 학습(fit) 시작...
2025-07-15 23:40:49 | >> Fold 2: 모델 학습 완료.
2025-07-15 23:40:49 | >> Fold 2: 검증 데이터 예측(predict) 및 성능 평가 시작...
2025-07-15 23:40:51 | ✅ Fold 2 RMSE: 14074.9113
2025-07-15 23:40:51 | >> Fold 2: 테스트 데이터 예측 누적 중...
2025-07-15 23:40:51 | --- [Fold 2/5] 처리 완료 ---
2025-07-15 23:40:51 | --- [Fold 3/5] 학습 시작 ---
2025-07-15 23:40:51 | >> Fold 3: 데이터 분할 중...
2025-07-15 23:40:51 | >> Fold 3: Train size=888081, Validation size=222020
2025-07-15 23:40:51 | >> Fold 3: 모델 생성 및 학습(fit) 시작...
2025-07-15 23:42:29 | >> Fold 3: 모델 학습 완료.
2025-07-15 23:42:29 | >> Fold 3: 검증 데이터 예측(predict) 및 성능 평가 시작...
2025-07-15 23:42:31 | ✅ Fold 3 RMSE: 13766.4517
2025-07-15 23:42:31 | >> Fold 3: 테스트 데이터 예측 누적 중...
2025-07-15 23:42:31 | --- [Fold 3/5] 처리 완료 ---
2025-07-15 23:42:31 | --- [Fold 4/5] 학습 시작 ---
2025-07-15 23:42:31 | >> Fold 4: 데이터 분할 중...
2025-07-15 23:42:31 | >> Fold 4: Train size=888081, Validation size=222020
2025-07-15 23:42:31 | >> Fold 4: 모델 생성 및 학습(fit) 시작...
2025-07-15 23:44:11 | >> Fold 4: 모델 학습 완료.
2025-07-15 23:44:11 | >> Fold 4: 검증 데이터 예측(predict) 및 성능 평가 시작...
2025-07-15 23:44:13 | ✅ Fold 4 RMSE: 14024.7339
2025-07-15 23:44:13 | >> Fold 4: 테스트 데이터 예측 누적 중...
2025-07-15 23:44:13 | --- [Fold 4/5] 처리 완료 ---
2025-07-15 23:44:13 | --- [Fold 5/5] 학습 시작 ---
2025-07-15 23:44:13 | >> Fold 5: 데이터 분할 중...
2025-07-15 23:44:13 | >> Fold 5: Train size=888081, Validation size=222020
2025-07-15 23:44:13 | >> Fold 5: 모델 생성 및 학습(fit) 시작...
2025-07-15 23:45:51 | >> Fold 5: 모델 학습 완료.
2025-07-15 23:45:51 | >> Fold 5: 검증 데이터 예측(predict) 및 성능 평가 시작...
2025-07-15 23:45:53 | ✅ Fold 5 RMSE: 13288.4506
2025-07-15 23:45:53 | >> Fold 5: 테스트 데이터 예측 누적 중...
2025-07-15 23:45:53 | --- [Fold 5/5] 처리 완료 ---
2025-07-15 23:45:53 | -------------------------------------------
2025-07-15 23:45:53 | ✅ 최종 CV 평균 RMSE: 13839.2483
2025-07-15 23:45:53 | -------------------------------------------
2025-07-15 23:45:53 | >> 전체 훈련 데이터로 최종 모델 학습 시작...
2025-07-15 23:47:51 | >> 최종 모델 학습 완료.
2025-07-15 23:47:51 | >> [9단계 완료] 모든 모델 학습 및 평가 성공.
2025-07-15 23:47:51 | >> 표준 출력 및 오류 리디렉션 중지
2025-07-15 23:47:51 | >> [8단계 시작] 최종 제출 파일 생성을 시작합니다...
2025-07-15 23:47:51 | >> 전체 훈련 데이터로 최종 모델 학습 시작...
2025-07-15 23:51:28 | >> 최종 모델 학습 완료.
2025-07-15 23:51:28 | >> 모델 저장 완료: ../../model/price_prediction_model_1.pkl
2025-07-15 23:51:28 | >> 'target' 컬럼만 포함된 제출 파일을 생성합니다.
2025-07-15 23:51:28 | >> 제출 파일 생성 완료: ../../data/processed/submissions/price_prediction_submission.csv
2025-07-15 23:51:28 | >> 모델링 종료
2025-07-15 23:51:28 | ==================================================
