2025-07-14 23:50:24 | ==================================================
2025-07-14 23:50:24 | >> 아파트 가격 예측 모델링 시작
2025-07-14 23:50:24 | >> 정제된 Train/Test 데이터를 로드합니다...
2025-07-14 23:50:25 | >> 데이터 로드 및 병합 완료.
2025-07-14 23:50:25 | >> 주요 변수 데이터 분포 시각화를 시작합니다...
2025-07-14 23:50:25 | >> 특성 공학을 통해 파생 변수를 생성합니다...
2025-07-14 23:50:26 | >> 파생 변수 생성 및 데이터 타입 변환 완료.
2025-07-14 23:50:26 | >> Train/Test 데이터 분리 완료.
2025-07-14 23:50:26 | >> 예측에 사용할 피처 개수: 29개
2025-07-14 23:50:26 | >> 범주형 피처: ['계약일자', '자치구', '법정동', '브랜드등급']
2025-07-14 23:50:26 | >> 범주형 피처 Label Encoding 완료.
2025-07-14 23:50:27 | >> LightGBM 모델 학습을 시작합니다...
2025-07-14 23:50:28 | >> 모델 학습 완료. Validation RMSE: 12579.1269
2025-07-14 23:50:28 | >> Permutation Importance를 계산합니다...
2025-07-14 23:50:38 | >> Permutation Importance 계산 완료.
2025-07-14 23:50:38 | >> 예측 오차 분석을 시작합니다...
2025-07-14 23:50:38 | 
>> 최종 모델 학습 및 제출 파일 생성을 시작합니다...
2025-07-14 23:50:40 | >> sample_submission.csv 파일을 찾을 수 없어 새로 생성합니다.
2025-07-14 23:50:40 | >> 제출 파일 '../../data/processed/submissions/price_prediction_submission.csv' 생성 완료.
2025-07-14 23:50:40 | >> 모델링 종료
2025-07-14 23:50:40 | ==================================================

