2025-07-14 21:23:28 | 총 10개의 API 키 로드 완료.
2025-07-14 21:23:34 | '../../data/raw/train.csv'에서 원본 데이터를 로드합니다...
2025-07-14 21:23:38 | 데이터 로드 완료.
2025-07-14 21:23:38 | '../../data/processed/geocoding/train_geocoded_checkpoint.csv' 에서 체크포인트 파일을 발견했습니다. 데이터를 불러와 좌표를 업데이트합니다.
2025-07-14 21:23:42 | [오류] 체크포인트 파일 처리 중 오류: cannot handle a non-unique multi-index!
2025-07-14 21:23:42 | 좌표X 결측치 개수: 869670
2025-07-14 21:23:42 | 좌표Y 결측치 개수: 869670
2025-07-14 21:23:43 | 좌표X와 좌표Y 모두 결측치인 행 개수: 869670
2025-07-14 21:27:03 | '../../data/raw/train.csv'에서 원본 데이터를 로드합니다...
2025-07-14 21:27:06 | 데이터 로드 완료.
2025-07-14 21:27:06 | '../../data/processed/geocoding/train_geocoded_checkpoint.csv' 에서 체크포인트 파일을 발견했습니다. 데이터를 불러와 좌표를 업데이트합니다.
2025-07-14 21:27:11 | 주소 정보를 기준으로 체크포인트 데이터 덮어쓰기 완료.
2025-07-14 21:27:11 | 좌표X 결측치 개수: 676
2025-07-14 21:27:11 | 좌표Y 결측치 개수: 676
2025-07-14 21:27:11 | 좌표X와 좌표Y 모두 결측치인 행 개수: 676
2025-07-14 21:27:32 | \n총 676개의 좌표 결측치에 대한 작업을 시작합니다...
2025-07-14 21:27:32 | 실제 API 호출 대상 고유 주소 조합 개수: 673
2025-07-14 21:27:42 | [실패] API 검색 결과 없음: '서울특별시 강남구 삼성동 19-4' (번지)
2025-07-14 21:27:42 | [실패] API 검색 결과 없음: '서울특별시 강남구 삼성동 삼성로 649' (도로명)
2025-07-14 21:27:42 | [실패] API 검색 결과 없음: '서울특별시 강남구 삼성로 649' ('동'제거 도로명)
2025-07-14 21:27:43 | [실패] API 검색 결과 없음: '서울특별시 강남구 역삼동 712' (번지)
2025-07-14 21:27:43 | [실패] API 검색 결과 없음: '서울특별시 강남구 역삼동 언주로 406' (도로명)
2025-07-14 21:27:43 | [실패] API 검색 결과 없음: '서울특별시 강남구 언주로 406' ('동'제거 도로명)
2025-07-14 21:27:43 | [실패] API 검색 결과 없음: '서울특별시 강남구 일원동 690-1' (번지)
2025-07-14 21:27:43 | [실패] API 검색 결과 없음: '서울특별시 강남구 일원동 개포로110길 36' (도로명)
2025-07-14 21:27:43 | [실패] API 검색 결과 없음: '서울특별시 강남구 개포로110길 36' ('동'제거 도로명)
2025-07-14 21:27:43 | [실패] API 검색 결과 없음: '서울특별시 강동구 상일동 124' (번지)
2025-07-14 21:27:43 | [실패] API 검색 결과 없음: '서울특별시 강동구 상일동 상일로11길 25' (도로명)
2025-07-14 21:27:43 | [실패] API 검색 결과 없음: '서울특별시 강동구 상일로11길 25' ('동'제거 도로명)
2025-07-14 21:27:43 | [실패] API 검색 결과 없음: '서울특별시 강서구 염창동 275-5' (번지)
2025-07-14 21:27:43 | [실패] API 검색 결과 없음: '서울특별시 강서구 염창동 공항대로 559' (도로명)
2025-07-14 21:27:43 | [실패] API 검색 결과 없음: '서울특별시 강서구 공항대로 559' ('동'제거 도로명)
2025-07-14 21:27:43 | [실패] API 검색 결과 없음: '서울특별시 구로구 구로동 685-280' (번지)
2025-07-14 21:27:44 | [실패] API 검색 결과 없음: '서울특별시 구로구 구로동 구일로 18' (도로명)
2025-07-14 21:27:44 | [실패] API 검색 결과 없음: '서울특별시 구로구 구일로 18' ('동'제거 도로명)
2025-07-14 21:27:44 | [실패] API 검색 결과 없음: '서울특별시 노원구 공릉동 230' (번지)
2025-07-14 21:27:44 | [실패] API 검색 결과 없음: '서울특별시 노원구 공릉동 공릉로34길 74' (도로명)
2025-07-14 21:27:44 | [실패] API 검색 결과 없음: '서울특별시 노원구 공릉로34길 74' ('동'제거 도로명)
2025-07-14 21:27:44 | [실패] API 검색 결과 없음: '서울특별시 서초구 잠원동 74' (번지)
2025-07-14 21:27:44 | [실패] API 검색 결과 없음: '서울특별시 서초구 잠원동 신반포로23길 31' (도로명)
2025-07-14 21:27:44 | [실패] API 검색 결과 없음: '서울특별시 서초구 신반포로23길 31' ('동'제거 도로명)
2025-07-14 21:27:44 | [실패] API 검색 결과 없음: '서울특별시 서초구 잠원동 74-1' (번지)
2025-07-14 21:27:44 | [실패] API 검색 결과 없음: '서울특별시 서초구 잠원동 신반포로23길 5' (도로명)
2025-07-14 21:27:44 | [실패] API 검색 결과 없음: '서울특별시 서초구 신반포로23길 5' ('동'제거 도로명)
2025-07-14 21:27:44 | [실패] API 검색 결과 없음: '서울특별시 성북구 길음동 973-2' (번지)
2025-07-14 21:27:44 | [실패] API 검색 결과 없음: '서울특별시 성북구 길음동 동소문로43길 47' (도로명)
2025-07-14 21:27:44 | [실패] API 검색 결과 없음: '서울특별시 성북구 동소문로43길 47' ('동'제거 도로명)
2025-07-14 21:27:45 | [실패] API 검색 결과 없음: '서울특별시 송파구 거여동 199-2' (번지)
2025-07-14 21:27:45 | [실패] API 검색 결과 없음: '서울특별시 송파구 거여동 오금로61길 24' (도로명)
2025-07-14 21:27:45 | [실패] API 검색 결과 없음: '서울특별시 송파구 오금로61길 24' ('동'제거 도로명)
2025-07-14 21:27:45 | [실패] API 검색 결과 없음: '서울특별시 은평구 증산동 213-20' (번지)
2025-07-14 21:27:45 | [실패] API 검색 결과 없음: '서울특별시 은평구 증산동 증산로1길 24-5' (도로명)
2025-07-14 21:27:45 | [실패] API 검색 결과 없음: '서울특별시 은평구 증산로1길 24-5' ('동'제거 도로명)
2025-07-14 21:27:45 | [실패] API 검색 결과 없음: '서울특별시 강남구 대치동 612' (번지)
2025-07-14 21:27:45 | [실패] API 검색 결과 없음: '서울특별시 강남구 대치동 남부순환로395길 30' (도로명)
2025-07-14 21:27:45 | [실패] API 검색 결과 없음: '서울특별시 강남구 남부순환로395길 30' ('동'제거 도로명)
2025-07-14 21:27:45 | [실패] API 검색 결과 없음: '서울특별시 강남구 대치동 633' (번지)
2025-07-14 21:27:45 | [실패] API 검색 결과 없음: '서울특별시 강남구 대치동 남부순환로395길 11' (도로명)
2025-07-14 21:27:45 | [실패] API 검색 결과 없음: '서울특별시 강남구 남부순환로395길 11' ('동'제거 도로명)
2025-07-14 21:27:45 | [실패] API 검색 결과 없음: '서울특별시 강남구 대치동 610' (번지)
2025-07-14 21:27:46 | [실패] API 검색 결과 없음: '서울특별시 강남구 대치동 남부순환로395길 12' (도로명)
2025-07-14 21:27:46 | [실패] API 검색 결과 없음: '서울특별시 강남구 남부순환로395길 12' ('동'제거 도로명)
2025-07-14 21:27:46 | [실패] API 검색 결과 없음: '서울특별시 강남구 대치동 633-22' (번지)
2025-07-14 21:27:46 | [실패] API 검색 결과 없음: '서울특별시 강남구 대치동 삼성로51길 58' (도로명)
2025-07-14 21:27:46 | [실패] API 검색 결과 없음: '서울특별시 강남구 삼성로51길 58' ('동'제거 도로명)
2025-07-14 21:27:46 | [실패] API 검색 결과 없음: '서울특별시 강남구 역삼동 709' (번지)
2025-07-14 21:27:46 | [실패] API 검색 결과 없음: '서울특별시 강남구 역삼동 선릉로85길 18' (도로명)
2025-07-14 21:27:46 | [실패] API 검색 결과 없음: '서울특별시 강남구 선릉로85길 18' ('동'제거 도로명)
2025-07-14 21:27:46 | [실패] API 검색 결과 없음: '서울특별시 강남구 일원동 690-2' (번지)
2025-07-14 21:27:46 | [실패] API 검색 결과 없음: '서울특별시 강남구 일원동 개포로110길 46' (도로명)
2025-07-14 21:27:46 | [실패] API 검색 결과 없음: '서울특별시 강남구 개포로110길 46' ('동'제거 도로명)
2025-07-14 21:27:46 | [실패] API 검색 결과 없음: '서울특별시 강남구 청담동 106-11' (번지)
2025-07-14 21:27:46 | [실패] API 검색 결과 없음: '서울특별시 강남구 청담동 선릉로190길 120' (도로명)
2025-07-14 21:27:47 | [실패] API 검색 결과 없음: '서울특별시 강남구 선릉로190길 120' ('동'제거 도로명)
2025-07-14 21:27:47 | [실패] API 검색 결과 없음: '서울특별시 강동구 고덕동 492' (번지)
2025-07-14 21:27:47 | [실패] API 검색 결과 없음: '서울특별시 강동구 고덕동 아리수로50길 85' (도로명)
2025-07-14 21:27:47 | [실패] API 검색 결과 없음: '서울특별시 강동구 아리수로50길 85' ('동'제거 도로명)
2025-07-14 21:27:47 | [실패] API 검색 결과 없음: '서울특별시 강동구 고덕동 492' (번지)
2025-07-14 21:27:47 | [실패] API 검색 결과 없음: '서울특별시 강동구 고덕동 아리수로50길 38' (도로명)
2025-07-14 21:27:47 | [실패] API 검색 결과 없음: '서울특별시 강동구 아리수로50길 38' ('동'제거 도로명)
2025-07-14 21:27:47 | [실패] API 검색 결과 없음: '서울특별시 강동구 고덕동 492' (번지)
2025-07-14 21:27:47 | [실패] API 검색 결과 없음: '서울특별시 강동구 고덕동 아리수로50길 82' (도로명)
2025-07-14 21:27:48 | [실패] API 검색 결과 없음: '서울특별시 강동구 아리수로50길 82' ('동'제거 도로명)
2025-07-14 21:27:48 | [실패] API 검색 결과 없음: '서울특별시 강동구 고덕동 220' (번지)
2025-07-14 21:27:48 | [실패] API 검색 결과 없음: '서울특별시 강동구 고덕동 동남로82길 94-43' (도로명)
2025-07-14 21:27:48 | [실패] API 검색 결과 없음: '서울특별시 강동구 동남로82길 94-43' ('동'제거 도로명)
2025-07-14 21:27:49 | [실패] API 검색 결과 없음: '서울특별시 강동구 고덕동 212' (번지)
2025-07-14 21:27:49 | [실패] API 검색 결과 없음: '서울특별시 강동구 고덕동 고덕로 313' (도로명)
2025-07-14 21:27:49 | [실패] API 검색 결과 없음: '서울특별시 강동구 고덕로 313' ('동'제거 도로명)
2025-07-14 21:27:49 | [실패] API 검색 결과 없음: '서울특별시 강동구 고덕동 212' (번지)
2025-07-14 21:27:49 | [실패] API 검색 결과 없음: '서울특별시 강동구 고덕동 고덕로79길 18' (도로명)
2025-07-14 21:27:49 | [실패] API 검색 결과 없음: '서울특별시 강동구 고덕로79길 18' ('동'제거 도로명)
2025-07-14 21:27:49 | [실패] API 검색 결과 없음: '서울특별시 강동구 명일동 294' (번지)
2025-07-14 21:27:49 | [실패] API 검색 결과 없음: '서울특별시 강동구 명일동 양재대로 1656' (도로명)
2025-07-14 21:27:49 | [실패] API 검색 결과 없음: '서울특별시 강동구 양재대로 1656' ('동'제거 도로명)
2025-07-14 21:27:49 | [실패] API 검색 결과 없음: '서울특별시 강동구 상일동 121' (번지)
2025-07-14 21:27:49 | [실패] API 검색 결과 없음: '서울특별시 강동구 상일동 고덕로80길 13' (도로명)
2025-07-14 21:27:49 | [실패] API 검색 결과 없음: '서울특별시 강동구 고덕로80길 13' ('동'제거 도로명)
2025-07-14 21:27:49 | [실패] API 검색 결과 없음: '서울특별시 강동구 상일동 131' (번지)
2025-07-14 21:27:49 | [실패] API 검색 결과 없음: '서울특별시 강동구 상일동 상일로11길 95' (도로명)
2025-07-14 21:27:50 | [실패] API 검색 결과 없음: '서울특별시 강동구 상일로11길 95' ('동'제거 도로명)
2025-07-14 21:27:50 | [실패] API 검색 결과 없음: '서울특별시 강동구 상일동 187' (번지)
2025-07-14 21:27:50 | [실패] API 검색 결과 없음: '서울특별시 강동구 상일동 상암로79길 62' (도로명)
2025-07-14 21:27:50 | [실패] API 검색 결과 없음: '서울특별시 강동구 상암로79길 62' ('동'제거 도로명)
2025-07-14 21:27:50 | [실패] API 검색 결과 없음: '서울특별시 강서구 염창동 279-15' (번지)
2025-07-14 21:27:50 | [실패] API 검색 결과 없음: '서울특별시 강서구 염창동 공항대로69길 29-10' (도로명)
2025-07-14 21:27:50 | [실패] API 검색 결과 없음: '서울특별시 강서구 공항대로69길 29-10' ('동'제거 도로명)
2025-07-14 21:27:50 | [실패] API 검색 결과 없음: '서울특별시 동작구 상도동 36-1' (번지)
2025-07-14 21:27:50 | [실패] API 검색 결과 없음: '서울특별시 동작구 상도동 상도로 253' (도로명)
2025-07-14 21:27:50 | [실패] API 검색 결과 없음: '서울특별시 동작구 상도로 253' ('동'제거 도로명)
2025-07-14 21:27:50 | [실패] API 검색 결과 없음: '서울특별시 동작구 흑석동 143-23' (번지)
2025-07-14 21:27:50 | [실패] API 검색 결과 없음: '서울특별시 동작구 흑석동 현충로 50' (도로명)
2025-07-14 21:27:50 | [실패] API 검색 결과 없음: '서울특별시 동작구 현충로 50' ('동'제거 도로명)
2025-07-14 21:27:51 | [실패] API 검색 결과 없음: '서울특별시 마포구 용강동 18-2' (번지)
2025-07-14 21:27:51 | [실패] API 검색 결과 없음: '서울특별시 마포구 용강동 큰우물로 50' (도로명)
2025-07-14 21:27:51 | [실패] API 검색 결과 없음: '서울특별시 마포구 큰우물로 50' ('동'제거 도로명)
2025-07-14 21:27:51 | [실패] API 검색 결과 없음: '서울특별시 마포구 현석동 128-4' (번지)
2025-07-14 21:27:51 | [실패] API 검색 결과 없음: '서울특별시 마포구 현석동 토정로18길 41' (도로명)
2025-07-14 21:27:51 | [실패] API 검색 결과 없음: '서울특별시 마포구 토정로18길 41' ('동'제거 도로명)
2025-07-14 21:27:51 | [실패] API 검색 결과 없음: '서울특별시 서대문구 북아현동 153-25' (번지)
2025-07-14 21:27:51 | [실패] API 검색 결과 없음: '서울특별시 서대문구 북아현동 북아현로1가길 23' (도로명)
2025-07-14 21:27:51 | [실패] API 검색 결과 없음: '서울특별시 서대문구 북아현로1가길 23' ('동'제거 도로명)
2025-07-14 21:27:51 | [실패] API 검색 결과 없음: '서울특별시 서대문구 연희동 711-32' (번지)
2025-07-14 21:27:51 | [실패] API 검색 결과 없음: '서울특별시 서대문구 연희동 홍제천로 128-5' (도로명)
2025-07-14 21:27:51 | [실패] API 검색 결과 없음: '서울특별시 서대문구 홍제천로 128-5' ('동'제거 도로명)
2025-07-14 21:27:51 | [실패] API 검색 결과 없음: '서울특별시 서초구 반포동 30-18' (번지)
2025-07-14 21:27:52 | [실패] API 검색 결과 없음: '서울특별시 서초구 반포동 사평대로 310-8' (도로명)
2025-07-14 21:27:52 | [실패] API 검색 결과 없음: '서울특별시 서초구 사평대로 310-8' ('동'제거 도로명)
2025-07-14 21:27:52 | [실패] API 검색 결과 없음: '서울특별시 서초구 반포동 30-18' (번지)
2025-07-14 21:27:52 | [실패] API 검색 결과 없음: '서울특별시 서초구 반포동 고무래로 79' (도로명)
2025-07-14 21:27:52 | [실패] API 검색 결과 없음: '서울특별시 서초구 고무래로 79' ('동'제거 도로명)
2025-07-14 21:27:52 | [실패] API 검색 결과 없음: '서울특별시 서초구 서초동 1310' (번지)
2025-07-14 21:27:52 | [실패] API 검색 결과 없음: '서울특별시 서초구 서초동 서운로 211' (도로명)
2025-07-14 21:27:52 | [실패] API 검색 결과 없음: '서울특별시 서초구 서운로 211' ('동'제거 도로명)
2025-07-14 21:27:52 | [실패] API 검색 결과 없음: '서울특별시 서초구 서초동 1310' (번지)
2025-07-14 21:27:52 | [실패] API 검색 결과 없음: '서울특별시 서초구 서초동 서운로 208' (도로명)
2025-07-14 21:27:52 | [실패] API 검색 결과 없음: '서울특별시 서초구 서운로 208' ('동'제거 도로명)
2025-07-14 21:27:52 | [실패] API 검색 결과 없음: '서울특별시 서초구 서초동 1331' (번지)
2025-07-14 21:27:52 | [실패] API 검색 결과 없음: '서울특별시 서초구 서초동 사임당로 169' (도로명)
2025-07-14 21:27:52 | [실패] API 검색 결과 없음: '서울특별시 서초구 사임당로 169' ('동'제거 도로명)
2025-07-14 21:27:53 | [실패] API 검색 결과 없음: '서울특별시 서초구 잠원동 57' (번지)
2025-07-14 21:27:53 | [실패] API 검색 결과 없음: '서울특별시 서초구 잠원동 잠원로8길 25' (도로명)
2025-07-14 21:27:53 | [실패] API 검색 결과 없음: '서울특별시 서초구 잠원로8길 25' ('동'제거 도로명)
2025-07-14 21:27:53 | [실패] API 검색 결과 없음: '서울특별시 서초구 잠원동 52-1' (번지)
2025-07-14 21:27:53 | [실패] API 검색 결과 없음: '서울특별시 서초구 잠원동 잠원로12길 13' (도로명)
2025-07-14 21:27:53 | [실패] API 검색 결과 없음: '서울특별시 서초구 잠원로12길 13' ('동'제거 도로명)
2025-07-14 21:27:53 | [실패] API 검색 결과 없음: '서울특별시 서초구 잠원동 64-8' (번지)
2025-07-14 21:27:53 | [실패] API 검색 결과 없음: '서울특별시 서초구 잠원동 잠원로 127' (도로명)
2025-07-14 21:27:53 | [실패] API 검색 결과 없음: '서울특별시 서초구 잠원로 127' ('동'제거 도로명)
2025-07-14 21:27:53 | [실패] API 검색 결과 없음: '서울특별시 서초구 잠원동 74-2' (번지)
2025-07-14 21:27:53 | [실패] API 검색 결과 없음: '서울특별시 서초구 잠원동 신반포로 171' (도로명)
2025-07-14 21:27:53 | [실패] API 검색 결과 없음: '서울특별시 서초구 신반포로 171' ('동'제거 도로명)
2025-07-14 21:27:53 | [실패] API 검색 결과 없음: '서울특별시 서초구 잠원동 66' (번지)
2025-07-14 21:27:53 | [실패] API 검색 결과 없음: '서울특별시 서초구 잠원동 잠원로 62' (도로명)
2025-07-14 21:27:54 | [실패] API 검색 결과 없음: '서울특별시 서초구 잠원로 62' ('동'제거 도로명)
2025-07-14 21:27:54 | [실패] API 검색 결과 없음: '서울특별시 성북구 길음동 1054' (번지)
2025-07-14 21:27:54 | [실패] API 검색 결과 없음: '서울특별시 성북구 길음동 동소문로43길 33' (도로명)
2025-07-14 21:27:54 | [실패] API 검색 결과 없음: '서울특별시 성북구 동소문로43길 33' ('동'제거 도로명)
2025-07-14 21:27:54 | [실패] API 검색 결과 없음: '서울특별시 송파구 거여동 34-2' (번지)
2025-07-14 21:27:54 | [실패] API 검색 결과 없음: '서울특별시 송파구 거여동 오금로 553' (도로명)
2025-07-14 21:27:54 | [실패] API 검색 결과 없음: '서울특별시 송파구 오금로 553' ('동'제거 도로명)
2025-07-14 21:27:54 | [실패] API 검색 결과 없음: '서울특별시 송파구 거여동 216-2' (번지)
2025-07-14 21:27:54 | [실패] API 검색 결과 없음: '서울특별시 송파구 거여동 마천로 320' (도로명)
2025-07-14 21:27:54 | [실패] API 검색 결과 없음: '서울특별시 송파구 마천로 320' ('동'제거 도로명)
2025-07-14 21:27:54 | [실패] API 검색 결과 없음: '서울특별시 송파구 풍납동 388-7' (번지)
2025-07-14 21:27:54 | [실패] API 검색 결과 없음: '서울특별시 송파구 풍납동 올림픽로43길 30' (도로명)
2025-07-14 21:27:54 | [실패] API 검색 결과 없음: '서울특별시 송파구 올림픽로43길 30' ('동'제거 도로명)
2025-07-14 21:27:54 | [실패] API 검색 결과 없음: '서울특별시 양천구 신월동 562-4' (번지)
2025-07-14 21:27:55 | [실패] API 검색 결과 없음: '서울특별시 양천구 신월동 신월로10길 29' (도로명)
2025-07-14 21:27:55 | [실패] API 검색 결과 없음: '서울특별시 양천구 신월로10길 29' ('동'제거 도로명)
2025-07-14 21:27:55 | [실패] API 검색 결과 없음: '서울특별시 영등포구 당산동5가 4-2' (번지)
2025-07-14 21:27:55 | [실패] API 검색 결과 없음: '서울특별시 영등포구 당산동5가 영신로 245' (도로명)
2025-07-14 21:27:55 | [실패] API 검색 결과 없음: '서울특별시 영등포구 영신로 245' ('동'제거 도로명)
2025-07-14 21:27:55 | [실패] API 검색 결과 없음: '서울특별시 용산구 이촌동 300-3' (번지)
2025-07-14 21:27:55 | [실패] API 검색 결과 없음: '서울특별시 용산구 이촌동 이촌로 294-1' (도로명)
2025-07-14 21:27:55 | [실패] API 검색 결과 없음: '서울특별시 용산구 이촌로 294-1' ('동'제거 도로명)
2025-07-14 21:27:55 | [실패] API 검색 결과 없음: '서울특별시 강남구 청담동 106-21' (번지)
2025-07-14 21:27:55 | [실패] API 검색 결과 없음: '서울특별시 강남구 청담동 선릉로190길 124' (도로명)
2025-07-14 21:27:55 | [실패] API 검색 결과 없음: '서울특별시 강남구 선릉로190길 124' ('동'제거 도로명)
2025-07-14 21:27:55 | [실패] API 검색 결과 없음: '서울특별시 강동구 상일동 134' (번지)
2025-07-14 21:27:55 | [실패] API 검색 결과 없음: '서울특별시 강동구 상일동 고덕로80길 74' (도로명)
2025-07-14 21:27:57 | [실패] API 검색 결과 없음: '서울특별시 강동구 고덕로80길 74' ('동'제거 도로명)
2025-07-14 21:27:57 | [실패] API 검색 결과 없음: '서울특별시 마포구 망원동 239' (번지)
2025-07-14 21:27:57 | [실패] API 검색 결과 없음: '서울특별시 마포구 망원동 희우정로13길 9' (도로명)
2025-07-14 21:27:57 | [실패] API 검색 결과 없음: '서울특별시 마포구 희우정로13길 9' ('동'제거 도로명)
2025-07-14 21:27:57 | [실패] API 검색 결과 없음: '서울특별시 서대문구 홍제동 92-1' (번지)
2025-07-14 21:27:57 | [실패] API 검색 결과 없음: '서울특별시 서대문구 홍제동 통일로31길 5' (도로명)
2025-07-14 21:27:57 | [실패] API 검색 결과 없음: '서울특별시 서대문구 통일로31길 5' ('동'제거 도로명)
2025-07-14 21:27:57 | [실패] API 검색 결과 없음: '서울특별시 성동구 금호동1가 598-12' (번지)
2025-07-14 21:27:57 | [실패] API 검색 결과 없음: '서울특별시 성동구 금호동1가 난계로 9' (도로명)
2025-07-14 21:27:57 | [실패] API 검색 결과 없음: '서울특별시 성동구 난계로 9' ('동'제거 도로명)
2025-07-14 21:27:57 | [실패] API 검색 결과 없음: '서울특별시 성동구 하왕십리동 845' (번지)
2025-07-14 21:27:57 | [실패] API 검색 결과 없음: '서울특별시 성동구 하왕십리동 왕십리로39길 30' (도로명)
2025-07-14 21:27:57 | [실패] API 검색 결과 없음: '서울특별시 성동구 왕십리로39길 30' ('동'제거 도로명)
2025-07-14 21:27:58 | [실패] API 검색 결과 없음: '서울특별시 성북구 길음동 998' (번지)
2025-07-14 21:27:58 | [실패] API 검색 결과 없음: '서울특별시 성북구 길음동 삼양로6길 31' (도로명)
2025-07-14 21:27:58 | [실패] API 검색 결과 없음: '서울특별시 성북구 삼양로6길 31' ('동'제거 도로명)
2025-07-14 21:27:58 | [실패] API 검색 결과 없음: '서울특별시 성북구 돈암동 13-85' (번지)
2025-07-14 21:27:58 | [실패] API 검색 결과 없음: '서울특별시 송파구 거여동 34' (번지)
2025-07-14 21:27:58 | [실패] API 검색 결과 없음: '서울특별시 송파구 거여동 오금로 557' (도로명)
2025-07-14 21:27:58 | [실패] API 검색 결과 없음: '서울특별시 송파구 오금로 557' ('동'제거 도로명)
2025-07-14 21:27:58 | [실패] API 검색 결과 없음: '서울특별시 송파구 거여동 34-10' (번지)
2025-07-14 21:27:58 | [실패] API 검색 결과 없음: '서울특별시 송파구 거여동 오금로 557' (도로명)
2025-07-14 21:27:58 | [실패] API 검색 결과 없음: '서울특별시 송파구 오금로 557' ('동'제거 도로명)
2025-07-14 21:27:58 | [실패] API 검색 결과 없음: '서울특별시 송파구 송파동 167' (번지)
2025-07-14 21:27:58 | [실패] API 검색 결과 없음: '서울특별시 양천구 신월동 562-3' (번지)
2025-07-14 21:27:58 | [실패] API 검색 결과 없음: '서울특별시 양천구 신월동 신월로10길 23' (도로명)
2025-07-14 21:27:58 | [실패] API 검색 결과 없음: '서울특별시 양천구 신월로10길 23' ('동'제거 도로명)
2025-07-14 21:27:59 | [실패] API 검색 결과 없음: '서울특별시 양천구 신월동 594-13' (번지)
2025-07-14 21:27:59 | [실패] API 검색 결과 없음: '서울특별시 양천구 신월동 절골10길 9' (도로명)
2025-07-14 21:27:59 | [실패] API 검색 결과 없음: '서울특별시 양천구 절골10길 9' ('동'제거 도로명)
2025-07-14 21:27:59 | [실패] API 검색 결과 없음: '서울특별시 은평구 수색동 325-17' (번지)
2025-07-14 21:27:59 | [실패] API 검색 결과 없음: '서울특별시 은평구 수색동 수색로 322-5' (도로명)
2025-07-14 21:27:59 | [실패] API 검색 결과 없음: '서울특별시 은평구 수색로 322-5' ('동'제거 도로명)
2025-07-14 21:27:59 | [실패] API 검색 결과 없음: '서울특별시 은평구 수색동 326-12' (번지)
2025-07-14 21:27:59 | [실패] API 검색 결과 없음: '서울특별시 은평구 수색동 수색로 322-16' (도로명)
2025-07-14 21:27:59 | [실패] API 검색 결과 없음: '서울특별시 은평구 수색로 322-16' ('동'제거 도로명)
2025-07-14 21:27:59 | [실패] API 검색 결과 없음: '서울특별시 중구 만리동2가 116-4' (번지)
2025-07-14 21:27:59 | [실패] API 검색 결과 없음: '서울특별시 중구 만리동2가 손기정로18길 19' (도로명)
2025-07-14 21:27:59 | [실패] API 검색 결과 없음: '서울특별시 중구 손기정로18길 19' ('동'제거 도로명)
2025-07-14 21:27:59 | [실패] API 검색 결과 없음: '서울특별시 동작구 상도동 1000' (번지)
2025-07-14 21:27:59 | [실패] API 검색 결과 없음: '서울특별시 동작구 상도동 관악로 304' (도로명)
2025-07-14 21:28:00 | [실패] API 검색 결과 없음: '서울특별시 동작구 관악로 304' ('동'제거 도로명)
2025-07-14 21:28:00 | [실패] API 검색 결과 없음: '서울특별시 강남구 삼성동 19-4' (번지)
2025-07-14 21:28:00 | [실패] API 검색 결과 없음: '서울특별시 관악구 봉천동 1152' (번지)
2025-07-14 21:28:00 | [실패] API 검색 결과 없음: '서울특별시 관악구 봉천동  27' (도로명)
2025-07-14 21:28:00 | [실패] API 검색 결과 없음: '서울특별시 관악구 27' ('동'제거 도로명)
2025-07-14 21:28:00 | [성공] '서울특별시 은평구 증산동 179-8' (번지) 검색으로 좌표를 찾았습니다.
2025-07-14 21:28:00 | [성공] '서울특별시 종로구 숭인동 482' (번지) 검색으로 좌표를 찾았습니다.
2025-07-14 21:28:00 | [성공] '서울특별시 종로구 숭인동 545' (번지) 검색으로 좌표를 찾았습니다.
2025-07-14 21:28:00 | [성공] '서울특별시 종로구 숭인동 569-5' (번지) 검색으로 좌표를 찾았습니다.
2025-07-14 21:28:00 | [실패] API 검색 결과 없음: '서울특별시 종로구 원남동 36-1' (번지)
2025-07-14 21:28:00 | [실패] API 검색 결과 없음: '서울특별시 종로구 원남동 창경궁로18길 20-6' (도로명)
2025-07-14 21:28:00 | [실패] API 검색 결과 없음: '서울특별시 종로구 창경궁로18길 20-6' ('동'제거 도로명)
2025-07-14 21:28:00 | [성공] '서울특별시 종로구 창신동 601-7' (번지) 검색으로 좌표를 찾았습니다.
2025-07-14 21:28:00 | [성공] '서울특별시 종로구 창신동 602' (번지) 검색으로 좌표를 찾았습니다.
2025-07-14 21:28:01 | [성공] '서울특별시 중구 신당동 432-1061' (번지) 검색으로 좌표를 찾았습니다.
2025-07-14 21:28:01 | [성공] '서울특별시 중구 충무로5가 36-19' (번지) 검색으로 좌표를 찾았습니다.
2025-07-14 21:28:01 | [성공] '서울특별시 중구 황학동 1546' (번지) 검색으로 좌표를 찾았습니다.
2025-07-14 21:28:01 | [성공] '서울특별시 중구 황학동 1200' (번지) 검색으로 좌표를 찾았습니다.
2025-07-14 21:28:01 | [성공] '서울특별시 중구 황학동 2015' (번지) 검색으로 좌표를 찾았습니다.
2025-07-14 21:28:01 | [성공] '서울특별시 중랑구 망우동 207-6' (번지) 검색으로 좌표를 찾았습니다.
2025-07-14 21:28:01 | [성공] '서울특별시 중랑구 망우동 508-50' (번지) 검색으로 좌표를 찾았습니다.
2025-07-14 21:28:01 | [성공] '서울특별시 중랑구 면목동 178-10' (번지) 검색으로 좌표를 찾았습니다.
2025-07-14 21:28:01 | [성공] '서울특별시 중랑구 면목동 612-6' (번지) 검색으로 좌표를 찾았습니다.
2025-07-14 21:28:01 | [성공] '서울특별시 중랑구 묵동 168-8' (번지) 검색으로 좌표를 찾았습니다.
2025-07-14 21:28:01 | [성공] '서울특별시 중랑구 상봉동 115-84' (번지) 검색으로 좌표를 찾았습니다.
2025-07-14 21:28:01 | [성공] '서울특별시 중랑구 상봉동 474-10' (번지) 검색으로 좌표를 찾았습니다.
2025-07-14 21:28:02 | [성공] '서울특별시 강남구 개포동 1164-25' (번지) 검색으로 좌표를 찾았습니다.
2025-07-14 21:28:02 | [성공] '서울특별시 강남구 논현동 46-2' (번지) 검색으로 좌표를 찾았습니다.
2025-07-14 21:28:02 | [성공] '서울특별시 강남구 논현동 53-1' (번지) 검색으로 좌표를 찾았습니다.
2025-07-14 21:28:02 | [성공] '서울특별시 강남구 대치동 915-13' (번지) 검색으로 좌표를 찾았습니다.
2025-07-14 21:28:02 | [성공] '서울특별시 강남구 대치동 950-3' (번지) 검색으로 좌표를 찾았습니다.
2025-07-14 21:28:02 | [성공] '서울특별시 강남구 삼성동 33-20' (번지) 검색으로 좌표를 찾았습니다.
2025-07-14 21:28:02 | [성공] '서울특별시 강남구 신사동 522' (번지) 검색으로 좌표를 찾았습니다.
2025-07-14 21:28:02 | [성공] '서울특별시 강남구 압구정동 446' (번지) 검색으로 좌표를 찾았습니다.
2025-07-14 21:28:02 | [성공] '서울특별시 강남구 역삼동 838-10' (번지) 검색으로 좌표를 찾았습니다.
2025-07-14 21:28:02 | [성공] '서울특별시 강남구 역삼동 837-31' (번지) 검색으로 좌표를 찾았습니다.
2025-07-14 21:28:02 | [성공] '서울특별시 강남구 역삼동 607-17' (번지) 검색으로 좌표를 찾았습니다.
2025-07-14 21:28:02 | [성공] '서울특별시 강남구 청담동 113-23' (번지) 검색으로 좌표를 찾았습니다.
2025-07-14 21:28:02 | [성공] '서울특별시 강남구 청담동 102-5' (번지) 검색으로 좌표를 찾았습니다.
2025-07-14 21:28:03 | [성공] '서울특별시 강남구 청담동 110-13' (번지) 검색으로 좌표를 찾았습니다.
2025-07-14 21:28:03 | [성공] '서울특별시 강동구 길동 320-9' (번지) 검색으로 좌표를 찾았습니다.
2025-07-14 21:28:03 | [성공] '서울특별시 강동구 성내동 410-15' (번지) 검색으로 좌표를 찾았습니다.
2025-07-14 21:28:03 | [성공] '서울특별시 강동구 성내동 545-8' (번지) 검색으로 좌표를 찾았습니다.
2025-07-14 21:28:03 | [성공] '서울특별시 강동구 성내동 383-11' (번지) 검색으로 좌표를 찾았습니다.
2025-07-14 21:28:03 | [성공] '서울특별시 강동구 암사동 503-6' (번지) 검색으로 좌표를 찾았습니다.
2025-07-14 21:28:03 | [성공] '서울특별시 강동구 천호동 462-35' (번지) 검색으로 좌표를 찾았습니다.
2025-07-14 21:28:03 | [성공] '서울특별시 강동구 천호동 317-3' (번지) 검색으로 좌표를 찾았습니다.
2025-07-14 21:28:03 | [성공] '서울특별시 강동구 천호동 40-9' (번지) 검색으로 좌표를 찾았습니다.
2025-07-14 21:28:03 | [성공] '서울특별시 강동구 천호동 54-12' (번지) 검색으로 좌표를 찾았습니다.
2025-07-14 21:28:03 | [성공] '서울특별시 강북구 미아동 163-21' (번지) 검색으로 좌표를 찾았습니다.
2025-07-14 21:28:03 | [성공] '서울특별시 강북구 수유동 50-31' (번지) 검색으로 좌표를 찾았습니다.
2025-07-14 21:28:03 | [성공] '서울특별시 강북구 수유동 51-7' (번지) 검색으로 좌표를 찾았습니다.
2025-07-14 21:28:04 | [성공] '서울특별시 강서구 가양동 239-36' (번지) 검색으로 좌표를 찾았습니다.
2025-07-14 21:28:04 | [성공] '서울특별시 강서구 내발산동 673-7' (번지) 검색으로 좌표를 찾았습니다.
2025-07-14 21:28:04 | [성공] '서울특별시 강서구 등촌동 526-5' (번지) 검색으로 좌표를 찾았습니다.
2025-07-14 21:28:04 | [성공] '서울특별시 강서구 방화동 319-9' (번지) 검색으로 좌표를 찾았습니다.
2025-07-14 21:28:04 | [성공] '서울특별시 강서구 화곡동 786-10' (번지) 검색으로 좌표를 찾았습니다.
2025-07-14 21:28:04 | [성공] '서울특별시 강서구 화곡동 425-29' (번지) 검색으로 좌표를 찾았습니다.
2025-07-14 21:28:04 | [성공] '서울특별시 강서구 화곡동 381-18' (번지) 검색으로 좌표를 찾았습니다.
2025-07-14 21:28:04 | [성공] '서울특별시 강서구 화곡동 453-5' (번지) 검색으로 좌표를 찾았습니다.
2025-07-14 21:28:05 | [성공] '서울특별시 강서구 화곡동 367-30' (번지) 검색으로 좌표를 찾았습니다.
2025-07-14 21:28:05 | [성공] '서울특별시 강서구 화곡동 786-9' (번지) 검색으로 좌표를 찾았습니다.
2025-07-14 21:28:05 | [성공] '서울특별시 강서구 화곡동 24-123' (번지) 검색으로 좌표를 찾았습니다.
2025-07-14 21:28:05 | [성공] '서울특별시 관악구 봉천동 1536-4' (번지) 검색으로 좌표를 찾았습니다.
2025-07-14 21:28:05 | [성공] '서울특별시 관악구 봉천동 1594-4' (번지) 검색으로 좌표를 찾았습니다.
2025-07-14 21:28:06 | [성공] '서울특별시 관악구 봉천동 24-14' (번지) 검색으로 좌표를 찾았습니다.
2025-07-14 21:28:06 | [성공] '서울특별시 광진구 구의동 596-1' (번지) 검색으로 좌표를 찾았습니다.
2025-07-14 21:28:06 | [성공] '서울특별시 광진구 구의동 205-6' (번지) 검색으로 좌표를 찾았습니다.
2025-07-14 21:28:06 | [성공] '서울특별시 광진구 구의동 590-7' (번지) 검색으로 좌표를 찾았습니다.
2025-07-14 21:28:06 | [성공] '서울특별시 구로구 개봉동 313-32' (번지) 검색으로 좌표를 찾았습니다.
2025-07-14 21:28:06 | [성공] '서울특별시 구로구 구로동 718-24' (번지) 검색으로 좌표를 찾았습니다.
2025-07-14 21:28:06 | [성공] '서울특별시 구로구 구로동 718-28' (번지) 검색으로 좌표를 찾았습니다.
2025-07-14 21:28:06 | [성공] '서울특별시 구로구 구로동 740-56' (번지) 검색으로 좌표를 찾았습니다.
2025-07-14 21:28:06 | [성공] '서울특별시 구로구 구로동 741-7' (번지) 검색으로 좌표를 찾았습니다.
2025-07-14 21:28:06 | [성공] '서울특별시 구로구 구로동 742-66' (번지) 검색으로 좌표를 찾았습니다.
2025-07-14 21:28:06 | [성공] '서울특별시 구로구 구로동 743-18' (번지) 검색으로 좌표를 찾았습니다.
2025-07-14 21:28:06 | [성공] '서울특별시 구로구 구로동 743-19' (번지) 검색으로 좌표를 찾았습니다.
2025-07-14 21:28:07 | [성공] '서울특별시 구로구 구로동 745-15' (번지) 검색으로 좌표를 찾았습니다.
2025-07-14 21:28:07 | [성공] '서울특별시 구로구 구로동 745-43' (번지) 검색으로 좌표를 찾았습니다.
2025-07-14 21:28:07 | [성공] '서울특별시 구로구 구로동 749-21' (번지) 검색으로 좌표를 찾았습니다.
2025-07-14 21:28:07 | [성공] '서울특별시 구로구 구로동 749-96' (번지) 검색으로 좌표를 찾았습니다.
2025-07-14 21:28:07 | [성공] '서울특별시 구로구 구로동 771-2' (번지) 검색으로 좌표를 찾았습니다.
2025-07-14 21:28:07 | [성공] '서울특별시 구로구 구로동 780-48' (번지) 검색으로 좌표를 찾았습니다.
2025-07-14 21:28:07 | [성공] '서울특별시 구로구 구로동 791-2' (번지) 검색으로 좌표를 찾았습니다.
2025-07-14 21:28:07 | [성공] '서울특별시 구로구 구로동 798-55' (번지) 검색으로 좌표를 찾았습니다.
2025-07-14 21:28:07 | [성공] '서울특별시 구로구 구로동 806-15' (번지) 검색으로 좌표를 찾았습니다.
2025-07-14 21:28:07 | [성공] '서울특별시 구로구 구로동 806-41' (번지) 검색으로 좌표를 찾았습니다.
2025-07-14 21:28:07 | [성공] '서울특별시 구로구 구로동 807-21' (번지) 검색으로 좌표를 찾았습니다.
2025-07-14 21:28:07 | [성공] '서울특별시 구로구 구로동 738-27' (번지) 검색으로 좌표를 찾았습니다.
2025-07-14 21:28:07 | [성공] '서울특별시 구로구 구로동 799-5' (번지) 검색으로 좌표를 찾았습니다.
2025-07-14 21:28:08 | [성공] '서울특별시 구로구 구로동 791-28' (번지) 검색으로 좌표를 찾았습니다.
2025-07-14 21:28:08 | [성공] '서울특별시 구로구 구로동 801-26' (번지) 검색으로 좌표를 찾았습니다.
2025-07-14 21:28:08 | [성공] '서울특별시 구로구 오류동 241-2' (번지) 검색으로 좌표를 찾았습니다.
2025-07-14 21:28:08 | [실패] API 검색 결과 없음: '서울특별시 구로구 오류동 280' (번지)
2025-07-14 21:28:08 | [실패] API 검색 결과 없음: '서울특별시 구로구 오류동 오류로 30' (도로명)
2025-07-14 21:28:08 | [성공] '서울특별시 구로구 오류로 30' ('동'제거 도로명) 검색으로 좌표를 찾았습니다.
2025-07-14 21:28:08 | [실패] API 검색 결과 없음: '서울특별시 구로구 오류동 279-2' (번지)
2025-07-14 21:28:08 | [실패] API 검색 결과 없음: '서울특별시 구로구 오류동 천왕로 92' (도로명)
2025-07-14 21:28:08 | [성공] '서울특별시 구로구 천왕로 92' ('동'제거 도로명) 검색으로 좌표를 찾았습니다.
2025-07-14 21:28:08 | [성공] '서울특별시 금천구 가산동 238-4' (번지) 검색으로 좌표를 찾았습니다.
2025-07-14 21:28:08 | [성공] '서울특별시 금천구 독산동 1017-24' (번지) 검색으로 좌표를 찾았습니다.
2025-07-14 21:28:08 | [성공] '서울특별시 금천구 시흥동 960-5' (번지) 검색으로 좌표를 찾았습니다.
2025-07-14 21:28:09 | [성공] '서울특별시 금천구 시흥동 977-1' (번지) 검색으로 좌표를 찾았습니다.
2025-07-14 21:28:09 | [성공] '서울특별시 금천구 시흥동 992-20' (번지) 검색으로 좌표를 찾았습니다.
2025-07-14 21:28:09 | [성공] '서울특별시 노원구 공릉동 661-20' (번지) 검색으로 좌표를 찾았습니다.
2025-07-14 21:28:09 | [성공] '서울특별시 노원구 상계동 1373-2' (번지) 검색으로 좌표를 찾았습니다.
2025-07-14 21:28:09 | [성공] '서울특별시 노원구 월계동 289-5' (번지) 검색으로 좌표를 찾았습니다.
2025-07-14 21:28:09 | [성공] '서울특별시 노원구 중계동 90-30' (번지) 검색으로 좌표를 찾았습니다.
2025-07-14 21:28:09 | [성공] '서울특별시 도봉구 창동 629-24' (번지) 검색으로 좌표를 찾았습니다.
2025-07-14 21:28:09 | [성공] '서울특별시 도봉구 창동 743-28' (번지) 검색으로 좌표를 찾았습니다.
2025-07-14 21:28:09 | [성공] '서울특별시 동대문구 장안동 346-28' (번지) 검색으로 좌표를 찾았습니다.
2025-07-14 21:28:09 | [성공] '서울특별시 동대문구 장안동 241-8' (번지) 검색으로 좌표를 찾았습니다.
2025-07-14 21:28:09 | [성공] '서울특별시 동대문구 장안동 337-2' (번지) 검색으로 좌표를 찾았습니다.
2025-07-14 21:28:09 | [성공] '서울특별시 동대문구 장안동 360-2' (번지) 검색으로 좌표를 찾았습니다.
2025-07-14 21:28:09 | [성공] '서울특별시 동대문구 장안동 332-6' (번지) 검색으로 좌표를 찾았습니다.
2025-07-14 21:28:10 | [성공] '서울특별시 동작구 상도동 210-250' (번지) 검색으로 좌표를 찾았습니다.
2025-07-14 21:28:10 | [성공] '서울특별시 동작구 상도동 1-38' (번지) 검색으로 좌표를 찾았습니다.
2025-07-14 21:28:10 | [성공] '서울특별시 마포구 공덕동 4-32' (번지) 검색으로 좌표를 찾았습니다.
2025-07-14 21:28:10 | [성공] '서울특별시 마포구 공덕동 108-57' (번지) 검색으로 좌표를 찾았습니다.
2025-07-14 21:28:10 | [성공] '서울특별시 마포구 공덕동 11-168' (번지) 검색으로 좌표를 찾았습니다.
2025-07-14 21:28:10 | [성공] '서울특별시 마포구 도화동 240-1' (번지) 검색으로 좌표를 찾았습니다.
2025-07-14 21:28:10 | [성공] '서울특별시 마포구 망원동 455-4' (번지) 검색으로 좌표를 찾았습니다.
2025-07-14 21:28:10 | [성공] '서울특별시 마포구 망원동 455-2' (번지) 검색으로 좌표를 찾았습니다.
2025-07-14 21:28:10 | [성공] '서울특별시 마포구 망원동 470-39' (번지) 검색으로 좌표를 찾았습니다.
2025-07-14 21:28:10 | [성공] '서울특별시 마포구 중동 58-39' (번지) 검색으로 좌표를 찾았습니다.
2025-07-14 21:28:10 | [성공] '서울특별시 서대문구 냉천동 103-5' (번지) 검색으로 좌표를 찾았습니다.
2025-07-14 21:28:10 | [성공] '서울특별시 서대문구 연희동 708-4' (번지) 검색으로 좌표를 찾았습니다.
2025-07-14 21:28:10 | [성공] '서울특별시 서대문구 홍은동 265-364' (번지) 검색으로 좌표를 찾았습니다.
2025-07-14 21:28:11 | [성공] '서울특별시 서대문구 홍은동 467' (번지) 검색으로 좌표를 찾았습니다.
2025-07-14 21:28:11 | [성공] '서울특별시 서초구 내곡동 568' (번지) 검색으로 좌표를 찾았습니다.
2025-07-14 21:28:11 | [성공] '서울특별시 서초구 내곡동 619' (번지) 검색으로 좌표를 찾았습니다.
2025-07-14 21:28:11 | [성공] '서울특별시 서초구 반포동 577-3' (번지) 검색으로 좌표를 찾았습니다.
2025-07-14 21:28:11 | [성공] '서울특별시 서초구 반포동 82-19' (번지) 검색으로 좌표를 찾았습니다.
2025-07-14 21:28:11 | [성공] '서울특별시 서초구 방배동 449-2' (번지) 검색으로 좌표를 찾았습니다.
2025-07-14 21:28:11 | [성공] '서울특별시 서초구 방배동 800-5' (번지) 검색으로 좌표를 찾았습니다.
2025-07-14 21:28:11 | [성공] '서울특별시 서초구 방배동 488-2' (번지) 검색으로 좌표를 찾았습니다.
2025-07-14 21:28:11 | [성공] '서울특별시 서초구 방배동 593-45' (번지) 검색으로 좌표를 찾았습니다.
2025-07-14 21:28:11 | [성공] '서울특별시 서초구 방배동 734' (번지) 검색으로 좌표를 찾았습니다.
2025-07-14 21:28:11 | [성공] '서울특별시 서초구 방배동 939-9' (번지) 검색으로 좌표를 찾았습니다.
2025-07-14 21:28:11 | [성공] '서울특별시 서초구 방배동 797-1' (번지) 검색으로 좌표를 찾았습니다.
2025-07-14 21:28:12 | [성공] '서울특별시 서초구 서초동 1357-44' (번지) 검색으로 좌표를 찾았습니다.
2025-07-14 21:28:12 | [성공] '서울특별시 서초구 서초동 1487-144' (번지) 검색으로 좌표를 찾았습니다.
2025-07-14 21:28:12 | [성공] '서울특별시 서초구 서초동 1486-17' (번지) 검색으로 좌표를 찾았습니다.
2025-07-14 21:28:12 | [성공] '서울특별시 서초구 서초동 1436-14' (번지) 검색으로 좌표를 찾았습니다.
2025-07-14 21:28:12 | [성공] '서울특별시 서초구 서초동 1506-47' (번지) 검색으로 좌표를 찾았습니다.
2025-07-14 21:28:12 | [성공] '서울특별시 서초구 서초동 1517-1' (번지) 검색으로 좌표를 찾았습니다.
2025-07-14 21:28:12 | [성공] '서울특별시 서초구 서초동 1607-15' (번지) 검색으로 좌표를 찾았습니다.
2025-07-14 21:28:12 | [성공] '서울특별시 서초구 양재동 6-11' (번지) 검색으로 좌표를 찾았습니다.
2025-07-14 21:28:12 | [성공] '서울특별시 서초구 양재동 15-11' (번지) 검색으로 좌표를 찾았습니다.
2025-07-14 21:28:12 | [성공] '서울특별시 서초구 양재동 402-13' (번지) 검색으로 좌표를 찾았습니다.
2025-07-14 21:28:12 | [성공] '서울특별시 서초구 잠원동 62-6' (번지) 검색으로 좌표를 찾았습니다.
2025-07-14 21:28:12 | [성공] '서울특별시 성동구 마장동 778-1' (번지) 검색으로 좌표를 찾았습니다.
2025-07-14 21:28:12 | [성공] '서울특별시 성북구 길음동 1076' (번지) 검색으로 좌표를 찾았습니다.
2025-07-14 21:28:12 | [실패] API 검색 결과 없음: '서울특별시 성북구 정릉동 1287-1' (번지)
2025-07-14 21:28:13 | [실패] API 검색 결과 없음: '서울특별시 성북구 정릉동 서경로 60' (도로명)
2025-07-14 21:28:13 | [성공] '서울특별시 성북구 서경로 60' ('동'제거 도로명) 검색으로 좌표를 찾았습니다.
2025-07-14 21:28:13 | [성공] '서울특별시 송파구 마천동 200-75' (번지) 검색으로 좌표를 찾았습니다.
2025-07-14 21:28:13 | [성공] '서울특별시 송파구 석촌동 227-12' (번지) 검색으로 좌표를 찾았습니다.
2025-07-14 21:28:13 | [성공] '서울특별시 송파구 석촌동 282-12' (번지) 검색으로 좌표를 찾았습니다.
2025-07-14 21:28:13 | [성공] '서울특별시 송파구 오금동 64' (번지) 검색으로 좌표를 찾았습니다.
2025-07-14 21:28:15 | [성공] '서울특별시 송파구 오금동 85-4' (번지) 검색으로 좌표를 찾았습니다.
2025-07-14 21:28:15 | [성공] '서울특별시 송파구 오금동 134-29' (번지) 검색으로 좌표를 찾았습니다.
2025-07-14 21:28:15 | [성공] '서울특별시 양천구 목동 714-1' (번지) 검색으로 좌표를 찾았습니다.
2025-07-14 21:28:15 | [실패] API 검색 결과 없음: '서울특별시 양천구 목동 1078' (번지)
2025-07-14 21:28:15 | [실패] API 검색 결과 없음: '서울특별시 양천구 목동 남부순환로83길 47' (도로명)
2025-07-14 21:28:15 | [성공] '서울특별시 양천구 남부순환로83길 47' ('동'제거 도로명) 검색으로 좌표를 찾았습니다.
2025-07-14 21:28:15 | [성공] '서울특별시 양천구 신월동 507-1' (번지) 검색으로 좌표를 찾았습니다.
2025-07-14 21:28:15 | [성공] '서울특별시 양천구 신월동 81-5' (번지) 검색으로 좌표를 찾았습니다.
2025-07-14 21:28:15 | [성공] '서울특별시 양천구 신월동 517-6' (번지) 검색으로 좌표를 찾았습니다.
2025-07-14 21:28:16 | [성공] '서울특별시 양천구 신정동 919-1' (번지) 검색으로 좌표를 찾았습니다.
2025-07-14 21:28:16 | [성공] '서울특별시 양천구 신정동 911-4' (번지) 검색으로 좌표를 찾았습니다.
2025-07-14 21:28:16 | [성공] '서울특별시 영등포구 신길동 1119' (번지) 검색으로 좌표를 찾았습니다.
2025-07-14 21:28:16 | [실패] API 검색 결과 없음: '서울특별시 용산구 문배동 133-3' (번지)
2025-07-14 21:28:16 | [실패] API 검색 결과 없음: '서울특별시 용산구 문배동 백범로 341' (도로명)
2025-07-14 21:28:16 | [성공] '서울특별시 용산구 백범로 341' ('동'제거 도로명) 검색으로 좌표를 찾았습니다.
2025-07-14 21:28:16 | [성공] '서울특별시 용산구 청암동 64-1' (번지) 검색으로 좌표를 찾았습니다.
2025-07-14 21:28:16 | [성공] '서울특별시 용산구 한남동 1-51' (번지) 검색으로 좌표를 찾았습니다.
2025-07-14 21:28:16 | [실패] API 검색 결과 없음: '서울특별시 용산구 효창동 11-168' (번지)
2025-07-14 21:28:16 | [실패] API 검색 결과 없음: '서울특별시 용산구 효창동 효창원로93길 18' (도로명)
2025-07-14 21:28:16 | [실패] API 검색 결과 없음: '서울특별시 용산구 효창원로93길 18' ('동'제거 도로명)
2025-07-14 21:28:16 | [성공] '서울특별시 은평구 갈현동 456-19' (번지) 검색으로 좌표를 찾았습니다.
2025-07-14 21:28:16 | [성공] '서울특별시 은평구 구산동 308-86' (번지) 검색으로 좌표를 찾았습니다.
2025-07-14 21:28:16 | [성공] '서울특별시 은평구 녹번동 83-47' (번지) 검색으로 좌표를 찾았습니다.
2025-07-14 21:28:17 | [성공] '서울특별시 은평구 녹번동 91-7' (번지) 검색으로 좌표를 찾았습니다.
2025-07-14 21:28:17 | [성공] '서울특별시 은평구 녹번동 86-126' (번지) 검색으로 좌표를 찾았습니다.
2025-07-14 21:28:17 | [성공] '서울특별시 은평구 대조동 185-71' (번지) 검색으로 좌표를 찾았습니다.
2025-07-14 21:28:17 | [성공] '서울특별시 은평구 신사동 19-162' (번지) 검색으로 좌표를 찾았습니다.
2025-07-14 21:28:17 | [성공] '서울특별시 은평구 신사동 23-9' (번지) 검색으로 좌표를 찾았습니다.
2025-07-14 21:28:17 | [성공] '서울특별시 은평구 역촌동 81-17' (번지) 검색으로 좌표를 찾았습니다.
2025-07-14 21:28:17 | [성공] '서울특별시 은평구 응암동 360-15' (번지) 검색으로 좌표를 찾았습니다.
2025-07-14 21:28:17 | [성공] '서울특별시 은평구 응암동 120-5' (번지) 검색으로 좌표를 찾았습니다.
2025-07-14 21:28:17 | [성공] '서울특별시 은평구 증산동 174-3' (번지) 검색으로 좌표를 찾았습니다.
2025-07-14 21:28:17 | [성공] '서울특별시 중구 신당동 122-1' (번지) 검색으로 좌표를 찾았습니다.
2025-07-14 21:28:17 | [성공] '서울특별시 중구 오장동 90-8' (번지) 검색으로 좌표를 찾았습니다.
2025-07-14 21:28:17 | [성공] '서울특별시 중랑구 망우동 133-14' (번지) 검색으로 좌표를 찾았습니다.
2025-07-14 21:28:17 | [성공] '서울특별시 중랑구 면목동 178-9' (번지) 검색으로 좌표를 찾았습니다.
2025-07-14 21:28:18 | [성공] '서울특별시 중랑구 면목동 499-42' (번지) 검색으로 좌표를 찾았습니다.
2025-07-14 21:28:18 | [성공] '서울특별시 중랑구 면목동 151-4' (번지) 검색으로 좌표를 찾았습니다.
2025-07-14 21:28:18 | [성공] '서울특별시 중랑구 면목동 157-3' (번지) 검색으로 좌표를 찾았습니다.
2025-07-14 21:28:18 | [성공] '서울특별시 중랑구 면목동 637-2' (번지) 검색으로 좌표를 찾았습니다.
2025-07-14 21:28:18 | [성공] '서울특별시 중랑구 묵동 168-7' (번지) 검색으로 좌표를 찾았습니다.
2025-07-14 21:28:18 | [성공] '서울특별시 중랑구 묵동 58-3' (번지) 검색으로 좌표를 찾았습니다.
2025-07-14 21:28:18 | [성공] '서울특별시 중랑구 상봉동 136-100' (번지) 검색으로 좌표를 찾았습니다.
2025-07-14 21:28:18 | [성공] '서울특별시 중랑구 상봉동 84-11' (번지) 검색으로 좌표를 찾았습니다.
2025-07-14 21:28:18 | [성공] '서울특별시 중랑구 상봉동 87-43' (번지) 검색으로 좌표를 찾았습니다.
2025-07-14 21:28:18 | [성공] '서울특별시 중랑구 중화동 413-8' (번지) 검색으로 좌표를 찾았습니다.
2025-07-14 21:28:18 | [성공] '서울특별시 강남구 논현동 9-2' (번지) 검색으로 좌표를 찾았습니다.
2025-07-14 21:28:18 | [성공] '서울특별시 강남구 논현동 79-5' (번지) 검색으로 좌표를 찾았습니다.
2025-07-14 21:28:18 | [성공] '서울특별시 강남구 도곡동 201' (번지) 검색으로 좌표를 찾았습니다.
2025-07-14 21:28:19 | [성공] '서울특별시 강남구 역삼동 635-9' (번지) 검색으로 좌표를 찾았습니다.
2025-07-14 21:28:19 | [성공] '서울특별시 강남구 역삼동 828-11' (번지) 검색으로 좌표를 찾았습니다.
2025-07-14 21:28:19 | [성공] '서울특별시 강남구 역삼동 636-33' (번지) 검색으로 좌표를 찾았습니다.
2025-07-14 21:28:19 | [성공] '서울특별시 강동구 길동 358-3' (번지) 검색으로 좌표를 찾았습니다.
2025-07-14 21:28:19 | [성공] '서울특별시 강동구 성내동 203-5' (번지) 검색으로 좌표를 찾았습니다.
2025-07-14 21:28:19 | [성공] '서울특별시 강동구 성내동 438-56' (번지) 검색으로 좌표를 찾았습니다.
2025-07-14 21:28:19 | [성공] '서울특별시 강서구 화곡동 24-130' (번지) 검색으로 좌표를 찾았습니다.
2025-07-14 21:28:19 | [성공] '서울특별시 강서구 화곡동 919-2' (번지) 검색으로 좌표를 찾았습니다.
2025-07-14 21:28:19 | [성공] '서울특별시 관악구 남현동 602-329' (번지) 검색으로 좌표를 찾았습니다.
2025-07-14 21:28:19 | [성공] '서울특별시 관악구 봉천동 1605-39' (번지) 검색으로 좌표를 찾았습니다.
2025-07-14 21:28:19 | [성공] '서울특별시 관악구 봉천동 1608-28' (번지) 검색으로 좌표를 찾았습니다.
2025-07-14 21:28:19 | [성공] '서울특별시 관악구 신림동 626-11' (번지) 검색으로 좌표를 찾았습니다.
2025-07-14 21:28:19 | [성공] '서울특별시 광진구 구의동 668' (번지) 검색으로 좌표를 찾았습니다.
2025-07-14 21:28:20 | [성공] '서울특별시 광진구 화양동 17-16' (번지) 검색으로 좌표를 찾았습니다.
2025-07-14 21:28:20 | [성공] '서울특별시 구로구 구로동 716-23' (번지) 검색으로 좌표를 찾았습니다.
2025-07-14 21:28:20 | [성공] '서울특별시 구로구 구로동 718-17' (번지) 검색으로 좌표를 찾았습니다.
2025-07-14 21:28:20 | [성공] '서울특별시 구로구 구로동 749-48' (번지) 검색으로 좌표를 찾았습니다.
2025-07-14 21:28:20 | [성공] '서울특별시 구로구 구로동 751-4' (번지) 검색으로 좌표를 찾았습니다.
2025-07-14 21:28:20 | [성공] '서울특별시 구로구 구로동 770-16' (번지) 검색으로 좌표를 찾았습니다.
2025-07-14 21:28:20 | [성공] '서울특별시 구로구 구로동 792-98' (번지) 검색으로 좌표를 찾았습니다.
2025-07-14 21:28:20 | [성공] '서울특별시 구로구 구로동 798-11' (번지) 검색으로 좌표를 찾았습니다.
2025-07-14 21:28:20 | [성공] '서울특별시 구로구 구로동 780-19' (번지) 검색으로 좌표를 찾았습니다.
2025-07-14 21:28:20 | [성공] '서울특별시 구로구 구로동 740-95' (번지) 검색으로 좌표를 찾았습니다.
2025-07-14 21:28:20 | [성공] '서울특별시 구로구 궁동 211-1' (번지) 검색으로 좌표를 찾았습니다.
2025-07-14 21:28:20 | [성공] '서울특별시 구로구 항동 242' (번지) 검색으로 좌표를 찾았습니다.
2025-07-14 21:28:20 | [성공] '서울특별시 금천구 시흥동 883-11' (번지) 검색으로 좌표를 찾았습니다.
2025-07-14 21:28:21 | [성공] '서울특별시 금천구 시흥동 952-7' (번지) 검색으로 좌표를 찾았습니다.
2025-07-14 21:28:21 | [성공] '서울특별시 노원구 공릉동 586-15' (번지) 검색으로 좌표를 찾았습니다.
2025-07-14 21:28:21 | [성공] '서울특별시 도봉구 창동 581-4' (번지) 검색으로 좌표를 찾았습니다.
2025-07-14 21:28:21 | [성공] '서울특별시 동대문구 이문동 257-516' (번지) 검색으로 좌표를 찾았습니다.
2025-07-14 21:28:21 | [성공] '서울특별시 동대문구 장안동 346-21' (번지) 검색으로 좌표를 찾았습니다.
2025-07-14 21:28:21 | [성공] '서울특별시 동대문구 장안동 382-14' (번지) 검색으로 좌표를 찾았습니다.
2025-07-14 21:28:21 | [성공] '서울특별시 동대문구 장안동 424-1' (번지) 검색으로 좌표를 찾았습니다.
2025-07-14 21:28:21 | [성공] '서울특별시 동대문구 전농동 100-1' (번지) 검색으로 좌표를 찾았습니다.
2025-07-14 21:28:21 | [성공] '서울특별시 동대문구 전농동 103-231' (번지) 검색으로 좌표를 찾았습니다.
2025-07-14 21:28:21 | [성공] '서울특별시 동대문구 전농동 103-233' (번지) 검색으로 좌표를 찾았습니다.
2025-07-14 21:28:21 | [성공] '서울특별시 동대문구 휘경동 281-24' (번지) 검색으로 좌표를 찾았습니다.
2025-07-14 21:28:21 | [실패] API 검색 결과 없음: '서울특별시 동작구 상도동 36-1' (번지)
2025-07-14 21:28:21 | [성공] '서울특별시 동작구 상도동 상도로 249' (도로명) 검색으로 좌표를 찾았습니다.
2025-07-14 21:28:22 | [성공] '서울특별시 동작구 상도동 335-140' (번지) 검색으로 좌표를 찾았습니다.
2025-07-14 21:28:22 | [성공] '서울특별시 동작구 상도동 299-63' (번지) 검색으로 좌표를 찾았습니다.
2025-07-14 21:28:22 | [성공] '서울특별시 마포구 망원동 432-63' (번지) 검색으로 좌표를 찾았습니다.
2025-07-14 21:28:22 | [실패] API 검색 결과 없음: '서울특별시 마포구 창전동 27-19' (번지)
2025-07-14 21:28:22 | [성공] '서울특별시 마포구 창전동 서강로3길 32' (도로명) 검색으로 좌표를 찾았습니다.
2025-07-14 21:28:22 | [실패] API 검색 결과 없음: '서울특별시 서대문구 남가좌동 458' (번지)
2025-07-14 21:28:22 | [실패] API 검색 결과 없음: '서울특별시 서대문구 남가좌동 거북골로14길 32' (도로명)
2025-07-14 21:28:23 | [성공] '서울특별시 서대문구 거북골로14길 32' ('동'제거 도로명) 검색으로 좌표를 찾았습니다.
2025-07-14 21:28:23 | [성공] '서울특별시 서대문구 대현동 54-1' (번지) 검색으로 좌표를 찾았습니다.
2025-07-14 21:28:23 | [성공] '서울특별시 서대문구 연희동 37-1' (번지) 검색으로 좌표를 찾았습니다.
2025-07-14 21:28:23 | [성공] '서울특별시 서대문구 연희동 93-4' (번지) 검색으로 좌표를 찾았습니다.
2025-07-14 21:28:23 | [성공] '서울특별시 서대문구 창천동 381' (번지) 검색으로 좌표를 찾았습니다.
2025-07-14 21:28:24 | [성공] '서울특별시 서대문구 홍은동 396-22' (번지) 검색으로 좌표를 찾았습니다.
2025-07-14 21:28:24 | [성공] '서울특별시 서대문구 홍은동 274-99' (번지) 검색으로 좌표를 찾았습니다.
2025-07-14 21:28:24 | [성공] '서울특별시 서초구 반포동 71-1' (번지) 검색으로 좌표를 찾았습니다.
2025-07-14 21:28:24 | [성공] '서울특별시 서초구 반포동 577-46' (번지) 검색으로 좌표를 찾았습니다.
2025-07-14 21:28:24 | [성공] '서울특별시 서초구 반포동 107-19' (번지) 검색으로 좌표를 찾았습니다.
2025-07-14 21:28:24 | [성공] '서울특별시 서초구 방배동 809-14' (번지) 검색으로 좌표를 찾았습니다.
2025-07-14 21:28:24 | [성공] '서울특별시 서초구 방배동 757-3' (번지) 검색으로 좌표를 찾았습니다.
2025-07-14 21:28:24 | [성공] '서울특별시 서초구 방배동 980-45' (번지) 검색으로 좌표를 찾았습니다.
2025-07-14 21:28:24 | [성공] '서울특별시 서초구 방배동 845-5' (번지) 검색으로 좌표를 찾았습니다.
2025-07-14 21:28:24 | [성공] '서울특별시 성북구 안암동3가 79-4' (번지) 검색으로 좌표를 찾았습니다.
2025-07-14 21:28:24 | [성공] '서울특별시 송파구 가락동 92-3' (번지) 검색으로 좌표를 찾았습니다.
2025-07-14 21:28:24 | [성공] '서울특별시 송파구 석촌동 251-16' (번지) 검색으로 좌표를 찾았습니다.
2025-07-14 21:28:24 | [성공] '서울특별시 송파구 송파동 167-1' (번지) 검색으로 좌표를 찾았습니다.
2025-07-14 21:28:25 | [성공] '서울특별시 양천구 목동 777-20' (번지) 검색으로 좌표를 찾았습니다.
2025-07-14 21:28:25 | [성공] '서울특별시 양천구 목동 965' (번지) 검색으로 좌표를 찾았습니다.
2025-07-14 21:28:25 | [성공] '서울특별시 양천구 신월동 470-1' (번지) 검색으로 좌표를 찾았습니다.
2025-07-14 21:28:25 | [성공] '서울특별시 양천구 신정동 884-6' (번지) 검색으로 좌표를 찾았습니다.
2025-07-14 21:28:25 | [성공] '서울특별시 양천구 신정동 963-1' (번지) 검색으로 좌표를 찾았습니다.
2025-07-14 21:28:25 | [성공] '서울특별시 영등포구 영등포동8가 45-8' (번지) 검색으로 좌표를 찾았습니다.
2025-07-14 21:28:25 | [성공] '서울특별시 용산구 후암동 244-90' (번지) 검색으로 좌표를 찾았습니다.
2025-07-14 21:28:25 | [성공] '서울특별시 은평구 구산동 213-4' (번지) 검색으로 좌표를 찾았습니다.
2025-07-14 21:28:25 | [성공] '서울특별시 은평구 역촌동 2-100' (번지) 검색으로 좌표를 찾았습니다.
2025-07-14 21:28:25 | [성공] '서울특별시 은평구 응암동 122-26' (번지) 검색으로 좌표를 찾았습니다.
2025-07-14 21:28:25 | [성공] '서울특별시 종로구 명륜1가 45-5' (번지) 검색으로 좌표를 찾았습니다.
2025-07-14 21:28:25 | [성공] '서울특별시 종로구 명륜3가 1-102' (번지) 검색으로 좌표를 찾았습니다.
2025-07-14 21:28:25 | [성공] '서울특별시 종로구 창신동 601-2' (번지) 검색으로 좌표를 찾았습니다.
2025-07-14 21:28:26 | [성공] '서울특별시 종로구 창신동 638-36' (번지) 검색으로 좌표를 찾았습니다.
2025-07-14 21:28:26 | [성공] '서울특별시 강남구 개포동 656' (번지) 검색으로 좌표를 찾았습니다.
2025-07-14 21:28:26 | [성공] '서울특별시 강남구 대치동 66' (번지) 검색으로 좌표를 찾았습니다.
2025-07-14 21:28:26 | [성공] '서울특별시 강남구 삼성동 150-5' (번지) 검색으로 좌표를 찾았습니다.
2025-07-14 21:28:26 | [성공] '서울특별시 강남구 삼성동 108-3' (번지) 검색으로 좌표를 찾았습니다.
2025-07-14 21:28:26 | [성공] '서울특별시 강남구 삼성동 64-9' (번지) 검색으로 좌표를 찾았습니다.
2025-07-14 21:28:26 | [성공] '서울특별시 강남구 역삼동 831-29' (번지) 검색으로 좌표를 찾았습니다.
2025-07-14 21:28:26 | [성공] '서울특별시 강남구 율현동 365' (번지) 검색으로 좌표를 찾았습니다.
2025-07-14 21:28:26 | [성공] '서울특별시 강남구 율현동 513' (번지) 검색으로 좌표를 찾았습니다.
2025-07-14 21:28:26 | [성공] '서울특별시 강동구 고덕동 688' (번지) 검색으로 좌표를 찾았습니다.
2025-07-14 21:28:26 | [성공] '서울특별시 강동구 천호동 322-19' (번지) 검색으로 좌표를 찾았습니다.
2025-07-14 21:28:26 | [성공] '서울특별시 강서구 등촌동 637-18' (번지) 검색으로 좌표를 찾았습니다.
2025-07-14 21:28:26 | [성공] '서울특별시 강서구 방화동 814' (번지) 검색으로 좌표를 찾았습니다.
2025-07-14 21:28:27 | [성공] '서울특별시 강서구 화곡동 925-3' (번지) 검색으로 좌표를 찾았습니다.
2025-07-14 21:28:27 | [성공] '서울특별시 강서구 화곡동 914-37' (번지) 검색으로 좌표를 찾았습니다.
2025-07-14 21:28:27 | [성공] '서울특별시 강서구 화곡동 888-1' (번지) 검색으로 좌표를 찾았습니다.
2025-07-14 21:28:27 | [성공] '서울특별시 관악구 남현동 602-17' (번지) 검색으로 좌표를 찾았습니다.
2025-07-14 21:28:27 | [성공] '서울특별시 관악구 봉천동 1627-2' (번지) 검색으로 좌표를 찾았습니다.
2025-07-14 21:28:27 | [성공] '서울특별시 관악구 신림동 1425-7' (번지) 검색으로 좌표를 찾았습니다.
2025-07-14 21:28:27 | [성공] '서울특별시 관악구 신림동 1475-26' (번지) 검색으로 좌표를 찾았습니다.
2025-07-14 21:28:27 | [성공] '서울특별시 광진구 광장동 484' (번지) 검색으로 좌표를 찾았습니다.
2025-07-14 21:28:27 | [성공] '서울특별시 광진구 구의동 57-4' (번지) 검색으로 좌표를 찾았습니다.
2025-07-14 21:28:27 | [성공] '서울특별시 광진구 구의동 71-1' (번지) 검색으로 좌표를 찾았습니다.
2025-07-14 21:28:27 | [성공] '서울특별시 구로구 개봉동 61-2' (번지) 검색으로 좌표를 찾았습니다.
2025-07-14 21:28:27 | [성공] '서울특별시 구로구 구로동 717-24' (번지) 검색으로 좌표를 찾았습니다.
2025-07-14 21:28:27 | [성공] '서울특별시 구로구 구로동 717-39' (번지) 검색으로 좌표를 찾았습니다.
2025-07-14 21:28:28 | [성공] '서울특별시 구로구 구로동 718-16' (번지) 검색으로 좌표를 찾았습니다.
2025-07-14 21:28:28 | [성공] '서울특별시 구로구 구로동 718-23' (번지) 검색으로 좌표를 찾았습니다.
2025-07-14 21:28:28 | [성공] '서울특별시 구로구 구로동 718-4' (번지) 검색으로 좌표를 찾았습니다.
2025-07-14 21:28:28 | [성공] '서울특별시 구로구 구로동 740-25' (번지) 검색으로 좌표를 찾았습니다.
2025-07-14 21:28:28 | [성공] '서울특별시 구로구 구로동 740-58' (번지) 검색으로 좌표를 찾았습니다.
2025-07-14 21:28:28 | [성공] '서울특별시 구로구 구로동 740-62' (번지) 검색으로 좌표를 찾았습니다.
2025-07-14 21:28:28 | [성공] '서울특별시 구로구 구로동 743-14' (번지) 검색으로 좌표를 찾았습니다.
2025-07-14 21:28:28 | [성공] '서울특별시 구로구 구로동 743-34' (번지) 검색으로 좌표를 찾았습니다.
2025-07-14 21:28:28 | [성공] '서울특별시 구로구 구로동 743-52' (번지) 검색으로 좌표를 찾았습니다.
2025-07-14 21:28:28 | [성공] '서울특별시 구로구 구로동 743-55' (번지) 검색으로 좌표를 찾았습니다.
2025-07-14 21:28:28 | [성공] '서울특별시 구로구 구로동 746-9' (번지) 검색으로 좌표를 찾았습니다.
2025-07-14 21:28:28 | [성공] '서울특별시 구로구 구로동 779-2' (번지) 검색으로 좌표를 찾았습니다.
2025-07-14 21:28:28 | [성공] '서울특별시 구로구 구로동 780-97' (번지) 검색으로 좌표를 찾았습니다.
2025-07-14 21:28:29 | [성공] '서울특별시 구로구 구로동 791-5' (번지) 검색으로 좌표를 찾았습니다.
2025-07-14 21:28:29 | [성공] '서울특별시 구로구 구로동 797-9' (번지) 검색으로 좌표를 찾았습니다.
2025-07-14 21:28:29 | [성공] '서울특별시 구로구 구로동 806-40' (번지) 검색으로 좌표를 찾았습니다.
2025-07-14 21:28:29 | [성공] '서울특별시 구로구 구로동 799-6' (번지) 검색으로 좌표를 찾았습니다.
2025-07-14 21:28:29 | [성공] '서울특별시 구로구 구로동 792-82' (번지) 검색으로 좌표를 찾았습니다.
2025-07-14 21:28:29 | [성공] '서울특별시 구로구 구로동 92' (번지) 검색으로 좌표를 찾았습니다.
2025-07-14 21:28:29 | [성공] '서울특별시 구로구 구로동 740-27' (번지) 검색으로 좌표를 찾았습니다.
2025-07-14 21:28:29 | [성공] '서울특별시 구로구 오류동 46-1' (번지) 검색으로 좌표를 찾았습니다.
2025-07-14 21:28:29 | [성공] '서울특별시 노원구 월계동 949' (번지) 검색으로 좌표를 찾았습니다.
2025-07-14 21:28:29 | [성공] '서울특별시 노원구 하계동 288' (번지) 검색으로 좌표를 찾았습니다.
2025-07-14 21:28:29 | [성공] '서울특별시 도봉구 방학동 271-1' (번지) 검색으로 좌표를 찾았습니다.
2025-07-14 21:28:29 | [성공] '서울특별시 도봉구 방학동 507' (번지) 검색으로 좌표를 찾았습니다.
2025-07-14 21:28:29 | [성공] '서울특별시 동대문구 이문동 329-1' (번지) 검색으로 좌표를 찾았습니다.
2025-07-14 21:28:30 | [성공] '서울특별시 동작구 상도동 900' (번지) 검색으로 좌표를 찾았습니다.
2025-07-14 21:28:30 | [성공] '서울특별시 서대문구 남가좌동 385' (번지) 검색으로 좌표를 찾았습니다.
2025-07-14 21:28:30 | [성공] '서울특별시 서대문구 연희동 742' (번지) 검색으로 좌표를 찾았습니다.
2025-07-14 21:28:30 | [성공] '서울특별시 서대문구 홍제동 322-91' (번지) 검색으로 좌표를 찾았습니다.
2025-07-14 21:28:30 | [성공] '서울특별시 서초구 반포동 95-14' (번지) 검색으로 좌표를 찾았습니다.
2025-07-14 21:28:30 | [성공] '서울특별시 서초구 방배동 917-5' (번지) 검색으로 좌표를 찾았습니다.
2025-07-14 21:28:30 | [성공] '서울특별시 서초구 방배동 473-14' (번지) 검색으로 좌표를 찾았습니다.
2025-07-14 21:28:30 | [성공] '서울특별시 서초구 방배동 800-9' (번지) 검색으로 좌표를 찾았습니다.
2025-07-14 21:28:30 | [성공] '서울특별시 서초구 방배동 1-39' (번지) 검색으로 좌표를 찾았습니다.
2025-07-14 21:28:30 | [성공] '서울특별시 서초구 방배동 906-13' (번지) 검색으로 좌표를 찾았습니다.
2025-07-14 21:28:30 | [성공] '서울특별시 서초구 방배동 449-3' (번지) 검색으로 좌표를 찾았습니다.
2025-07-14 21:28:30 | [성공] '서울특별시 서초구 방배동 841-2' (번지) 검색으로 좌표를 찾았습니다.
2025-07-14 21:28:30 | [성공] '서울특별시 서초구 서초동 1484-8' (번지) 검색으로 좌표를 찾았습니다.
2025-07-14 21:28:30 | [성공] '서울특별시 서초구 서초동 1357-25' (번지) 검색으로 좌표를 찾았습니다.
2025-07-14 21:28:31 | [성공] '서울특별시 서초구 양재동 376-4' (번지) 검색으로 좌표를 찾았습니다.
2025-07-14 21:28:31 | [성공] '서울특별시 서초구 양재동 8-37' (번지) 검색으로 좌표를 찾았습니다.
2025-07-14 21:28:32 | [성공] '서울특별시 서초구 잠원동 65-1' (번지) 검색으로 좌표를 찾았습니다.
2025-07-14 21:28:32 | [성공] '서울특별시 서초구 잠원동 60-21' (번지) 검색으로 좌표를 찾았습니다.
2025-07-14 21:28:32 | [성공] '서울특별시 서초구 잠원동 49-17' (번지) 검색으로 좌표를 찾았습니다.
2025-07-14 21:28:32 | [성공] '서울특별시 서초구 잠원동 17-10' (번지) 검색으로 좌표를 찾았습니다.
2025-07-14 21:28:32 | [성공] '서울특별시 서초구 잠원동 49-6' (번지) 검색으로 좌표를 찾았습니다.
2025-07-14 21:28:32 | [성공] '서울특별시 성동구 옥수동 528' (번지) 검색으로 좌표를 찾았습니다.
2025-07-14 21:28:32 | [성공] '서울특별시 성동구 응봉동 98' (번지) 검색으로 좌표를 찾았습니다.
2025-07-14 21:28:32 | [성공] '서울특별시 성북구 삼선동5가 68' (번지) 검색으로 좌표를 찾았습니다.
2025-07-14 21:28:32 | [성공] '서울특별시 송파구 마천동 575' (번지) 검색으로 좌표를 찾았습니다.
2025-07-14 21:28:32 | [성공] '서울특별시 송파구 마천동 10' (번지) 검색으로 좌표를 찾았습니다.
2025-07-14 21:28:32 | [성공] '서울특별시 송파구 문정동 18' (번지) 검색으로 좌표를 찾았습니다.
2025-07-14 21:28:33 | [성공] '서울특별시 송파구 문정동 91-19' (번지) 검색으로 좌표를 찾았습니다.
2025-07-14 21:28:33 | [성공] '서울특별시 송파구 방이동 120-2' (번지) 검색으로 좌표를 찾았습니다.
2025-07-14 21:28:33 | [성공] '서울특별시 송파구 방이동 104-4' (번지) 검색으로 좌표를 찾았습니다.
2025-07-14 21:28:33 | [성공] '서울특별시 송파구 삼전동 53-5' (번지) 검색으로 좌표를 찾았습니다.
2025-07-14 21:28:33 | [성공] '서울특별시 송파구 석촌동 164' (번지) 검색으로 좌표를 찾았습니다.
2025-07-14 21:28:33 | [성공] '서울특별시 송파구 송파동 58-1' (번지) 검색으로 좌표를 찾았습니다.
2025-07-14 21:28:33 | [성공] '서울특별시 송파구 오금동 119-5' (번지) 검색으로 좌표를 찾았습니다.
2025-07-14 21:28:33 | [성공] '서울특별시 양천구 목동 315-5' (번지) 검색으로 좌표를 찾았습니다.
2025-07-14 21:28:33 | [성공] '서울특별시 양천구 신월동 1066' (번지) 검색으로 좌표를 찾았습니다.
2025-07-14 21:28:33 | [실패] API 검색 결과 없음: '서울특별시 양천구 신월동 561-2' (번지)
2025-07-14 21:28:33 | [실패] API 검색 결과 없음: '서울특별시 양천구 신월동 남부순환로85길 10' (도로명)
2025-07-14 21:28:33 | [실패] API 검색 결과 없음: '서울특별시 양천구 남부순환로85길 10' ('동'제거 도로명)
2025-07-14 21:28:33 | [실패] API 검색 결과 없음: '서울특별시 양천구 신월동 562-5' (번지)
2025-07-14 21:28:34 | [실패] API 검색 결과 없음: '서울특별시 양천구 신월동 신남1길 16' (도로명)
2025-07-14 21:28:34 | [실패] API 검색 결과 없음: '서울특별시 양천구 신남1길 16' ('동'제거 도로명)
2025-07-14 21:28:34 | [성공] '서울특별시 양천구 신월동 230-2' (번지) 검색으로 좌표를 찾았습니다.
2025-07-14 21:28:34 | [실패] API 검색 결과 없음: '서울특별시 양천구 신월동 593-14' (번지)
2025-07-14 21:28:34 | [실패] API 검색 결과 없음: '서울특별시 양천구 신월동  10' (도로명)
2025-07-14 21:28:34 | [실패] API 검색 결과 없음: '서울특별시 양천구 10' ('동'제거 도로명)
2025-07-14 21:28:34 | [성공] '서울특별시 양천구 신정동 958-16' (번지) 검색으로 좌표를 찾았습니다.
2025-07-14 21:28:34 | [성공] '서울특별시 용산구 동빙고동 310-17' (번지) 검색으로 좌표를 찾았습니다.
2025-07-14 21:28:34 | [성공] '서울특별시 용산구 한강로1가 231-23' (번지) 검색으로 좌표를 찾았습니다.
2025-07-14 21:28:34 | [성공] '서울특별시 용산구 한강로1가 231-23' (번지) 검색으로 좌표를 찾았습니다.
2025-07-14 21:28:34 | [성공] '서울특별시 용산구 후암동 244-5' (번지) 검색으로 좌표를 찾았습니다.
2025-07-14 21:28:34 | [성공] '서울특별시 은평구 갈현동 415-40' (번지) 검색으로 좌표를 찾았습니다.
2025-07-14 21:28:34 | [성공] '서울특별시 은평구 대조동 195-20' (번지) 검색으로 좌표를 찾았습니다.
2025-07-14 21:28:34 | [실패] API 검색 결과 없음: '서울특별시 은평구 응암동 626-108' (번지)
2025-07-14 21:28:35 | [실패] API 검색 결과 없음: '서울특별시 은평구 응암동 응암로16길 37' (도로명)
2025-07-14 21:28:35 | [실패] API 검색 결과 없음: '서울특별시 은평구 응암로16길 37' ('동'제거 도로명)
2025-07-14 21:28:35 | [실패] API 검색 결과 없음: '서울특별시 은평구 응암동 758' (번지)
2025-07-14 21:28:35 | [실패] API 검색 결과 없음: '서울특별시 은평구 응암동  20-3' (도로명)
2025-07-14 21:28:35 | [실패] API 검색 결과 없음: '서울특별시 은평구 20-3' ('동'제거 도로명)
2025-07-14 21:28:35 | [실패] API 검색 결과 없음: '서울특별시 은평구 증산동 214-8' (번지)
2025-07-14 21:28:35 | [실패] API 검색 결과 없음: '서울특별시 은평구 증산동 증산로3길 19-12' (도로명)
2025-07-14 21:28:35 | [실패] API 검색 결과 없음: '서울특별시 은평구 증산로3길 19-12' ('동'제거 도로명)
2025-07-14 21:28:35 | [실패] API 검색 결과 없음: '서울특별시 은평구 증산동 214-13' (번지)
2025-07-14 21:28:35 | [실패] API 검색 결과 없음: '서울특별시 은평구 증산동 증산로3길 19-6' (도로명)
2025-07-14 21:28:35 | [실패] API 검색 결과 없음: '서울특별시 은평구 증산로3길 19-6' ('동'제거 도로명)
2025-07-14 21:28:35 | [성공] '서울특별시 은평구 진관동 101' (번지) 검색으로 좌표를 찾았습니다.
2025-07-14 21:28:35 | [성공] '서울특별시 종로구 교남동 199' (번지) 검색으로 좌표를 찾았습니다.
2025-07-14 21:28:35 | [성공] '서울특별시 종로구 교남동 126' (번지) 검색으로 좌표를 찾았습니다.
2025-07-14 21:28:36 | [성공] '서울특별시 종로구 숭인동 569-2' (번지) 검색으로 좌표를 찾았습니다.
2025-07-14 21:28:36 | [성공] '서울특별시 종로구 청운동 56-45' (번지) 검색으로 좌표를 찾았습니다.
2025-07-14 21:28:36 | [성공] '서울특별시 중구 신당동 407-7' (번지) 검색으로 좌표를 찾았습니다.
2025-07-14 21:28:36 | [성공] '서울특별시 중구 황학동 1544' (번지) 검색으로 좌표를 찾았습니다.
2025-07-14 21:28:36 | [성공] '서울특별시 중랑구 면목동 193-1' (번지) 검색으로 좌표를 찾았습니다.
2025-07-14 21:28:36 | [성공] '서울특별시 중랑구 묵동 172-3' (번지) 검색으로 좌표를 찾았습니다.
2025-07-14 21:28:36 | [실패] API 검색 결과 없음: '서울특별시 중랑구 신내동 1' (번지)
2025-07-14 21:28:36 | [실패] API 검색 결과 없음: '서울특별시 중랑구 신내동 봉화산로48길 62' (도로명)
2025-07-14 21:28:36 | [성공] '서울특별시 중랑구 봉화산로48길 62' ('동'제거 도로명) 검색으로 좌표를 찾았습니다.
2025-07-14 21:28:36 | [성공] '서울특별시 중랑구 신내동 817' (번지) 검색으로 좌표를 찾았습니다.
2025-07-14 21:28:36 | [성공] '서울특별시 강남구 개포동 1165' (번지) 검색으로 좌표를 찾았습니다.
2025-07-14 21:28:37 | [성공] '서울특별시 강남구 도곡동 193-45' (번지) 검색으로 좌표를 찾았습니다.
2025-07-14 21:28:37 | [성공] '서울특별시 강남구 삼성동 64-4' (번지) 검색으로 좌표를 찾았습니다.
2025-07-14 21:28:37 | [성공] '서울특별시 강남구 청담동 113' (번지) 검색으로 좌표를 찾았습니다.
2025-07-14 21:28:37 | [실패] API 검색 결과 없음: '서울특별시 강동구 고덕동 220' (번지)
2025-07-14 21:28:37 | [실패] API 검색 결과 없음: '서울특별시 강동구 고덕동 동남로82길 98' (도로명)
2025-07-14 21:28:37 | [실패] API 검색 결과 없음: '서울특별시 강동구 동남로82길 98' ('동'제거 도로명)
2025-07-14 21:28:37 | [성공] '서울특별시 강동구 천호동 54-6' (번지) 검색으로 좌표를 찾았습니다.
2025-07-14 21:28:37 | [성공] '서울특별시 강북구 미아동 198-16' (번지) 검색으로 좌표를 찾았습니다.
2025-07-14 21:28:37 | [성공] '서울특별시 강북구 수유동 245-8' (번지) 검색으로 좌표를 찾았습니다.
2025-07-14 21:28:37 | [성공] '서울특별시 강서구 등촌동 517-39' (번지) 검색으로 좌표를 찾았습니다.
2025-07-14 21:28:37 | [성공] '서울특별시 강서구 등촌동 637-32' (번지) 검색으로 좌표를 찾았습니다.
2025-07-14 21:28:37 | [성공] '서울특별시 강서구 등촌동 654-79' (번지) 검색으로 좌표를 찾았습니다.
2025-07-14 21:28:37 | [성공] '서울특별시 강서구 화곡동 350-33' (번지) 검색으로 좌표를 찾았습니다.
2025-07-14 21:28:38 | [성공] '서울특별시 관악구 봉천동 893-1' (번지) 검색으로 좌표를 찾았습니다.
2025-07-14 21:28:38 | [성공] '서울특별시 광진구 군자동 100-2' (번지) 검색으로 좌표를 찾았습니다.
2025-07-14 21:28:38 | [성공] '서울특별시 광진구 군자동 346-44' (번지) 검색으로 좌표를 찾았습니다.
2025-07-14 21:28:38 | [성공] '서울특별시 구로구 구로동 745-10' (번지) 검색으로 좌표를 찾았습니다.
2025-07-14 21:28:38 | [성공] '서울특별시 구로구 구로동 794-24' (번지) 검색으로 좌표를 찾았습니다.
2025-07-14 21:28:38 | [성공] '서울특별시 구로구 구로동 801-32' (번지) 검색으로 좌표를 찾았습니다.
2025-07-14 21:28:38 | [성공] '서울특별시 구로구 구로동 806-62' (번지) 검색으로 좌표를 찾았습니다.
2025-07-14 21:28:38 | [성공] '서울특별시 구로구 구로동 796-36' (번지) 검색으로 좌표를 찾았습니다.
2025-07-14 21:28:38 | [성공] '서울특별시 구로구 궁동 89-4' (번지) 검색으로 좌표를 찾았습니다.
2025-07-14 21:28:38 | [성공] '서울특별시 노원구 공릉동 269-2' (번지) 검색으로 좌표를 찾았습니다.
2025-07-14 21:28:38 | [성공] '서울특별시 도봉구 쌍문동 88-14' (번지) 검색으로 좌표를 찾았습니다.
2025-07-14 21:28:38 | [성공] '서울특별시 동대문구 제기동 1158-18' (번지) 검색으로 좌표를 찾았습니다.
2025-07-14 21:28:39 | [성공] '서울특별시 마포구 상암동 1641' (번지) 검색으로 좌표를 찾았습니다.
2025-07-14 21:28:39 | [성공] '서울특별시 마포구 성산동 271-23' (번지) 검색으로 좌표를 찾았습니다.
2025-07-14 21:28:39 | [성공] '서울특별시 서대문구 북아현동 1-77' (번지) 검색으로 좌표를 찾았습니다.
2025-07-14 21:28:39 | [성공] '서울특별시 서대문구 연희동 708-4' (번지) 검색으로 좌표를 찾았습니다.
2025-07-14 21:28:39 | [성공] '서울특별시 서대문구 홍은동 265-344' (번지) 검색으로 좌표를 찾았습니다.
2025-07-14 21:28:39 | [실패] API 검색 결과 없음: '서울특별시 서초구 반포동 1-26' (번지)
2025-07-14 21:28:39 | [실패] API 검색 결과 없음: '서울특별시 서초구 반포동 신반포로 133' (도로명)
2025-07-14 21:28:39 | [실패] API 검색 결과 없음: '서울특별시 서초구 신반포로 133' ('동'제거 도로명)
2025-07-14 21:28:39 | [성공] '서울특별시 서초구 반포동 79-5' (번지) 검색으로 좌표를 찾았습니다.
2025-07-14 21:28:39 | [성공] '서울특별시 서초구 방배동 889-6' (번지) 검색으로 좌표를 찾았습니다.
2025-07-14 21:28:39 | [성공] '서울특별시 서초구 방배동 845-6' (번지) 검색으로 좌표를 찾았습니다.
2025-07-14 21:28:39 | [성공] '서울특별시 서초구 잠원동 61' (번지) 검색으로 좌표를 찾았습니다.
2025-07-14 21:28:39 | [실패] API 검색 결과 없음: '서울특별시 성동구 하왕십리동 811' (번지)
2025-07-14 21:28:41 | [실패] API 검색 결과 없음: '서울특별시 성동구 하왕십리동 마장로 137' (도로명)
2025-07-14 21:28:41 | [성공] '서울특별시 성동구 마장로 137' ('동'제거 도로명) 검색으로 좌표를 찾았습니다.
2025-07-14 21:28:41 | [성공] '서울특별시 송파구 방이동 191-6' (번지) 검색으로 좌표를 찾았습니다.
2025-07-14 21:28:41 | [성공] '서울특별시 양천구 목동 624-5' (번지) 검색으로 좌표를 찾았습니다.
2025-07-14 21:28:41 | [실패] API 검색 결과 없음: '서울특별시 양천구 신월동 593-14' (번지)
2025-07-14 21:28:41 | [실패] API 검색 결과 없음: '서울특별시 양천구 신월동 절골10길 10' (도로명)
2025-07-14 21:28:41 | [실패] API 검색 결과 없음: '서울특별시 양천구 절골10길 10' ('동'제거 도로명)
2025-07-14 21:28:41 | [성공] '서울특별시 양천구 신정동 980-19' (번지) 검색으로 좌표를 찾았습니다.
2025-07-14 21:28:41 | [성공] '서울특별시 영등포구 영등포동8가 45-8' (번지) 검색으로 좌표를 찾았습니다.
2025-07-14 21:28:41 | [성공] '서울특별시 용산구 동빙고동 1-30' (번지) 검색으로 좌표를 찾았습니다.
2025-07-14 21:28:41 | [성공] '서울특별시 용산구 청파동1가 1-36' (번지) 검색으로 좌표를 찾았습니다.
2025-07-14 21:28:42 | [성공] '서울특별시 용산구 한남동 1-35' (번지) 검색으로 좌표를 찾았습니다.
2025-07-14 21:28:42 | [성공] '서울특별시 은평구 대조동 15-92' (번지) 검색으로 좌표를 찾았습니다.
2025-07-14 21:28:42 | [성공] '서울특별시 은평구 응암동 122-12' (번지) 검색으로 좌표를 찾았습니다.
2025-07-14 21:28:42 | [실패] API 검색 결과 없음: '서울특별시 은평구 응암동 39-23' (번지)
2025-07-14 21:28:42 | [실패] API 검색 결과 없음: '서울특별시 은평구 응암동 은평로16가길 20-2' (도로명)
2025-07-14 21:28:42 | [성공] '서울특별시 은평구 은평로16가길 20-2' ('동'제거 도로명) 검색으로 좌표를 찾았습니다.
2025-07-14 21:28:42 | [성공] '서울특별시 종로구 숭인동 318-2' (번지) 검색으로 좌표를 찾았습니다.
2025-07-14 21:28:42 | [성공] '서울특별시 종로구 창신동 436-41' (번지) 검색으로 좌표를 찾았습니다.
2025-07-14 21:28:42 | [성공] '서울특별시 중구 신당동 841-12' (번지) 검색으로 좌표를 찾았습니다.
2025-07-14 21:28:42 | [성공] '서울특별시 중구 정동 15-6' (번지) 검색으로 좌표를 찾았습니다.
2025-07-14 21:28:42 | [성공] '서울특별시 중랑구 면목동 121-32' (번지) 검색으로 좌표를 찾았습니다.
2025-07-14 21:28:42 | [성공] '서울특별시 중랑구 상봉동 114' (번지) 검색으로 좌표를 찾았습니다.
2025-07-14 21:28:43 | [성공] '서울특별시 중랑구 상봉동 115-61' (번지) 검색으로 좌표를 찾았습니다.
2025-07-14 21:28:43 | [성공] '서울특별시 강남구 대치동 983-1' (번지) 검색으로 좌표를 찾았습니다.
2025-07-14 21:28:43 | [실패] API 검색 결과 없음: '서울특별시 강남구 율현동 686' (번지)
2025-07-14 21:28:43 | [실패] API 검색 결과 없음: '서울특별시 강남구 율현동 자곡로 260' (도로명)
2025-07-14 21:28:43 | [성공] '서울특별시 강남구 자곡로 260' ('동'제거 도로명) 검색으로 좌표를 찾았습니다.
2025-07-14 21:28:43 | [성공] '서울특별시 강서구 등촌동 717' (번지) 검색으로 좌표를 찾았습니다.
2025-07-14 21:28:43 | [성공] '서울특별시 강서구 염창동 267-15' (번지) 검색으로 좌표를 찾았습니다.
2025-07-14 21:28:43 | [성공] '서울특별시 관악구 신림동 1458-6' (번지) 검색으로 좌표를 찾았습니다.
2025-07-14 21:28:43 | [성공] '서울특별시 광진구 자양동 798-3' (번지) 검색으로 좌표를 찾았습니다.
2025-07-14 21:28:43 | [성공] '서울특별시 구로구 구로동 717-14' (번지) 검색으로 좌표를 찾았습니다.
2025-07-14 21:28:43 | [성공] '서울특별시 구로구 구로동 717-21' (번지) 검색으로 좌표를 찾았습니다.
2025-07-14 21:28:43 | [성공] '서울특별시 구로구 구로동 740-19' (번지) 검색으로 좌표를 찾았습니다.
2025-07-14 21:28:43 | [성공] '서울특별시 구로구 구로동 743-35' (번지) 검색으로 좌표를 찾았습니다.
2025-07-14 21:28:44 | [성공] '서울특별시 구로구 구로동 743-36' (번지) 검색으로 좌표를 찾았습니다.
2025-07-14 21:28:44 | [성공] '서울특별시 구로구 구로동 745-68' (번지) 검색으로 좌표를 찾았습니다.
2025-07-14 21:28:44 | [성공] '서울특별시 구로구 구로동 749-10' (번지) 검색으로 좌표를 찾았습니다.
2025-07-14 21:28:44 | [성공] '서울특별시 구로구 구로동 749-6' (번지) 검색으로 좌표를 찾았습니다.
2025-07-14 21:28:44 | [성공] '서울특별시 구로구 구로동 752-42' (번지) 검색으로 좌표를 찾았습니다.
2025-07-14 21:28:44 | [성공] '서울특별시 구로구 구로동 792-20' (번지) 검색으로 좌표를 찾았습니다.
2025-07-14 21:28:44 | [성공] '서울특별시 구로구 구로동 798-59' (번지) 검색으로 좌표를 찾았습니다.
2025-07-14 21:28:44 | [성공] '서울특별시 구로구 구로동 806-59' (번지) 검색으로 좌표를 찾았습니다.
2025-07-14 21:28:44 | [성공] '서울특별시 구로구 구로동 807-4' (번지) 검색으로 좌표를 찾았습니다.
2025-07-14 21:28:44 | [성공] '서울특별시 구로구 구로동 807-27' (번지) 검색으로 좌표를 찾았습니다.
2025-07-14 21:28:44 | [성공] '서울특별시 금천구 시흥동 961-5' (번지) 검색으로 좌표를 찾았습니다.
2025-07-14 21:28:44 | [성공] '서울특별시 금천구 시흥동 949-6' (번지) 검색으로 좌표를 찾았습니다.
2025-07-14 21:28:45 | [성공] '서울특별시 도봉구 창동 609-11' (번지) 검색으로 좌표를 찾았습니다.
2025-07-14 21:28:45 | [성공] '서울특별시 동대문구 장안동 344-11' (번지) 검색으로 좌표를 찾았습니다.
2025-07-14 21:28:45 | [성공] '서울특별시 동대문구 전농동 103-340' (번지) 검색으로 좌표를 찾았습니다.
2025-07-14 21:28:45 | [성공] '서울특별시 동작구 상도1동 428-7' (번지) 검색으로 좌표를 찾았습니다.
2025-07-14 21:28:45 | [성공] '서울특별시 서대문구 홍제동 312-121' (번지) 검색으로 좌표를 찾았습니다.
2025-07-14 21:28:45 | [성공] '서울특별시 서초구 반포동 78-11' (번지) 검색으로 좌표를 찾았습니다.
2025-07-14 21:28:45 | [성공] '서울특별시 서초구 방배동 831-6' (번지) 검색으로 좌표를 찾았습니다.
2025-07-14 21:28:45 | [성공] '서울특별시 서초구 서초동 1344-7' (번지) 검색으로 좌표를 찾았습니다.
2025-07-14 21:28:45 | [성공] '서울특별시 서초구 서초동 1553-15' (번지) 검색으로 좌표를 찾았습니다.
2025-07-14 21:28:45 | [성공] '서울특별시 서초구 서초동 1617-8' (번지) 검색으로 좌표를 찾았습니다.
2025-07-14 21:28:45 | [성공] '서울특별시 서초구 서초동 1471-15' (번지) 검색으로 좌표를 찾았습니다.
2025-07-14 21:28:45 | [성공] '서울특별시 성동구 행당동 1-10' (번지) 검색으로 좌표를 찾았습니다.
2025-07-14 21:28:45 | [성공] '서울특별시 성북구 동소문동6가 261' (번지) 검색으로 좌표를 찾았습니다.
2025-07-14 21:28:45 | [성공] '서울특별시 성북구 종암동 3-1507' (번지) 검색으로 좌표를 찾았습니다.
2025-07-14 21:28:46 | [실패] API 검색 결과 없음: '서울특별시 송파구 거여동 35-7' (번지)
2025-07-14 21:28:46 | [실패] API 검색 결과 없음: '서울특별시 송파구 거여동 오금로 529' (도로명)
2025-07-14 21:28:46 | [실패] API 검색 결과 없음: '서울특별시 송파구 오금로 529' ('동'제거 도로명)
2025-07-14 21:28:46 | [성공] '서울특별시 송파구 방이동 177-4' (번지) 검색으로 좌표를 찾았습니다.
2025-07-14 21:28:46 | [성공] '서울특별시 영등포구 당산동 121-60' (번지) 검색으로 좌표를 찾았습니다.
2025-07-14 21:28:46 | [성공] '서울특별시 영등포구 신길동 456-14' (번지) 검색으로 좌표를 찾았습니다.
2025-07-14 21:28:46 | [성공] '서울특별시 용산구 청파동3가 132-68' (번지) 검색으로 좌표를 찾았습니다.
2025-07-14 21:28:46 | [성공] '서울특별시 은평구 갈현동 456-8' (번지) 검색으로 좌표를 찾았습니다.
2025-07-14 21:28:46 | [성공] '서울특별시 은평구 대조동 4-10' (번지) 검색으로 좌표를 찾았습니다.
2025-07-14 21:28:46 | [실패] API 검색 결과 없음: '서울특별시 은평구 수색동 328-3' (번지)
2025-07-14 21:28:46 | [실패] API 검색 결과 없음: '서울특별시 은평구 수색동 수색로20길 7-5' (도로명)
2025-07-14 21:28:46 | [실패] API 검색 결과 없음: '서울특별시 은평구 수색로20길 7-5' ('동'제거 도로명)
2025-07-14 21:28:47 | [실패] API 검색 결과 없음: '서울특별시 은평구 증산동 216-10' (번지)
2025-07-14 21:28:47 | [실패] API 검색 결과 없음: '서울특별시 은평구 증산동 증산로1길 24' (도로명)
2025-07-14 21:28:47 | [실패] API 검색 결과 없음: '서울특별시 은평구 증산로1길 24' ('동'제거 도로명)
2025-07-14 21:28:47 | [성공] '서울특별시 중구 신당동 432-2008' (번지) 검색으로 좌표를 찾았습니다.
2025-07-14 21:28:47 | [성공] '서울특별시 중랑구 상봉동 474-10' (번지) 검색으로 좌표를 찾았습니다.
2025-07-14 21:28:48 | [성공] '서울특별시 강남구 청담동 127-2' (번지) 검색으로 좌표를 찾았습니다.
2025-07-14 21:28:48 | [성공] '서울특별시 강서구 등촌동 637' (번지) 검색으로 좌표를 찾았습니다.
2025-07-14 21:28:48 | [성공] '서울특별시 강서구 화곡동 920-16' (번지) 검색으로 좌표를 찾았습니다.
2025-07-14 21:28:48 | [성공] '서울특별시 구로구 구로동 746-2' (번지) 검색으로 좌표를 찾았습니다.
2025-07-14 21:28:48 | [성공] '서울특별시 구로구 구로동 796-31' (번지) 검색으로 좌표를 찾았습니다.
2025-07-14 21:28:48 | [성공] '서울특별시 구로구 오류동 11-3' (번지) 검색으로 좌표를 찾았습니다.
2025-07-14 21:28:48 | [성공] '서울특별시 노원구 하계동 270' (번지) 검색으로 좌표를 찾았습니다.
2025-07-14 21:28:48 | [성공] '서울특별시 동대문구 장안동 363-11' (번지) 검색으로 좌표를 찾았습니다.
2025-07-14 21:28:48 | [성공] '서울특별시 동작구 상도동 1-5' (번지) 검색으로 좌표를 찾았습니다.
2025-07-14 21:28:48 | [성공] '서울특별시 마포구 성산동 250-43' (번지) 검색으로 좌표를 찾았습니다.
2025-07-14 21:28:48 | [성공] '서울특별시 서대문구 창천동 501-14' (번지) 검색으로 좌표를 찾았습니다.
2025-07-14 21:28:48 | [성공] '서울특별시 서대문구 홍은동 395-1' (번지) 검색으로 좌표를 찾았습니다.
2025-07-14 21:28:49 | [성공] '서울특별시 서대문구 홍제동 322-79' (번지) 검색으로 좌표를 찾았습니다.
2025-07-14 21:28:49 | [성공] '서울특별시 서초구 반포동 104-10' (번지) 검색으로 좌표를 찾았습니다.
2025-07-14 21:28:49 | [성공] '서울특별시 서초구 방배동 1-29' (번지) 검색으로 좌표를 찾았습니다.
2025-07-14 21:28:49 | [성공] '서울특별시 성북구 길음동 1076' (번지) 검색으로 좌표를 찾았습니다.
2025-07-14 21:28:49 | [성공] '서울특별시 용산구 한남동 4-18' (번지) 검색으로 좌표를 찾았습니다.
2025-07-14 21:28:49 | [성공] '서울특별시 은평구 응암동 120-9' (번지) 검색으로 좌표를 찾았습니다.
2025-07-14 21:28:49 | [성공] '서울특별시 종로구 숭인동 569' (번지) 검색으로 좌표를 찾았습니다.
2025-07-14 21:28:49 | [성공] '서울특별시 중구 오장동 90-24' (번지) 검색으로 좌표를 찾았습니다.
2025-07-14 21:28:49 | [성공] '서울특별시 중랑구 상봉동 127-15' (번지) 검색으로 좌표를 찾았습니다.
2025-07-14 21:28:49 | [성공] '서울특별시 관악구 봉천동 924-1' (번지) 검색으로 좌표를 찾았습니다.
2025-07-14 21:28:50 | [성공] '서울특별시 서초구 반포동 100-8' (번지) 검색으로 좌표를 찾았습니다.
2025-07-14 21:28:50 | [성공] '서울특별시 서초구 방배동 12-58' (번지) 검색으로 좌표를 찾았습니다.
2025-07-14 21:28:50 | [성공] '서울특별시 서초구 서초동 1364-37' (번지) 검색으로 좌표를 찾았습니다.
2025-07-14 21:28:51 | [성공] '서울특별시 영등포구 당산동 121-204' (번지) 검색으로 좌표를 찾았습니다.
2025-07-14 21:28:51 | [실패] API 검색 결과 없음: '서울특별시 은평구 응암동 757' (번지)
2025-07-14 21:28:51 | [실패] API 검색 결과 없음: '서울특별시 은평구 응암동 은평로16가길 20-1' (도로명)
2025-07-14 21:28:51 | [성공] '서울특별시 은평구 은평로16가길 20-1' ('동'제거 도로명) 검색으로 좌표를 찾았습니다.
2025-07-14 21:28:51 | [성공] '서울특별시 종로구 낙원동 288' (번지) 검색으로 좌표를 찾았습니다.
2025-07-14 21:28:51 | [성공] '서울특별시 종로구 숭인동 820-1' (번지) 검색으로 좌표를 찾았습니다.
2025-07-14 21:28:51 | [성공] '서울특별시 강남구 대치동 1016-2' (번지) 검색으로 좌표를 찾았습니다.
2025-07-14 21:28:51 | [성공] '서울특별시 강남구 도곡동 183-8' (번지) 검색으로 좌표를 찾았습니다.
2025-07-14 21:28:51 | [성공] '서울특별시 강남구 도곡동 539-5' (번지) 검색으로 좌표를 찾았습니다.
2025-07-14 21:28:51 | [성공] '서울특별시 강남구 역삼동 765-10' (번지) 검색으로 좌표를 찾았습니다.
2025-07-14 21:28:51 | [성공] '서울특별시 강서구 화곡동 143-37' (번지) 검색으로 좌표를 찾았습니다.
2025-07-14 21:28:51 | [성공] '서울특별시 구로구 구로동 743-22' (번지) 검색으로 좌표를 찾았습니다.
2025-07-14 21:28:51 | [성공] '서울특별시 구로구 구로동 792-108' (번지) 검색으로 좌표를 찾았습니다.
2025-07-14 21:28:52 | [성공] '서울특별시 구로구 궁동 178-13' (번지) 검색으로 좌표를 찾았습니다.
2025-07-14 21:28:52 | [실패] API 검색 결과 없음: '서울특별시 마포구 현석동 128-11' (번지)
2025-07-14 21:28:52 | [실패] API 검색 결과 없음: '서울특별시 마포구 현석동 토정로18길 41-1' (도로명)
2025-07-14 21:28:52 | [실패] API 검색 결과 없음: '서울특별시 마포구 토정로18길 41-1' ('동'제거 도로명)
2025-07-14 21:28:52 | [성공] '서울특별시 중구 신당동 217-96' (번지) 검색으로 좌표를 찾았습니다.
2025-07-14 21:28:52 | [성공] '서울특별시 중구 신당동 432-2001' (번지) 검색으로 좌표를 찾았습니다.
2025-07-14 21:28:52 | [성공] '서울특별시 구로구 구로동 752-40' (번지) 검색으로 좌표를 찾았습니다.
2025-07-14 21:28:52 | [성공] '서울특별시 구로구 구로동 780-75' (번지) 검색으로 좌표를 찾았습니다.
2025-07-14 21:28:52 | [성공] '서울특별시 구로구 구로동 792-11' (번지) 검색으로 좌표를 찾았습니다.
2025-07-14 21:28:52 | [성공] '서울특별시 구로구 구로동 792-74' (번지) 검색으로 좌표를 찾았습니다.
2025-07-14 21:28:52 | [성공] '서울특별시 구로구 구로동 794-6' (번지) 검색으로 좌표를 찾았습니다.
2025-07-14 21:28:52 | [성공] '서울특별시 마포구 합정동 371-10' (번지) 검색으로 좌표를 찾았습니다.
2025-07-14 21:28:53 | [성공] '서울특별시 서초구 방배동 980-48' (번지) 검색으로 좌표를 찾았습니다.
2025-07-14 21:28:53 | [성공] '서울특별시 서초구 서초동 1608-8' (번지) 검색으로 좌표를 찾았습니다.
2025-07-14 21:28:53 | [성공] '서울특별시 종로구 사직동 1-8' (번지) 검색으로 좌표를 찾았습니다.
2025-07-14 21:28:53 | [성공] '서울특별시 종로구 창신동 436-64' (번지) 검색으로 좌표를 찾았습니다.
2025-07-14 21:28:53 | [실패] API 검색 결과 없음: '서울특별시 강남구 도곡동 538' (번지)
2025-07-14 21:28:53 | [실패] API 검색 결과 없음: '서울특별시 강남구 역삼동 762' (번지)
2025-07-14 21:28:53 | [성공] '서울특별시 강동구 둔촌동 622-12' (번지) 검색으로 좌표를 찾았습니다.
2025-07-14 21:28:53 | [성공] '서울특별시 강동구 명일동 270' (번지) 검색으로 좌표를 찾았습니다.
2025-07-14 21:28:53 | [성공] '서울특별시 강동구 명일동 15' (번지) 검색으로 좌표를 찾았습니다.
2025-07-14 21:28:53 | [실패] API 검색 결과 없음: '서울특별시 강동구 성내동 547-1' (번지)
2025-07-14 21:28:53 | [실패] API 검색 결과 없음: '서울특별시 강동구 성내동 성내로 74' (도로명)
2025-07-14 21:28:53 | [실패] API 검색 결과 없음: '서울특별시 강동구 성내로 74' ('동'제거 도로명)
2025-07-14 21:28:53 | [성공] '서울특별시 강서구 염창동 270-1' (번지) 검색으로 좌표를 찾았습니다.
2025-07-14 21:28:53 | [성공] '서울특별시 광진구 광장동 567' (번지) 검색으로 좌표를 찾았습니다.
2025-07-14 21:28:54 | [성공] '서울특별시 광진구 광장동 576' (번지) 검색으로 좌표를 찾았습니다.
2025-07-14 21:28:54 | [성공] '서울특별시 광진구 광장동 561' (번지) 검색으로 좌표를 찾았습니다.
2025-07-14 21:28:54 | [성공] '서울특별시 광진구 광장동 148-4' (번지) 검색으로 좌표를 찾았습니다.
2025-07-14 21:28:54 | [성공] '서울특별시 광진구 광장동 566' (번지) 검색으로 좌표를 찾았습니다.
2025-07-14 21:28:54 | [성공] '서울특별시 광진구 광장동 565' (번지) 검색으로 좌표를 찾았습니다.
2025-07-14 21:28:54 | [성공] '서울특별시 광진구 광장동 569' (번지) 검색으로 좌표를 찾았습니다.
2025-07-14 21:28:54 | [성공] '서울특별시 구로구 구로동 796-27' (번지) 검색으로 좌표를 찾았습니다.
2025-07-14 21:28:54 | [성공] '서울특별시 구로구 구로동 800-29' (번지) 검색으로 좌표를 찾았습니다.
2025-07-14 21:28:54 | [성공] '서울특별시 구로구 구로동 799-7' (번지) 검색으로 좌표를 찾았습니다.
2025-07-14 21:28:54 | [실패] API 검색 결과 없음: '서울특별시 금천구 시흥동 789' (번지)
2025-07-14 21:28:54 | [성공] '서울특별시 금천구 시흥동 시흥대로 165' (도로명) 검색으로 좌표를 찾았습니다.
2025-07-14 21:28:54 | [성공] '서울특별시 노원구 상계동 695' (번지) 검색으로 좌표를 찾았습니다.
2025-07-14 21:28:54 | [성공] '서울특별시 노원구 상계동 1055' (번지) 검색으로 좌표를 찾았습니다.
2025-07-14 21:28:55 | [성공] '서울특별시 노원구 상계동 1055' (번지) 검색으로 좌표를 찾았습니다.
2025-07-14 21:28:55 | [성공] '서울특별시 노원구 상계동 624' (번지) 검색으로 좌표를 찾았습니다.
2025-07-14 21:28:55 | [성공] '서울특별시 노원구 상계동 694' (번지) 검색으로 좌표를 찾았습니다.
2025-07-14 21:28:55 | [성공] '서울특별시 노원구 상계동 995' (번지) 검색으로 좌표를 찾았습니다.
2025-07-14 21:28:55 | [성공] '서울특별시 도봉구 도봉동 81-1' (번지) 검색으로 좌표를 찾았습니다.
2025-07-14 21:28:55 | [성공] '서울특별시 도봉구 도봉동 87' (번지) 검색으로 좌표를 찾았습니다.
2025-07-14 21:28:55 | [성공] '서울특별시 도봉구 도봉동 656' (번지) 검색으로 좌표를 찾았습니다.
2025-07-14 21:28:55 | [성공] '서울특별시 도봉구 방학동 274' (번지) 검색으로 좌표를 찾았습니다.
2025-07-14 21:28:55 | [성공] '서울특별시 도봉구 쌍문동 285-5' (번지) 검색으로 좌표를 찾았습니다.
2025-07-14 21:28:55 | [실패] API 검색 결과 없음: '서울특별시 동대문구 답십리동 465-2' (번지)
2025-07-14 21:28:55 | [성공] '서울특별시 동대문구 장안동 344-6' (번지) 검색으로 좌표를 찾았습니다.
2025-07-14 21:28:55 | [성공] '서울특별시 마포구 도화동 550' (번지) 검색으로 좌표를 찾았습니다.
2025-07-14 21:28:55 | [성공] '서울특별시 마포구 도화동 82' (번지) 검색으로 좌표를 찾았습니다.
2025-07-14 21:28:56 | [실패] API 검색 결과 없음: '서울특별시 마포구 토정동 2-4' (번지)
2025-07-14 21:28:56 | [실패] API 검색 결과 없음: '서울특별시 서초구 반포동 30-2' (번지)
2025-07-14 21:28:56 | [성공] '서울특별시 서초구 서초동 1359-50' (번지) 검색으로 좌표를 찾았습니다.
2025-07-14 21:28:56 | [실패] API 검색 결과 없음: '서울특별시 서초구 서초동 1310' (번지)
2025-07-14 21:28:56 | [성공] '서울특별시 서초구 서초동 서운로 ' (도로명) 검색으로 좌표를 찾았습니다.
2025-07-14 21:28:56 | [성공] '서울특별시 서초구 서초동 1436-14' (번지) 검색으로 좌표를 찾았습니다.
2025-07-14 21:28:56 | [성공] '서울특별시 서초구 서초동 1454-29' (번지) 검색으로 좌표를 찾았습니다.
2025-07-14 21:28:56 | [성공] '서울특별시 성동구 성수동1가 656-320' (번지) 검색으로 좌표를 찾았습니다.
2025-07-14 21:28:56 | [성공] '서울특별시 성동구 성수동1가 704' (번지) 검색으로 좌표를 찾았습니다.
2025-07-14 21:28:56 | [성공] '서울특별시 성동구 옥수동 436' (번지) 검색으로 좌표를 찾았습니다.
2025-07-14 21:28:56 | [성공] '서울특별시 성동구 옥수동 100' (번지) 검색으로 좌표를 찾았습니다.
2025-07-14 21:28:56 | [성공] '서울특별시 양천구 목동 925' (번지) 검색으로 좌표를 찾았습니다.
2025-07-14 21:28:56 | [성공] '서울특별시 양천구 목동 933' (번지) 검색으로 좌표를 찾았습니다.
2025-07-14 21:28:56 | [성공] '서울특별시 양천구 신월동 59-7' (번지) 검색으로 좌표를 찾았습니다.
2025-07-14 21:28:57 | [성공] '서울특별시 영등포구 여의도동 38-1' (번지) 검색으로 좌표를 찾았습니다.
2025-07-14 21:28:57 | [성공] '서울특별시 용산구 이촌동 300-301' (번지) 검색으로 좌표를 찾았습니다.
2025-07-14 21:28:57 | [성공] '서울특별시 용산구 이촌동 301-155' (번지) 검색으로 좌표를 찾았습니다.
2025-07-14 21:28:57 | [성공] '서울특별시 용산구 이촌동 412' (번지) 검색으로 좌표를 찾았습니다.
2025-07-14 21:28:57 | [성공] '서울특별시 용산구 이태원동 729' (번지) 검색으로 좌표를 찾았습니다.
2025-07-14 21:28:57 | [성공] '서울특별시 용산구 한남동 1-349' (번지) 검색으로 좌표를 찾았습니다.
2025-07-14 21:28:57 | [성공] '서울특별시 용산구 효창동 5-145' (번지) 검색으로 좌표를 찾았습니다.
2025-07-14 21:28:57 | [성공] '서울특별시 종로구 옥인동 179-3' (번지) 검색으로 좌표를 찾았습니다.
2025-07-14 21:28:57 | [성공] '서울특별시 종로구 창신동 436-64' (번지) 검색으로 좌표를 찾았습니다.
2025-07-14 21:28:57 | [성공] '서울특별시 중랑구 면목동 1522' (번지) 검색으로 좌표를 찾았습니다.
2025-07-14 21:28:57 | [성공] '서울특별시 중랑구 상봉동 484' (번지) 검색으로 좌표를 찾았습니다.
2025-07-14 21:28:57 | [성공] '서울특별시 중랑구 신내동 654' (번지) 검색으로 좌표를 찾았습니다.
2025-07-14 21:28:57 | [성공] '서울특별시 강남구 개포동 12' (번지) 검색으로 좌표를 찾았습니다.
2025-07-14 21:28:57 | [실패] API 검색 결과 없음: '서울특별시 강남구 대치동 633' (번지)
2025-07-14 21:28:58 | [성공] '서울특별시 강남구 도곡동 961' (번지) 검색으로 좌표를 찾았습니다.
2025-07-14 21:28:58 | [실패] API 검색 결과 없음: '서울특별시 강남구 역삼동 763' (번지)
2025-07-14 21:28:58 | [성공] '서울특별시 강동구 둔촌동 613' (번지) 검색으로 좌표를 찾았습니다.
2025-07-14 21:28:58 | [성공] '서울특별시 구로구 구로동 739-6' (번지) 검색으로 좌표를 찾았습니다.
2025-07-14 21:28:59 | [성공] '서울특별시 구로구 구로동 745-35' (번지) 검색으로 좌표를 찾았습니다.
2025-07-14 21:28:59 | [성공] '서울특별시 구로구 구로동 780-42' (번지) 검색으로 좌표를 찾았습니다.
2025-07-14 21:28:59 | [성공] '서울특별시 구로구 구로동 794-32' (번지) 검색으로 좌표를 찾았습니다.
2025-07-14 21:28:59 | [성공] '서울특별시 구로구 구로동 807-39' (번지) 검색으로 좌표를 찾았습니다.
2025-07-14 21:28:59 | [실패] API 검색 결과 없음: '서울특별시 서초구 반포동 16-1' (번지)
2025-07-14 21:28:59 | [성공] '서울특별시 서초구 반포동 신반포로16길 15-20' (도로명) 검색으로 좌표를 찾았습니다.
2025-07-14 21:28:59 | [실패] API 검색 결과 없음: '서울특별시 서초구 서초동 1686-4' (번지)
2025-07-14 21:28:59 | [성공] '서울특별시 서초구 서초동 1326' (번지) 검색으로 좌표를 찾았습니다.
2025-07-14 21:28:59 | [실패] API 검색 결과 없음: '서울특별시 서초구 잠원동 57' (번지)
2025-07-14 21:29:00 | [실패] API 검색 결과 없음: '서울특별시 서초구 잠원동 신반포로 45' (도로명)
2025-07-14 21:29:00 | [실패] API 검색 결과 없음: '서울특별시 서초구 신반포로 45' ('동'제거 도로명)
2025-07-14 21:29:00 | [성공] '서울특별시 송파구 송파동 33' (번지) 검색으로 좌표를 찾았습니다.
2025-07-14 21:29:00 | [실패] API 검색 결과 없음: '서울특별시 용산구 한강로2가 196' (번지)
2025-07-14 21:29:00 | \n최종 결과 업데이트를 시작합니다...
2025-07-14 21:29:00 | 결측치 업데이트 완료!
2025-07-14 21:29:00 | 총 101개 주소의 좌표 검색에 최종 실패했습니다.
2025-07-14 21:35:14 | 총 101개의 검색 실패 행을 '../../data/processed/geocoding/no_search_geocoding_train.csv'에 저장했습니다.
2025-07-14 21:35:14 | 
작업 후 남은 '좌표X'의 결측치 개수: 0
2025-07-14 21:35:14 | 모든 작업이 완료되었습니다. 최종 데이터가 '../../data/processed/geocoding/train_geocoded.csv' 경로에 저장되었습니다.
