2025-07-10 14:44:21 | 총 10개의 API 키 로드 완료.
2025-07-10 14:44:46 | '../data/raw/train.csv'에서 원본 데이터를 로드합니다...
2025-07-10 14:44:49 | 데이터 로드 완료.
2025-07-10 14:44:49 | 좌표X 결측치 개수: 869670
2025-07-10 14:44:49 | 좌표Y 결측치 개수: 869670
2025-07-10 14:44:49 | 좌표X와 좌표Y 모두 결측치인 행 개수: 869670
2025-07-10 14:45:22 | 
총 869670개의 좌표 결측치에 대한 작업을 시작합니다...
2025-07-10 14:45:27 | 모든 행에 '도로명' 또는 '번지' 주소 정보가 존재합니다.
2025-07-10 14:45:27 | 실제 API 호출 대상 고유 주소 개수: 8504
2025-07-10 14:45:38 | def get_coordinates(address, key_index): 주소 정보 존재여부 체크
2025-07-10 14:45:38 | [실패] API 검색 결과 없음: '서울특별시 강남구 개포동 언주로 21'
2025-07-10 14:45:57 | def get_coordinates(address, key_index): 주소 정보 존재여부 체크
2025-07-10 14:45:57 | [실패] API 검색 결과 없음: '서울특별시 강남구 도곡동 남부순환로 2803'
2025-07-10 14:46:04 | def get_coordinates(address, key_index): 주소 정보 존재여부 체크
2025-07-10 14:46:04 | [실패] API 검색 결과 없음: '서울특별시 강남구 삼성동 삼성로 649'
2025-07-10 14:46:11 | def get_coordinates(address, key_index): 주소 정보 존재여부 체크
2025-07-10 14:46:11 | [실패] API 검색 결과 없음: '서울특별시 강남구 역삼동 언주로 406'
2025-07-10 14:46:15 | def get_coordinates(address, key_index): 주소 정보 존재여부 체크
2025-07-10 14:46:15 | [실패] API 검색 결과 없음: '서울특별시 강남구 역삼동 언주로70길 24'
2025-07-10 14:46:16 | def get_coordinates(address, key_index): 주소 정보 존재여부 체크
2025-07-10 14:46:16 | [실패] API 검색 결과 없음: '서울특별시 강남구 역삼동 언주로70길 18-8'
2025-07-10 14:46:16 | def get_coordinates(address, key_index): 주소 정보 존재여부 체크
2025-07-10 14:46:16 | [실패] API 검색 결과 없음: '서울특별시 강남구 일원동 개포로110길 36'
2025-07-10 14:46:35 | def get_coordinates(address, key_index): 주소 정보 존재여부 체크
2025-07-10 14:46:35 | [실패] API 검색 결과 없음: '서울특별시 강동구 상일동 상일로11길 25'
2025-07-10 14:46:47 | def get_coordinates(address, key_index): 주소 정보 존재여부 체크
2025-07-10 14:46:47 | [실패] API 검색 결과 없음: '서울특별시 강동구 암사동 고덕로25길 13-11'
2025-07-10 14:46:54 | def get_coordinates(address, key_index): 주소 정보 존재여부 체크
2025-07-10 14:46:54 | [실패] API 검색 결과 없음: '서울특별시 강동구 천호동 진황도로 12'
2025-07-10 14:46:56 | def get_coordinates(address, key_index): 주소 정보 존재여부 체크
2025-07-10 14:46:56 | [실패] API 검색 결과 없음: '서울특별시 강동구 천호동 진황도로 18'
2025-07-10 14:47:15 | 
--- 1000개 처리 완료. 체크포인트를 저장합니다 ---
2025-07-10 14:47:29 | 체크포인트 저장 완료: '../data/processed/train_geocoded_checkpoint.csv'
2025-07-10 14:47:31 | def get_coordinates(address, key_index): 주소 정보 존재여부 체크
2025-07-10 14:47:31 | [실패] API 검색 결과 없음: '서울특별시 강서구 방화동 양천로30길 98'
2025-07-10 14:47:31 | def get_coordinates(address, key_index): 주소 정보 존재여부 체크
2025-07-10 14:47:31 | [실패] API 검색 결과 없음: '서울특별시 강서구 방화동 방화대로34길 62'
2025-07-10 14:47:32 | def get_coordinates(address, key_index): 주소 정보 존재여부 체크
2025-07-10 14:47:32 | [실패] API 검색 결과 없음: '서울특별시 강서구 방화동 양천로30길 108'
2025-07-10 14:47:32 | def get_coordinates(address, key_index): 주소 정보 존재여부 체크
2025-07-10 14:47:32 | [실패] API 검색 결과 없음: '서울특별시 강서구 방화동 양천로26길 38'
2025-07-10 14:47:32 | def get_coordinates(address, key_index): 주소 정보 존재여부 체크
2025-07-10 14:47:32 | [실패] API 검색 결과 없음: '서울특별시 강서구 방화동 방화대로44길 42'
2025-07-10 14:47:32 | def get_coordinates(address, key_index): 주소 정보 존재여부 체크
2025-07-10 14:47:32 | [실패] API 검색 결과 없음: '서울특별시 강서구 방화동 방화대로34길 110'
2025-07-10 14:47:32 | def get_coordinates(address, key_index): 주소 정보 존재여부 체크
2025-07-10 14:47:32 | [실패] API 검색 결과 없음: '서울특별시 강서구 방화동 방화대로40길 66'
2025-07-10 14:47:34 | def get_coordinates(address, key_index): 주소 정보 존재여부 체크
2025-07-10 14:47:34 | [실패] API 검색 결과 없음: '서울특별시 강서구 방화동 양천로 128'
2025-07-10 14:47:34 | def get_coordinates(address, key_index): 주소 정보 존재여부 체크
2025-07-10 14:47:34 | [실패] API 검색 결과 없음: '서울특별시 강서구 방화동 양천로 132'
2025-07-10 14:47:37 | def get_coordinates(address, key_index): 주소 정보 존재여부 체크
2025-07-10 14:47:37 | [실패] API 검색 결과 없음: '서울특별시 강서구 염창동 공항대로 559'
2025-07-10 14:47:59 | def get_coordinates(address, key_index): 주소 정보 존재여부 체크
2025-07-10 14:47:59 | [실패] API 검색 결과 없음: '서울특별시 관악구 봉천동 구암길 95'
2025-07-10 14:48:19 | def get_coordinates(address, key_index): 주소 정보 존재여부 체크
2025-07-10 14:48:19 | [실패] API 검색 결과 없음: '서울특별시 광진구 자양동 뚝섬로 45'
2025-07-10 14:48:24 | def get_coordinates(address, key_index): 주소 정보 존재여부 체크
2025-07-10 14:48:24 | [실패] API 검색 결과 없음: '서울특별시 구로구 개봉동 개봉로3가길 88-41'
2025-07-10 14:48:24 | def get_coordinates(address, key_index): 주소 정보 존재여부 체크
2025-07-10 14:48:24 | [실패] API 검색 결과 없음: '서울특별시 구로구 개봉동 남부순환로97길 30'
2025-07-10 14:48:40 | def get_coordinates(address, key_index): 주소 정보 존재여부 체크
2025-07-10 14:48:40 | [실패] API 검색 결과 없음: '서울특별시 구로구 구로동 구일로 18'
2025-07-10 14:48:46 | def get_coordinates(address, key_index): 주소 정보 존재여부 체크
2025-07-10 14:48:46 | [실패] API 검색 결과 없음: '서울특별시 구로구 오류동 천왕로 91'
2025-07-10 14:48:51 | 
--- 2000개 처리 완료. 체크포인트를 저장합니다 ---
2025-07-10 14:49:05 | 체크포인트 저장 완료: '../data/processed/train_geocoded_checkpoint.csv'
2025-07-10 14:49:09 | def get_coordinates(address, key_index): 주소 정보 존재여부 체크
2025-07-10 14:49:09 | [실패] API 검색 결과 없음: '서울특별시 금천구 시흥동 탑골로3길 50'
2025-07-10 14:49:10 | def get_coordinates(address, key_index): 주소 정보 존재여부 체크
2025-07-10 14:49:10 | [실패] API 검색 결과 없음: '서울특별시 노원구 공릉동 노원로1길 103'
2025-07-10 14:49:14 | def get_coordinates(address, key_index): 주소 정보 존재여부 체크
2025-07-10 14:49:14 | [실패] API 검색 결과 없음: '서울특별시 노원구 공릉동 공릉로34길 74'
2025-07-10 14:49:14 | def get_coordinates(address, key_index): 주소 정보 존재여부 체크
2025-07-10 14:49:14 | [실패] API 검색 결과 없음: '서울특별시 노원구 상계동 덕릉로98길 15'
2025-07-10 14:49:15 | def get_coordinates(address, key_index): 주소 정보 존재여부 체크
2025-07-10 14:49:15 | [실패] API 검색 결과 없음: '서울특별시 노원구 상계동 덕릉로106길 20-3'
2025-07-10 14:49:24 | def get_coordinates(address, key_index): 주소 정보 존재여부 체크
2025-07-10 14:49:24 | [실패] API 검색 결과 없음: '서울특별시 노원구 월계동 화랑로43길 34'
2025-07-10 14:49:47 | def get_coordinates(address, key_index): 주소 정보 존재여부 체크
2025-07-10 14:49:47 | [실패] API 검색 결과 없음: '서울특별시 동대문구 장안동 한천로24길 74-11'
2025-07-10 14:49:56 | def get_coordinates(address, key_index): 주소 정보 존재여부 체크
2025-07-10 14:49:56 | [실패] API 검색 결과 없음: '서울특별시 동대문구 제기동 정릉천동로 100'
2025-07-10 14:49:59 | def get_coordinates(address, key_index): 주소 정보 존재여부 체크
2025-07-10 14:49:59 | [실패] API 검색 결과 없음: '서울특별시 동작구 노량진동 만양로 26'
2025-07-10 14:49:59 | def get_coordinates(address, key_index): 주소 정보 존재여부 체크
2025-07-10 14:49:59 | [실패] API 검색 결과 없음: '서울특별시 동작구 노량진동 장승배기로17길 31'
2025-07-10 14:49:59 | def get_coordinates(address, key_index): 주소 정보 존재여부 체크
2025-07-10 14:49:59 | [실패] API 검색 결과 없음: '서울특별시 동작구 노량진동 장승배기로13길 46'
2025-07-10 14:49:59 | def get_coordinates(address, key_index): 주소 정보 존재여부 체크
2025-07-10 14:49:59 | [실패] API 검색 결과 없음: '서울특별시 동작구 노량진동 장승배기로17길 32'
2025-07-10 14:50:11 | def get_coordinates(address, key_index): 주소 정보 존재여부 체크
2025-07-10 14:50:11 | [실패] API 검색 결과 없음: '서울특별시 동작구 흑석동 현충로10길 42'
2025-07-10 14:50:12 | def get_coordinates(address, key_index): 주소 정보 존재여부 체크
2025-07-10 14:50:12 | [실패] API 검색 결과 없음: '서울특별시 동작구 흑석동 서달로1길 8-6'
2025-07-10 14:50:23 | def get_coordinates(address, key_index): 주소 정보 존재여부 체크
2025-07-10 14:50:23 | [실패] API 검색 결과 없음: '서울특별시 마포구 아현동 마포대로19길 8'
2025-07-10 14:50:24 | 
--- 3000개 처리 완료. 체크포인트를 저장합니다 ---
2025-07-10 14:50:39 | 체크포인트 저장 완료: '../data/processed/train_geocoded_checkpoint.csv'
2025-07-10 14:50:43 | def get_coordinates(address, key_index): 주소 정보 존재여부 체크
2025-07-10 14:50:43 | [실패] API 검색 결과 없음: '서울특별시 서대문구 냉천동 독립문로8길 141'
2025-07-10 14:51:08 | def get_coordinates(address, key_index): 주소 정보 존재여부 체크
2025-07-10 14:51:08 | [실패] API 검색 결과 없음: '서울특별시 서초구 반포동 신반포로 137'
2025-07-10 14:51:09 | def get_coordinates(address, key_index): 주소 정보 존재여부 체크
2025-07-10 14:51:09 | [실패] API 검색 결과 없음: '서울특별시 서초구 반포동 신반포로 9'
2025-07-10 14:51:09 | def get_coordinates(address, key_index): 주소 정보 존재여부 체크
2025-07-10 14:51:09 | [실패] API 검색 결과 없음: '서울특별시 서초구 반포동 신반포로 45'
2025-07-10 14:51:11 | def get_coordinates(address, key_index): 주소 정보 존재여부 체크
2025-07-10 14:51:11 | [실패] API 검색 결과 없음: '서울특별시 서초구 반포동 신반포로 32'
2025-07-10 14:51:12 | def get_coordinates(address, key_index): 주소 정보 존재여부 체크
2025-07-10 14:51:12 | [실패] API 검색 결과 없음: '서울특별시 서초구 반포동 신반포로15길 5'
2025-07-10 14:51:12 | def get_coordinates(address, key_index): 주소 정보 존재여부 체크
2025-07-10 14:51:12 | [실패] API 검색 결과 없음: '서울특별시 서초구 반포동 신반포로19길 10'
2025-07-10 14:51:19 | def get_coordinates(address, key_index): 주소 정보 존재여부 체크
2025-07-10 14:51:19 | [실패] API 검색 결과 없음: '서울특별시 서초구 방배동 효령로34길 79'
2025-07-10 14:51:20 | def get_coordinates(address, key_index): 주소 정보 존재여부 체크
2025-07-10 14:51:20 | [실패] API 검색 결과 없음: '서울특별시 서초구 방배동 남부순환로289길 16'
2025-07-10 14:51:20 | def get_coordinates(address, key_index): 주소 정보 존재여부 체크
2025-07-10 14:51:20 | [실패] API 검색 결과 없음: '서울특별시 서초구 방배동 방배중앙로 51'
2025-07-10 14:51:21 | def get_coordinates(address, key_index): 주소 정보 존재여부 체크
2025-07-10 14:51:21 | [실패] API 검색 결과 없음: '서울특별시 서초구 방배동 방배중앙로9길 29'
2025-07-10 14:51:38 | def get_coordinates(address, key_index): 주소 정보 존재여부 체크
2025-07-10 14:51:38 | [실패] API 검색 결과 없음: '서울특별시 서초구 잠원동 잠원로4길 34-11'
2025-07-10 14:51:40 | def get_coordinates(address, key_index): 주소 정보 존재여부 체크
2025-07-10 14:51:40 | [실패] API 검색 결과 없음: '서울특별시 서초구 잠원동 나루터로4길 39'
2025-07-10 14:51:40 | def get_coordinates(address, key_index): 주소 정보 존재여부 체크
2025-07-10 14:51:40 | [실패] API 검색 결과 없음: '서울특별시 서초구 잠원동 나루터로4길 61'
2025-07-10 14:51:40 | def get_coordinates(address, key_index): 주소 정보 존재여부 체크
2025-07-10 14:51:40 | [실패] API 검색 결과 없음: '서울특별시 서초구 잠원동 신반포로23길 31'
2025-07-10 14:51:40 | def get_coordinates(address, key_index): 주소 정보 존재여부 체크
2025-07-10 14:51:40 | [실패] API 검색 결과 없음: '서울특별시 서초구 잠원동 나루터로4길 49'
2025-07-10 14:51:40 | def get_coordinates(address, key_index): 주소 정보 존재여부 체크
2025-07-10 14:51:40 | [실패] API 검색 결과 없음: '서울특별시 서초구 잠원동 신반포로 267'
2025-07-10 14:51:40 | def get_coordinates(address, key_index): 주소 정보 존재여부 체크
2025-07-10 14:51:40 | [실패] API 검색 결과 없음: '서울특별시 서초구 잠원동 잠원로 86'
2025-07-10 14:51:41 | def get_coordinates(address, key_index): 주소 정보 존재여부 체크
2025-07-10 14:51:41 | [실패] API 검색 결과 없음: '서울특별시 서초구 잠원동 나루터로4길 28'
2025-07-10 14:51:41 | def get_coordinates(address, key_index): 주소 정보 존재여부 체크
2025-07-10 14:51:41 | [실패] API 검색 결과 없음: '서울특별시 서초구 잠원동 신반포로33길 30'
2025-07-10 14:51:41 | def get_coordinates(address, key_index): 주소 정보 존재여부 체크
2025-07-10 14:51:41 | [실패] API 검색 결과 없음: '서울특별시 서초구 잠원동 신반포로23길 5'
2025-07-10 14:51:43 | def get_coordinates(address, key_index): 주소 정보 존재여부 체크
2025-07-10 14:51:43 | [실패] API 검색 결과 없음: '서울특별시 성동구 금호동2가 동호로 100'
2025-07-10 14:51:45 | def get_coordinates(address, key_index): 주소 정보 존재여부 체크
2025-07-10 14:51:45 | [실패] API 검색 결과 없음: '서울특별시 성동구 상왕십리동 왕십리로 410'
2025-07-10 14:51:46 | def get_coordinates(address, key_index): 주소 정보 존재여부 체크
2025-07-10 14:51:46 | [실패] API 검색 결과 없음: '서울특별시 성동구 성수동1가 왕십리로 66-15'
2025-07-10 14:51:53 | def get_coordinates(address, key_index): 주소 정보 존재여부 체크
2025-07-10 14:51:53 | [실패] API 검색 결과 없음: '서울특별시 성북구 길음동 동소문로43길 47'
2025-07-10 14:51:55 | def get_coordinates(address, key_index): 주소 정보 존재여부 체크
2025-07-10 14:51:55 | [실패] API 검색 결과 없음: '서울특별시 성북구 동소문동7가 동소문로13길 84'
2025-07-10 14:51:57 | def get_coordinates(address, key_index): 주소 정보 존재여부 체크
2025-07-10 14:51:57 | [실패] API 검색 결과 없음: '서울특별시 성북구 안암동1가 인촌로17가길 64'
2025-07-10 14:51:58 | def get_coordinates(address, key_index): 주소 정보 존재여부 체크
2025-07-10 14:51:58 | [실패] API 검색 결과 없음: '서울특별시 성북구 장위동 장위로 122-3'
2025-07-10 14:52:07 | def get_coordinates(address, key_index): 주소 정보 존재여부 체크
2025-07-10 14:52:07 | [실패] API 검색 결과 없음: '서울특별시 송파구 가락동 오금로40길 8'
2025-07-10 14:52:08 | def get_coordinates(address, key_index): 주소 정보 존재여부 체크
2025-07-10 14:52:08 | [실패] API 검색 결과 없음: '서울특별시 송파구 거여동 오금로61길 24'
2025-07-10 14:52:08 | 
--- 4000개 처리 완료. 체크포인트를 저장합니다 ---
2025-07-10 14:52:23 | 체크포인트 저장 완료: '../data/processed/train_geocoded_checkpoint.csv'
2025-07-10 14:52:34 | def get_coordinates(address, key_index): 주소 정보 존재여부 체크
2025-07-10 14:52:34 | [실패] API 검색 결과 없음: '서울특별시 송파구 신천동 올림픽로 399'
2025-07-10 14:52:34 | def get_coordinates(address, key_index): 주소 정보 존재여부 체크
2025-07-10 14:52:34 | [실패] API 검색 결과 없음: '서울특별시 송파구 신천동 올림픽로33길 1'
2025-07-10 14:52:36 | def get_coordinates(address, key_index): 주소 정보 존재여부 체크
2025-07-10 14:52:36 | [실패] API 검색 결과 없음: '서울특별시 송파구 오금동 성내천로6길 1-13'
2025-07-10 14:53:13 | def get_coordinates(address, key_index): 주소 정보 존재여부 체크
2025-07-10 14:53:13 | [실패] API 검색 결과 없음: '서울특별시 영등포구 당산동5가 당산로42길 25'
2025-07-10 14:53:26 | def get_coordinates(address, key_index): 주소 정보 존재여부 체크
2025-07-10 14:53:26 | [실패] API 검색 결과 없음: '서울특별시 용산구 문배동 백범로 341'
2025-07-10 14:53:33 | def get_coordinates(address, key_index): 주소 정보 존재여부 체크
2025-07-10 14:53:33 | [실패] API 검색 결과 없음: '서울특별시 용산구 한강로1가  174-2'
2025-07-10 14:53:40 | def get_coordinates(address, key_index): 주소 정보 존재여부 체크
2025-07-10 14:53:40 | [실패] API 검색 결과 없음: '서울특별시 은평구 갈현동 연서로17길 12'
2025-07-10 14:53:40 | def get_coordinates(address, key_index): 주소 정보 존재여부 체크
2025-07-10 14:53:40 | [실패] API 검색 결과 없음: '서울특별시 은평구 갈현동 연서로19길 9'
2025-07-10 14:53:43 | 
--- 5000개 처리 완료. 체크포인트를 저장합니다 ---
2025-07-10 14:53:58 | 체크포인트 저장 완료: '../data/processed/train_geocoded_checkpoint.csv'
2025-07-10 14:54:02 | def get_coordinates(address, key_index): 주소 정보 존재여부 체크
2025-07-10 14:54:02 | [실패] API 검색 결과 없음: '서울특별시 은평구 대조동 통일로71가길 17-4'
2025-07-10 14:54:03 | def get_coordinates(address, key_index): 주소 정보 존재여부 체크
2025-07-10 14:54:03 | [실패] API 검색 결과 없음: '서울특별시 은평구 불광동 통일로78길 5-5'
2025-07-10 14:54:04 | def get_coordinates(address, key_index): 주소 정보 존재여부 체크
2025-07-10 14:54:04 | [실패] API 검색 결과 없음: '서울특별시 은평구 수색동 수색로 217-1'
2025-07-10 14:54:04 | def get_coordinates(address, key_index): 주소 정보 존재여부 체크
2025-07-10 14:54:04 | [실패] API 검색 결과 없음: '서울특별시 은평구 수색동 수색로18길 19-8'
2025-07-10 14:54:04 | def get_coordinates(address, key_index): 주소 정보 존재여부 체크
2025-07-10 14:54:04 | [실패] API 검색 결과 없음: '서울특별시 은평구 수색동 은평터널로 14'
2025-07-10 14:54:05 | def get_coordinates(address, key_index): 주소 정보 존재여부 체크
2025-07-10 14:54:05 | [실패] API 검색 결과 없음: '서울특별시 은평구 수색동 수색로18길 27-5'
2025-07-10 14:54:05 | def get_coordinates(address, key_index): 주소 정보 존재여부 체크
2025-07-10 14:54:05 | [실패] API 검색 결과 없음: '서울특별시 은평구 수색동 수색로18길 45-15'
2025-07-10 14:54:16 | def get_coordinates(address, key_index): 주소 정보 존재여부 체크
2025-07-10 14:54:16 | [실패] API 검색 결과 없음: '서울특별시 은평구 증산동 증산로1길 24-5'
2025-07-10 14:54:27 | def get_coordinates(address, key_index): 주소 정보 존재여부 체크
2025-07-10 14:54:27 | [실패] API 검색 결과 없음: '서울특별시 종로구 평창동 평창문화로 171'
2025-07-10 14:54:28 | def get_coordinates(address, key_index): 주소 정보 존재여부 체크
2025-07-10 14:54:28 | [실패] API 검색 결과 없음: '서울특별시 종로구 평창동 세검정로 384-13'
2025-07-10 14:54:44 | def get_coordinates(address, key_index): 주소 정보 존재여부 체크
2025-07-10 14:54:44 | [실패] API 검색 결과 없음: '서울특별시 중랑구 상봉동 신내로7길 20'
2025-07-10 14:54:49 | def get_coordinates(address, key_index): 주소 정보 존재여부 체크
2025-07-10 14:54:49 | [실패] API 검색 결과 없음: '서울특별시 중랑구 중화동 봉화산로1길 16'
2025-07-10 14:54:52 | def get_coordinates(address, key_index): 주소 정보 존재여부 체크
2025-07-10 14:54:52 | [실패] API 검색 결과 없음: '서울특별시 강남구 대치동 남부순환로 2914'
2025-07-10 14:54:52 | def get_coordinates(address, key_index): 주소 정보 존재여부 체크
2025-07-10 14:54:52 | [실패] API 검색 결과 없음: '서울특별시 강남구 대치동 남부순환로395길 30'
2025-07-10 14:54:52 | def get_coordinates(address, key_index): 주소 정보 존재여부 체크
2025-07-10 14:54:52 | [실패] API 검색 결과 없음: '서울특별시 강남구 대치동 남부순환로395길 11'
2025-07-10 14:54:53 | def get_coordinates(address, key_index): 주소 정보 존재여부 체크
2025-07-10 14:54:53 | [실패] API 검색 결과 없음: '서울특별시 강남구 대치동 남부순환로395길 12'
2025-07-10 14:54:53 | def get_coordinates(address, key_index): 주소 정보 존재여부 체크
2025-07-10 14:54:53 | [실패] API 검색 결과 없음: '서울특별시 강남구 대치동 삼성로51길 58'
2025-07-10 14:54:53 | def get_coordinates(address, key_index): 주소 정보 존재여부 체크
2025-07-10 14:54:53 | [실패] API 검색 결과 없음: '서울특별시 강남구 대치동 남부순환로 3032'
2025-07-10 14:54:53 | def get_coordinates(address, key_index): 주소 정보 존재여부 체크
2025-07-10 14:54:53 | [실패] API 검색 결과 없음: '서울특별시 강남구 도곡동 남부순환로365길 16'
2025-07-10 14:54:53 | def get_coordinates(address, key_index): 주소 정보 존재여부 체크
2025-07-10 14:54:53 | [실패] API 검색 결과 없음: '서울특별시 강남구 도곡동 논현로58길 20'
2025-07-10 14:54:53 | def get_coordinates(address, key_index): 주소 정보 존재여부 체크
2025-07-10 14:54:53 | [실패] API 검색 결과 없음: '서울특별시 강남구 도곡동 남부순환로 2804'
2025-07-10 14:54:53 | def get_coordinates(address, key_index): 주소 정보 존재여부 체크
2025-07-10 14:54:53 | [실패] API 검색 결과 없음: '서울특별시 강남구 도곡동 남부순환로365길 42'
2025-07-10 14:54:55 | def get_coordinates(address, key_index): 주소 정보 존재여부 체크
2025-07-10 14:54:55 | [실패] API 검색 결과 없음: '서울특별시 강남구 역삼동 선릉로85길 18'
2025-07-10 14:54:56 | def get_coordinates(address, key_index): 주소 정보 존재여부 체크
2025-07-10 14:54:56 | [실패] API 검색 결과 없음: '서울특별시 강남구 일원동 광평로9길 34'
2025-07-10 14:54:56 | def get_coordinates(address, key_index): 주소 정보 존재여부 체크
2025-07-10 14:54:56 | [실패] API 검색 결과 없음: '서울특별시 강남구 일원동 개포로110길 46'
2025-07-10 14:54:56 | def get_coordinates(address, key_index): 주소 정보 존재여부 체크
2025-07-10 14:54:56 | [실패] API 검색 결과 없음: '서울특별시 강남구 청담동 선릉로190길 120'
2025-07-10 14:54:57 | def get_coordinates(address, key_index): 주소 정보 존재여부 체크
2025-07-10 14:54:57 | [실패] API 검색 결과 없음: '서울특별시 강남구 청담동 압구정로73길 30'
2025-07-10 14:54:57 | def get_coordinates(address, key_index): 주소 정보 존재여부 체크
2025-07-10 14:54:57 | [실패] API 검색 결과 없음: '서울특별시 강동구 고덕동 아리수로50길 85'
2025-07-10 14:54:57 | def get_coordinates(address, key_index): 주소 정보 존재여부 체크
2025-07-10 14:54:57 | [실패] API 검색 결과 없음: '서울특별시 강동구 고덕동 아리수로50길 38'
2025-07-10 14:54:57 | def get_coordinates(address, key_index): 주소 정보 존재여부 체크
2025-07-10 14:54:57 | [실패] API 검색 결과 없음: '서울특별시 강동구 고덕동 아리수로50길 82'
2025-07-10 14:54:57 | def get_coordinates(address, key_index): 주소 정보 존재여부 체크
2025-07-10 14:54:57 | [실패] API 검색 결과 없음: '서울특별시 강동구 고덕동 동남로82길 94-43'
2025-07-10 14:54:57 | def get_coordinates(address, key_index): 주소 정보 존재여부 체크
2025-07-10 14:54:57 | [실패] API 검색 결과 없음: '서울특별시 강동구 고덕동 고덕로 313'
2025-07-10 14:54:57 | def get_coordinates(address, key_index): 주소 정보 존재여부 체크
2025-07-10 14:54:57 | [실패] API 검색 결과 없음: '서울특별시 강동구 고덕동 고덕로79길 18'
2025-07-10 14:54:59 | def get_coordinates(address, key_index): 주소 정보 존재여부 체크
2025-07-10 14:54:59 | [실패] API 검색 결과 없음: '서울특별시 강동구 명일동 양재대로 1656'
2025-07-10 14:54:59 | def get_coordinates(address, key_index): 주소 정보 존재여부 체크
2025-07-10 14:54:59 | [실패] API 검색 결과 없음: '서울특별시 강동구 상일동 고덕로80길 13'
2025-07-10 14:54:59 | def get_coordinates(address, key_index): 주소 정보 존재여부 체크
2025-07-10 14:54:59 | [실패] API 검색 결과 없음: '서울특별시 강동구 상일동 상일로11길 95'
2025-07-10 14:55:00 | def get_coordinates(address, key_index): 주소 정보 존재여부 체크
2025-07-10 14:55:00 | [실패] API 검색 결과 없음: '서울특별시 강동구 상일동 상암로79길 62'
2025-07-10 14:55:00 | def get_coordinates(address, key_index): 주소 정보 존재여부 체크
2025-07-10 14:55:00 | [실패] API 검색 결과 없음: '서울특별시 강동구 천호동 천중로5길 47'
2025-07-10 14:55:02 | def get_coordinates(address, key_index): 주소 정보 존재여부 체크
2025-07-10 14:55:02 | [실패] API 검색 결과 없음: '서울특별시 강서구 염창동 공항대로69길 29-10'
2025-07-10 14:55:04 | def get_coordinates(address, key_index): 주소 정보 존재여부 체크
2025-07-10 14:55:04 | [실패] API 검색 결과 없음: '서울특별시 강서구 화곡동 월정로20길 82-8'
2025-07-10 14:55:14 | def get_coordinates(address, key_index): 주소 정보 존재여부 체크
2025-07-10 14:55:14 | [실패] API 검색 결과 없음: '서울특별시 구로구 천왕동 오리로13길 105'
2025-07-10 14:55:16 | def get_coordinates(address, key_index): 주소 정보 존재여부 체크
2025-07-10 14:55:16 | [실패] API 검색 결과 없음: '서울특별시 노원구 상계동 노원로38길 46'
2025-07-10 14:55:16 | def get_coordinates(address, key_index): 주소 정보 존재여부 체크
2025-07-10 14:55:16 | [실패] API 검색 결과 없음: '서울특별시 노원구 중계동 중계로14길 22'
2025-07-10 14:55:16 | def get_coordinates(address, key_index): 주소 정보 존재여부 체크
2025-07-10 14:55:16 | [실패] API 검색 결과 없음: '서울특별시 도봉구 도봉동 도봉로169라길 77'
2025-07-10 14:55:17 | def get_coordinates(address, key_index): 주소 정보 존재여부 체크
2025-07-10 14:55:17 | [실패] API 검색 결과 없음: '서울특별시 도봉구 쌍문동 도봉로127길 71'
2025-07-10 14:55:20 | def get_coordinates(address, key_index): 주소 정보 존재여부 체크
2025-07-10 14:55:20 | [실패] API 검색 결과 없음: '서울특별시 동작구 상도동 상도로 253'
2025-07-10 14:55:21 | def get_coordinates(address, key_index): 주소 정보 존재여부 체크
2025-07-10 14:55:21 | [실패] API 검색 결과 없음: '서울특별시 동작구 흑석동 현충로 50'
2025-07-10 14:55:21 | def get_coordinates(address, key_index): 주소 정보 존재여부 체크
2025-07-10 14:55:21 | [실패] API 검색 결과 없음: '서울특별시 마포구 상암동 매봉산로 8'
2025-07-10 14:55:21 | 
--- 6000개 처리 완료. 체크포인트를 저장합니다 ---
2025-07-10 14:55:37 | 체크포인트 저장 완료: '../data/processed/train_geocoded_checkpoint.csv'
2025-07-10 14:55:38 | def get_coordinates(address, key_index): 주소 정보 존재여부 체크
2025-07-10 14:55:38 | [실패] API 검색 결과 없음: '서울특별시 마포구 용강동 큰우물로 50'
2025-07-10 14:55:38 | def get_coordinates(address, key_index): 주소 정보 존재여부 체크
2025-07-10 14:55:38 | [실패] API 검색 결과 없음: '서울특별시 마포구 현석동 토정로18길 41'
2025-07-10 14:55:39 | def get_coordinates(address, key_index): 주소 정보 존재여부 체크
2025-07-10 14:55:39 | [실패] API 검색 결과 없음: '서울특별시 서대문구 북아현동 북아현로1가길 23'
2025-07-10 14:55:39 | def get_coordinates(address, key_index): 주소 정보 존재여부 체크
2025-07-10 14:55:39 | [실패] API 검색 결과 없음: '서울특별시 서대문구 연희동 홍제천로 128-5'
2025-07-10 14:55:40 | def get_coordinates(address, key_index): 주소 정보 존재여부 체크
2025-07-10 14:55:40 | [실패] API 검색 결과 없음: '서울특별시 서대문구 연희동 홍제천로 120'
2025-07-10 14:55:41 | def get_coordinates(address, key_index): 주소 정보 존재여부 체크
2025-07-10 14:55:41 | [실패] API 검색 결과 없음: '서울특별시 서초구 반포동 사평대로 310-8'
2025-07-10 14:55:42 | def get_coordinates(address, key_index): 주소 정보 존재여부 체크
2025-07-10 14:55:42 | [실패] API 검색 결과 없음: '서울특별시 서초구 반포동 고무래로 79'
2025-07-10 14:55:42 | def get_coordinates(address, key_index): 주소 정보 존재여부 체크
2025-07-10 14:55:42 | [실패] API 검색 결과 없음: '서울특별시 서초구 반포동 신반포로3길 14'
2025-07-10 14:55:50 | def get_coordinates(address, key_index): 주소 정보 존재여부 체크
2025-07-10 14:55:50 | [실패] API 검색 결과 없음: '서울특별시 서초구 서초동 서운로 211'
2025-07-10 14:55:50 | def get_coordinates(address, key_index): 주소 정보 존재여부 체크
2025-07-10 14:55:50 | [실패] API 검색 결과 없음: '서울특별시 서초구 서초동 서운로 208'
2025-07-10 14:55:52 | def get_coordinates(address, key_index): 주소 정보 존재여부 체크
2025-07-10 14:55:52 | [실패] API 검색 결과 없음: '서울특별시 서초구 서초동 사임당로 169'
2025-07-10 14:55:53 | def get_coordinates(address, key_index): 주소 정보 존재여부 체크
2025-07-10 14:55:53 | [실패] API 검색 결과 없음: '서울특별시 서초구 잠원동 잠원로8길 25'
2025-07-10 14:55:53 | def get_coordinates(address, key_index): 주소 정보 존재여부 체크
2025-07-10 14:55:53 | [실패] API 검색 결과 없음: '서울특별시 서초구 잠원동 잠원로12길 5'
2025-07-10 14:55:53 | def get_coordinates(address, key_index): 주소 정보 존재여부 체크
2025-07-10 14:55:53 | [실패] API 검색 결과 없음: '서울특별시 서초구 잠원동 잠원로 195'
2025-07-10 14:55:54 | def get_coordinates(address, key_index): 주소 정보 존재여부 체크
2025-07-10 14:55:54 | [실패] API 검색 결과 없음: '서울특별시 서초구 잠원동 잠원로12길 13'
2025-07-10 14:55:54 | def get_coordinates(address, key_index): 주소 정보 존재여부 체크
2025-07-10 14:55:54 | [실패] API 검색 결과 없음: '서울특별시 서초구 잠원동 잠원로 127'
2025-07-10 14:55:54 | def get_coordinates(address, key_index): 주소 정보 존재여부 체크
2025-07-10 14:55:54 | [실패] API 검색 결과 없음: '서울특별시 서초구 잠원동 신반포로 171'
2025-07-10 14:55:54 | def get_coordinates(address, key_index): 주소 정보 존재여부 체크
2025-07-10 14:55:54 | [실패] API 검색 결과 없음: '서울특별시 서초구 잠원동 잠원로 62'
2025-07-10 14:55:55 | def get_coordinates(address, key_index): 주소 정보 존재여부 체크
2025-07-10 14:55:55 | [실패] API 검색 결과 없음: '서울특별시 성동구 성수동1가 왕십리로 85'
2025-07-10 14:55:55 | def get_coordinates(address, key_index): 주소 정보 존재여부 체크
2025-07-10 14:55:55 | [실패] API 검색 결과 없음: '서울특별시 성동구 성수동1가 상원길 15'
2025-07-10 14:55:55 | def get_coordinates(address, key_index): 주소 정보 존재여부 체크
2025-07-10 14:55:55 | [실패] API 검색 결과 없음: '서울특별시 성북구 길음동 동소문로43길 33'
2025-07-10 14:55:58 | def get_coordinates(address, key_index): 주소 정보 존재여부 체크
2025-07-10 14:55:58 | [실패] API 검색 결과 없음: '서울특별시 송파구 가락동 동남로18길 44'
2025-07-10 14:55:58 | def get_coordinates(address, key_index): 주소 정보 존재여부 체크
2025-07-10 14:55:58 | [실패] API 검색 결과 없음: '서울특별시 송파구 거여동 오금로 553'
2025-07-10 14:55:58 | def get_coordinates(address, key_index): 주소 정보 존재여부 체크
2025-07-10 14:55:58 | [실패] API 검색 결과 없음: '서울특별시 송파구 거여동 마천로 320'
2025-07-10 14:55:58 | def get_coordinates(address, key_index): 주소 정보 존재여부 체크
2025-07-10 14:55:58 | [실패] API 검색 결과 없음: '서울특별시 송파구 문정동 송이로31길 20-10'
2025-07-10 14:55:59 | def get_coordinates(address, key_index): 주소 정보 존재여부 체크
2025-07-10 14:55:59 | [실패] API 검색 결과 없음: '서울특별시 송파구 오금동 동남로23가길 8-27'
2025-07-10 14:56:00 | def get_coordinates(address, key_index): 주소 정보 존재여부 체크
2025-07-10 14:56:00 | [실패] API 검색 결과 없음: '서울특별시 송파구 잠실동 석촌호수로 169'
2025-07-10 14:56:00 | def get_coordinates(address, key_index): 주소 정보 존재여부 체크
2025-07-10 14:56:00 | [실패] API 검색 결과 없음: '서울특별시 송파구 풍납동 올림픽로43길 30'
2025-07-10 14:56:00 | def get_coordinates(address, key_index): 주소 정보 존재여부 체크
2025-07-10 14:56:00 | [실패] API 검색 결과 없음: '서울특별시 양천구 목동 안양천로 1165'
2025-07-10 14:56:01 | def get_coordinates(address, key_index): 주소 정보 존재여부 체크
2025-07-10 14:56:01 | [실패] API 검색 결과 없음: '서울특별시 양천구 신월동 신월로10길 29'
2025-07-10 14:56:02 | def get_coordinates(address, key_index): 주소 정보 존재여부 체크
2025-07-10 14:56:02 | [실패] API 검색 결과 없음: '서울특별시 양천구 신월동 남부순환로69길 12'
2025-07-10 14:56:02 | def get_coordinates(address, key_index): 주소 정보 존재여부 체크
2025-07-10 14:56:02 | [실패] API 검색 결과 없음: '서울특별시 양천구 신월동 신월로27길 10'
2025-07-10 14:56:02 | def get_coordinates(address, key_index): 주소 정보 존재여부 체크
2025-07-10 14:56:02 | [실패] API 검색 결과 없음: '서울특별시 양천구 신월동 신월로27길 12'
2025-07-10 14:56:03 | def get_coordinates(address, key_index): 주소 정보 존재여부 체크
2025-07-10 14:56:03 | [실패] API 검색 결과 없음: '서울특별시 양천구 신정동 신목로5길 23-6'
2025-07-10 14:56:04 | def get_coordinates(address, key_index): 주소 정보 존재여부 체크
2025-07-10 14:56:04 | [실패] API 검색 결과 없음: '서울특별시 영등포구 당산동5가 영신로 245'
2025-07-10 14:56:05 | def get_coordinates(address, key_index): 주소 정보 존재여부 체크
2025-07-10 14:56:05 | [실패] API 검색 결과 없음: '서울특별시 용산구 이촌동 이촌로 294-1'
2025-07-10 14:56:11 | def get_coordinates(address, key_index): 주소 정보 존재여부 체크
2025-07-10 14:56:11 | [실패] API 검색 결과 없음: '서울특별시 은평구 응암동 은평로16가길 20-3'
2025-07-10 14:56:18 | def get_coordinates(address, key_index): 주소 정보 존재여부 체크
2025-07-10 14:56:18 | [실패] API 검색 결과 없음: '서울특별시 강남구 청담동 선릉로190길 124'
2025-07-10 14:56:19 | def get_coordinates(address, key_index): 주소 정보 존재여부 체크
2025-07-10 14:56:19 | [실패] API 검색 결과 없음: '서울특별시 강동구 상일동 고덕로80길 74'
2025-07-10 14:56:20 | def get_coordinates(address, key_index): 주소 정보 존재여부 체크
2025-07-10 14:56:20 | [실패] API 검색 결과 없음: '서울특별시 강동구 천호동 올림픽로78길 15-8'
2025-07-10 14:56:22 | def get_coordinates(address, key_index): 주소 정보 존재여부 체크
2025-07-10 14:56:22 | [실패] API 검색 결과 없음: '서울특별시 강서구 방화동 방화대로42길 30-3'
2025-07-10 14:56:37 | def get_coordinates(address, key_index): 주소 정보 존재여부 체크
2025-07-10 14:56:37 | [실패] API 검색 결과 없음: '서울특별시 마포구 망원동 희우정로13길 9'
2025-07-10 14:56:39 | def get_coordinates(address, key_index): 주소 정보 존재여부 체크
2025-07-10 14:56:39 | [실패] API 검색 결과 없음: '서울특별시 서대문구 홍제동 통일로31길 5'
2025-07-10 14:56:41 | def get_coordinates(address, key_index): 주소 정보 존재여부 체크
2025-07-10 14:56:41 | [실패] API 검색 결과 없음: '서울특별시 서초구 방배동 효령로21길 47'
2025-07-10 14:56:44 | def get_coordinates(address, key_index): 주소 정보 존재여부 체크
2025-07-10 14:56:44 | [실패] API 검색 결과 없음: '서울특별시 성동구 금호동1가 난계로 9'
2025-07-10 14:56:45 | def get_coordinates(address, key_index): 주소 정보 존재여부 체크
2025-07-10 14:56:45 | [실패] API 검색 결과 없음: '서울특별시 성동구 하왕십리동 왕십리로39길 30'
2025-07-10 14:56:45 | def get_coordinates(address, key_index): 주소 정보 존재여부 체크
2025-07-10 14:56:45 | [실패] API 검색 결과 없음: '서울특별시 성북구 길음동 삼양로6길 31'
2025-07-10 14:56:45 | def get_coordinates(address, key_index): 주소 정보 존재여부 체크
2025-07-10 14:56:45 | [실패] API 검색 결과 없음: '서울특별시 성북구 돈암동 13-85'
2025-07-10 14:56:45 | def get_coordinates(address, key_index): 주소 정보 존재여부 체크
2025-07-10 14:56:45 | [실패] API 검색 결과 없음: '서울특별시 성북구 돈암동 동소문로29길 60-12'
2025-07-10 14:56:46 | def get_coordinates(address, key_index): 주소 정보 존재여부 체크
2025-07-10 14:56:46 | [실패] API 검색 결과 없음: '서울특별시 송파구 거여동 오금로 557'
2025-07-10 14:56:47 | def get_coordinates(address, key_index): 주소 정보 존재여부 체크
2025-07-10 14:56:47 | [실패] API 검색 결과 없음: '서울특별시 송파구 문정동 송이로37가길 22'
2025-07-10 14:56:47 | def get_coordinates(address, key_index): 주소 정보 존재여부 체크
2025-07-10 14:56:47 | [실패] API 검색 결과 없음: '서울특별시 송파구 송파동 167'
2025-07-10 14:56:49 | def get_coordinates(address, key_index): 주소 정보 존재여부 체크
2025-07-10 14:56:49 | [실패] API 검색 결과 없음: '서울특별시 양천구 신월동 신월로10길 23'
2025-07-10 14:56:49 | def get_coordinates(address, key_index): 주소 정보 존재여부 체크
2025-07-10 14:56:49 | [실패] API 검색 결과 없음: '서울특별시 양천구 신월동 절골10길 9'
2025-07-10 14:56:50 | def get_coordinates(address, key_index): 주소 정보 존재여부 체크
2025-07-10 14:56:50 | [실패] API 검색 결과 없음: '서울특별시 양천구 신정동 목동동로12길 6'
2025-07-10 14:56:53 | def get_coordinates(address, key_index): 주소 정보 존재여부 체크
2025-07-10 14:56:53 | [실패] API 검색 결과 없음: '서울특별시 은평구 수색동 수색로 322-5'
2025-07-10 14:56:53 | def get_coordinates(address, key_index): 주소 정보 존재여부 체크
2025-07-10 14:56:53 | [실패] API 검색 결과 없음: '서울특별시 은평구 수색동 수색로14길 5-17'
2025-07-10 14:56:53 | def get_coordinates(address, key_index): 주소 정보 존재여부 체크
2025-07-10 14:56:53 | [실패] API 검색 결과 없음: '서울특별시 은평구 수색동 수색로 322-16'
2025-07-10 14:56:53 | def get_coordinates(address, key_index): 주소 정보 존재여부 체크
2025-07-10 14:56:53 | [실패] API 검색 결과 없음: '서울특별시 은평구 수색동 수색로20길 26-13'
2025-07-10 14:56:56 | def get_coordinates(address, key_index): 주소 정보 존재여부 체크
2025-07-10 14:56:56 | [실패] API 검색 결과 없음: '서울특별시 중구 만리동2가 손기정로18길 19'
2025-07-10 14:57:10 | 
--- 7000개 처리 완료. 체크포인트를 저장합니다 ---
2025-07-10 14:57:25 | 체크포인트 저장 완료: '../data/processed/train_geocoded_checkpoint.csv'
2025-07-10 14:57:26 | def get_coordinates(address, key_index): 주소 정보 존재여부 체크
2025-07-10 14:57:26 | [실패] API 검색 결과 없음: '서울특별시 동작구 상도동 관악로 304'
2025-07-10 14:57:27 | def get_coordinates(address, key_index): 주소 정보 존재여부 체크
2025-07-10 14:57:27 | [실패] API 검색 결과 없음: '서울특별시 마포구 노고산동 대흥로 175'
2025-07-10 14:57:39 | def get_coordinates(address, key_index): 주소 정보 존재여부 체크
2025-07-10 14:57:39 | [실패] API 검색 결과 없음: '서울특별시 종로구 필운동 사직로9길 14'
2025-07-10 14:57:43 | def get_coordinates(address, key_index): 주소 정보 존재여부 체크
2025-07-10 14:57:43 | [실패] API 검색 결과 없음: '서울특별시 강동구 천호동 성내로 64'
2025-07-10 14:57:44 | def get_coordinates(address, key_index): 주소 정보 존재여부 체크
2025-07-10 14:57:44 | [실패] API 검색 결과 없음: '서울특별시 강서구 방화동 방화대로40길 37'
2025-07-10 14:57:44 | def get_coordinates(address, key_index): 주소 정보 존재여부 체크
2025-07-10 14:57:44 | [실패] API 검색 결과 없음: '서울특별시 강서구 화곡동 곰달래로18길 33-1'
2025-07-10 14:57:45 | def get_coordinates(address, key_index): 주소 정보 존재여부 체크
2025-07-10 14:57:45 | [실패] API 검색 결과 없음: '서울특별시 강서구 화곡동 화곡로21길 71-1'
2025-07-10 14:57:51 | def get_coordinates(address, key_index): 주소 정보 존재여부 체크
2025-07-10 14:57:51 | [실패] API 검색 결과 없음: '서울특별시 동작구 사당동  27'
2025-07-10 14:57:56 | def get_coordinates(address, key_index): 주소 정보 존재여부 체크
2025-07-10 14:57:56 | [실패] API 검색 결과 없음: '서울특별시 용산구 신계동 청파로 83'
2025-07-10 14:57:56 | def get_coordinates(address, key_index): 주소 정보 존재여부 체크
2025-07-10 14:57:56 | [실패] API 검색 결과 없음: '서울특별시 용산구 한강로1가 한강대로62길 45-1'
2025-07-10 14:57:56 | def get_coordinates(address, key_index): 주소 정보 존재여부 체크
2025-07-10 14:57:56 | [실패] API 검색 결과 없음: '서울특별시 용산구 한남동 유엔빌리지길 80-1'
2025-07-10 14:57:56 | def get_coordinates(address, key_index): 주소 정보 존재여부 체크
2025-07-10 14:57:56 | [실패] API 검색 결과 없음: '서울특별시 은평구 대조동 연서로28길 12-1'
2025-07-10 14:57:56 | def get_coordinates(address, key_index): 주소 정보 존재여부 체크
2025-07-10 14:57:56 | [실패] API 검색 결과 없음: '서울특별시 은평구 대조동 서오릉로 80-1'
2025-07-10 14:57:57 | def get_coordinates(address, key_index): 주소 정보 존재여부 체크
2025-07-10 14:57:57 | [실패] API 검색 결과 없음: '서울특별시 은평구 역촌동 서오릉로 119-1'
2025-07-10 14:57:57 | def get_coordinates(address, key_index): 주소 정보 존재여부 체크
2025-07-10 14:57:57 | [실패] API 검색 결과 없음: '서울특별시 은평구 응암동 은평로 116-1'
2025-07-10 14:57:59 | def get_coordinates(address, key_index): 주소 정보 존재여부 체크
2025-07-10 14:57:59 | [실패] API 검색 결과 없음: '서울특별시 강남구 삼성동 19-4'
2025-07-10 14:58:02 | def get_coordinates(address, key_index): 주소 정보 존재여부 체크
2025-07-10 14:58:02 | [실패] API 검색 결과 없음: '서울특별시 관악구 봉천동  27'
2025-07-10 14:58:09 | def get_coordinates(address, key_index): 주소 정보 존재여부 체크
2025-07-10 14:58:09 | [실패] API 검색 결과 없음: '서울특별시 구로구 구로동 구로중앙로18길 11-1'
2025-07-10 14:58:12 | def get_coordinates(address, key_index): 주소 정보 존재여부 체크
2025-07-10 14:58:12 | [실패] API 검색 결과 없음: '서울특별시 동대문구 신설동 왕산로 21-14'
2025-07-10 14:58:13 | def get_coordinates(address, key_index): 주소 정보 존재여부 체크
2025-07-10 14:58:13 | [실패] API 검색 결과 없음: '서울특별시 동작구 상도동 상도로 164'
2025-07-10 14:58:14 | def get_coordinates(address, key_index): 주소 정보 존재여부 체크
2025-07-10 14:58:14 | [실패] API 검색 결과 없음: '서울특별시 서초구 반포동 동광로27길 66'
2025-07-10 14:58:17 | def get_coordinates(address, key_index): 주소 정보 존재여부 체크
2025-07-10 14:58:17 | [실패] API 검색 결과 없음: '서울특별시 서초구 서초동 강남대로39길 15-1'
2025-07-10 14:58:17 | def get_coordinates(address, key_index): 주소 정보 존재여부 체크
2025-07-10 14:58:17 | [실패] API 검색 결과 없음: '서울특별시 성북구 동소문동4가 동소문로13길 47'
2025-07-10 14:58:21 | def get_coordinates(address, key_index): 주소 정보 존재여부 체크
2025-07-10 14:58:21 | [실패] API 검색 결과 없음: '서울특별시 은평구 녹번동 서오릉로2길 12-1'
2025-07-10 14:58:21 | def get_coordinates(address, key_index): 주소 정보 존재여부 체크
2025-07-10 14:58:21 | [실패] API 검색 결과 없음: '서울특별시 은평구 대조동 통일로65길 1-1'
2025-07-10 14:58:21 | def get_coordinates(address, key_index): 주소 정보 존재여부 체크
2025-07-10 14:58:21 | [실패] API 검색 결과 없음: '서울특별시 은평구 대조동 통일로65길 3-1'
2025-07-10 14:58:21 | def get_coordinates(address, key_index): 주소 정보 존재여부 체크
2025-07-10 14:58:21 | [실패] API 검색 결과 없음: '서울특별시 은평구 대조동 연서로28길 8-1'
2025-07-10 14:58:22 | def get_coordinates(address, key_index): 주소 정보 존재여부 체크
2025-07-10 14:58:22 | [실패] API 검색 결과 없음: '서울특별시 은평구 역촌동 서오릉로 107-1'
2025-07-10 14:58:23 | def get_coordinates(address, key_index): 주소 정보 존재여부 체크
2025-07-10 14:58:23 | [실패] API 검색 결과 없음: '서울특별시 종로구 원남동 창경궁로18길 20-6'
2025-07-10 14:58:29 | def get_coordinates(address, key_index): 주소 정보 존재여부 체크
2025-07-10 14:58:29 | [실패] API 검색 결과 없음: '서울특별시 구로구 오류동 오류로 30'
2025-07-10 14:58:29 | def get_coordinates(address, key_index): 주소 정보 존재여부 체크
2025-07-10 14:58:29 | [실패] API 검색 결과 없음: '서울특별시 구로구 오류동 천왕로 92'
2025-07-10 14:58:30 | def get_coordinates(address, key_index): 주소 정보 존재여부 체크
2025-07-10 14:58:30 | [실패] API 검색 결과 없음: '서울특별시 마포구 공덕동  18'
2025-07-10 14:58:31 | def get_coordinates(address, key_index): 주소 정보 존재여부 체크
2025-07-10 14:58:31 | [실패] API 검색 결과 없음: '서울특별시 서대문구 냉천동 천중로56길 41'
2025-07-10 14:58:33 | def get_coordinates(address, key_index): 주소 정보 존재여부 체크
2025-07-10 14:58:33 | [실패] API 검색 결과 없음: '서울특별시 성북구 정릉동 서경로 60'
2025-07-10 14:58:33 | def get_coordinates(address, key_index): 주소 정보 존재여부 체크
2025-07-10 14:58:33 | [실패] API 검색 결과 없음: '서울특별시 양천구 목동 남부순환로83길 47'
2025-07-10 14:58:34 | def get_coordinates(address, key_index): 주소 정보 존재여부 체크
2025-07-10 14:58:34 | [실패] API 검색 결과 없음: '서울특별시 용산구 효창동 효창원로93길 18'
2025-07-10 14:58:39 | def get_coordinates(address, key_index): 주소 정보 존재여부 체크
2025-07-10 14:58:39 | [실패] API 검색 결과 없음: '서울특별시 동대문구 이문동 이문로35아길 16'
2025-07-10 14:58:40 | def get_coordinates(address, key_index): 주소 정보 존재여부 체크
2025-07-10 14:58:40 | [실패] API 검색 결과 없음: '서울특별시 서대문구 남가좌동 거북골로14길 32'
2025-07-10 14:58:42 | def get_coordinates(address, key_index): 주소 정보 존재여부 체크
2025-07-10 14:58:42 | [실패] API 검색 결과 없음: '서울특별시 은평구 역촌동 연서로16길 27-1'
2025-07-10 14:58:43 | def get_coordinates(address, key_index): 주소 정보 존재여부 체크
2025-07-10 14:58:43 | [실패] API 검색 결과 없음: '서울특별시 강남구 개포동 언주로7길 15'
2025-07-10 14:58:44 | def get_coordinates(address, key_index): 주소 정보 존재여부 체크
2025-07-10 14:58:44 | [실패] API 검색 결과 없음: '서울특별시 광진구 광장동  62'
2025-07-10 14:58:46 | def get_coordinates(address, key_index): 주소 정보 존재여부 체크
2025-07-10 14:58:46 | [실패] API 검색 결과 없음: '서울특별시 구로구 오류동  30'
2025-07-10 14:58:46 | def get_coordinates(address, key_index): 주소 정보 존재여부 체크
2025-07-10 14:58:46 | [실패] API 검색 결과 없음: '서울특별시 노원구 월계동  20'
2025-07-10 14:58:46 | def get_coordinates(address, key_index): 주소 정보 존재여부 체크
2025-07-10 14:58:46 | [실패] API 검색 결과 없음: '서울특별시 도봉구 방학동  295'
2025-07-10 14:58:47 | def get_coordinates(address, key_index): 주소 정보 존재여부 체크
2025-07-10 14:58:47 | [실패] API 검색 결과 없음: '서울특별시 서대문구 연희동  35-28'
2025-07-10 14:58:47 | 
--- 8000개 처리 완료. 체크포인트를 저장합니다 ---
2025-07-10 14:59:02 | 체크포인트 저장 완료: '../data/processed/train_geocoded_checkpoint.csv'
2025-07-10 14:59:02 | def get_coordinates(address, key_index): 주소 정보 존재여부 체크
2025-07-10 14:59:02 | [실패] API 검색 결과 없음: '서울특별시 서초구 방배동  50'
2025-07-10 14:59:02 | def get_coordinates(address, key_index): 주소 정보 존재여부 체크
2025-07-10 14:59:02 | [실패] API 검색 결과 없음: '서울특별시 서초구 잠원동 잠원로4길 36-15'
2025-07-10 14:59:03 | def get_coordinates(address, key_index): 주소 정보 존재여부 체크
2025-07-10 14:59:03 | [실패] API 검색 결과 없음: '서울특별시 송파구 마천동  245'
2025-07-10 14:59:04 | def get_coordinates(address, key_index): 주소 정보 존재여부 체크
2025-07-10 14:59:04 | [실패] API 검색 결과 없음: '서울특별시 송파구 송파동  298'
2025-07-10 14:59:04 | def get_coordinates(address, key_index): 주소 정보 존재여부 체크
2025-07-10 14:59:04 | [실패] API 검색 결과 없음: '서울특별시 양천구 신월동 남부순환로85길 10'
2025-07-10 14:59:04 | def get_coordinates(address, key_index): 주소 정보 존재여부 체크
2025-07-10 14:59:04 | [실패] API 검색 결과 없음: '서울특별시 양천구 신월동 신남1길 16'
2025-07-10 14:59:04 | def get_coordinates(address, key_index): 주소 정보 존재여부 체크
2025-07-10 14:59:04 | [실패] API 검색 결과 없음: '서울특별시 양천구 신월동  10'
2025-07-10 14:59:05 | def get_coordinates(address, key_index): 주소 정보 존재여부 체크
2025-07-10 14:59:05 | [실패] API 검색 결과 없음: '서울특별시 은평구 응암동 응암로16길 37'
2025-07-10 14:59:05 | def get_coordinates(address, key_index): 주소 정보 존재여부 체크
2025-07-10 14:59:05 | [실패] API 검색 결과 없음: '서울특별시 은평구 응암동  20-3'
2025-07-10 14:59:05 | def get_coordinates(address, key_index): 주소 정보 존재여부 체크
2025-07-10 14:59:05 | [실패] API 검색 결과 없음: '서울특별시 은평구 증산동 증산로3길 19-12'
2025-07-10 14:59:05 | def get_coordinates(address, key_index): 주소 정보 존재여부 체크
2025-07-10 14:59:05 | [실패] API 검색 결과 없음: '서울특별시 은평구 증산동 증산로3길 19-6'
2025-07-10 14:59:05 | def get_coordinates(address, key_index): 주소 정보 존재여부 체크
2025-07-10 14:59:05 | [실패] API 검색 결과 없음: '서울특별시 은평구 진관동  21-9'
2025-07-10 14:59:05 | def get_coordinates(address, key_index): 주소 정보 존재여부 체크
2025-07-10 14:59:05 | [실패] API 검색 결과 없음: '서울특별시 종로구 교남동 통일로 168-1'
2025-07-10 14:59:05 | def get_coordinates(address, key_index): 주소 정보 존재여부 체크
2025-07-10 14:59:05 | [실패] API 검색 결과 없음: '서울특별시 종로구 청운동  43'
2025-07-10 14:59:06 | def get_coordinates(address, key_index): 주소 정보 존재여부 체크
2025-07-10 14:59:06 | [실패] API 검색 결과 없음: '서울특별시 중랑구 신내동 봉화산로48길 62'
2025-07-10 14:59:06 | def get_coordinates(address, key_index): 주소 정보 존재여부 체크
2025-07-10 14:59:06 | [실패] API 검색 결과 없음: '서울특별시 강동구 고덕동 동남로82길 98'
2025-07-10 14:59:07 | def get_coordinates(address, key_index): 주소 정보 존재여부 체크
2025-07-10 14:59:07 | [실패] API 검색 결과 없음: '서울특별시 관악구 봉천동 봉천로 430'
2025-07-10 14:59:08 | def get_coordinates(address, key_index): 주소 정보 존재여부 체크
2025-07-10 14:59:08 | [실패] API 검색 결과 없음: '서울특별시 서대문구 연희동 홍연길 41'
2025-07-10 14:59:08 | def get_coordinates(address, key_index): 주소 정보 존재여부 체크
2025-07-10 14:59:08 | [실패] API 검색 결과 없음: '서울특별시 서초구 반포동 신반포로 133'
2025-07-10 14:59:08 | def get_coordinates(address, key_index): 주소 정보 존재여부 체크
2025-07-10 14:59:08 | [실패] API 검색 결과 없음: '서울특별시 서초구 반포동 서래로2길 32-1'
2025-07-10 14:59:08 | def get_coordinates(address, key_index): 주소 정보 존재여부 체크
2025-07-10 14:59:08 | [실패] API 검색 결과 없음: '서울특별시 성동구 하왕십리동 마장로 137'
2025-07-10 14:59:09 | def get_coordinates(address, key_index): 주소 정보 존재여부 체크
2025-07-10 14:59:09 | [실패] API 검색 결과 없음: '서울특별시 양천구 신월동 절골10길 10'
2025-07-10 14:59:09 | def get_coordinates(address, key_index): 주소 정보 존재여부 체크
2025-07-10 14:59:09 | [실패] API 검색 결과 없음: '서울특별시 영등포구 영등포동8가 영중로34길 9-5'
2025-07-10 14:59:09 | def get_coordinates(address, key_index): 주소 정보 존재여부 체크
2025-07-10 14:59:09 | [실패] API 검색 결과 없음: '서울특별시 은평구 응암동 은평로16가길 20-2'
2025-07-10 14:59:09 | def get_coordinates(address, key_index): 주소 정보 존재여부 체크
2025-07-10 14:59:09 | [실패] API 검색 결과 없음: '서울특별시 종로구 숭인동 지봉로4길 17-4'
2025-07-10 14:59:10 | def get_coordinates(address, key_index): 주소 정보 존재여부 체크
2025-07-10 14:59:10 | [실패] API 검색 결과 없음: '서울특별시 강남구 율현동 자곡로 260'
2025-07-10 14:59:11 | def get_coordinates(address, key_index): 주소 정보 존재여부 체크
2025-07-10 14:59:11 | [실패] API 검색 결과 없음: '서울특별시 금천구 시흥동 시흥대로10길 5'
2025-07-10 14:59:12 | def get_coordinates(address, key_index): 주소 정보 존재여부 체크
2025-07-10 14:59:12 | [실패] API 검색 결과 없음: '서울특별시 송파구 거여동 오금로 529'
2025-07-10 14:59:13 | def get_coordinates(address, key_index): 주소 정보 존재여부 체크
2025-07-10 14:59:13 | [실패] API 검색 결과 없음: '서울특별시 은평구 수색동 수색로20길 7-5'
2025-07-10 14:59:13 | def get_coordinates(address, key_index): 주소 정보 존재여부 체크
2025-07-10 14:59:13 | [실패] API 검색 결과 없음: '서울특별시 은평구 증산동 증산로1길 24'
2025-07-10 14:59:14 | def get_coordinates(address, key_index): 주소 정보 존재여부 체크
2025-07-10 14:59:14 | [실패] API 검색 결과 없음: '서울특별시 노원구 하계동  232'
2025-07-10 14:59:16 | def get_coordinates(address, key_index): 주소 정보 존재여부 체크
2025-07-10 14:59:16 | [실패] API 검색 결과 없음: '서울특별시 은평구 응암동 은평로16가길 20-1'
2025-07-10 14:59:17 | def get_coordinates(address, key_index): 주소 정보 존재여부 체크
2025-07-10 14:59:17 | [실패] API 검색 결과 없음: '서울특별시 마포구 현석동 토정로18길 41-1'
2025-07-10 14:59:17 | def get_coordinates(address, key_index): 주소 정보 존재여부 체크
2025-07-10 14:59:17 | [실패] API 검색 결과 없음: '서울특별시 강남구 도곡동 538'
2025-07-10 14:59:18 | def get_coordinates(address, key_index): 주소 정보 존재여부 체크
2025-07-10 14:59:18 | [실패] API 검색 결과 없음: '서울특별시 강남구 역삼동 762'
2025-07-10 14:59:18 | def get_coordinates(address, key_index): 주소 정보 존재여부 체크
2025-07-10 14:59:18 | [실패] API 검색 결과 없음: '서울특별시 강동구 성내동 성내로 74'
2025-07-10 14:59:20 | def get_coordinates(address, key_index): 주소 정보 존재여부 체크
2025-07-10 14:59:20 | [실패] API 검색 결과 없음: '서울특별시 동대문구 답십리동 465-2'
2025-07-10 14:59:20 | def get_coordinates(address, key_index): 주소 정보 존재여부 체크
2025-07-10 14:59:20 | [실패] API 검색 결과 없음: '서울특별시 마포구 토정동 2-4'
2025-07-10 14:59:20 | def get_coordinates(address, key_index): 주소 정보 존재여부 체크
2025-07-10 14:59:20 | [실패] API 검색 결과 없음: '서울특별시 서초구 반포동 30-2'
2025-07-10 14:59:21 | def get_coordinates(address, key_index): 주소 정보 존재여부 체크
2025-07-10 14:59:21 | [실패] API 검색 결과 없음: '서울특별시 양천구 목동 신목로16길 13'
2025-07-10 14:59:21 | def get_coordinates(address, key_index): 주소 정보 존재여부 체크
2025-07-10 14:59:21 | [실패] API 검색 결과 없음: '서울특별시 용산구 한남동 독서당로34길 22-22'
2025-07-10 14:59:22 | def get_coordinates(address, key_index): 주소 정보 존재여부 체크
2025-07-10 14:59:22 | [실패] API 검색 결과 없음: '서울특별시 강남구 대치동 633'
2025-07-10 14:59:22 | def get_coordinates(address, key_index): 주소 정보 존재여부 체크
2025-07-10 14:59:22 | [실패] API 검색 결과 없음: '서울특별시 강남구 역삼동 763'
2025-07-10 14:59:23 | def get_coordinates(address, key_index): 주소 정보 존재여부 체크
2025-07-10 14:59:23 | [실패] API 검색 결과 없음: '서울특별시 서초구 서초동 1686-4'
2025-07-10 14:59:23 | def get_coordinates(address, key_index): 주소 정보 존재여부 체크
2025-07-10 14:59:23 | [실패] API 검색 결과 없음: '서울특별시 서초구 잠원동 신반포로 45'
2025-07-10 14:59:23 | def get_coordinates(address, key_index): 주소 정보 존재여부 체크
2025-07-10 14:59:23 | [실패] API 검색 결과 없음: '서울특별시 용산구 한강로2가 196'
2025-07-10 14:59:23 | 
최종 결과 업데이트를 시작합니다...
2025-07-10 14:59:23 | 결측치 업데이트 완료!
2025-07-10 15:00:38 | 
작업 후 남은 '좌표X'의 결측치 개수: 22227
2025-07-10 15:00:46 | 모든 작업이 완료되었습니다. 최종 데이터가 '../data/processed/train_geocoded.csv' 경로에 저장되었습니다.
