2025-07-14 23:24:53 | 총 10개의 API 키 로드 완료.
2025-07-14 23:24:53 | '../../data/raw/train_missing.csv'에서 원본 데이터를 로드합니다...
2025-07-14 23:24:53 | 데이터 로드 완료.
2025-07-14 23:24:53 | 좌표X 결측치 개수: 8721
2025-07-14 23:24:53 | 좌표Y 결측치 개수: 8721
2025-07-14 23:24:53 | 좌표X와 좌표Y 모두 결측치인 행 개수: 8721
2025-07-14 23:24:53 | \n총 8721개의 좌표 결측치에 대한 작업을 시작합니다...
2025-07-14 23:24:53 | 실제 API 호출 대상 고유 주소 조합 개수: 99
2025-07-14 23:25:03 | [실패] API 검색 결과 없음: '서울특별시 강남구 삼성동 19-4' (번지)
2025-07-14 23:25:03 | [실패] API 검색 결과 없음: '서울특별시 강남구 삼성동 삼성로 649' (도로명)
2025-07-14 23:25:03 | [실패] API 검색 결과 없음: '서울특별시 강남구 삼성로 649' ('동'제거 도로명)
2025-07-14 23:25:03 | [실패] API 검색 결과 없음: '서울특별시 강남구 역삼동 712' (번지)
2025-07-14 23:25:03 | [실패] API 검색 결과 없음: '서울특별시 강남구 역삼동 언주로 406' (도로명)
2025-07-14 23:25:03 | [실패] API 검색 결과 없음: '서울특별시 강남구 언주로 406' ('동'제거 도로명)
2025-07-14 23:25:03 | [실패] API 검색 결과 없음: '서울특별시 강남구 일원동 690-1' (번지)
2025-07-14 23:25:03 | [실패] API 검색 결과 없음: '서울특별시 강남구 일원동 개포로110길 36' (도로명)
2025-07-14 23:25:03 | [실패] API 검색 결과 없음: '서울특별시 강남구 개포로110길 36' ('동'제거 도로명)
2025-07-14 23:25:03 | [실패] API 검색 결과 없음: '서울특별시 강동구 상일동 124' (번지)
2025-07-14 23:25:03 | [실패] API 검색 결과 없음: '서울특별시 강동구 상일동 상일로11길 25' (도로명)
2025-07-14 23:25:03 | [실패] API 검색 결과 없음: '서울특별시 강동구 상일로11길 25' ('동'제거 도로명)
2025-07-14 23:25:04 | [실패] API 검색 결과 없음: '서울특별시 강서구 염창동 275-5' (번지)
2025-07-14 23:25:04 | [실패] API 검색 결과 없음: '서울특별시 강서구 염창동 공항대로 559' (도로명)
2025-07-14 23:25:04 | [실패] API 검색 결과 없음: '서울특별시 강서구 공항대로 559' ('동'제거 도로명)
2025-07-14 23:25:04 | [실패] API 검색 결과 없음: '서울특별시 구로구 구로동 685-280' (번지)
2025-07-14 23:25:04 | [실패] API 검색 결과 없음: '서울특별시 구로구 구로동 구일로 18' (도로명)
2025-07-14 23:25:04 | [실패] API 검색 결과 없음: '서울특별시 구로구 구일로 18' ('동'제거 도로명)
2025-07-14 23:25:04 | [실패] API 검색 결과 없음: '서울특별시 노원구 공릉동 230' (번지)
2025-07-14 23:25:04 | [실패] API 검색 결과 없음: '서울특별시 노원구 공릉동 공릉로34길 74' (도로명)
2025-07-14 23:25:04 | [실패] API 검색 결과 없음: '서울특별시 노원구 공릉로34길 74' ('동'제거 도로명)
2025-07-14 23:25:04 | [실패] API 검색 결과 없음: '서울특별시 서초구 잠원동 74' (번지)
2025-07-14 23:25:04 | [실패] API 검색 결과 없음: '서울특별시 서초구 잠원동 신반포로23길 31' (도로명)
2025-07-14 23:25:04 | [실패] API 검색 결과 없음: '서울특별시 서초구 신반포로23길 31' ('동'제거 도로명)
2025-07-14 23:25:04 | [실패] API 검색 결과 없음: '서울특별시 서초구 잠원동 74-1' (번지)
2025-07-14 23:25:04 | [실패] API 검색 결과 없음: '서울특별시 서초구 잠원동 신반포로23길 5' (도로명)
2025-07-14 23:25:05 | [실패] API 검색 결과 없음: '서울특별시 서초구 신반포로23길 5' ('동'제거 도로명)
2025-07-14 23:25:05 | [실패] API 검색 결과 없음: '서울특별시 성북구 길음동 973-2' (번지)
2025-07-14 23:25:05 | [실패] API 검색 결과 없음: '서울특별시 성북구 길음동 동소문로43길 47' (도로명)
2025-07-14 23:25:05 | [실패] API 검색 결과 없음: '서울특별시 성북구 동소문로43길 47' ('동'제거 도로명)
2025-07-14 23:25:05 | [실패] API 검색 결과 없음: '서울특별시 송파구 거여동 199-2' (번지)
2025-07-14 23:25:05 | [실패] API 검색 결과 없음: '서울특별시 송파구 거여동 오금로61길 24' (도로명)
2025-07-14 23:25:05 | [실패] API 검색 결과 없음: '서울특별시 송파구 오금로61길 24' ('동'제거 도로명)
2025-07-14 23:25:05 | [실패] API 검색 결과 없음: '서울특별시 은평구 증산동 213-20' (번지)
2025-07-14 23:25:05 | [실패] API 검색 결과 없음: '서울특별시 은평구 증산동 증산로1길 24-5' (도로명)
2025-07-14 23:25:05 | [실패] API 검색 결과 없음: '서울특별시 은평구 증산로1길 24-5' ('동'제거 도로명)
2025-07-14 23:25:05 | [실패] API 검색 결과 없음: '서울특별시 강남구 대치동 612' (번지)
2025-07-14 23:25:05 | [실패] API 검색 결과 없음: '서울특별시 강남구 대치동 남부순환로395길 30' (도로명)
2025-07-14 23:25:05 | [실패] API 검색 결과 없음: '서울특별시 강남구 남부순환로395길 30' ('동'제거 도로명)
2025-07-14 23:25:05 | [실패] API 검색 결과 없음: '서울특별시 강남구 대치동 633' (번지)
2025-07-14 23:25:06 | [실패] API 검색 결과 없음: '서울특별시 강남구 대치동 남부순환로395길 11' (도로명)
2025-07-14 23:25:06 | [실패] API 검색 결과 없음: '서울특별시 강남구 남부순환로395길 11' ('동'제거 도로명)
2025-07-14 23:25:06 | [실패] API 검색 결과 없음: '서울특별시 강남구 대치동 610' (번지)
2025-07-14 23:25:06 | [실패] API 검색 결과 없음: '서울특별시 강남구 대치동 남부순환로395길 12' (도로명)
2025-07-14 23:25:06 | [실패] API 검색 결과 없음: '서울특별시 강남구 남부순환로395길 12' ('동'제거 도로명)
2025-07-14 23:25:06 | [실패] API 검색 결과 없음: '서울특별시 강남구 대치동 633-22' (번지)
2025-07-14 23:25:06 | [실패] API 검색 결과 없음: '서울특별시 강남구 대치동 삼성로51길 58' (도로명)
2025-07-14 23:25:06 | [실패] API 검색 결과 없음: '서울특별시 강남구 삼성로51길 58' ('동'제거 도로명)
2025-07-14 23:25:06 | [실패] API 검색 결과 없음: '서울특별시 강남구 역삼동 709' (번지)
2025-07-14 23:25:06 | [실패] API 검색 결과 없음: '서울특별시 강남구 역삼동 선릉로85길 18' (도로명)
2025-07-14 23:25:06 | [실패] API 검색 결과 없음: '서울특별시 강남구 선릉로85길 18' ('동'제거 도로명)
2025-07-14 23:25:06 | [실패] API 검색 결과 없음: '서울특별시 강남구 일원동 690-2' (번지)
2025-07-14 23:25:06 | [실패] API 검색 결과 없음: '서울특별시 강남구 일원동 개포로110길 46' (도로명)
2025-07-14 23:25:07 | [실패] API 검색 결과 없음: '서울특별시 강남구 개포로110길 46' ('동'제거 도로명)
2025-07-14 23:25:07 | [실패] API 검색 결과 없음: '서울특별시 강남구 청담동 106-11' (번지)
2025-07-14 23:25:07 | [실패] API 검색 결과 없음: '서울특별시 강남구 청담동 선릉로190길 120' (도로명)
2025-07-14 23:25:07 | [실패] API 검색 결과 없음: '서울특별시 강남구 선릉로190길 120' ('동'제거 도로명)
2025-07-14 23:25:07 | [실패] API 검색 결과 없음: '서울특별시 강동구 고덕동 492' (번지)
2025-07-14 23:25:07 | [실패] API 검색 결과 없음: '서울특별시 강동구 고덕동 아리수로50길 85' (도로명)
2025-07-14 23:25:07 | [실패] API 검색 결과 없음: '서울특별시 강동구 아리수로50길 85' ('동'제거 도로명)
2025-07-14 23:25:07 | [실패] API 검색 결과 없음: '서울특별시 강동구 고덕동 492' (번지)
2025-07-14 23:25:07 | [실패] API 검색 결과 없음: '서울특별시 강동구 고덕동 아리수로50길 38' (도로명)
2025-07-14 23:25:07 | [실패] API 검색 결과 없음: '서울특별시 강동구 아리수로50길 38' ('동'제거 도로명)
2025-07-14 23:25:07 | [실패] API 검색 결과 없음: '서울특별시 강동구 고덕동 492' (번지)
2025-07-14 23:25:07 | [실패] API 검색 결과 없음: '서울특별시 강동구 고덕동 아리수로50길 82' (도로명)
2025-07-14 23:25:07 | [실패] API 검색 결과 없음: '서울특별시 강동구 아리수로50길 82' ('동'제거 도로명)
2025-07-14 23:25:07 | [실패] API 검색 결과 없음: '서울특별시 강동구 고덕동 220' (번지)
2025-07-14 23:25:08 | [실패] API 검색 결과 없음: '서울특별시 강동구 고덕동 동남로82길 94-43' (도로명)
2025-07-14 23:25:08 | [실패] API 검색 결과 없음: '서울특별시 강동구 동남로82길 94-43' ('동'제거 도로명)
2025-07-14 23:25:08 | [실패] API 검색 결과 없음: '서울특별시 강동구 고덕동 212' (번지)
2025-07-14 23:25:08 | [실패] API 검색 결과 없음: '서울특별시 강동구 고덕동 고덕로 313' (도로명)
2025-07-14 23:25:08 | [실패] API 검색 결과 없음: '서울특별시 강동구 고덕로 313' ('동'제거 도로명)
2025-07-14 23:25:08 | [실패] API 검색 결과 없음: '서울특별시 강동구 고덕동 212' (번지)
2025-07-14 23:25:08 | [실패] API 검색 결과 없음: '서울특별시 강동구 고덕동 고덕로79길 18' (도로명)
2025-07-14 23:25:08 | [실패] API 검색 결과 없음: '서울특별시 강동구 고덕로79길 18' ('동'제거 도로명)
2025-07-14 23:25:09 | [실패] API 검색 결과 없음: '서울특별시 강동구 명일동 294' (번지)
2025-07-14 23:25:09 | [실패] API 검색 결과 없음: '서울특별시 강동구 명일동 양재대로 1656' (도로명)
2025-07-14 23:25:09 | [실패] API 검색 결과 없음: '서울특별시 강동구 양재대로 1656' ('동'제거 도로명)
2025-07-14 23:25:09 | [실패] API 검색 결과 없음: '서울특별시 강동구 상일동 121' (번지)
2025-07-14 23:25:09 | [실패] API 검색 결과 없음: '서울특별시 강동구 상일동 고덕로80길 13' (도로명)
2025-07-14 23:25:09 | [실패] API 검색 결과 없음: '서울특별시 강동구 고덕로80길 13' ('동'제거 도로명)
2025-07-14 23:25:09 | [실패] API 검색 결과 없음: '서울특별시 강동구 상일동 131' (번지)
2025-07-14 23:25:10 | [실패] API 검색 결과 없음: '서울특별시 강동구 상일동 상일로11길 95' (도로명)
2025-07-14 23:25:10 | [실패] API 검색 결과 없음: '서울특별시 강동구 상일로11길 95' ('동'제거 도로명)
2025-07-14 23:25:10 | [실패] API 검색 결과 없음: '서울특별시 강동구 상일동 187' (번지)
2025-07-14 23:25:10 | [실패] API 검색 결과 없음: '서울특별시 강동구 상일동 상암로79길 62' (도로명)
2025-07-14 23:25:10 | [실패] API 검색 결과 없음: '서울특별시 강동구 상암로79길 62' ('동'제거 도로명)
2025-07-14 23:25:10 | [실패] API 검색 결과 없음: '서울특별시 강서구 염창동 279-15' (번지)
2025-07-14 23:25:10 | [실패] API 검색 결과 없음: '서울특별시 강서구 염창동 공항대로69길 29-10' (도로명)
2025-07-14 23:25:10 | [실패] API 검색 결과 없음: '서울특별시 강서구 공항대로69길 29-10' ('동'제거 도로명)
2025-07-14 23:25:10 | [실패] API 검색 결과 없음: '서울특별시 동작구 상도동 36-1' (번지)
2025-07-14 23:25:10 | [실패] API 검색 결과 없음: '서울특별시 동작구 상도동 상도로 253' (도로명)
2025-07-14 23:25:10 | [실패] API 검색 결과 없음: '서울특별시 동작구 상도로 253' ('동'제거 도로명)
2025-07-14 23:25:10 | [실패] API 검색 결과 없음: '서울특별시 동작구 흑석동 143-23' (번지)
2025-07-14 23:25:10 | [실패] API 검색 결과 없음: '서울특별시 동작구 흑석동 현충로 50' (도로명)
2025-07-14 23:25:10 | [실패] API 검색 결과 없음: '서울특별시 동작구 현충로 50' ('동'제거 도로명)
2025-07-14 23:25:11 | [실패] API 검색 결과 없음: '서울특별시 마포구 용강동 18-2' (번지)
2025-07-14 23:25:11 | [실패] API 검색 결과 없음: '서울특별시 마포구 용강동 큰우물로 50' (도로명)
2025-07-14 23:25:11 | [실패] API 검색 결과 없음: '서울특별시 마포구 큰우물로 50' ('동'제거 도로명)
2025-07-14 23:25:11 | [실패] API 검색 결과 없음: '서울특별시 마포구 현석동 128-4' (번지)
2025-07-14 23:25:11 | [실패] API 검색 결과 없음: '서울특별시 마포구 현석동 토정로18길 41' (도로명)
2025-07-14 23:25:11 | [실패] API 검색 결과 없음: '서울특별시 마포구 토정로18길 41' ('동'제거 도로명)
2025-07-14 23:25:11 | [실패] API 검색 결과 없음: '서울특별시 서대문구 북아현동 153-25' (번지)
2025-07-14 23:25:11 | [실패] API 검색 결과 없음: '서울특별시 서대문구 북아현동 북아현로1가길 23' (도로명)
2025-07-14 23:25:11 | [실패] API 검색 결과 없음: '서울특별시 서대문구 북아현로1가길 23' ('동'제거 도로명)
2025-07-14 23:25:11 | [실패] API 검색 결과 없음: '서울특별시 서대문구 연희동 711-32' (번지)
2025-07-14 23:25:11 | [실패] API 검색 결과 없음: '서울특별시 서대문구 연희동 홍제천로 128-5' (도로명)
2025-07-14 23:25:11 | [실패] API 검색 결과 없음: '서울특별시 서대문구 홍제천로 128-5' ('동'제거 도로명)
2025-07-14 23:25:11 | [실패] API 검색 결과 없음: '서울특별시 서초구 반포동 30-18' (번지)
2025-07-14 23:25:11 | [실패] API 검색 결과 없음: '서울특별시 서초구 반포동 사평대로 310-8' (도로명)
2025-07-14 23:25:11 | [실패] API 검색 결과 없음: '서울특별시 서초구 사평대로 310-8' ('동'제거 도로명)
2025-07-14 23:25:12 | [실패] API 검색 결과 없음: '서울특별시 서초구 반포동 30-18' (번지)
2025-07-14 23:25:12 | [실패] API 검색 결과 없음: '서울특별시 서초구 반포동 고무래로 79' (도로명)
2025-07-14 23:25:12 | [실패] API 검색 결과 없음: '서울특별시 서초구 고무래로 79' ('동'제거 도로명)
2025-07-14 23:25:12 | [실패] API 검색 결과 없음: '서울특별시 서초구 서초동 1310' (번지)
2025-07-14 23:25:12 | [실패] API 검색 결과 없음: '서울특별시 서초구 서초동 서운로 211' (도로명)
2025-07-14 23:25:12 | [실패] API 검색 결과 없음: '서울특별시 서초구 서운로 211' ('동'제거 도로명)
2025-07-14 23:25:12 | [실패] API 검색 결과 없음: '서울특별시 서초구 서초동 1310' (번지)
2025-07-14 23:25:12 | [실패] API 검색 결과 없음: '서울특별시 서초구 서초동 서운로 208' (도로명)
2025-07-14 23:25:12 | [실패] API 검색 결과 없음: '서울특별시 서초구 서운로 208' ('동'제거 도로명)
2025-07-14 23:25:12 | [실패] API 검색 결과 없음: '서울특별시 서초구 서초동 1331' (번지)
2025-07-14 23:25:12 | [실패] API 검색 결과 없음: '서울특별시 서초구 서초동 사임당로 169' (도로명)
2025-07-14 23:25:12 | [실패] API 검색 결과 없음: '서울특별시 서초구 사임당로 169' ('동'제거 도로명)
2025-07-14 23:25:12 | [실패] API 검색 결과 없음: '서울특별시 서초구 잠원동 57' (번지)
2025-07-14 23:25:12 | [실패] API 검색 결과 없음: '서울특별시 서초구 잠원동 잠원로8길 25' (도로명)
2025-07-14 23:25:12 | [실패] API 검색 결과 없음: '서울특별시 서초구 잠원로8길 25' ('동'제거 도로명)
2025-07-14 23:25:13 | [실패] API 검색 결과 없음: '서울특별시 서초구 잠원동 52-1' (번지)
2025-07-14 23:25:13 | [실패] API 검색 결과 없음: '서울특별시 서초구 잠원동 잠원로12길 13' (도로명)
2025-07-14 23:25:13 | [실패] API 검색 결과 없음: '서울특별시 서초구 잠원로12길 13' ('동'제거 도로명)
2025-07-14 23:25:13 | [실패] API 검색 결과 없음: '서울특별시 서초구 잠원동 64-8' (번지)
2025-07-14 23:25:13 | [실패] API 검색 결과 없음: '서울특별시 서초구 잠원동 잠원로 127' (도로명)
2025-07-14 23:25:13 | [실패] API 검색 결과 없음: '서울특별시 서초구 잠원로 127' ('동'제거 도로명)
2025-07-14 23:25:13 | [실패] API 검색 결과 없음: '서울특별시 서초구 잠원동 74-2' (번지)
2025-07-14 23:25:13 | [실패] API 검색 결과 없음: '서울특별시 서초구 잠원동 신반포로 171' (도로명)
2025-07-14 23:25:13 | [실패] API 검색 결과 없음: '서울특별시 서초구 신반포로 171' ('동'제거 도로명)
2025-07-14 23:25:13 | [실패] API 검색 결과 없음: '서울특별시 서초구 잠원동 66' (번지)
2025-07-14 23:25:13 | [실패] API 검색 결과 없음: '서울특별시 서초구 잠원동 잠원로 62' (도로명)
2025-07-14 23:25:13 | [실패] API 검색 결과 없음: '서울특별시 서초구 잠원로 62' ('동'제거 도로명)
2025-07-14 23:25:13 | [실패] API 검색 결과 없음: '서울특별시 성북구 길음동 1054' (번지)
2025-07-14 23:25:13 | [실패] API 검색 결과 없음: '서울특별시 성북구 길음동 동소문로43길 33' (도로명)
2025-07-14 23:25:13 | [실패] API 검색 결과 없음: '서울특별시 성북구 동소문로43길 33' ('동'제거 도로명)
2025-07-14 23:25:14 | [실패] API 검색 결과 없음: '서울특별시 송파구 거여동 34-2' (번지)
2025-07-14 23:25:14 | [실패] API 검색 결과 없음: '서울특별시 송파구 거여동 오금로 553' (도로명)
2025-07-14 23:25:14 | [실패] API 검색 결과 없음: '서울특별시 송파구 오금로 553' ('동'제거 도로명)
2025-07-14 23:25:14 | [실패] API 검색 결과 없음: '서울특별시 송파구 거여동 216-2' (번지)
2025-07-14 23:25:14 | [실패] API 검색 결과 없음: '서울특별시 송파구 거여동 마천로 320' (도로명)
2025-07-14 23:25:14 | [실패] API 검색 결과 없음: '서울특별시 송파구 마천로 320' ('동'제거 도로명)
2025-07-14 23:25:14 | [실패] API 검색 결과 없음: '서울특별시 송파구 풍납동 388-7' (번지)
2025-07-14 23:25:14 | [실패] API 검색 결과 없음: '서울특별시 송파구 풍납동 올림픽로43길 30' (도로명)
2025-07-14 23:25:14 | [실패] API 검색 결과 없음: '서울특별시 송파구 올림픽로43길 30' ('동'제거 도로명)
2025-07-14 23:25:14 | [실패] API 검색 결과 없음: '서울특별시 양천구 신월동 562-4' (번지)
2025-07-14 23:25:14 | [실패] API 검색 결과 없음: '서울특별시 양천구 신월동 신월로10길 29' (도로명)
2025-07-14 23:25:14 | [실패] API 검색 결과 없음: '서울특별시 양천구 신월로10길 29' ('동'제거 도로명)
2025-07-14 23:25:14 | [실패] API 검색 결과 없음: '서울특별시 영등포구 당산동5가 4-2' (번지)
2025-07-14 23:25:14 | [실패] API 검색 결과 없음: '서울특별시 영등포구 당산동5가 영신로 245' (도로명)
2025-07-14 23:25:14 | [실패] API 검색 결과 없음: '서울특별시 영등포구 영신로 245' ('동'제거 도로명)
2025-07-14 23:25:14 | [실패] API 검색 결과 없음: '서울특별시 용산구 이촌동 300-3' (번지)
2025-07-14 23:25:15 | [실패] API 검색 결과 없음: '서울특별시 용산구 이촌동 이촌로 294-1' (도로명)
2025-07-14 23:25:15 | [실패] API 검색 결과 없음: '서울특별시 용산구 이촌로 294-1' ('동'제거 도로명)
2025-07-14 23:25:15 | [실패] API 검색 결과 없음: '서울특별시 강남구 청담동 106-21' (번지)
2025-07-14 23:25:15 | [실패] API 검색 결과 없음: '서울특별시 강남구 청담동 선릉로190길 124' (도로명)
2025-07-14 23:25:15 | [실패] API 검색 결과 없음: '서울특별시 강남구 선릉로190길 124' ('동'제거 도로명)
2025-07-14 23:25:15 | [실패] API 검색 결과 없음: '서울특별시 강동구 상일동 134' (번지)
2025-07-14 23:25:15 | [실패] API 검색 결과 없음: '서울특별시 강동구 상일동 고덕로80길 74' (도로명)
2025-07-14 23:25:15 | [실패] API 검색 결과 없음: '서울특별시 강동구 고덕로80길 74' ('동'제거 도로명)
2025-07-14 23:25:15 | [실패] API 검색 결과 없음: '서울특별시 마포구 망원동 239' (번지)
2025-07-14 23:25:15 | [실패] API 검색 결과 없음: '서울특별시 마포구 망원동 희우정로13길 9' (도로명)
2025-07-14 23:25:15 | [실패] API 검색 결과 없음: '서울특별시 마포구 희우정로13길 9' ('동'제거 도로명)
2025-07-14 23:25:15 | [실패] API 검색 결과 없음: '서울특별시 서대문구 홍제동 92-1' (번지)
2025-07-14 23:25:15 | [실패] API 검색 결과 없음: '서울특별시 서대문구 홍제동 통일로31길 5' (도로명)
2025-07-14 23:25:15 | [실패] API 검색 결과 없음: '서울특별시 서대문구 통일로31길 5' ('동'제거 도로명)
2025-07-14 23:25:15 | [실패] API 검색 결과 없음: '서울특별시 성동구 금호동1가 598-12' (번지)
2025-07-14 23:25:16 | [실패] API 검색 결과 없음: '서울특별시 성동구 금호동1가 난계로 9' (도로명)
2025-07-14 23:25:16 | [실패] API 검색 결과 없음: '서울특별시 성동구 난계로 9' ('동'제거 도로명)
2025-07-14 23:25:17 | [실패] API 검색 결과 없음: '서울특별시 성동구 하왕십리동 845' (번지)
2025-07-14 23:25:17 | [실패] API 검색 결과 없음: '서울특별시 성동구 하왕십리동 왕십리로39길 30' (도로명)
2025-07-14 23:25:17 | [실패] API 검색 결과 없음: '서울특별시 성동구 왕십리로39길 30' ('동'제거 도로명)
2025-07-14 23:25:17 | [실패] API 검색 결과 없음: '서울특별시 성북구 길음동 998' (번지)
2025-07-14 23:25:17 | [실패] API 검색 결과 없음: '서울특별시 성북구 길음동 삼양로6길 31' (도로명)
2025-07-14 23:25:17 | [실패] API 검색 결과 없음: '서울특별시 성북구 삼양로6길 31' ('동'제거 도로명)
2025-07-14 23:25:17 | [실패] API 검색 결과 없음: '서울특별시 성북구 돈암동 13-85' (번지)
2025-07-14 23:25:17 | [실패] API 검색 결과 없음: '서울특별시 송파구 거여동 34' (번지)
2025-07-14 23:25:17 | [실패] API 검색 결과 없음: '서울특별시 송파구 거여동 오금로 557' (도로명)
2025-07-14 23:25:17 | [실패] API 검색 결과 없음: '서울특별시 송파구 오금로 557' ('동'제거 도로명)
2025-07-14 23:25:17 | [실패] API 검색 결과 없음: '서울특별시 송파구 거여동 34-10' (번지)
2025-07-14 23:25:17 | [실패] API 검색 결과 없음: '서울특별시 송파구 거여동 오금로 557' (도로명)
2025-07-14 23:25:18 | [실패] API 검색 결과 없음: '서울특별시 송파구 오금로 557' ('동'제거 도로명)
2025-07-14 23:25:18 | [실패] API 검색 결과 없음: '서울특별시 송파구 송파동 167' (번지)
2025-07-14 23:25:18 | [실패] API 검색 결과 없음: '서울특별시 양천구 신월동 562-3' (번지)
2025-07-14 23:25:18 | [실패] API 검색 결과 없음: '서울특별시 양천구 신월동 신월로10길 23' (도로명)
2025-07-14 23:25:18 | [실패] API 검색 결과 없음: '서울특별시 양천구 신월로10길 23' ('동'제거 도로명)
2025-07-14 23:25:18 | [실패] API 검색 결과 없음: '서울특별시 양천구 신월동 594-13' (번지)
2025-07-14 23:25:18 | [실패] API 검색 결과 없음: '서울특별시 양천구 신월동 절골10길 9' (도로명)
2025-07-14 23:25:18 | [실패] API 검색 결과 없음: '서울특별시 양천구 절골10길 9' ('동'제거 도로명)
2025-07-14 23:25:18 | [실패] API 검색 결과 없음: '서울특별시 은평구 수색동 325-17' (번지)
2025-07-14 23:25:18 | [실패] API 검색 결과 없음: '서울특별시 은평구 수색동 수색로 322-5' (도로명)
2025-07-14 23:25:18 | [실패] API 검색 결과 없음: '서울특별시 은평구 수색로 322-5' ('동'제거 도로명)
2025-07-14 23:25:18 | [실패] API 검색 결과 없음: '서울특별시 은평구 수색동 326-12' (번지)
2025-07-14 23:25:18 | [실패] API 검색 결과 없음: '서울특별시 은평구 수색동 수색로 322-16' (도로명)
2025-07-14 23:25:18 | [실패] API 검색 결과 없음: '서울특별시 은평구 수색로 322-16' ('동'제거 도로명)
2025-07-14 23:25:18 | [실패] API 검색 결과 없음: '서울특별시 중구 만리동2가 116-4' (번지)
2025-07-14 23:25:19 | [실패] API 검색 결과 없음: '서울특별시 중구 만리동2가 손기정로18길 19' (도로명)
2025-07-14 23:25:19 | [실패] API 검색 결과 없음: '서울특별시 중구 손기정로18길 19' ('동'제거 도로명)
2025-07-14 23:25:19 | [실패] API 검색 결과 없음: '서울특별시 동작구 상도동 1000' (번지)
2025-07-14 23:25:19 | [실패] API 검색 결과 없음: '서울특별시 동작구 상도동 관악로 304' (도로명)
2025-07-14 23:25:19 | [실패] API 검색 결과 없음: '서울특별시 동작구 관악로 304' ('동'제거 도로명)
2025-07-14 23:25:19 | [실패] API 검색 결과 없음: '서울특별시 강남구 삼성동 19-4' (번지)
2025-07-14 23:25:19 | [실패] API 검색 결과 없음: '서울특별시 관악구 봉천동 1152' (번지)
2025-07-14 23:25:19 | [실패] API 검색 결과 없음: '서울특별시 관악구 봉천동  27' (도로명)
2025-07-14 23:25:19 | [실패] API 검색 결과 없음: '서울특별시 관악구 27' ('동'제거 도로명)
2025-07-14 23:25:19 | [실패] API 검색 결과 없음: '서울특별시 종로구 원남동 36-1' (번지)
2025-07-14 23:25:19 | [실패] API 검색 결과 없음: '서울특별시 종로구 원남동 창경궁로18길 20-6' (도로명)
2025-07-14 23:25:19 | [실패] API 검색 결과 없음: '서울특별시 종로구 창경궁로18길 20-6' ('동'제거 도로명)
2025-07-14 23:25:19 | [실패] API 검색 결과 없음: '서울특별시 용산구 효창동 11-168' (번지)
2025-07-14 23:25:19 | [실패] API 검색 결과 없음: '서울특별시 용산구 효창동 효창원로93길 18' (도로명)
2025-07-14 23:25:19 | [실패] API 검색 결과 없음: '서울특별시 용산구 효창원로93길 18' ('동'제거 도로명)
2025-07-14 23:25:20 | [실패] API 검색 결과 없음: '서울특별시 양천구 신월동 561-2' (번지)
2025-07-14 23:25:20 | [실패] API 검색 결과 없음: '서울특별시 양천구 신월동 남부순환로85길 10' (도로명)
2025-07-14 23:25:20 | [실패] API 검색 결과 없음: '서울특별시 양천구 남부순환로85길 10' ('동'제거 도로명)
2025-07-14 23:25:20 | [실패] API 검색 결과 없음: '서울특별시 양천구 신월동 562-5' (번지)
2025-07-14 23:25:20 | [실패] API 검색 결과 없음: '서울특별시 양천구 신월동 신남1길 16' (도로명)
2025-07-14 23:25:20 | [실패] API 검색 결과 없음: '서울특별시 양천구 신남1길 16' ('동'제거 도로명)
2025-07-14 23:25:20 | [실패] API 검색 결과 없음: '서울특별시 양천구 신월동 593-14' (번지)
2025-07-14 23:25:20 | [실패] API 검색 결과 없음: '서울특별시 양천구 신월동  10' (도로명)
2025-07-14 23:25:20 | [실패] API 검색 결과 없음: '서울특별시 양천구 10' ('동'제거 도로명)
2025-07-14 23:25:20 | [실패] API 검색 결과 없음: '서울특별시 은평구 응암동 626-108' (번지)
2025-07-14 23:25:20 | [실패] API 검색 결과 없음: '서울특별시 은평구 응암동 응암로16길 37' (도로명)
2025-07-14 23:25:20 | [실패] API 검색 결과 없음: '서울특별시 은평구 응암로16길 37' ('동'제거 도로명)
2025-07-14 23:25:20 | [실패] API 검색 결과 없음: '서울특별시 은평구 응암동 758' (번지)
2025-07-14 23:25:20 | [실패] API 검색 결과 없음: '서울특별시 은평구 응암동  20-3' (도로명)
2025-07-14 23:25:20 | [실패] API 검색 결과 없음: '서울특별시 은평구 20-3' ('동'제거 도로명)
2025-07-14 23:25:21 | [실패] API 검색 결과 없음: '서울특별시 은평구 증산동 214-8' (번지)
2025-07-14 23:25:21 | [실패] API 검색 결과 없음: '서울특별시 은평구 증산동 증산로3길 19-12' (도로명)
2025-07-14 23:25:21 | [실패] API 검색 결과 없음: '서울특별시 은평구 증산로3길 19-12' ('동'제거 도로명)
2025-07-14 23:25:21 | [실패] API 검색 결과 없음: '서울특별시 은평구 증산동 214-13' (번지)
2025-07-14 23:25:21 | [실패] API 검색 결과 없음: '서울특별시 은평구 증산동 증산로3길 19-6' (도로명)
2025-07-14 23:25:21 | [실패] API 검색 결과 없음: '서울특별시 은평구 증산로3길 19-6' ('동'제거 도로명)
2025-07-14 23:25:21 | [실패] API 검색 결과 없음: '서울특별시 강동구 고덕동 220' (번지)
2025-07-14 23:25:21 | [실패] API 검색 결과 없음: '서울특별시 강동구 고덕동 동남로82길 98' (도로명)
2025-07-14 23:25:21 | [실패] API 검색 결과 없음: '서울특별시 강동구 동남로82길 98' ('동'제거 도로명)
2025-07-14 23:25:21 | [실패] API 검색 결과 없음: '서울특별시 서초구 반포동 1-26' (번지)
2025-07-14 23:25:21 | [실패] API 검색 결과 없음: '서울특별시 서초구 반포동 신반포로 133' (도로명)
2025-07-14 23:25:21 | [실패] API 검색 결과 없음: '서울특별시 서초구 신반포로 133' ('동'제거 도로명)
2025-07-14 23:25:21 | [실패] API 검색 결과 없음: '서울특별시 양천구 신월동 593-14' (번지)
2025-07-14 23:25:21 | [실패] API 검색 결과 없음: '서울특별시 양천구 신월동 절골10길 10' (도로명)
2025-07-14 23:25:22 | [실패] API 검색 결과 없음: '서울특별시 양천구 절골10길 10' ('동'제거 도로명)
2025-07-14 23:25:22 | [실패] API 검색 결과 없음: '서울특별시 송파구 거여동 35-7' (번지)
2025-07-14 23:25:22 | [실패] API 검색 결과 없음: '서울특별시 송파구 거여동 오금로 529' (도로명)
2025-07-14 23:25:22 | [실패] API 검색 결과 없음: '서울특별시 송파구 오금로 529' ('동'제거 도로명)
2025-07-14 23:25:22 | [실패] API 검색 결과 없음: '서울특별시 은평구 수색동 328-3' (번지)
2025-07-14 23:25:22 | [실패] API 검색 결과 없음: '서울특별시 은평구 수색동 수색로20길 7-5' (도로명)
2025-07-14 23:25:22 | [실패] API 검색 결과 없음: '서울특별시 은평구 수색로20길 7-5' ('동'제거 도로명)
2025-07-14 23:25:22 | [실패] API 검색 결과 없음: '서울특별시 은평구 증산동 216-10' (번지)
2025-07-14 23:25:22 | [실패] API 검색 결과 없음: '서울특별시 은평구 증산동 증산로1길 24' (도로명)
2025-07-14 23:25:22 | [실패] API 검색 결과 없음: '서울특별시 은평구 증산로1길 24' ('동'제거 도로명)
2025-07-14 23:25:22 | [실패] API 검색 결과 없음: '서울특별시 마포구 현석동 128-11' (번지)
2025-07-14 23:25:22 | [실패] API 검색 결과 없음: '서울특별시 마포구 현석동 토정로18길 41-1' (도로명)
2025-07-14 23:25:22 | [실패] API 검색 결과 없음: '서울특별시 마포구 토정로18길 41-1' ('동'제거 도로명)
2025-07-14 23:25:22 | [실패] API 검색 결과 없음: '서울특별시 강남구 도곡동 538' (번지)
2025-07-14 23:25:22 | [실패] API 검색 결과 없음: '서울특별시 강남구 역삼동 762' (번지)
2025-07-14 23:25:23 | [실패] API 검색 결과 없음: '서울특별시 강동구 성내동 547-1' (번지)
2025-07-14 23:25:23 | [실패] API 검색 결과 없음: '서울특별시 강동구 성내동 성내로 74' (도로명)
2025-07-14 23:25:23 | [실패] API 검색 결과 없음: '서울특별시 강동구 성내로 74' ('동'제거 도로명)
2025-07-14 23:25:23 | [실패] API 검색 결과 없음: '서울특별시 동대문구 답십리동 465-2' (번지)
2025-07-14 23:25:23 | [실패] API 검색 결과 없음: '서울특별시 마포구 토정동 2-4' (번지)
2025-07-14 23:25:23 | [실패] API 검색 결과 없음: '서울특별시 서초구 반포동 30-2' (번지)
2025-07-14 23:25:23 | [실패] API 검색 결과 없음: '서울특별시 강남구 대치동 633' (번지)
2025-07-14 23:25:23 | [실패] API 검색 결과 없음: '서울특별시 강남구 역삼동 763' (번지)
2025-07-14 23:25:23 | [실패] API 검색 결과 없음: '서울특별시 서초구 서초동 1686-4' (번지)
2025-07-14 23:25:23 | [실패] API 검색 결과 없음: '서울특별시 서초구 잠원동 57' (번지)
2025-07-14 23:25:23 | [실패] API 검색 결과 없음: '서울특별시 서초구 잠원동 신반포로 45' (도로명)
2025-07-14 23:25:23 | [실패] API 검색 결과 없음: '서울특별시 서초구 신반포로 45' ('동'제거 도로명)
2025-07-14 23:25:23 | [실패] API 검색 결과 없음: '서울특별시 용산구 한강로2가 196' (번지)
2025-07-14 23:25:23 | \n최종 결과 업데이트를 시작합니다...
2025-07-14 23:25:23 | 결측치 업데이트 완료!
2025-07-14 23:25:23 | 
작업 후 남은 '좌표X'의 결측치 개수: 8721
2025-07-14 23:25:23 | 총 8721개 주소의 좌표 검색에 최종 실패했습니다.
2025-07-14 23:25:23 | 총 8721개의 검색 실패 행을 '../../data/processed/geocoding/no_search_geocoding_train_missing.csv'에 저장했습니다.
2025-07-14 23:25:23 | 
작업 후 남은 '좌표X'의 결측치 개수: 0
2025-07-14 23:25:23 | 모든 작업이 완료되었습니다. 최종 데이터가 '../../data/processed/geocoding/train_missing_geocoded.csv' 경로에 저장되었습니다.
