2025-07-16 12:15:34 | >> 표준 출력 및 오류를 로그 파일로 리디렉션 시작
2025-07-16 12:15:34 | ==================================================
2025-07-16 12:15:34 | >> < 아파트 가격 예측 모델링 시작 >
2025-07-16 12:15:34 | >> [1단계 완료] 라이브러리, 경로, 로거 초기화 성공!
2025-07-16 12:15:44 | >> [2단계 시작] 데이터 로드를 시작합니다...
2025-07-16 12:15:46 | >> 데이터 로드 및 병합 완료.
2025-07-16 12:15:47 | >> TimeSeriesSplit을 위해 데이터를 시간순으로 정렬했습니다.
2025-07-16 12:15:53 | >> [3단계 시작] 피처 엔지니어링을 시작합니다...
2025-07-16 12:15:54 | >> K-평균 군집화를 시작합니다...
2025-07-16 12:15:54 | >> [오류] K-평균 군집화 중 문제 발생: "['X좌표', 'Y좌표'] not in index"
2025-07-16 12:15:54 | >> 고급 피처 엔지니어링을 시작합니다...
2025-07-16 12:15:54 | >> 1. 시간 관련(sin/cos) 피처 생성 완료.
2025-07-16 12:15:54 | >> 2. 교통 관련 가중합 특성 생성 완료.
2025-07-16 12:15:55 | >> 3. 면적당 가격 관련 통계 피처 생성 및 병합 완료.
2025-07-16 12:15:55 | >> 4. 상호작용 특성 생성 완료.
2025-07-16 12:15:55 | >> [오류] 3단계 피처 엔지니어링 중 문제 발생: "None of [Index(['동별_평균면적당가격', '동별_면적당가격편차', '구별_평균면적당가격', '구별_면적당가격편차'], dtype='object')] are in the [columns]"
2025-07-16 12:17:23 | >> [3단계 시작] 피처 엔지니어링을 시작합니다...
2025-07-16 12:17:24 | >> K-평균 군집화를 시작합니다...
2025-07-16 12:17:36 | >> K-평균 군집화 완료. '5'개 특성을 사용해 10개의 '아파트군집' 생성.
2025-07-16 12:17:36 | >> 고급 피처 엔지니어링을 시작합니다...
2025-07-16 12:17:36 | >> 1. 시간 관련(sin/cos) 피처 생성 완료.
2025-07-16 12:17:36 | >> 2. 교통 관련 가중합 특성 생성 완료.
2025-07-16 12:17:37 | >> 3. 면적당 가격 관련 통계 피처 생성 및 병합 완료.
2025-07-16 12:17:37 | >> 4. 상호작용 특성 생성 완료.
2025-07-16 12:17:37 | >> [오류] 3단계 피처 엔지니어링 중 문제 발생: "None of [Index(['동별_평균면적당가격', '동별_면적당가격편차', '구별_평균면적당가격', '구별_면적당가격편차'], dtype='object')] are in the [columns]"
2025-07-16 12:20:14 | >> [3단계 시작] 피처 엔지니어링을 시작합니다...
2025-07-16 12:20:14 | >> K-평균 군집화를 시작합니다...
2025-07-16 12:20:26 | >> K-평균 군집화 완료. '5'개 특성을 사용해 10개의 '아파트군집' 생성.
2025-07-16 12:20:26 | >> 고급 피처 엔지니어링을 시작합니다...
2025-07-16 12:20:26 | >> 1. 시간 관련(sin/cos) 피처 생성 완료.
2025-07-16 12:20:26 | >> 2. 교통 관련 가중합 특성 생성 완료.
2025-07-16 12:20:27 | >> 3. 면적당 가격 관련 통계 피처 생성 및 병합 완료.
2025-07-16 12:20:27 | >> 4. 상호작용 특성 생성 완료.
2025-07-16 12:20:27 | >> [오류] 3단계 피처 엔지니어링 중 문제 발생: "None of [Index(['동별_평균면적당가격', '동별_면적당가격편차', '구별_평균면적당가격', '구별_면적당가격편차'], dtype='object')] are in the [columns]"
2025-07-16 12:20:52 | >> [3단계 시작] 피처 엔지니어링을 시작합니다...
2025-07-16 12:20:52 | >> K-평균 군집화를 시작합니다...
2025-07-16 12:21:04 | >> K-평균 군집화 완료. '5'개 특성을 사용해 10개의 '아파트군집' 생성.
2025-07-16 12:21:04 | >> 고급 피처 엔지니어링을 시작합니다...
2025-07-16 12:21:04 | >> 1. 시간 관련(sin/cos) 피처 생성 완료.
2025-07-16 12:21:04 | >> 2. 교통 관련 가중합 특성 생성 완료.
2025-07-16 12:21:06 | >> 3. 면적당 가격 관련 통계 피처 생성 및 병합 완료.
2025-07-16 12:21:06 | >> 4. 상호작용 특성 생성 완료.
2025-07-16 12:21:06 | >> 5. 생성된 통계 피처에 결측치가 없어 처리를 건너뜁니다.
2025-07-16 12:21:06 | >> 고급 피처 엔지니어링 완료.
2025-07-16 12:21:06 | >> [3단계 완료] 피처 엔지니어링 성공.
2025-07-16 12:21:35 | >> [4단계 시작] 데이터 스케일링 및 인코딩을 시작합니다...
2025-07-16 12:21:35 | >> 타겟 변수(target) 로그 변환 완료.
2025-07-16 12:21:36 | >> 범주형 데이터 라벨 인코딩 완료.
2025-07-16 12:21:41 | >> [5단계 시작] 최종 데이터 분리를 시작합니다...
2025-07-16 12:21:42 | >> 최종 데이터 분리 완료. 훈련 데이터: (1110101, 57), 테스트 데이터: (9272, 57)
2025-07-16 12:21:42 | >> [5단계 완료] 최종 데이터 준비 성공.
2025-07-16 12:21:55 | >> [6단계 시작] 특성 선택을 시작합니다...
2025-07-16 12:21:56 | >> [오류] 6단계 특성 선택 중 문제 발생: Feature (동별_평균면적당가격_x) appears more than one time.
2025-07-16 12:25:47 | >> [3단계 시작] 피처 엔지니어링을 시작합니다...
2025-07-16 12:25:48 | >> K-평균 군집화를 시작합니다...
2025-07-16 12:26:00 | >> K-평균 군집화 완료. '5'개 특성을 사용해 10개의 '아파트군집' 생성.
2025-07-16 12:26:00 | >> 고급 피처 엔지니어링을 시작합니다...
2025-07-16 12:26:00 | >> 1. 시간 관련(sin/cos) 피처 생성 완료.
2025-07-16 12:26:00 | >> 2. 교통 관련 가중합 특성 생성 완료.
2025-07-16 12:26:01 | >> 3. 면적당 가격 관련 통계 피처 생성 및 병합 완료.
2025-07-16 12:26:01 | >> 4. 상호작용 특성 생성 완료.
2025-07-16 12:26:01 | >> [오류] 3단계 피처 엔지니어링 중 문제 발생: "None of [Index(['동별_평균면적당가격', '동별_면적당가격편차', '구별_평균면적당가격', '구별_면적당가격편차'], dtype='object')] are in the [columns]"
