2025-07-16 00:30:02 | ==================================================
2025-07-16 00:30:02 | >> 아파트 가격 예측 모델링 시작
2025-07-16 00:30:02 | >> [1단계 완료] 라이브러리 및 모듈 임포트 성공
2025-07-16 00:30:02 | >> [2단계 완료] 경로 설정 및 커스텀 로거 임포트 성공
2025-07-16 00:30:02 | >> [3단계 완료] 로거 및 경로 초기화 성공
2025-07-16 00:30:02 | >> [1-3단계 완료] 라이브러리, 경로, 로거 초기화 성공
2025-07-16 00:30:02 | >> [4단계 시작] 데이터 로드 중...
2025-07-16 00:30:04 | >> 데이터 로드 및 병합 완료.
2025-07-16 00:30:04 | >> [5-1단계 시작] Target 변수 로그 변환을 시작합니다...
2025-07-16 00:30:04 | >> Target 변수 로그 변환 완료.
2025-07-16 00:30:04 | >> [5-2단계 시작] 고급 피처 엔지니어링 및 데이터 분리를 시작합니다...
2025-07-16 00:30:04 | >> 1. Train/Test 데이터 분리 완료.
2025-07-16 00:30:04 | >> 2. 시간 관련 피처 생성 중...
2025-07-16 00:30:04 | >> '계약월_sin/cos', '아파트나이' 피처 생성 완료.
2025-07-16 00:30:04 | >> 3. 면적당 가격 관련 피처 생성 중...
2025-07-16 00:30:05 | >> '동별/구별 면적당가격' 피처 생성 및 병합 완료.
2025-07-16 00:30:05 | >> 4. 상호작용 특성 생성 중...
2025-07-16 00:30:05 | >> 상호작용 특성 생성 완료.
2025-07-16 00:30:05 | >> 5. 테스트 데이터의 결측치(NA) 처리 중...
2025-07-16 00:30:05 | >> 테스트 데이터 결측치 처리 완료.
2025-07-16 00:30:05 | >> 6. 학습에 사용할 피처(X)와 타겟(y) 정의 중...
2025-07-16 00:30:05 | >> 피처/타겟 정의 완료.
2025-07-16 00:30:05 | >> 7. 범주형 피처 Label Encoding 처리 중...
2025-07-16 00:30:05 | >> [5단계 완료] 모든 피처 엔지니어링 및 데이터 분리 성공.
2025-07-16 00:30:05 | >> [6단계 시작] 피처 선택을 위한 사전 모델 학습을 시작합니다...
2025-07-16 00:30:16 | >> 피처 선택 완료. 제외된 피처 개수: 10개
2025-07-16 00:30:16 | >> 최종 학습에 사용될 피처 개수: 28개
2025-07-16 00:30:16 | >> [6단계 완료] 피처 선택 성공.
2025-07-16 00:30:16 | >> [7단계 시작] Optuna로 하이퍼파라미터 최적화를 시작합니다...
