2025-07-17 00:34:02 | >> 표준 출력 및 오류를 로그 파일로 리디렉션 시작
2025-07-17 00:34:02 | ============================================================
2025-07-17 00:34:02 | >> [price_prediction8] 아파트 가격 예측 모델링 시작
2025-07-17 00:34:02 | ============================================================
2025-07-17 00:34:21 | >> [1단계 완료] 라이브러리, 경로, 로거 초기화 및 시드 고정 성공!
2025-07-17 00:34:26 | >> [2단계 시작] 데이터 로드를 시작합니다.
2025-07-17 00:34:28 | >> 원본 데이터 Shape - Train: (1110101, 32), Test: (9272, 32)
2025-07-17 00:34:28 | >> Train/Test 병합 후 Shape: (1119373, 32)
2025-07-17 00:34:28 | >> [2단계 완료] 데이터 로드 성공.
2025-07-17 00:34:42 | >> [3단계 시작] 피처 엔지니어링을 시작합니다.
2025-07-17 00:34:42 | >> 4.1. 날짜/기본/주기성 피처 생성 완료.
2025-07-17 00:34:42 | >> 4.2. 교통 가중합 피처 생성 완료.
2025-07-17 00:34:47 | >> 4.3. K-Means 군집화 피처 생성 완료.
2025-07-17 00:34:48 | >> 4.4. 시차(Lag) 및 이동평균(Rolling) 피처 생성 완료.
2025-07-17 00:34:48 | >> 4.5. 상호작용 피처 생성 완료.
2025-07-17 00:34:48 | >> 인코딩 대상 범주형 피처: ['계약일자', '자치구', '법정동', '브랜드등급']
2025-07-17 00:34:49 | >> 결측치 처리 전, NA 개수: 1179953
2025-07-17 00:34:49 | >> 결측치 처리 후, NA 개수: 0
2025-07-17 00:34:49 | >> 최종 피처 수: 47
2025-07-17 00:34:49 | >> 4.6. 범주형 인코딩 및 최종 데이터 분리 완료.
2025-07-17 00:34:49 | >> [3단계 완료] 피처 엔지니어링 성공.
