2025-07-17 00:45:58 | >> 표준 출력 및 오류를 로그 파일로 리디렉션 시작
2025-07-17 00:45:58 | ============================================================
2025-07-17 00:45:58 | >> [price_prediction8] 아파트 가격 예측 모델링 시작
2025-07-17 00:45:58 | ============================================================
2025-07-17 00:46:17 | >> [1단계 완료] 라이브러리, 경로, 로거 초기화 및 시드 고정 성공!
2025-07-17 00:46:20 | >> [2단계 시작] 데이터 로드를 시작합니다.
2025-07-17 00:46:22 | >> 원본 데이터 Shape - Train: (1110101, 32), Test: (9272, 32)
2025-07-17 00:46:22 | >> Train/Test 병합 후 Shape: (1119373, 32)
2025-07-17 00:46:22 | >> [2단계 완료] 데이터 로드 성공.
2025-07-17 00:46:24 | >> [3단계 시작] 피처 엔지니어링을 시작합니다.
2025-07-17 00:46:24 | >> 4.1. 날짜/기본/주기성 피처 생성 완료.
2025-07-17 00:46:24 | >> 4.2. 교통 가중합 피처 생성 완료.
2025-07-17 00:46:29 | >> 4.3. K-Means 군집화 피처 생성 완료.
2025-07-17 00:46:30 | >> 4.4. 시차(Lag) 및 이동평균(Rolling) 피처 생성 완료.
2025-07-17 00:46:30 | >> 4.5. 상호작용 피처 생성 완료.
2025-07-17 00:46:30 | >> 인코딩 대상 범주형 피처: ['계약일자', '자치구', '법정동', '브랜드등급']
2025-07-17 00:46:31 | >> 결측치 처리 전, NA 개수: 1179953
2025-07-17 00:46:31 | >> 결측치 처리 후, NA 개수: 0
2025-07-17 00:46:31 | >> 최종 피처 수: 47
2025-07-17 00:46:31 | >> 4.6. 범주형 인코딩 및 최종 데이터 분리 완료.
2025-07-17 00:46:31 | >> [3단계 완료] 피처 엔지니어링 성공.
2025-07-17 00:46:35 | >> [4단계 시작] 상위 100개 피처를 선택합니다.
2025-07-17 00:46:36 | [LightGBM] [Info] Auto-choosing row-wise multi-threading, the overhead of testing was 0.018791 seconds.
You can set `force_row_wise=true` to remove the overhead.
And if memory is not enough, you can set `force_col_wise=true`.
2025-07-17 00:46:36 | [LightGBM] [Info] Total Bins 6076
2025-07-17 00:46:36 | [LightGBM] [Info] Number of data points in the train set: 1110101, number of used features: 46
2025-07-17 00:46:36 | [LightGBM] [Info] Start training from score 10.749784
2025-07-17 00:46:37 | >> 피처 중요도 (상위 20개):
2025-07-17 00:46:37 | feature  importance
38          동별_평균가격_lag_1         538
4                     법정동         389
41          동별_평균가격_lag_6         335
42  동별_가격_rolling_mean_3m         297
43   동별_가격_rolling_std_3m         263
39          동별_평균가격_lag_2         206
40          동별_평균가격_lag_3         178
23                   총인구수          89
14                    좌표Y          79
24                성비(남/여)          64
13                    좌표X          60
0                    계약일자          45
45                 면적_x_층          37
28           loanrate_12m          32
25            loanrate_1m          32
20         반경_1km_버스정류장_수          29
3                     자치구          23
6                    전용면적          23
26            loanrate_3m          23
27            loanrate_6m          22
2025-07-17 00:46:37 | >> [오류] 4단계(피처 선택) 중 문제 발생: name 'X_train_raw' is not defined
