2025-07-17 01:30:24 | >> 표준 출력 및 오류를 로그 파일로 리디렉션 시작
2025-07-17 01:30:24 | ============================================================
2025-07-17 01:30:24 | >> [price_prediction8] 아파트 가격 예측 모델링 시작
2025-07-17 01:30:24 | ============================================================
2025-07-17 01:30:24 | >> [1단계 완료] 라이브러리, 경로, 로거 초기화 및 시드 고정 성공!
2025-07-17 01:30:24 | >> [2단계 시작] 데이터 로드를 시작합니다.
2025-07-17 01:30:25 | >> 원본 데이터 Shape - Train: (1110101, 32), Test: (9272, 32)
2025-07-17 01:30:26 | >> Train/Test 병합 후 Shape: (1119373, 32)
2025-07-17 01:30:26 | >> [2단계 완료] 데이터 로드 성공.
2025-07-17 01:30:26 | >> [3단계 시작] 피처 엔지니어링을 시작합니다.
2025-07-17 01:30:26 | >> 4.1. 날짜/기본/주기성 피처 생성 완료.
2025-07-17 01:30:26 | >> 4.2. 교통 가중합 피처 생성 완료.
2025-07-17 01:30:31 | >> 4.3. K-Means 군집화 피처 생성 완료.
2025-07-17 01:30:31 | >> 4.4. [개선] 면적당 가격 기반 통계 피처 생성 완료.
2025-07-17 01:30:32 | >> [추가] K-Means 군집 기반 통계 피처 생성 완료.
2025-07-17 01:30:32 | >> 4.5. 상호작용 피처 생성 완료.
2025-07-17 01:30:32 | >> 인코딩 대상 범주형 피처: ['계약일자', '자치구', '법정동', '브랜드등급']
2025-07-17 01:30:32 | >> 결측치 처리 전, NA 개수: 7835611
2025-07-17 01:30:32 | >> 결측치 처리 후, NA 개수: 0
2025-07-17 01:30:32 | >> 최종 피처 수: 47
2025-07-17 01:30:32 | >> 4.6. 범주형 인코딩 및 최종 데이터 분리 완료.
2025-07-17 01:30:32 | >> [3단계 완료] 피처 엔지니어링 성공.
2025-07-17 01:30:32 | >> [4단계 시작] 상위 100개 피처를 선택합니다.
2025-07-17 01:30:33 | [LightGBM] [Info] Auto-choosing row-wise multi-threading, the overhead of testing was 0.017773 seconds.
You can set `force_row_wise=true` to remove the overhead.
And if memory is not enough, you can set `force_col_wise=true`.
2025-07-17 01:30:33 | [LightGBM] [Info] Total Bins 4531
2025-07-17 01:30:33 | [LightGBM] [Info] Number of data points in the train set: 1110101, number of used features: 39
2025-07-17 01:30:33 | [LightGBM] [Info] Start training from score 10.749784
2025-07-17 01:30:34 | >> 피처 중요도 :
2025-07-17 01:30:34 | feature  importance
14              좌표Y         386
32             건물나이         351
13              좌표X         298
0              계약일자         259
6              전용면적         202
44          면적_x_나이         190
4               법정동         172
12          아파트이름길이         112
20   반경_1km_버스정류장_수         112
24          성비(남/여)         111
15          지하철최단거리          82
19           버스최단거리          72
23             총인구수          70
3               자치구          66
10               연식          61
45           면적_x_층          58
36             가중버스          55
35            가중지하철          52
46          강남_x_면적          46
21  반경_500m_버스정류장_수          43
28     loanrate_12m          31
11            브랜드등급          31
22  반경_300m_버스정류장_수          22
16    반경_1km_지하철역_수          18
5            강남3구여부          17
9            사용허가여부          17
37            아파트군집          13
17   반경_500m_지하철역_수          13
26      loanrate_3m           7
27      loanrate_6m           7
7                 층           6
8            홈페이지유무           6
1              계약년도           6
25      loanrate_1m           5
33          계약월_sin           2
18   반경_300m_지하철역_수           1
43    군집별_std_면적당가격           0
2               계약월           0
41     구별_std_면적당가격           0
42     군집별_평균_면적당가격           0
34          계약월_cos           0
40      구별_평균_면적당가격           0
39     동별_std_면적당가격           0
38      동별_평균_면적당가격           0
31              계약년           0
29           isTest           0
30           target           0
2025-07-17 01:30:34 | >> 피처 선택 완료. 선택된 피처 수: 47
2025-07-17 01:30:34 | >> 총 47개 중 47개 선택, 0개 제외.
2025-07-17 01:30:34 | >> 선택된 피처 목록 : ['좌표Y', '건물나이', '좌표X', '계약일자', '전용면적', '면적_x_나이', '법정동', '아파트이름길이', '반경_1km_버스정류장_수', '성비(남/여)', '지하철최단거리', '버스최단거리', '총인구수', '자치구', '연식', '면적_x_층', '가중버스', '가중지하철', '강남_x_면적', '반경_500m_버스정류장_수', 'loanrate_12m', '브랜드등급', '반경_300m_버스정류장_수', '반경_1km_지하철역_수', '강남3구여부', '사용허가여부', '아파트군집', '반경_500m_지하철역_수', 'loanrate_3m', 'loanrate_6m', '층', '홈페이지유무', '계약년도', 'loanrate_1m', '계약월_sin', '반경_300m_지하철역_수', '군집별_std_면적당가격', '계약월', '구별_std_면적당가격', '군집별_평균_면적당가격', '계약월_cos', '구별_평균_면적당가격', '동별_std_면적당가격', '동별_평균_면적당가격', '계약년', 'isTest', 'target']
2025-07-17 01:30:34 | >> 제외된 피처 목록 : []
2025-07-17 01:30:34 | >> [4단계 완료] 피처 선택 성공.
2025-07-17 01:30:34 | >> [5단계 시작] Optuna 최적화를 시작합니다. (탐색 횟수: 30)
2025-07-17 01:30:34 | >> Optuna용 데이터 분할 - Train: (888080, 47), Validation: (222021, 47)
2025-07-17 01:32:44 | Trial 0 | RMSE: 0.18840 | Params: {'learning_rate': 0.012934234738913203, 'feature_fraction': 0.8610092877301334, 'bagging_fraction': 0.926082612155018, 'bagging_freq': 3, 'num_leaves': 73, 'max_depth': 16, 'min_child_samples': 41}
2025-07-17 01:36:01 | Trial 1 | RMSE: 0.17414 | Params: {'learning_rate': 0.0314877593735545, 'feature_fraction': 0.8975595971640745, 'bagging_fraction': 0.9602249656361933, 'bagging_freq': 1, 'num_leaves': 94, 'max_depth': 11, 'min_child_samples': 39}
2025-07-17 01:38:53 | Trial 2 | RMSE: 0.17880 | Params: {'learning_rate': 0.0282185021166848, 'feature_fraction': 0.7892904793220681, 'bagging_fraction': 0.9845619084615361, 'bagging_freq': 1, 'num_leaves': 61, 'max_depth': 18, 'min_child_samples': 44}
2025-07-17 01:40:25 | Trial 3 | RMSE: 0.19484 | Params: {'learning_rate': 0.01313139129643711, 'feature_fraction': 0.816186031479492, 'bagging_fraction': 0.7005441707524201, 'bagging_freq': 4, 'num_leaves': 46, 'max_depth': 14, 'min_child_samples': 13}
2025-07-17 01:42:25 | Trial 4 | RMSE: 0.17773 | Params: {'learning_rate': 0.042887724417039835, 'feature_fraction': 0.8543291936773965, 'bagging_fraction': 0.7144075630751632, 'bagging_freq': 6, 'num_leaves': 34, 'max_depth': 14, 'min_child_samples': 18}
