2025-07-17 00:19:27 | >> í‘œì¤€ ì¶œë ¥ ë° ì˜¤ë¥˜ë¥¼ ë¡œê·¸ íŒŒì¼ë¡œ ë¦¬ë””ë ‰ì…˜ ì‹œì‘
2025-07-17 00:19:27 | ============================================================
2025-07-17 00:19:27 | >> [price_prediction8] ì•„íŒŒíŠ¸ ê°€ê²© ì˜ˆì¸¡ ëª¨ë¸ë§ ì‹œì‘
2025-07-17 00:19:27 | ============================================================
2025-07-17 00:19:49 | >> [1ë‹¨ê³„ ì™„ë£Œ] ë¼ì´ë¸ŒëŸ¬ë¦¬, ê²½ë¡œ, ë¡œê±° ì´ˆê¸°í™” ë° ì‹œë“œ ê³ ì • ì„±ê³µ!
2025-07-17 00:19:52 | >> [2ë‹¨ê³„ ì‹œì‘] ë°ì´í„° ë¡œë“œë¥¼ ì‹œì‘í•©ë‹ˆë‹¤.
2025-07-17 00:19:54 | >> ì›ë³¸ ë°ì´í„° Shape - Train: (1110101, 32), Test: (9272, 32)
2025-07-17 00:19:54 | >> Train/Test ë³‘í•© í›„ Shape: (1119373, 32)
2025-07-17 00:19:54 | >> [2ë‹¨ê³„ ì™„ë£Œ] ë°ì´í„° ë¡œë“œ ì„±ê³µ.
2025-07-17 00:20:02 | >> [3ë‹¨ê³„ ì‹œì‘] í”¼ì²˜ ì—”ì§€ë‹ˆì–´ë§ì„ ì‹œì‘í•©ë‹ˆë‹¤.
2025-07-17 00:20:02 | >> [ì˜¤ë¥˜] 4.1(ë‚ ì§œ í”¼ì²˜) ìƒì„± ì¤‘ ë¬¸ì œ ë°œìƒ: 'ê±´ì¶•ë…„ë„'
2025-07-17 00:20:02 | >> 4.2. êµí†µ ê°€ì¤‘í•© í”¼ì²˜ ìƒì„± ì™„ë£Œ.
2025-07-17 00:20:02 | >> 4.3. êµ°ì§‘í™” ê´€ë ¨ ì»¬ëŸ¼ì´ ì—†ì–´ êµ°ì§‘ í”¼ì²˜ë¥¼ ìƒì„±í•˜ì§€ ì•Šì•˜ìŠµë‹ˆë‹¤.
2025-07-17 00:20:02 | >> [ì˜¤ë¥˜] 4.4(ì‹œê³„ì—´ í”¼ì²˜) ìƒì„± ì¤‘ ë¬¸ì œ ë°œìƒ: 'ë²•ì •ë™ì½”ë“œ'
2025-07-17 00:20:02 | >> [ì˜¤ë¥˜] 4.5(ìƒí˜¸ì‘ìš© í”¼ì²˜) ìƒì„± ì¤‘ ë¬¸ì œ ë°œìƒ: 'ê±´ë¬¼ë‚˜ì´'
2025-07-17 00:20:02 | >> ì¸ì½”ë”© ëŒ€ìƒ ë²”ì£¼í˜• í”¼ì²˜: ['ê³„ì•½ì¼ì', 'ìì¹˜êµ¬', 'ë²•ì •ë™', 'ë¸Œëœë“œë“±ê¸‰']
2025-07-17 00:20:03 | >> ê²°ì¸¡ì¹˜ ì²˜ë¦¬ ì „, NA ê°œìˆ˜: 1119373
2025-07-17 00:20:03 | >> ê²°ì¸¡ì¹˜ ì²˜ë¦¬ í›„, NA ê°œìˆ˜: 0
2025-07-17 00:20:03 | >> ìµœì¢… í”¼ì²˜ ìˆ˜: 34
2025-07-17 00:20:03 | >> 4.6. ë²”ì£¼í˜• ì¸ì½”ë”© ë° ìµœì¢… ë°ì´í„° ë¶„ë¦¬ ì™„ë£Œ.
2025-07-17 00:20:03 | >> [3ë‹¨ê³„ ì™„ë£Œ] í”¼ì²˜ ì—”ì§€ë‹ˆì–´ë§ ì„±ê³µ.
2025-07-17 00:25:48 | >> [3ë‹¨ê³„ ì‹œì‘] í”¼ì²˜ ì—”ì§€ë‹ˆì–´ë§ì„ ì‹œì‘í•©ë‹ˆë‹¤.
2025-07-17 00:25:48 | >> [ì˜¤ë¥˜] 4.1(ë‚ ì§œ í”¼ì²˜) ìƒì„± ì¤‘ ë¬¸ì œ ë°œìƒ: 'ê³„ì•½ë…„ì›”'
2025-07-17 00:25:48 | >> 4.2. êµí†µ ê°€ì¤‘í•© í”¼ì²˜ ìƒì„± ì™„ë£Œ.
2025-07-17 00:25:48 | >> 4.3. êµ°ì§‘í™” ê´€ë ¨ ì»¬ëŸ¼ì´ ì—†ì–´ êµ°ì§‘ í”¼ì²˜ë¥¼ ìƒì„±í•˜ì§€ ì•Šì•˜ìŠµë‹ˆë‹¤.
2025-07-17 00:25:48 | >> [ì˜¤ë¥˜] 4.4(ì‹œê³„ì—´ í”¼ì²˜) ìƒì„± ì¤‘ ë¬¸ì œ ë°œìƒ: 'ê³„ì•½ë…„ì›”'
2025-07-17 00:25:48 | >> [ì˜¤ë¥˜] 4.5(ìƒí˜¸ì‘ìš© í”¼ì²˜) ìƒì„± ì¤‘ ë¬¸ì œ ë°œìƒ: 'ê±´ë¬¼ë‚˜ì´'
2025-07-17 00:25:48 | >> ì¸ì½”ë”© ëŒ€ìƒ ë²”ì£¼í˜• í”¼ì²˜: []
2025-07-17 00:25:48 | >> [ì˜¤ë¥˜] 4.6(ìµœì¢… ì²˜ë¦¬) ì¤‘ ë¬¸ì œ ë°œìƒ: "['ê³„ì•½ë…„ì›”'] not found in axis"
2025-07-17 00:25:48 | >> [3ë‹¨ê³„ ì™„ë£Œ] í”¼ì²˜ ì—”ì§€ë‹ˆì–´ë§ ì„±ê³µ.
2025-07-17 00:34:02 | 2025-07-17 00:34:02 | >> í‘œì¤€ ì¶œë ¥ ë° ì˜¤ë¥˜ë¥¼ ë¡œê·¸ íŒŒì¼ë¡œ ë¦¬ë””ë ‰ì…˜ ì‹œì‘
2025-07-17 00:34:02 | 2025-07-17 00:34:02 | ============================================================
2025-07-17 00:34:02 | 2025-07-17 00:34:02 | >> [price_prediction8] ì•„íŒŒíŠ¸ ê°€ê²© ì˜ˆì¸¡ ëª¨ë¸ë§ ì‹œì‘
2025-07-17 00:34:02 | 2025-07-17 00:34:02 | ============================================================
2025-07-17 00:34:21 | 2025-07-17 00:34:21 | >> [1ë‹¨ê³„ ì™„ë£Œ] ë¼ì´ë¸ŒëŸ¬ë¦¬, ê²½ë¡œ, ë¡œê±° ì´ˆê¸°í™” ë° ì‹œë“œ ê³ ì • ì„±ê³µ!
2025-07-17 00:34:26 | 2025-07-17 00:34:26 | >> [2ë‹¨ê³„ ì‹œì‘] ë°ì´í„° ë¡œë“œë¥¼ ì‹œì‘í•©ë‹ˆë‹¤.
2025-07-17 00:34:28 | 2025-07-17 00:34:28 | >> ì›ë³¸ ë°ì´í„° Shape - Train: (1110101, 32), Test: (9272, 32)
2025-07-17 00:34:28 | 2025-07-17 00:34:28 | >> Train/Test ë³‘í•© í›„ Shape: (1119373, 32)
2025-07-17 00:34:28 | 2025-07-17 00:34:28 | >> [2ë‹¨ê³„ ì™„ë£Œ] ë°ì´í„° ë¡œë“œ ì„±ê³µ.
2025-07-17 00:34:42 | 2025-07-17 00:34:42 | >> [3ë‹¨ê³„ ì‹œì‘] í”¼ì²˜ ì—”ì§€ë‹ˆì–´ë§ì„ ì‹œì‘í•©ë‹ˆë‹¤.
2025-07-17 00:34:42 | 2025-07-17 00:34:42 | >> 4.1. ë‚ ì§œ/ê¸°ë³¸/ì£¼ê¸°ì„± í”¼ì²˜ ìƒì„± ì™„ë£Œ.
2025-07-17 00:34:42 | 2025-07-17 00:34:42 | >> 4.2. êµí†µ ê°€ì¤‘í•© í”¼ì²˜ ìƒì„± ì™„ë£Œ.
2025-07-17 00:34:47 | 2025-07-17 00:34:47 | >> 4.3. K-Means êµ°ì§‘í™” í”¼ì²˜ ìƒì„± ì™„ë£Œ.
2025-07-17 00:34:48 | 2025-07-17 00:34:48 | >> 4.4. ì‹œì°¨(Lag) ë° ì´ë™í‰ê· (Rolling) í”¼ì²˜ ìƒì„± ì™„ë£Œ.
2025-07-17 00:34:48 | 2025-07-17 00:34:48 | >> 4.5. ìƒí˜¸ì‘ìš© í”¼ì²˜ ìƒì„± ì™„ë£Œ.
2025-07-17 00:34:48 | 2025-07-17 00:34:48 | >> ì¸ì½”ë”© ëŒ€ìƒ ë²”ì£¼í˜• í”¼ì²˜: ['ê³„ì•½ì¼ì', 'ìì¹˜êµ¬', 'ë²•ì •ë™', 'ë¸Œëœë“œë“±ê¸‰']
2025-07-17 00:34:49 | 2025-07-17 00:34:49 | >> ê²°ì¸¡ì¹˜ ì²˜ë¦¬ ì „, NA ê°œìˆ˜: 1179953
2025-07-17 00:34:49 | 2025-07-17 00:34:49 | >> ê²°ì¸¡ì¹˜ ì²˜ë¦¬ í›„, NA ê°œìˆ˜: 0
2025-07-17 00:34:49 | 2025-07-17 00:34:49 | >> ìµœì¢… í”¼ì²˜ ìˆ˜: 47
2025-07-17 00:34:49 | 2025-07-17 00:34:49 | >> 4.6. ë²”ì£¼í˜• ì¸ì½”ë”© ë° ìµœì¢… ë°ì´í„° ë¶„ë¦¬ ì™„ë£Œ.
2025-07-17 00:34:49 | 2025-07-17 00:34:49 | >> [3ë‹¨ê³„ ì™„ë£Œ] í”¼ì²˜ ì—”ì§€ë‹ˆì–´ë§ ì„±ê³µ.
2025-07-17 00:45:19 | 2025-07-17 00:45:19 | >> [3ë‹¨ê³„ ì‹œì‘] í”¼ì²˜ ì—”ì§€ë‹ˆì–´ë§ì„ ì‹œì‘í•©ë‹ˆë‹¤.
2025-07-17 00:45:19 | [91m2025-07-17 00:45:19 | >> [ì˜¤ë¥˜] 4.1(ë‚ ì§œ í”¼ì²˜) ìƒì„± ì¤‘ ë¬¸ì œ ë°œìƒ: 'ê³„ì•½ë…„ì›”'
[0m
2025-07-17 00:45:19 | 2025-07-17 00:45:19 | >> 4.2. êµí†µ ê°€ì¤‘í•© í”¼ì²˜ ìƒì„± ì™„ë£Œ.
2025-07-17 00:45:24 | 2025-07-17 00:45:24 | >> 4.3. K-Means êµ°ì§‘í™” í”¼ì²˜ ìƒì„± ì™„ë£Œ.
2025-07-17 00:45:24 | [91m2025-07-17 00:45:24 | >> [ì˜¤ë¥˜] 4.4(ì‹œê³„ì—´ í”¼ì²˜) ìƒì„± ì¤‘ ë¬¸ì œ ë°œìƒ: 'ê³„ì•½ë…„ì›”'
[0m
2025-07-17 00:45:24 | 2025-07-17 00:45:24 | >> 4.5. ìƒí˜¸ì‘ìš© í”¼ì²˜ ìƒì„± ì™„ë£Œ.
2025-07-17 00:45:24 | 2025-07-17 00:45:24 | >> ì¸ì½”ë”© ëŒ€ìƒ ë²”ì£¼í˜• í”¼ì²˜: []
2025-07-17 00:45:24 | [91m2025-07-17 00:45:24 | >> [ì˜¤ë¥˜] 4.6(ìµœì¢… ì²˜ë¦¬) ì¤‘ ë¬¸ì œ ë°œìƒ: "['ê³„ì•½ë…„ì›”'] not found in axis"
[0m
2025-07-17 00:45:24 | 2025-07-17 00:45:24 | >> [3ë‹¨ê³„ ì™„ë£Œ] í”¼ì²˜ ì—”ì§€ë‹ˆì–´ë§ ì„±ê³µ.
2025-07-17 00:45:58 | 2025-07-17 00:45:58 | 2025-07-17 00:45:58 | >> í‘œì¤€ ì¶œë ¥ ë° ì˜¤ë¥˜ë¥¼ ë¡œê·¸ íŒŒì¼ë¡œ ë¦¬ë””ë ‰ì…˜ ì‹œì‘
2025-07-17 00:45:58 | 2025-07-17 00:45:58 | 2025-07-17 00:45:58 | ============================================================
2025-07-17 00:45:58 | 2025-07-17 00:45:58 | 2025-07-17 00:45:58 | >> [price_prediction8] ì•„íŒŒíŠ¸ ê°€ê²© ì˜ˆì¸¡ ëª¨ë¸ë§ ì‹œì‘
2025-07-17 00:45:58 | 2025-07-17 00:45:58 | 2025-07-17 00:45:58 | ============================================================
2025-07-17 00:46:17 | 2025-07-17 00:46:17 | 2025-07-17 00:46:17 | >> [1ë‹¨ê³„ ì™„ë£Œ] ë¼ì´ë¸ŒëŸ¬ë¦¬, ê²½ë¡œ, ë¡œê±° ì´ˆê¸°í™” ë° ì‹œë“œ ê³ ì • ì„±ê³µ!
2025-07-17 00:46:20 | 2025-07-17 00:46:20 | 2025-07-17 00:46:20 | >> [2ë‹¨ê³„ ì‹œì‘] ë°ì´í„° ë¡œë“œë¥¼ ì‹œì‘í•©ë‹ˆë‹¤.
2025-07-17 00:46:22 | 2025-07-17 00:46:22 | 2025-07-17 00:46:22 | >> ì›ë³¸ ë°ì´í„° Shape - Train: (1110101, 32), Test: (9272, 32)
2025-07-17 00:46:22 | 2025-07-17 00:46:22 | 2025-07-17 00:46:22 | >> Train/Test ë³‘í•© í›„ Shape: (1119373, 32)
2025-07-17 00:46:22 | 2025-07-17 00:46:22 | 2025-07-17 00:46:22 | >> [2ë‹¨ê³„ ì™„ë£Œ] ë°ì´í„° ë¡œë“œ ì„±ê³µ.
2025-07-17 00:46:24 | 2025-07-17 00:46:24 | 2025-07-17 00:46:24 | >> [3ë‹¨ê³„ ì‹œì‘] í”¼ì²˜ ì—”ì§€ë‹ˆì–´ë§ì„ ì‹œì‘í•©ë‹ˆë‹¤.
2025-07-17 00:46:24 | 2025-07-17 00:46:24 | 2025-07-17 00:46:24 | >> 4.1. ë‚ ì§œ/ê¸°ë³¸/ì£¼ê¸°ì„± í”¼ì²˜ ìƒì„± ì™„ë£Œ.
2025-07-17 00:46:24 | 2025-07-17 00:46:24 | 2025-07-17 00:46:24 | >> 4.2. êµí†µ ê°€ì¤‘í•© í”¼ì²˜ ìƒì„± ì™„ë£Œ.
2025-07-17 00:46:29 | 2025-07-17 00:46:29 | 2025-07-17 00:46:29 | >> 4.3. K-Means êµ°ì§‘í™” í”¼ì²˜ ìƒì„± ì™„ë£Œ.
2025-07-17 00:46:30 | 2025-07-17 00:46:30 | 2025-07-17 00:46:30 | >> 4.4. ì‹œì°¨(Lag) ë° ì´ë™í‰ê· (Rolling) í”¼ì²˜ ìƒì„± ì™„ë£Œ.
2025-07-17 00:46:30 | 2025-07-17 00:46:30 | 2025-07-17 00:46:30 | >> 4.5. ìƒí˜¸ì‘ìš© í”¼ì²˜ ìƒì„± ì™„ë£Œ.
2025-07-17 00:46:30 | 2025-07-17 00:46:30 | 2025-07-17 00:46:30 | >> ì¸ì½”ë”© ëŒ€ìƒ ë²”ì£¼í˜• í”¼ì²˜: ['ê³„ì•½ì¼ì', 'ìì¹˜êµ¬', 'ë²•ì •ë™', 'ë¸Œëœë“œë“±ê¸‰']
2025-07-17 00:46:31 | 2025-07-17 00:46:31 | 2025-07-17 00:46:31 | >> ê²°ì¸¡ì¹˜ ì²˜ë¦¬ ì „, NA ê°œìˆ˜: 1179953
2025-07-17 00:46:31 | 2025-07-17 00:46:31 | 2025-07-17 00:46:31 | >> ê²°ì¸¡ì¹˜ ì²˜ë¦¬ í›„, NA ê°œìˆ˜: 0
2025-07-17 00:46:31 | 2025-07-17 00:46:31 | 2025-07-17 00:46:31 | >> ìµœì¢… í”¼ì²˜ ìˆ˜: 47
2025-07-17 00:46:31 | 2025-07-17 00:46:31 | 2025-07-17 00:46:31 | >> 4.6. ë²”ì£¼í˜• ì¸ì½”ë”© ë° ìµœì¢… ë°ì´í„° ë¶„ë¦¬ ì™„ë£Œ.
2025-07-17 00:46:31 | 2025-07-17 00:46:31 | 2025-07-17 00:46:31 | >> [3ë‹¨ê³„ ì™„ë£Œ] í”¼ì²˜ ì—”ì§€ë‹ˆì–´ë§ ì„±ê³µ.
2025-07-17 00:46:35 | 2025-07-17 00:46:35 | 2025-07-17 00:46:35 | >> [4ë‹¨ê³„ ì‹œì‘] ìƒìœ„ 100ê°œ í”¼ì²˜ë¥¼ ì„ íƒí•©ë‹ˆë‹¤.
2025-07-17 00:46:36 | 2025-07-17 00:46:36 | 2025-07-17 00:46:36 | [LightGBM] [Info] Auto-choosing row-wise multi-threading, the overhead of testing was 0.018791 seconds.
You can set `force_row_wise=true` to remove the overhead.
And if memory is not enough, you can set `force_col_wise=true`.
2025-07-17 00:46:36 | 2025-07-17 00:46:36 | 2025-07-17 00:46:36 | [LightGBM] [Info] Total Bins 6076
2025-07-17 00:46:36 | 2025-07-17 00:46:36 | 2025-07-17 00:46:36 | [LightGBM] [Info] Number of data points in the train set: 1110101, number of used features: 46
2025-07-17 00:46:36 | 2025-07-17 00:46:36 | 2025-07-17 00:46:36 | [LightGBM] [Info] Start training from score 10.749784
2025-07-17 00:46:37 | 2025-07-17 00:46:37 | 2025-07-17 00:46:37 | >> í”¼ì²˜ ì¤‘ìš”ë„ (ìƒìœ„ 20ê°œ):
2025-07-17 00:46:37 | 2025-07-17 00:46:37 | 2025-07-17 00:46:37 | feature  importance
38          ë™ë³„_í‰ê· ê°€ê²©_lag_1         538
4                     ë²•ì •ë™         389
41          ë™ë³„_í‰ê· ê°€ê²©_lag_6         335
42  ë™ë³„_ê°€ê²©_rolling_mean_3m         297
43   ë™ë³„_ê°€ê²©_rolling_std_3m         263
39          ë™ë³„_í‰ê· ê°€ê²©_lag_2         206
40          ë™ë³„_í‰ê· ê°€ê²©_lag_3         178
23                   ì´ì¸êµ¬ìˆ˜          89
14                    ì¢Œí‘œY          79
24                ì„±ë¹„(ë‚¨/ì—¬)          64
13                    ì¢Œí‘œX          60
0                    ê³„ì•½ì¼ì          45
45                 ë©´ì _x_ì¸µ          37
28           loanrate_12m          32
25            loanrate_1m          32
20         ë°˜ê²½_1km_ë²„ìŠ¤ì •ë¥˜ì¥_ìˆ˜          29
3                     ìì¹˜êµ¬          23
6                    ì „ìš©ë©´ì           23
26            loanrate_3m          23
27            loanrate_6m          22
2025-07-17 00:46:37 | 2025-07-17 00:46:37 | [91m2025-07-17 00:46:37 | >> [ì˜¤ë¥˜] 4ë‹¨ê³„(í”¼ì²˜ ì„ íƒ) ì¤‘ ë¬¸ì œ ë°œìƒ: name 'X_train_raw' is not defined
[0m
