2025-07-14 06:18:15 | ==================================================
2025-07-14 06:18:15 | >> 아파트 가격 예측 모델링 시작
2025-07-14 06:18:32 | >> '../../data/processed/cleaned_data/test_clean.csv'에서 정제된 데이터를 로드합니다...
2025-07-14 06:18:32 | >> 데이터 로드 완료.
2025-07-14 06:20:45 | >> Train/Test 데이터 분리 완료.
2025-07-14 06:20:45 | >> 예측에 사용할 피처 개수: 28개
2025-07-14 06:20:45 | >> 범주형 피처: ['계약일자', '자치구', '법정동', '브랜드등급', '지하철최단거리', '반경_1km_지하철역_수', '버스최단거리', '반경_1km_버스정류장_수', '반경_500m_버스정류장_수']
2025-07-14 06:20:45 | >> 범주형 피처 Label Encoding 완료.
2025-07-14 06:20:45 | >> [오류] 모델 학습 및 평가 중 문제 발생: With n_samples=0, test_size=0.2 and train_size=None, the resulting train set will be empty. Adjust any of the aforementioned parameters.
2025-07-14 06:21:42 | >> Train/Test 데이터 분리 완료.
2025-07-14 06:21:42 | >> 예측에 사용할 피처 개수: 28개
2025-07-14 06:21:42 | >> 범주형 피처: ['계약일자', '자치구', '법정동', '브랜드등급', '지하철최단거리', '반경_1km_지하철역_수', '버스최단거리', '반경_1km_버스정류장_수', '반경_500m_버스정류장_수']
2025-07-14 06:21:59 | >> 범주형 피처 Label Encoding 완료.
2025-07-14 06:22:05 | >> [오류] 모델 학습 및 평가 중 문제 발생: With n_samples=0, test_size=0.2 and train_size=None, the resulting train set will be empty. Adjust any of the aforementioned parameters.
2025-07-14 06:24:41 | >> 정제된 Train/Test 데이터를 로드합니다...
2025-07-14 06:24:41 | >> [오류] train_clean.csv 또는 test_clean.csv 파일을 찾을 수 없습니다.
2025-07-14 06:24:54 | >> 정제된 Train/Test 데이터를 로드합니다...
2025-07-14 06:24:55 | >> 데이터 로드 및 병합 완료.
2025-07-14 06:25:12 | >> Train/Test 데이터 분리 완료.
2025-07-14 06:25:12 | >> 예측에 사용할 피처 개수: 28개
2025-07-14 06:25:12 | >> 범주형 피처: ['계약일자', '자치구', '법정동', '브랜드등급', '지하철최단거리', '반경_1km_지하철역_수', '반경_500m_지하철역_수', '반경_300m_지하철역_수', '버스최단거리', '반경_1km_버스정류장_수', '반경_500m_버스정류장_수', '반경_300m_버스정류장_수']
2025-07-14 06:25:18 | >> 범주형 피처 Label Encoding 완료.
