2025-07-15 15:40:26 | ==================================================
2025-07-15 15:40:26 | >> 아파트 가격 예측 모델링 시작
2025-07-15 15:40:26 | >> 정제된 Train/Test 데이터를 로드합니다...
2025-07-15 15:40:38 | >> Train/Test 데이터 로드 완료.
2025-07-15 15:40:39 | >> 데이터 로드 및 병합 완료.
2025-07-15 15:40:40 | >> EDA: 데이터 정보 및 통계 요약을 시작합니다...
2025-07-15 15:40:40 | >> EDA: 데이터 정보 및 통계 요약
2025-07-15 15:40:40 | 데이터 크기: (1119373, 30)
2025-07-15 15:40:40 | 컬럼 목록: ['계약일자', '계약년월', '계약년도', '계약월', '자치구', '법정동', '강남3구여부', '전용면적', '층', '홈페이지유무', '사용허가여부', '연식', '브랜드등급', '아파트이름길이', '지하철최단거리', '반경_1km_지하철역_수', '반경_500m_지하철역_수', '반경_300m_지하철역_수', '버스최단거리', '반경_1km_버스정류장_수', '반경_500m_버스정류장_수', '반경_300m_버스정류장_수', '총인구수', '성비(남/여)', 'loanrate_1m', 'loanrate_3m', 'loanrate_6m', 'loanrate_12m', 'target', 'isTest']
2025-07-15 15:40:40 | 데이터 타입:
계약일자                object
계약년월                 int64
계약년도                 int64
계약월                  int64
자치구                 object
법정동                 object
강남3구여부               int64
전용면적               float64
층                    int64
홈페이지유무               int64
사용허가여부               int64
연식                   int64
브랜드등급               object
아파트이름길이              int64
지하철최단거리            float64
반경_1km_지하철역_수        int64
반경_500m_지하철역_수       int64
반경_300m_지하철역_수       int64
버스최단거리             float64
반경_1km_버스정류장_수       int64
반경_500m_버스정류장_수      int64
반경_300m_버스정류장_수      int64
총인구수                 int64
성비(남/여)            float64
loanrate_1m        float64
loanrate_3m        float64
loanrate_6m        float64
loanrate_12m       float64
target             float64
isTest               int64
dtype: object
2025-07-15 15:40:41 | 
통계 요약:
               계약년월          계약년도           계약월        강남3구여부          전용면적  \
count  1.119373e+06  1.119373e+06  1.119373e+06  1.119373e+06  1.119373e+06   
mean   2.014849e+05  2.014786e+03  6.324766e+00  1.774610e-01  7.722677e+01   
std    4.238612e+02  4.238030e+00  3.305370e+00  3.820585e-01  2.936963e+01   
min    2.007010e+05  2.007000e+03  1.000000e+00  0.000000e+00  1.002000e+01   
25%    2.011110e+05  2.011000e+03  3.000000e+00  0.000000e+00  5.967000e+01   
50%    2.015080e+05  2.015000e+03  6.000000e+00  0.000000e+00  8.217000e+01   
75%    2.018060e+05  2.018000e+03  9.000000e+00  0.000000e+00  8.496000e+01   
max    2.023090e+05  2.023000e+03  1.200000e+01  1.000000e+00  4.243200e+02   

                  층        홈페이지유무        사용허가여부            연식       아파트이름길이  \
count  1.119373e+06  1.119373e+06  1.119373e+06  1.119373e+06  1.119373e+06   
mean   8.914938e+00  9.558565e-02  2.250983e-01  1.587257e+01  5.256990e+00   
std    5.993685e+00  2.940223e-01  4.176473e-01  9.554010e+00  2.625310e+00   
min   -4.000000e+00  0.000000e+00  0.000000e+00  0.000000e+00  0.000000e+00   
25%    4.000000e+00  0.000000e+00  0.000000e+00  8.000000e+00  3.000000e+00   
50%    8.000000e+00  0.000000e+00  0.000000e+00  1.500000e+01  5.000000e+00   
75%    1.200000e+01  0.000000e+00  0.000000e+00  2.200000e+01  7.000000e+00   
max    6.900000e+01  1.000000e+00  1.000000e+00  6.200000e+01  2.000000e+01   

       ...  반경_500m_버스정류장_수  반경_300m_버스정류장_수          총인구수       성비(남/여)  \
count  ...     1.119373e+06     1.119373e+06  1.119373e+06  1.119373e+06   
mean   ...     2.397866e+01     9.172126e+00  4.515228e+05  9.651670e-01   
std    ...     1.035647e+01     5.107439e+00  1.167993e+05  3.074808e-02   
min    ...     0.000000e+00     0.000000e+00  1.204370e+05  8.776000e-01   
25%    ...     1.700000e+01     6.000000e+00  3.739360e+05  9.431000e-01   
50%    ...     2.300000e+01     8.000000e+00  4.417630e+05  9.617000e-01   
75%    ...     3.000000e+01     1.200000e+01  5.451690e+05  9.875000e-01   
max    ...     7.500000e+01     3.400000e+01  6.852790e+05  1.051100e+00   

        loanrate_1m   loanrate_3m   loanrate_6m  loanrate_12m        target  \
count  1.119373e+06  1.119373e+06  1.119373e+06  1.119373e+06  1.110101e+06   
mean   3.880788e+00  3.896946e+00  3.924605e+00  3.975819e+00  5.796836e+04   
std    1.264571e+00  1.265540e+00  1.268765e+00  1.271018e+00  4.651774e+04   
min    2.390000e+00  2.430000e+00  2.460000e+00  2.480000e+00  3.500000e+02   
25%    2.940000e+00  2.960000e+00  3.000000e+00  2.990000e+00  3.050000e+04   
50%    3.420000e+00  3.430000e+00  3.420000e+00  3.420000e+00  4.465000e+04   
75%    4.780000e+00  4.770000e+00  4.770000e+00  4.840000e+00  6.980000e+04   
max    7.580000e+00  7.420000e+00  7.190000e+00  7.000000e+00  1.450000e+06   

             isTest  
count  1.119373e+06  
mean   8.283209e-03  
std    9.063445e-02  
min    0.000000e+00  
25%    0.000000e+00  
50%    0.000000e+00  
75%    0.000000e+00  
max    1.000000e+00  

[8 rows x 26 columns]
2025-07-15 15:40:41 | >> EDA: 상관관계 히트맵 시각화
2025-07-15 15:40:56 | >> EDA: 전용면적 vs 가격 산점도 시각화
2025-07-15 15:41:05 | >> EDA: 주요 변수 데이터 분포 시각화
2025-07-15 15:41:08 | >> EDA 완료
2025-07-15 15:41:14 | >> 고급 특성 공학을 시작합니다...
2025-07-15 15:41:15 | >> 고급 특성 공학 완료.
2025-07-15 15:41:15 | >> 추가된 컬럼: ['자치구별_평균가격', '자치구별_가격편차', '자치구별_거래량', '면적_x_연식', '면적_x_층']
2025-07-15 15:41:15 | >> 피처 선택 및 데이터 분리를 시작합니다...
2025-07-15 15:41:19 | >> Train/Test 데이터 분리 완료.
2025-07-15 15:41:19 | >> [오류] 피처 선택 및 데이터 분리 중 문제 발생: "['isTest', '계약년', '계약분기', '신축여부'] not in index"
