2025-07-14 07:30:13 | ==================================================
2025-07-14 07:30:13 | >> 아파트 가격 예측 모델링 시작
2025-07-14 07:30:13 | >> 정제된 Train/Test 데이터를 로드합니다...
2025-07-14 07:30:15 | >> 데이터 로드 및 병합 완료.
2025-07-14 07:30:15 | >> 주요 변수 데이터 분포 시각화를 시작합니다...
2025-07-14 07:31:57 | >> 주요 변수 데이터 분포 시각화를 시작합니다...
2025-07-14 07:33:16 | >> 주요 변수 데이터 분포 시각화를 시작합니다...
2025-07-14 07:34:26 | >> 특성 공학을 통해 파생 변수를 생성합니다...
2025-07-14 07:34:27 | >> 파생 변수 생성 완료: 강남3구여부, 신축여부
2025-07-14 07:34:43 | >> Train/Test 데이터 분리 완료.
2025-07-14 07:34:43 | >> 예측에 사용할 피처 개수: 29개
2025-07-14 07:34:43 | >> 범주형 피처: ['계약일자', '자치구', '법정동', '브랜드등급', '지하철최단거리', '반경_1km_지하철역_수', '반경_500m_지하철역_수', '반경_300m_지하철역_수', '버스최단거리', '반경_1km_버스정류장_수', '반경_500m_버스정류장_수', '반경_300m_버스정류장_수']
2025-07-14 07:35:03 | >> 범주형 피처 Label Encoding 완료.
2025-07-14 07:35:17 | >> LightGBM 모델 학습을 시작합니다...
2025-07-14 07:35:21 | >> 모델 학습 완료. Validation RMSE: 12749.2160
2025-07-14 07:35:21 | >> Permutation Importance를 계산합니다...
2025-07-14 07:40:43 | >> 예측 오차 분석을 시작합니다...
2025-07-14 07:40:51 | 
>> 최종 모델 학습 및 제출 파일 생성을 시작합니다...
2025-07-14 07:40:52 | >> 제출 파일 '../../data/processed/submissions/price_prediction_submission.csv' 생성 완료.
2025-07-14 07:40:52 | >> 모델링 종료
2025-07-14 07:40:52 | ==================================================

2025-07-14 07:41:50 | >> LightGBM 모델 학습을 시작합니다...
2025-07-14 07:41:51 | >> 모델 학습 완료. Validation RMSE: 12749.2160
2025-07-14 07:41:51 | >> Permutation Importance를 계산합니다...
