2025-07-14 08:31:11 | ==================================================
2025-07-14 08:31:11 | >> 아파트 가격 예측 모델링 시작
2025-07-14 08:31:11 | >> 정제된 Train/Test 데이터를 로드합니다...
2025-07-14 08:31:13 | >> 데이터 로드 및 병합 완료.
2025-07-14 08:31:13 | >> EDA: 데이터 정보 및 통계 요약을 시작합니다...
2025-07-14 08:31:13 | >> EDA: 데이터 정보 및 통계 요약
2025-07-14 08:31:13 | 데이터 크기: (1107114, 30)
2025-07-14 08:31:13 | 컬럼 목록: ['계약일자', '계약년월', '계약년도', '계약월', '자치구', '법정동', '강남3구여부', '전용면적', '층', '홈페이지유무', '사용허가여부', '연식', '브랜드등급', '아파트이름길이', '지하철최단거리', '반경_1km_지하철역_수', '반경_500m_지하철역_수', '반경_300m_지하철역_수', '버스최단거리', '반경_1km_버스정류장_수', '반경_500m_버스정류장_수', '반경_300m_버스정류장_수', '총인구수', '성비(남/여)', 'loanrate_1m', 'loanrate_3m', 'loanrate_6m', 'loanrate_12m', 'target', 'isTest']
2025-07-14 08:31:13 | 데이터 타입:
계약일자                object
계약년월                 int64
계약년도                 int64
계약월                  int64
자치구                 object
법정동                 object
강남3구여부               int64
전용면적               float64
층                    int64
홈페이지유무               int64
사용허가여부               int64
연식                   int64
브랜드등급               object
아파트이름길이              int64
지하철최단거리             object
반경_1km_지하철역_수       object
반경_500m_지하철역_수      object
반경_300m_지하철역_수      object
버스최단거리              object
반경_1km_버스정류장_수      object
반경_500m_버스정류장_수     object
반경_300m_버스정류장_수     object
총인구수                 int64
성비(남/여)            float64
loanrate_1m        float64
loanrate_3m        float64
loanrate_6m        float64
loanrate_12m       float64
target             float64
isTest               int64
dtype: object
2025-07-14 08:31:13 | 
통계 요약:
               계약년월          계약년도           계약월        강남3구여부          전용면적  \
count  1.107114e+06  1.107114e+06  1.107114e+06  1.107114e+06  1.107114e+06   
mean   2.014863e+05  2.014800e+03  6.326310e+00  1.718125e-01  7.721420e+01   
std    4.239444e+02  4.238855e+00  3.305231e+00  3.772175e-01  2.932353e+01   
min    2.007010e+05  2.007000e+03  1.000000e+00  0.000000e+00  1.002000e+01   
25%    2.011120e+05  2.011000e+03  3.000000e+00  0.000000e+00  5.967000e+01   
50%    2.015080e+05  2.015000e+03  6.000000e+00  0.000000e+00  8.230000e+01   
75%    2.018060e+05  2.018000e+03  9.000000e+00  0.000000e+00  8.496000e+01   
max    2.023090e+05  2.023000e+03  1.200000e+01  1.000000e+00  4.243200e+02   

                  층        홈페이지유무        사용허가여부            연식       아파트이름길이  \
count  1.107114e+06  1.107114e+06  1.107114e+06  1.107114e+06  1.107114e+06   
mean   8.944488e+00  9.664407e-02  2.275908e-01  1.575998e+01  5.264632e+00   
std    5.997077e+00  2.954726e-01  4.192772e-01  9.462932e+00  2.627945e+00   
min   -4.000000e+00  0.000000e+00  0.000000e+00  0.000000e+00  0.000000e+00   
25%    4.000000e+00  0.000000e+00  0.000000e+00  8.000000e+00  3.000000e+00   
50%    8.000000e+00  0.000000e+00  0.000000e+00  1.500000e+01  5.000000e+00   
75%    1.300000e+01  0.000000e+00  0.000000e+00  2.200000e+01  7.000000e+00   
max    6.900000e+01  1.000000e+00  1.000000e+00  6.200000e+01  2.000000e+01   

               총인구수       성비(남/여)   loanrate_1m   loanrate_3m   loanrate_6m  \
count  1.107114e+06  1.107114e+06  1.107114e+06  1.107114e+06  1.107114e+06   
mean   4.510589e+05  9.653832e-01  3.878011e+00  3.893959e+00  3.921372e+00   
std    1.168503e+05  3.072173e-02  1.263934e+00  1.264630e+00  1.267450e+00   
min    1.204370e+05  8.776000e-01  2.390000e+00  2.430000e+00  2.460000e+00   
25%    3.739360e+05  9.433000e-01  2.940000e+00  2.960000e+00  3.000000e+00   
50%    4.417630e+05  9.620000e-01  3.420000e+00  3.430000e+00  3.420000e+00   
75%    5.448730e+05  9.875000e-01  4.780000e+00  4.770000e+00  4.750000e+00   
max    6.852790e+05  1.051100e+00  7.580000e+00  7.420000e+00  7.190000e+00   

       loanrate_12m        target        isTest  
count  1.107114e+06  1.097842e+06  1.107114e+06  
mean   3.972209e+00  5.757164e+04  8.374928e-03  
std    1.269208e+00  4.582874e+04  9.113065e-02  
min    2.480000e+00  3.500000e+02  0.000000e+00  
25%    2.980000e+00  3.045000e+04  0.000000e+00  
50%    3.420000e+00  4.450000e+04  0.000000e+00  
75%    4.840000e+00  6.930000e+04  0.000000e+00  
max    7.000000e+00  1.450000e+06  1.000000e+00  
2025-07-14 08:31:13 | >> EDA: 상관관계 히트맵 및 전용면적 vs 가격 산점도 시각화
2025-07-14 08:31:15 | >> EDA 완료
2025-07-14 08:31:15 | >> 주요 변수 데이터 분포 시각화를 시작합니다...
2025-07-14 08:31:15 | >> 특성 공학을 통해 파생 변수를 생성합니다...
2025-07-14 08:31:15 | >> [오류] 특성 공학 중 문제 발생: time data '2017-12-08' does not match format '%Y%m%d' (match)
2025-07-14 08:31:15 | >> 피처 선택 및 데이터 분리를 시작합니다...
2025-07-14 08:31:16 | >> Train/Test 데이터 분리 완료.
2025-07-14 08:31:16 | >> 예측에 사용할 피처 개수: 28개
2025-07-14 08:31:16 | >> 범주형 피처: ['계약일자', '자치구', '법정동', '브랜드등급', '지하철최단거리', '반경_1km_지하철역_수', '반경_500m_지하철역_수', '반경_300m_지하철역_수', '버스최단거리', '반경_1km_버스정류장_수', '반경_500m_버스정류장_수', '반경_300m_버스정류장_수']
2025-07-14 08:31:18 | >> 범주형 Label Encoding 완료.
2025-07-14 08:31:18 | >> LightGBM 모델 학습 시작
2025-07-14 08:31:19 | >> Validation RMSE: 12749.2160, MAE: 7817.1029, R2: 0.9231
2025-07-14 08:31:21 | >> 교차 검증 및 하이퍼파라미터 탐색 시작
