2025-07-14 06:34:32 | ==================================================
2025-07-14 06:34:32 | >> 아파트 가격 예측 모델링 시작
2025-07-14 06:34:32 | >> 정제된 Train/Test 데이터를 로드합니다...
2025-07-14 06:34:34 | >> 데이터 로드 및 병합 완료.
2025-07-14 06:34:34 | >> Train/Test 데이터 분리 완료.
2025-07-14 06:34:35 | >> 예측에 사용할 피처 개수: 28개
2025-07-14 06:34:35 | >> 범주형 피처: ['계약일자', '자치구', '법정동', '브랜드등급', '지하철최단거리', '반경_1km_지하철역_수', '반경_500m_지하철역_수', '반경_300m_지하철역_수', '버스최단거리', '반경_1km_버스정류장_수', '반경_500m_버스정류장_수', '반경_300m_버스정류장_수']
2025-07-14 06:34:36 | >> 범주형 피처 Label Encoding 완료.
2025-07-14 06:34:36 | >> LightGBM 모델 학습을 시작합니다...
2025-07-14 06:34:37 | >> 모델 학습 완료. Validation RMSE: 12749.2160
2025-07-14 06:34:37 | >> 상위 10개 피처 중요도:
2025-07-14 06:34:37 | 전용면적              511
연식                335
법정동               263
자치구               256
계약일자              178
성비(남/여)           170
지하철최단거리           145
총인구수              141
반경_1km_버스정류장_수    128
아파트이름길이           120
dtype: int32
2025-07-14 06:34:37 | 
>> 최종 모델 학습 및 제출 파일 생성을 시작합니다...
2025-07-14 06:34:39 | >> 제출 파일 '../../data/processed/submissions/price_prediction_submission.csv' 생성 완료.
2025-07-14 06:34:39 | >> 모델링 종료
2025-07-14 06:34:39 | ==================================================

