2025-07-14 12:29:01 | ==================================================
2025-07-14 12:29:01 | >> 아파트 가격 예측 모델링 시작
2025-07-14 12:29:01 | >> 정제된 Train/Test 데이터를 로드합니다...
2025-07-14 12:29:03 | >> 데이터 로드 및 병합 완료.
2025-07-14 12:29:03 | >> EDA: 데이터 정보 및 통계 요약을 시작합니다...
2025-07-14 12:29:03 | >> EDA: 데이터 정보 및 통계 요약
2025-07-14 12:29:03 | 데이터 크기: (1107098, 30)
2025-07-14 12:29:03 | 컬럼 목록: ['계약일자', '계약년월', '계약년도', '계약월', '자치구', '법정동', '강남3구여부', '전용면적', '층', '홈페이지유무', '사용허가여부', '연식', '브랜드등급', '아파트이름길이', '지하철최단거리', '반경_1km_지하철역_수', '반경_500m_지하철역_수', '반경_300m_지하철역_수', '버스최단거리', '반경_1km_버스정류장_수', '반경_500m_버스정류장_수', '반경_300m_버스정류장_수', '총인구수', '성비(남/여)', 'loanrate_1m', 'loanrate_3m', 'loanrate_6m', 'loanrate_12m', 'target', 'isTest']
2025-07-14 12:29:03 | 데이터 타입:
계약일자                object
계약년월                 int64
계약년도                 int64
계약월                  int64
자치구                 object
법정동                 object
강남3구여부               int64
전용면적               float64
층                    int64
홈페이지유무               int64
사용허가여부               int64
연식                   int64
브랜드등급               object
아파트이름길이              int64
지하철최단거리            float64
반경_1km_지하철역_수        int64
반경_500m_지하철역_수       int64
반경_300m_지하철역_수       int64
버스최단거리             float64
반경_1km_버스정류장_수       int64
반경_500m_버스정류장_수      int64
반경_300m_버스정류장_수      int64
총인구수                 int64
성비(남/여)            float64
loanrate_1m        float64
loanrate_3m        float64
loanrate_6m        float64
loanrate_12m       float64
target             float64
isTest               int64
dtype: object
2025-07-14 12:29:03 | 
통계 요약:
               계약년월          계약년도           계약월        강남3구여부          전용면적  \
count  1.107098e+06  1.107098e+06  1.107098e+06  1.107098e+06  1.107098e+06   
mean   2.014863e+05  2.014800e+03  6.326286e+00  1.718150e-01  7.721410e+01   
std    4.239360e+02  4.238771e+00  3.305249e+00  3.772197e-01  2.932354e+01   
min    2.007010e+05  2.007000e+03  1.000000e+00  0.000000e+00  1.002000e+01   
25%    2.011120e+05  2.011000e+03  3.000000e+00  0.000000e+00  5.967000e+01   
50%    2.015080e+05  2.015000e+03  6.000000e+00  0.000000e+00  8.230000e+01   
75%    2.018060e+05  2.018000e+03  9.000000e+00  0.000000e+00  8.496000e+01   
max    2.023090e+05  2.023000e+03  1.200000e+01  1.000000e+00  4.243200e+02   

                  층        홈페이지유무        사용허가여부            연식       아파트이름길이  \
count  1.107098e+06  1.107098e+06  1.107098e+06  1.107098e+06  1.107098e+06   
mean   8.944502e+00  9.664546e-02  2.275941e-01  1.575974e+01  5.264648e+00   
std    5.997070e+00  2.954745e-01  4.192794e-01  9.462716e+00  2.627953e+00   
min   -4.000000e+00  0.000000e+00  0.000000e+00  0.000000e+00  0.000000e+00   
25%    4.000000e+00  0.000000e+00  0.000000e+00  8.000000e+00  3.000000e+00   
50%    8.000000e+00  0.000000e+00  0.000000e+00  1.500000e+01  5.000000e+00   
75%    1.300000e+01  0.000000e+00  0.000000e+00  2.200000e+01  7.000000e+00   
max    6.900000e+01  1.000000e+00  1.000000e+00  6.200000e+01  2.000000e+01   

       ...  반경_500m_버스정류장_수  반경_300m_버스정류장_수          총인구수       성비(남/여)  \
count  ...     1.107098e+06     1.107098e+06  1.107098e+06  1.107098e+06   
mean   ...     2.404498e+01     9.185357e+00  4.510588e+05  9.653833e-01   
std    ...     1.045028e+01     5.169680e+00  1.168512e+05  3.072193e-02   
min    ...     0.000000e+00     0.000000e+00  1.204370e+05  8.776000e-01   
25%    ...     1.700000e+01     6.000000e+00  3.739360e+05  9.433000e-01   
50%    ...     2.300000e+01     8.000000e+00  4.417630e+05  9.620000e-01   
75%    ...     3.000000e+01     1.200000e+01  5.448730e+05  9.875000e-01   
max    ...     7.500000e+01     3.400000e+01  6.852790e+05  1.051100e+00   

        loanrate_1m   loanrate_3m   loanrate_6m  loanrate_12m        target  \
count  1.107098e+06  1.107098e+06  1.107098e+06  1.107098e+06  1.097842e+06   
mean   3.878005e+00  3.893954e+00  3.921366e+00  3.972201e+00  5.757164e+04   
std    1.263942e+00  1.264638e+00  1.267458e+00  1.269216e+00  4.582874e+04   
min    2.390000e+00  2.430000e+00  2.460000e+00  2.480000e+00  3.500000e+02   
25%    2.940000e+00  2.960000e+00  3.000000e+00  2.980000e+00  3.045000e+04   
50%    3.420000e+00  3.430000e+00  3.420000e+00  3.420000e+00  4.450000e+04   
75%    4.780000e+00  4.770000e+00  4.750000e+00  4.840000e+00  6.930000e+04   
max    7.580000e+00  7.420000e+00  7.190000e+00  7.000000e+00  1.450000e+06   

             isTest  
count  1.107098e+06  
mean   8.360597e-03  
std    9.105331e-02  
min    0.000000e+00  
25%    0.000000e+00  
50%    0.000000e+00  
75%    0.000000e+00  
max    1.000000e+00  

[8 rows x 26 columns]
2025-07-14 12:29:03 | >> EDA: 상관관계 히트맵 시각화
2025-07-14 12:29:05 | >> EDA: 전용면적 vs 가격 산점도 시각화
2025-07-14 12:29:06 | >> EDA: 주요 변수 데이터 분포 시각화
2025-07-14 12:29:06 | >> EDA 완료
2025-07-14 12:29:06 | >> 특성 공학을 통해 파생 변수를 생성합니다...
2025-07-14 12:29:06 | >> 파생변수 생성 및 타입 변환 완료.
2025-07-14 12:29:06 | >> 피처 선택 및 데이터 분리를 시작합니다...
2025-07-14 12:29:07 | >> Train/Test 데이터 분리 완료.
2025-07-14 12:29:07 | >> 예측에 사용할 피처 개수: 30개
2025-07-14 12:29:07 | >> 범주형 피처: ['자치구', '법정동', '브랜드등급']
2025-07-14 12:29:07 | >> 범주형 Label Encoding 완료.
2025-07-14 12:29:07 | >> LightGBM 모델 학습 시작
2025-07-14 12:29:09 | >> 모델 학습 완료. Validation RMSE: 12531.8153, MAE: 7710.7964, R2: 0.9257
2025-07-14 12:29:10 | >> Permutation Importance를 계산합니다...
2025-07-14 12:29:20 | >> Permutation Importance 계산 완료.
2025-07-14 12:29:20 | >> 예측 오차 분석을 시작합니다...
2025-07-14 12:29:21 | >> 교차 검증 및 하이퍼파라미터 탐색 시작 (효율화 버전)
2025-07-14 14:38:18 | >> 최적 파라미터: {'num_leaves': 50, 'n_estimators': 1000, 'max_depth': 15, 'learning_rate': 0.1}
2025-07-14 14:38:19 | >> CV 모델 RMSE: 6947.7518
2025-07-14 14:38:19 | 
>> 최종 모델 학습(최적 파라미터 사용) 및 제출 파일 생성을 시작합니다...
2025-07-14 14:38:19 | >> 모델 저장 완료: final_price_model.pkl
2025-07-14 14:38:20 | >> [오류] 최종 예측 및 제출 파일 생성 중 문제 발생: Length of values (9256) does not match length of index (9272)
2025-07-14 14:38:20 | >> 모델링 종료
2025-07-14 14:38:20 | ==================================================

