2025-07-15 23:48:45 | ==================================================
2025-07-15 23:48:45 | >> 아파트 가격 예측 모델링 시작
2025-07-15 23:48:45 | >> [1단계 완료] 라이브러리 및 모듈 임포트 성공
2025-07-15 23:48:45 | >> [2단계 완료] 경로 설정 및 커스텀 로거 임포트 성공
2025-07-15 23:48:45 | >> [3단계 완료] 로거 및 경로 초기화 성공
2025-07-15 23:48:45 | >> [4단계 시작] 정제된 Train/Test 데이터를 로드합니다...
2025-07-15 23:48:46 | >> 데이터 로드 및 병합 완료.
2025-07-15 23:48:46 | >> [5-1단계 시작] Target 변수 로그 변환을 시작합니다...
2025-07-15 23:48:47 | >> Target 변수 로그 변환 완료.
2025-07-15 23:48:47 | >> [5-2단계 시작] 고급 피처 엔지니어링 및 데이터 분리를 시작합니다...
2025-07-15 23:48:47 | >> 1. Train/Test 데이터 분리 완료.
2025-07-15 23:48:47 | >> 2. 시간 관련 피처 생성 중...
2025-07-15 23:48:47 | >> '계약월_sin/cos', '아파트나이' 피처 생성 완료.
2025-07-15 23:48:47 | >> 3. 면적당 가격 관련 피처 생성 중...
2025-07-15 23:48:48 | >> '동별/구별 면적당가격' 피처 생성 및 병합 완료.
2025-07-15 23:48:48 | >> 4. 상호작용 특성 생성 중...
2025-07-15 23:48:48 | >> 상호작용 특성 생성 완료.
2025-07-15 23:48:48 | >> 5. 테스트 데이터의 결측치(NA) 처리 중...
2025-07-15 23:48:48 | >> 테스트 데이터 결측치 처리 완료.
2025-07-15 23:48:48 | >> 6. 학습에 사용할 피처(X)와 타겟(y) 정의 중...
2025-07-15 23:48:48 | >> 피처/타겟 정의 완료.
2025-07-15 23:48:48 | >> 7. 범주형 피처 Label Encoding 처리 중...
2025-07-15 23:48:48 | >> [5단계 완료] 모든 피처 엔지니어링 및 데이터 분리 성공.
2025-07-15 23:48:48 | >> [6-1단계 시작] Optuna로 하이퍼파라미터 최적화를 시작합니다...
[I 2025-07-16 00:02:35,854] Trial 0 finished with value: 0.12788703253256353 and parameters: {'learning_rate': 0.03453837781623655, 'num_leaves': 23, 'max_depth': 16, 'subsample': 0.6659818413607073, 'colsample_bytree': 0.8905276694884486, 'lambda_l1': 0.0009732284244201702, 'lambda_l2': 1.613500523798132}. Best is trial 0 with value: 0.12788703253256353.
[I 2025-07-16 00:18:52,707] Trial 1 finished with value: 0.09959597417819226 and parameters: {'learning_rate': 0.032019722350160165, 'num_leaves': 99, 'max_depth': 15, 'subsample': 0.6449781622274333, 'colsample_bytree': 0.9627589276769067, 'lambda_l1': 1.410017835520143e-05, 'lambda_l2': 3.3533774439569626e-07}. Best is trial 1 with value: 0.09959597417819226.
[I 2025-07-16 00:30:30,923] Trial 2 finished with value: 0.12452461890834465 and parameters: {'learning_rate': 0.02018831547749074, 'num_leaves': 45, 'max_depth': 18, 'subsample': 0.8211820323079722, 'colsample_bytree': 0.60098159847017, 'lambda_l1': 0.07110283716596541, 'lambda_l2': 1.0064999583082919}. Best is trial 1 with value: 0.09959597417819226.
[I 2025-07-16 01:00:43,563] Trial 3 finished with value: 0.09625838537729023 and parameters: {'learning_rate': 0.04467306324972073, 'num_leaves': 87, 'max_depth': 14, 'subsample': 0.681906284511285, 'colsample_bytree': 0.6018394263351113, 'lambda_l1': 2.86276147732119e-07, 'lambda_l2': 0.017114909013722295}. Best is trial 3 with value: 0.09625838537729023.
