2025-07-17 10:24:49 | >> 표준 출력 및 오류를 로그 파일로 리디렉션 시작
2025-07-17 10:24:49 | ============================================================
2025-07-17 10:24:49 | >> [price_prediction8] 아파트 가격 예측 모델링 시작
2025-07-17 10:24:49 | ============================================================
2025-07-17 10:24:49 | >> [1단계 완료] 라이브러리, 경로, 로거 초기화 및 시드 고정 성공!
2025-07-17 10:24:49 | >> [2단계 시작] 데이터 로드를 시작합니다.
2025-07-17 10:24:51 | >> 원본 데이터 Shape - Train: (1110101, 32), Test: (9272, 32)
2025-07-17 10:24:51 | >> Train/Test 병합 후 Shape: (1119373, 32)
2025-07-17 10:24:51 | >> [2단계 완료] 데이터 로드 성공.
2025-07-17 10:24:51 | >> [3단계 시작] 피처 엔지니어링을 시작합니다.
2025-07-17 10:24:51 | >> 4.1. 날짜/기본/주기성 피처 생성 완료.
2025-07-17 10:24:51 | >> 4.2. 교통 가중합 피처 생성 완료.
2025-07-17 10:24:56 | >> 4.3. K-Means 군집화 피처 생성 완료.
2025-07-17 10:24:57 | >> 4.4. [개선] 면적당 가격 기반 통계 피처 생성 완료.
2025-07-17 10:24:57 | >> [추가] K-Means 군집 기반 통계 피처 생성 완료.
2025-07-17 10:24:57 | >> 4.5. 상호작용 피처 생성 완료.
2025-07-17 10:24:57 | >> 인코딩 대상 범주형 피처: ['계약일자', '자치구', '법정동', '브랜드등급']
2025-07-17 10:24:58 | >> 결측치 처리 전, NA 개수: 7835611
2025-07-17 10:24:58 | >> 결측치 처리 후, NA 개수: 0
2025-07-17 10:24:58 | >> 최종 피처 수: 47
2025-07-17 10:24:58 | >> 4.6. 범주형 인코딩 및 최종 데이터 분리 완료.
2025-07-17 10:24:58 | >> [3단계 완료] 피처 엔지니어링 성공.
2025-07-17 10:24:58 | >> [4단계 시작] 상위 28개 피처를 선택합니다.
2025-07-17 10:24:58 | [LightGBM] [Warning] Using sparse features with CUDA is currently not supported.
2025-07-17 10:24:58 | [LightGBM] [Info] Total Bins 4531
2025-07-17 10:24:58 | [LightGBM] [Info] Number of data points in the train set: 1110101, number of used features: 39
2025-07-17 10:24:58 | [LightGBM] [Info] Start training from score 10.749784
2025-07-17 10:25:00 | >> 피처 중요도 :
2025-07-17 10:25:00 | feature  importance
14              좌표Y         386
32             건물나이         351
13              좌표X         298
0              계약일자         256
6              전용면적         201
44          면적_x_나이         191
4               법정동         172
12          아파트이름길이         111
24          성비(남/여)         111
20   반경_1km_버스정류장_수         110
15          지하철최단거리          83
19           버스최단거리          72
23             총인구수          70
3               자치구          66
10               연식          61
45           면적_x_층          58
36             가중버스          57
46          강남_x_면적          56
35            가중지하철          52
21  반경_500m_버스정류장_수          43
28     loanrate_12m          32
11            브랜드등급          31
22  반경_300m_버스정류장_수          22
16    반경_1km_지하철역_수          18
9            사용허가여부          17
37            아파트군집          13
17   반경_500m_지하철역_수          13
27      loanrate_6m          10
5            강남3구여부           7
26      loanrate_3m           6
7                 층           6
8            홈페이지유무           6
1              계약년도           5
31              계약년           3
25      loanrate_1m           3
33          계약월_sin           1
18   반경_300m_지하철역_수           1
2               계약월           1
41     구별_std_면적당가격           0
43    군집별_std_면적당가격           0
42     군집별_평균_면적당가격           0
34          계약월_cos           0
40      구별_평균_면적당가격           0
39     동별_std_면적당가격           0
38      동별_평균_면적당가격           0
29           isTest           0
30           target           0
2025-07-17 10:25:00 | >> 피처 선택 완료. 선택된 피처 수: 28
2025-07-17 10:25:00 | >> 총 47개 중 28개 선택, 19개 제외.
2025-07-17 10:25:00 | >> 선택된 피처 목록 : ['좌표Y', '건물나이', '좌표X', '계약일자', '전용면적', '면적_x_나이', '법정동', '아파트이름길이', '성비(남/여)', '반경_1km_버스정류장_수', '지하철최단거리', '버스최단거리', '총인구수', '자치구', '연식', '면적_x_층', '가중버스', '강남_x_면적', '가중지하철', '반경_500m_버스정류장_수', 'loanrate_12m', '브랜드등급', '반경_300m_버스정류장_수', '반경_1km_지하철역_수', '사용허가여부', '아파트군집', '반경_500m_지하철역_수', 'loanrate_6m']
2025-07-17 10:25:00 | >> 제외된 피처 목록 : ['계약년도', '계약월', '강남3구여부', '층', '홈페이지유무', '반경_300m_지하철역_수', 'loanrate_1m', 'loanrate_3m', 'isTest', 'target', '계약년', '계약월_sin', '계약월_cos', '동별_평균_면적당가격', '동별_std_면적당가격', '구별_평균_면적당가격', '구별_std_면적당가격', '군집별_평균_면적당가격', '군집별_std_면적당가격']
2025-07-17 10:25:00 | >> [4단계 완료] 피처 선택 성공.
2025-07-17 10:25:00 | >> [6단계 시작] 최종 모델 학습 및 예측을 시작합니다. (CV 폴드 수: 10)
2025-07-17 10:25:00 | >> 미리 정의된 최적 파라미터를 사용합니다: {'learning_rate': 0.04871443094969133, 'feature_fraction': 0.9140552399216154, 'bagging_fraction': 0.8841587359791807, 'bagging_freq': 3, 'num_leaves': 100, 'max_depth': 20, 'min_child_samples': 35}
2025-07-17 10:25:00 | >> 최종 학습 파라미터 (미세 조정 및 GPU 적용): {'learning_rate': 0.03897154475975306, 'feature_fraction': 0.9140552399216154, 'bagging_fraction': 0.8841587359791807, 'bagging_freq': 3, 'num_leaves': 100, 'max_depth': 20, 'min_child_samples': 35, 'n_estimators': 3000, 'device': 'cuda', 'objective': 'regression_l1', 'metric': 'rmse', 'verbose': -1, 'n_jobs': -1, 'seed': 42}
2025-07-17 10:25:00 | --- Fold 1/10 학습 시작 ---
2025-07-17 10:25:00 | - Train Index: 0 ~ 100920 (size: 100921)
2025-07-17 10:25:00 | - Validation Index: 100921 ~ 201838 (size: 100918)
2025-07-17 10:27:32 | - Fold 1 RMSE: 0.23563
2025-07-17 10:27:32 | - Best Iteration: 2928
2025-07-17 10:27:32 | --- Fold 2/10 학습 시작 ---
2025-07-17 10:27:32 | - Train Index: 0 ~ 201838 (size: 201839)
2025-07-17 10:27:32 | - Validation Index: 201839 ~ 302756 (size: 100918)
2025-07-17 10:30:10 | - Fold 2 RMSE: 0.31104
2025-07-17 10:30:10 | - Best Iteration: 2982
2025-07-17 10:30:10 | --- Fold 3/10 학습 시작 ---
2025-07-17 10:30:10 | - Train Index: 0 ~ 302756 (size: 302757)
2025-07-17 10:30:10 | - Validation Index: 302757 ~ 403674 (size: 100918)
2025-07-17 10:33:05 | - Fold 3 RMSE: 0.13853
2025-07-17 10:33:05 | - Best Iteration: 3000
2025-07-17 10:33:05 | --- Fold 4/10 학습 시작 ---
2025-07-17 10:33:06 | - Train Index: 0 ~ 403674 (size: 403675)
2025-07-17 10:33:06 | - Validation Index: 403675 ~ 504592 (size: 100918)
2025-07-17 10:36:20 | - Fold 4 RMSE: 0.09679
2025-07-17 10:36:20 | - Best Iteration: 2999
2025-07-17 10:36:20 | --- Fold 5/10 학습 시작 ---
2025-07-17 10:36:21 | - Train Index: 0 ~ 504592 (size: 504593)
2025-07-17 10:36:21 | - Validation Index: 504593 ~ 605510 (size: 100918)
2025-07-17 10:39:57 | - Fold 5 RMSE: 0.09188
2025-07-17 10:39:57 | - Best Iteration: 2990
2025-07-17 10:39:57 | --- Fold 6/10 학습 시작 ---
2025-07-17 10:39:57 | - Train Index: 0 ~ 605510 (size: 605511)
2025-07-17 10:39:57 | - Validation Index: 605511 ~ 706428 (size: 100918)
2025-07-17 10:43:52 | - Fold 6 RMSE: 0.09010
2025-07-17 10:43:52 | - Best Iteration: 3000
2025-07-17 10:43:52 | --- Fold 7/10 학습 시작 ---
2025-07-17 10:43:52 | - Train Index: 0 ~ 706428 (size: 706429)
2025-07-17 10:43:52 | - Validation Index: 706429 ~ 807346 (size: 100918)
2025-07-17 10:48:14 | - Fold 7 RMSE: 0.07731
2025-07-17 10:48:14 | - Best Iteration: 3000
2025-07-17 10:48:14 | --- Fold 8/10 학습 시작 ---
2025-07-17 10:48:14 | - Train Index: 0 ~ 807346 (size: 807347)
2025-07-17 10:48:14 | - Validation Index: 807347 ~ 908264 (size: 100918)
2025-07-17 10:53:04 | - Fold 8 RMSE: 0.08603
2025-07-17 10:53:04 | - Best Iteration: 3000
2025-07-17 10:53:04 | --- Fold 9/10 학습 시작 ---
2025-07-17 10:53:04 | - Train Index: 0 ~ 908264 (size: 908265)
2025-07-17 10:53:04 | - Validation Index: 908265 ~ 1009182 (size: 100918)
2025-07-17 10:58:15 | - Fold 9 RMSE: 0.11494
2025-07-17 10:58:15 | - Best Iteration: 3000
2025-07-17 10:58:15 | --- Fold 10/10 학습 시작 ---
2025-07-17 10:58:15 | - Train Index: 0 ~ 1009182 (size: 1009183)
2025-07-17 10:58:15 | - Validation Index: 1009183 ~ 1110100 (size: 100918)
2025-07-17 11:03:49 | - Fold 10 RMSE: 0.19176
2025-07-17 11:03:49 | - Best Iteration: 3000
2025-07-17 11:03:49 | >> CV 학습 결과 요약:
2025-07-17 11:03:49 | - 각 Fold별 RMSE: [0.23563, 0.31104, 0.13853, 0.09679, 0.09188, 0.0901, 0.07731, 0.08603, 0.11494, 0.19176]
2025-07-17 11:03:49 | - 평균 Fold RMSE: 0.14340 (±0.07423)
2025-07-17 11:03:49 | - 전체 OOF RMSE: 0.16148
2025-07-17 11:03:49 | >> [6단계 완료] 최종 모델 학습 성공.
2025-07-17 11:03:49 | >> [7단계 시작] 제출 파일 생성 및 모델 저장을 시작합니다.
2025-07-17 11:03:49 | >> 제출 파일 '../../data/processed/submissions/price_prediction_8_submission_20250717_102449.csv' 생성이 완료되었습니다.
2025-07-17 11:03:49 | >> 제출 파일 미리보기 (상위 5개):
2025-07-17 11:03:49 | target
0  192186.157804
1  327656.792608
2  306438.009385
3  260509.206286
4  215173.056380
2025-07-17 11:03:49 | >> Fold 1 모델이 '../../model/price_prediction_8_{timestamp}/price_prediction_8_model_fold1.pkl'에 저장되었습니다.
2025-07-17 11:03:49 | >> Fold 2 모델이 '../../model/price_prediction_8_{timestamp}/price_prediction_8_model_fold2.pkl'에 저장되었습니다.
2025-07-17 11:03:49 | >> Fold 3 모델이 '../../model/price_prediction_8_{timestamp}/price_prediction_8_model_fold3.pkl'에 저장되었습니다.
2025-07-17 11:03:49 | >> Fold 4 모델이 '../../model/price_prediction_8_{timestamp}/price_prediction_8_model_fold4.pkl'에 저장되었습니다.
2025-07-17 11:03:49 | >> Fold 5 모델이 '../../model/price_prediction_8_{timestamp}/price_prediction_8_model_fold5.pkl'에 저장되었습니다.
2025-07-17 11:03:50 | >> Fold 6 모델이 '../../model/price_prediction_8_{timestamp}/price_prediction_8_model_fold6.pkl'에 저장되었습니다.
2025-07-17 11:03:50 | >> Fold 7 모델이 '../../model/price_prediction_8_{timestamp}/price_prediction_8_model_fold7.pkl'에 저장되었습니다.
2025-07-17 11:03:50 | >> Fold 8 모델이 '../../model/price_prediction_8_{timestamp}/price_prediction_8_model_fold8.pkl'에 저장되었습니다.
2025-07-17 11:03:50 | >> Fold 9 모델이 '../../model/price_prediction_8_{timestamp}/price_prediction_8_model_fold9.pkl'에 저장되었습니다.
2025-07-17 11:03:50 | >> Fold 10 모델이 '../../model/price_prediction_8_{timestamp}/price_prediction_8_model_fold10.pkl'에 저장되었습니다.
2025-07-17 11:03:50 | >> [7단계 완료] 제출 파일 및 모델 저장 성공.
2025-07-17 11:03:50 | ============================================================
2025-07-17 11:03:50 | 🎉 모든 프로세스가 성공적으로 종료되었습니다.
2025-07-17 11:03:50 | ============================================================
